<?xml version="1.0" encoding="UTF-8"?>
<coverage generated="1710962675474" clover="3.2.0">
  <project timestamp="1710962675474" name="All files">
    <metrics statements="2322" coveredstatements="1811" conditionals="623" coveredconditionals="284" methods="277" coveredmethods="240" elements="3222" coveredelements="2335" complexity="0" loc="2322" ncloc="2322" packages="6" files="33" classes="33"/>
    <package name="src">
      <metrics statements="1355" coveredstatements="1053" conditionals="390" coveredconditionals="172" methods="120" coveredmethods="105"/>
      <file name="baseminanft.ts" path="/Users/mike/Documents/DeFi/MinaNFT/minanft-lib/src/baseminanft.ts">
        <metrics statements="117" coveredstatements="108" conditionals="33" coveredconditionals="19" methods="19" coveredmethods="16"/>
        <line num="1" count="25" type="stmt"/>
        <line num="2" count="25" type="stmt"/>
        <line num="3" count="25" type="stmt"/>
        <line num="4" count="25" type="stmt"/>
        <line num="5" count="25" type="stmt"/>
        <line num="6" count="25" type="stmt"/>
        <line num="7" count="25" type="stmt"/>
        <line num="12" count="25" type="stmt"/>
        <line num="13" count="25" type="stmt"/>
        <line num="14" count="25" type="stmt"/>
        <line num="15" count="25" type="stmt"/>
        <line num="16" count="25" type="stmt"/>
        <line num="18" count="25" type="stmt"/>
        <line num="51" count="41" type="stmt"/>
        <line num="60" count="74" type="stmt"/>
        <line num="74" count="54" type="stmt"/>
        <line num="75" count="54" type="stmt"/>
        <line num="76" count="54" type="stmt"/>
        <line num="77" count="54" type="stmt"/>
        <line num="78" count="54" type="stmt"/>
        <line num="79" count="54" type="stmt"/>
        <line num="80" count="54" type="stmt"/>
        <line num="82" count="54" type="stmt"/>
        <line num="97" count="131" type="stmt"/>
        <line num="109" count="131" type="stmt"/>
        <line num="110" count="131" type="stmt"/>
        <line num="111" count="363" type="stmt"/>
        <line num="112" count="363" type="stmt"/>
        <line num="113" count="363" type="stmt"/>
        <line num="115" count="131" type="stmt"/>
        <line num="149" count="860" type="stmt"/>
        <line num="151" count="860" type="cond" truecount="1" falsecount="1"/>
        <line num="152" count="860" type="cond" truecount="1" falsecount="1"/>
        <line num="153" count="0" type="stmt"/>
        <line num="155" count="0" type="stmt"/>
        <line num="166" count="29" type="stmt"/>
        <line num="168" count="29" type="cond" truecount="1" falsecount="1"/>
        <line num="169" count="0" type="stmt"/>
        <line num="178" count="369" type="stmt"/>
        <line num="189" count="1379" type="stmt"/>
        <line num="198" count="0" type="cond" truecount="0" falsecount="1"/>
        <line num="202" count="0" type="stmt"/>
        <line num="205" count="0" type="cond" truecount="0" falsecount="2"/>
        <line num="208" count="0" type="stmt"/>
        <line num="217" count="0" type="stmt"/>
        <line num="226" count="0" type="stmt"/>
        <line num="236" count="16" type="stmt"/>
        <line num="244" count="49" type="cond" truecount="1" falsecount="1"/>
        <line num="246" count="49" type="cond" truecount="1" falsecount="0"/>
        <line num="247" count="15" type="stmt"/>
        <line num="248" count="15" type="stmt"/>
        <line num="250" count="15" type="stmt"/>
        <line num="251" count="15" type="stmt"/>
        <line num="252" count="15" type="stmt"/>
        <line num="255" count="49" type="cond" truecount="1" falsecount="0"/>
        <line num="256" count="15" type="stmt"/>
        <line num="257" count="15" type="stmt"/>
        <line num="258" count="15" type="stmt"/>
        <line num="259" count="15" type="stmt"/>
        <line num="260" count="15" type="stmt"/>
        <line num="263" count="49" type="cond" truecount="1" falsecount="0"/>
        <line num="264" count="15" type="stmt"/>
        <line num="265" count="15" type="stmt"/>
        <line num="267" count="15" type="stmt"/>
        <line num="268" count="15" type="stmt"/>
        <line num="269" count="15" type="stmt"/>
        <line num="272" count="49" type="stmt"/>
        <line num="280" count="7" type="cond" truecount="2" falsecount="0"/>
        <line num="281" count="7" type="cond" truecount="1" falsecount="0"/>
        <line num="282" count="2" type="stmt"/>
        <line num="283" count="2" type="stmt"/>
        <line num="285" count="2" type="stmt"/>
        <line num="286" count="2" type="stmt"/>
        <line num="287" count="2" type="stmt"/>
        <line num="289" count="7" type="cond" truecount="1" falsecount="0"/>
        <line num="290" count="5" type="stmt"/>
        <line num="291" count="5" type="stmt"/>
        <line num="292" count="5" type="stmt"/>
        <line num="293" count="5" type="stmt"/>
        <line num="294" count="5" type="stmt"/>
        <line num="296" count="7" type="stmt"/>
        <line num="304" count="14" type="cond" truecount="1" falsecount="1"/>
        <line num="305" count="14" type="cond" truecount="1" falsecount="0"/>
        <line num="306" count="4" type="stmt"/>
        <line num="307" count="4" type="stmt"/>
        <line num="309" count="4" type="stmt"/>
        <line num="310" count="4" type="stmt"/>
        <line num="311" count="4" type="stmt"/>
        <line num="313" count="14" type="cond" truecount="1" falsecount="0"/>
        <line num="314" count="4" type="stmt"/>
        <line num="315" count="4" type="stmt"/>
        <line num="317" count="4" type="stmt"/>
        <line num="318" count="4" type="stmt"/>
        <line num="319" count="4" type="stmt"/>
        <line num="321" count="14" type="cond" truecount="1" falsecount="0"/>
        <line num="322" count="4" type="stmt"/>
        <line num="323" count="4" type="stmt"/>
        <line num="324" count="4" type="stmt"/>
        <line num="325" count="4" type="stmt"/>
        <line num="326" count="4" type="stmt"/>
        <line num="328" count="14" type="stmt"/>
        <line num="336" count="7" type="cond" truecount="1" falsecount="1"/>
        <line num="337" count="7" type="cond" truecount="1" falsecount="0"/>
        <line num="338" count="3" type="stmt"/>
        <line num="339" count="3" type="stmt"/>
        <line num="340" count="3" type="stmt"/>
        <line num="341" count="3" type="stmt"/>
        <line num="342" count="3" type="stmt"/>
        <line num="344" count="7" type="stmt"/>
        <line num="352" count="8" type="cond" truecount="1" falsecount="1"/>
        <line num="353" count="8" type="cond" truecount="1" falsecount="0"/>
        <line num="354" count="1" type="stmt"/>
        <line num="355" count="1" type="stmt"/>
        <line num="357" count="1" type="stmt"/>
        <line num="358" count="1" type="stmt"/>
        <line num="359" count="1" type="stmt"/>
        <line num="361" count="8" type="stmt"/>
      </file>
      <file name="baseminanftobject.ts" path="/Users/mike/Documents/DeFi/MinaNFT/minanft-lib/src/baseminanftobject.ts">
        <metrics statements="4" coveredstatements="4" conditionals="0" coveredconditionals="0" methods="1" coveredmethods="1"/>
        <line num="1" count="25" type="stmt"/>
        <line num="2" count="25" type="stmt"/>
        <line num="10" count="65" type="stmt"/>
        <line num="11" count="65" type="stmt"/>
      </file>
      <file name="config.ts" path="/Users/mike/Documents/DeFi/MinaNFT/minanft-lib/src/config.ts">
        <metrics statements="2" coveredstatements="2" conditionals="0" coveredconditionals="0" methods="0" coveredmethods="0"/>
        <line num="1" count="26" type="stmt"/>
        <line num="42" count="26" type="stmt"/>
      </file>
      <file name="escrow.ts" path="/Users/mike/Documents/DeFi/MinaNFT/minanft-lib/src/escrow.ts">
        <metrics statements="98" coveredstatements="90" conditionals="16" coveredconditionals="8" methods="9" coveredmethods="9"/>
        <line num="1" count="2" type="stmt"/>
        <line num="2" count="2" type="stmt"/>
        <line num="12" count="2" type="stmt"/>
        <line num="13" count="2" type="stmt"/>
        <line num="15" count="2" type="stmt"/>
        <line num="38" count="2" type="stmt"/>
        <line num="45" count="2" type="stmt"/>
        <line num="46" count="2" type="cond" truecount="2" falsecount="0"/>
        <line num="47" count="2" type="stmt"/>
        <line num="48" count="2" type="stmt"/>
        <line num="49" count="2" type="stmt"/>
        <line num="52" count="2" type="stmt"/>
        <line num="53" count="2" type="stmt"/>
        <line num="54" count="2" type="stmt"/>
        <line num="56" count="2" type="stmt"/>
        <line num="57" count="2" type="stmt"/>
        <line num="60" count="4" type="cond" truecount="1" falsecount="0"/>
        <line num="61" count="4" type="stmt"/>
        <line num="62" count="4" type="stmt"/>
        <line num="63" count="4" type="stmt"/>
        <line num="66" count="2" type="stmt"/>
        <line num="67" count="2" type="stmt"/>
        <line num="68" count="2" type="stmt"/>
        <line num="69" count="2" type="cond" truecount="1" falsecount="1"/>
        <line num="70" count="2" type="stmt"/>
        <line num="71" count="2" type="stmt"/>
        <line num="72" count="0" type="stmt"/>
        <line num="82" count="1" type="cond" truecount="0" falsecount="1"/>
        <line num="83" count="0" type="stmt"/>
        <line num="86" count="1" type="stmt"/>
        <line num="87" count="1" type="stmt"/>
        <line num="88" count="1" type="stmt"/>
        <line num="89" count="1" type="stmt"/>
        <line num="90" count="1" type="stmt"/>
        <line num="91" count="1" type="stmt"/>
        <line num="92" count="1" type="stmt"/>
        <line num="94" count="1" type="stmt"/>
        <line num="97" count="2" type="stmt"/>
        <line num="98" count="2" type="stmt"/>
        <line num="99" count="2" type="stmt"/>
        <line num="100" count="2" type="stmt"/>
        <line num="103" count="1" type="stmt"/>
        <line num="104" count="1" type="stmt"/>
        <line num="105" count="1" type="stmt"/>
        <line num="106" count="1" type="stmt"/>
        <line num="107" count="1" type="stmt"/>
        <line num="108" count="1" type="cond" truecount="1" falsecount="1"/>
        <line num="109" count="1" type="stmt"/>
        <line num="110" count="0" type="stmt"/>
        <line num="119" count="1" type="cond" truecount="0" falsecount="1"/>
        <line num="120" count="0" type="stmt"/>
        <line num="123" count="1" type="stmt"/>
        <line num="124" count="1" type="stmt"/>
        <line num="125" count="1" type="stmt"/>
        <line num="126" count="1" type="stmt"/>
        <line num="128" count="1" type="stmt"/>
        <line num="129" count="1" type="stmt"/>
        <line num="130" count="1" type="stmt"/>
        <line num="132" count="1" type="stmt"/>
        <line num="135" count="2" type="stmt"/>
        <line num="138" count="1" type="stmt"/>
        <line num="139" count="1" type="stmt"/>
        <line num="140" count="1" type="stmt"/>
        <line num="141" count="1" type="stmt"/>
        <line num="142" count="1" type="stmt"/>
        <line num="143" count="1" type="cond" truecount="1" falsecount="1"/>
        <line num="144" count="1" type="stmt"/>
        <line num="145" count="0" type="stmt"/>
        <line num="162" count="1" type="stmt"/>
        <line num="164" count="1" type="cond" truecount="0" falsecount="1"/>
        <line num="165" count="0" type="stmt"/>
        <line num="167" count="1" type="cond" truecount="0" falsecount="1"/>
        <line num="168" count="0" type="stmt"/>
        <line num="173" count="1" type="stmt"/>
        <line num="174" count="1" type="stmt"/>
        <line num="175" count="1" type="stmt"/>
        <line num="176" count="1" type="stmt"/>
        <line num="177" count="1" type="stmt"/>
        <line num="178" count="1" type="stmt"/>
        <line num="179" count="1" type="stmt"/>
        <line num="180" count="1" type="stmt"/>
        <line num="181" count="1" type="stmt"/>
        <line num="182" count="1" type="stmt"/>
        <line num="183" count="1" type="stmt"/>
        <line num="184" count="1" type="stmt"/>
        <line num="207" count="1" type="stmt"/>
        <line num="210" count="2" type="stmt"/>
        <line num="224" count="2" type="stmt"/>
        <line num="225" count="2" type="stmt"/>
        <line num="226" count="2" type="stmt"/>
        <line num="229" count="1" type="stmt"/>
        <line num="230" count="1" type="stmt"/>
        <line num="231" count="1" type="stmt"/>
        <line num="232" count="1" type="stmt"/>
        <line num="233" count="1" type="stmt"/>
        <line num="234" count="1" type="cond" truecount="1" falsecount="1"/>
        <line num="235" count="1" type="stmt"/>
        <line num="236" count="0" type="stmt"/>
      </file>
      <file name="fetch.ts" path="/Users/mike/Documents/DeFi/MinaNFT/minanft-lib/src/fetch.ts">
        <metrics statements="33" coveredstatements="13" conditionals="2" coveredconditionals="0" methods="3" coveredmethods="1"/>
        <line num="1" count="27" type="stmt"/>
        <line num="8" count="27" type="stmt"/>
        <line num="10" count="27" type="stmt"/>
        <line num="15" count="315" type="stmt"/>
        <line num="16" count="315" type="stmt"/>
        <line num="17" count="315" type="stmt"/>
        <line num="18" count="315" type="stmt"/>
        <line num="19" count="315" type="stmt"/>
        <line num="20" count="315" type="stmt"/>
        <line num="21" count="315" type="stmt"/>
        <line num="25" count="315" type="stmt"/>
        <line num="36" count="0" type="stmt"/>
        <line num="38" count="0" type="stmt"/>
        <line num="40" count="0" type="stmt"/>
        <line num="41" count="0" type="stmt"/>
        <line num="44" count="27" type="stmt"/>
        <line num="49" count="0" type="stmt"/>
        <line num="50" count="0" type="stmt"/>
        <line num="51" count="0" type="stmt"/>
        <line num="52" count="0" type="stmt"/>
        <line num="53" count="0" type="stmt"/>
        <line num="57" count="0" type="cond" truecount="0" falsecount="2"/>
        <line num="58" count="0" type="stmt"/>
        <line num="60" count="0" type="stmt"/>
        <line num="65" count="0" type="stmt"/>
        <line num="67" count="0" type="stmt"/>
        <line num="68" count="0" type="stmt"/>
        <line num="71" count="27" type="stmt"/>
        <line num="72" count="0" type="stmt"/>
        <line num="73" count="0" type="stmt"/>
        <line num="74" count="0" type="stmt"/>
        <line num="76" count="0" type="stmt"/>
        <line num="77" count="0" type="stmt"/>
      </file>
      <file name="mina.ts" path="/Users/mike/Documents/DeFi/MinaNFT/minanft-lib/src/mina.ts">
        <metrics statements="57" coveredstatements="40" conditionals="26" coveredconditionals="11" methods="10" coveredmethods="9"/>
        <line num="3" count="27" type="stmt"/>
        <line num="4" count="27" type="stmt"/>
        <line num="5" count="27" type="stmt"/>
        <line num="6" count="27" type="stmt"/>
        <line num="7" count="27" type="stmt"/>
        <line num="8" count="27" type="stmt"/>
        <line num="9" count="27" type="stmt"/>
        <line num="13" count="27" type="stmt"/>
        <line num="14" count="27" type="stmt"/>
        <line num="21" count="27" type="stmt"/>
        <line num="40" count="2" type="cond" truecount="2" falsecount="0"/>
        <line num="41" count="1" type="stmt"/>
        <line num="42" count="1" type="stmt"/>
        <line num="43" count="1" type="stmt"/>
        <line num="44" count="1" type="cond" truecount="1" falsecount="1"/>
        <line num="45" count="1" type="stmt"/>
        <line num="49" count="1" type="stmt"/>
        <line num="50" count="1" type="stmt"/>
        <line num="51" count="0" type="cond" truecount="0" falsecount="2"/>
        <line num="52" count="0" type="stmt"/>
        <line num="55" count="0" type="stmt"/>
        <line num="56" count="0" type="stmt"/>
        <line num="57" count="0" type="cond" truecount="0" falsecount="2"/>
        <line num="58" count="0" type="stmt"/>
        <line num="62" count="0" type="stmt"/>
        <line num="63" count="0" type="stmt"/>
        <line num="64" count="0" type="cond" truecount="0" falsecount="2"/>
        <line num="65" count="0" type="stmt"/>
        <line num="70" count="0" type="stmt"/>
        <line num="71" count="0" type="stmt"/>
        <line num="73" count="0" type="stmt"/>
        <line num="81" count="31" type="stmt"/>
        <line num="82" count="31" type="cond" truecount="1" falsecount="1"/>
        <line num="83" count="0" type="stmt"/>
        <line num="90" count="1" type="stmt"/>
        <line num="94" count="152" type="stmt"/>
        <line num="99" count="1" type="stmt"/>
        <line num="101" count="1" type="stmt"/>
        <line num="103" count="1" type="stmt"/>
        <line num="104" count="10" type="stmt"/>
        <line num="107" count="1" type="stmt"/>
        <line num="111" count="2" type="cond" truecount="0" falsecount="1"/>
        <line num="112" count="2" type="cond" truecount="0" falsecount="1"/>
        <line num="113" count="2" type="cond" truecount="0" falsecount="1"/>
        <line num="114" count="0" type="stmt"/>
        <line num="115" count="2" type="cond" truecount="1" falsecount="0"/>
        <line num="116" count="2" type="stmt"/>
        <line num="117" count="0" type="stmt"/>
        <line num="122" count="27" type="stmt"/>
        <line num="124" count="0" type="stmt"/>
        <line num="129" count="120" type="stmt"/>
        <line num="130" count="120" type="stmt"/>
        <line num="131" count="120" type="stmt"/>
        <line num="132" count="120" type="stmt"/>
        <line num="133" count="120" type="stmt"/>
        <line num="135" count="120" type="cond" truecount="1" falsecount="1"/>
        <line num="161" count="120" type="stmt"/>
      </file>
      <file name="minanft.ts" path="/Users/mike/Documents/DeFi/MinaNFT/minanft-lib/src/minanft.ts">
        <metrics statements="663" coveredstatements="472" conditionals="234" coveredconditionals="101" methods="46" coveredmethods="40"/>
        <line num="2" count="25" type="stmt"/>
        <line num="4" count="25" type="stmt"/>
        <line num="17" count="25" type="stmt"/>
        <line num="18" count="25" type="stmt"/>
        <line num="19" count="25" type="stmt"/>
        <line num="20" count="25" type="stmt"/>
        <line num="21" count="25" type="stmt"/>
        <line num="22" count="25" type="stmt"/>
        <line num="27" count="25" type="stmt"/>
        <line num="28" count="25" type="stmt"/>
        <line num="37" count="25" type="stmt"/>
        <line num="38" count="25" type="stmt"/>
        <line num="39" count="25" type="stmt"/>
        <line num="41" count="25" type="stmt"/>
        <line num="42" count="25" type="stmt"/>
        <line num="56" count="25" type="stmt"/>
        <line num="57" count="25" type="stmt"/>
        <line num="58" count="25" type="stmt"/>
        <line num="59" count="25" type="stmt"/>
        <line num="60" count="25" type="stmt"/>
        <line num="121" count="36" type="stmt"/>
        <line num="122" count="36" type="cond" truecount="1" falsecount="1"/>
        <line num="123" count="36" type="cond" truecount="2" falsecount="0"/>
        <line num="124" count="36" type="cond" truecount="2" falsecount="0"/>
        <line num="125" count="36" type="cond" truecount="2" falsecount="0"/>
        <line num="126" count="36" type="cond" truecount="2" falsecount="0"/>
        <line num="127" count="36" type="stmt"/>
        <line num="128" count="36" type="cond" truecount="1" falsecount="1"/>
        <line num="129" count="36" type="stmt"/>
        <line num="130" count="36" type="stmt"/>
        <line num="131" count="36" type="stmt"/>
        <line num="132" count="36" type="stmt"/>
        <line num="133" count="36" type="stmt"/>
        <line num="134" count="36" type="cond" truecount="1" falsecount="0"/>
        <line num="135" count="12" type="stmt"/>
        <line num="137" count="36" type="stmt"/>
        <line num="138" count="36" type="stmt"/>
        <line num="150" count="23" type="cond" truecount="0" falsecount="1"/>
        <line num="151" count="0" type="stmt"/>
        <line num="152" count="0" type="stmt"/>
        <line num="154" count="23" type="cond" truecount="0" falsecount="1"/>
        <line num="155" count="0" type="stmt"/>
        <line num="157" count="23" type="stmt"/>
        <line num="158" count="23" type="stmt"/>
        <line num="159" count="23" type="stmt"/>
        <line num="160" count="23" type="stmt"/>
        <line num="161" count="23" type="cond" truecount="0" falsecount="1"/>
        <line num="162" count="0" type="stmt"/>
        <line num="163" count="0" type="stmt"/>
        <line num="166" count="23" type="stmt"/>
        <line num="167" count="23" type="stmt"/>
        <line num="168" count="23" type="stmt"/>
        <line num="169" count="23" type="stmt"/>
        <line num="170" count="23" type="stmt"/>
        <line num="171" count="23" type="stmt"/>
        <line num="190" count="23" type="stmt"/>
        <line num="191" count="23" type="cond" truecount="0" falsecount="1"/>
        <line num="192" count="23" type="stmt"/>
        <line num="193" count="23" type="stmt"/>
        <line num="194" count="23" type="stmt"/>
        <line num="195" count="23" type="stmt"/>
        <line num="196" count="23" type="stmt"/>
        <line num="197" count="23" type="stmt"/>
        <line num="198" count="23" type="stmt"/>
        <line num="199" count="23" type="stmt"/>
        <line num="200" count="23" type="stmt"/>
        <line num="203" count="23" type="cond" truecount="0" falsecount="1"/>
        <line num="207" count="0" type="stmt"/>
        <line num="210" count="23" type="cond" truecount="1" falsecount="1"/>
        <line num="214" count="23" type="cond" truecount="2" falsecount="0"/>
        <line num="220" count="23" type="cond" truecount="1" falsecount="1"/>
        <line num="221" count="23" type="cond" truecount="0" falsecount="1"/>
        <line num="222" count="23" type="cond" truecount="0" falsecount="1"/>
        <line num="223" count="0" type="stmt"/>
        <line num="224" count="23" type="cond" truecount="0" falsecount="1"/>
        <line num="225" count="0" type="stmt"/>
        <line num="226" count="23" type="cond" truecount="0" falsecount="1"/>
        <line num="227" count="0" type="stmt"/>
        <line num="229" count="23" type="stmt"/>
        <line num="230" count="86" type="cond" truecount="0" falsecount="1"/>
        <line num="231" count="0" type="stmt"/>
        <line num="232" count="86" type="cond" truecount="0" falsecount="1"/>
        <line num="233" count="0" type="stmt"/>
        <line num="235" count="86" type="stmt"/>
        <line num="236" count="86" type="stmt"/>
        <line num="237" count="86" type="stmt"/>
        <line num="238" count="86" type="cond" truecount="2" falsecount="0"/>
        <line num="239" count="86" type="cond" truecount="0" falsecount="1"/>
        <line num="240" count="0" type="stmt"/>
        <line num="244" count="86" type="cond" truecount="2" falsecount="1"/>
        <line num="245" count="0" type="stmt"/>
        <line num="248" count="86" type="cond" truecount="5" falsecount="1"/>
        <line num="250" count="23" type="stmt"/>
        <line num="259" count="23" type="stmt"/>
        <line num="261" count="58" type="stmt"/>
        <line num="269" count="58" type="stmt"/>
        <line num="271" count="1" type="stmt"/>
        <line num="280" count="1" type="stmt"/>
        <line num="282" count="1" type="stmt"/>
        <line num="291" count="1" type="stmt"/>
        <line num="293" count="3" type="stmt"/>
        <line num="302" count="3" type="stmt"/>
        <line num="304" count="0" type="stmt"/>
        <line num="312" count="0" type="stmt"/>
        <line num="320" count="23" type="cond" truecount="0" falsecount="1"/>
        <line num="321" count="0" type="stmt"/>
        <line num="322" count="23" type="cond" truecount="1" falsecount="0"/>
        <line num="323" count="23" type="stmt"/>
        <line num="324" count="23" type="cond" truecount="0" falsecount="1"/>
        <line num="325" count="0" type="stmt"/>
        <line num="326" count="23" type="cond" truecount="0" falsecount="1"/>
        <line num="327" count="0" type="stmt"/>
        <line num="344" count="0" type="stmt"/>
        <line num="347" count="0" type="stmt"/>
        <line num="349" count="0" type="cond" truecount="0" falsecount="2"/>
        <line num="351" count="0" type="stmt"/>
        <line num="352" count="0" type="stmt"/>
        <line num="359" count="0" type="stmt"/>
        <line num="360" count="0" type="stmt"/>
        <line num="364" count="0" type="stmt"/>
        <line num="365" count="0" type="stmt"/>
        <line num="366" count="0" type="stmt"/>
        <line num="368" count="0" type="stmt"/>
        <line num="369" count="0" type="cond" truecount="0" falsecount="1"/>
        <line num="370" count="0" type="stmt"/>
        <line num="371" count="0" type="cond" truecount="0" falsecount="1"/>
        <line num="372" count="0" type="stmt"/>
        <line num="374" count="0" type="stmt"/>
        <line num="375" count="0" type="stmt"/>
        <line num="376" count="0" type="stmt"/>
        <line num="377" count="0" type="cond" truecount="0" falsecount="2"/>
        <line num="378" count="0" type="cond" truecount="0" falsecount="1"/>
        <line num="379" count="0" type="stmt"/>
        <line num="383" count="0" type="cond" truecount="0" falsecount="3"/>
        <line num="384" count="0" type="stmt"/>
        <line num="387" count="0" type="cond" truecount="0" falsecount="6"/>
        <line num="389" count="0" type="stmt"/>
        <line num="398" count="0" type="stmt"/>
        <line num="400" count="0" type="stmt"/>
        <line num="408" count="0" type="stmt"/>
        <line num="410" count="0" type="stmt"/>
        <line num="419" count="0" type="stmt"/>
        <line num="421" count="0" type="stmt"/>
        <line num="430" count="0" type="stmt"/>
        <line num="432" count="0" type="stmt"/>
        <line num="441" count="0" type="stmt"/>
        <line num="443" count="0" type="stmt"/>
        <line num="452" count="0" type="stmt"/>
        <line num="455" count="0" type="stmt"/>
        <line num="464" count="0" type="stmt"/>
        <line num="465" count="0" type="stmt"/>
        <line num="466" count="0" type="stmt"/>
        <line num="474" count="11" type="stmt"/>
        <line num="488" count="21" type="cond" truecount="2" falsecount="0"/>
        <line num="492" count="819" type="cond" truecount="2" falsecount="0"/>
        <line num="503" count="32" type="stmt"/>
        <line num="504" count="32" type="stmt"/>
        <line num="505" count="32" type="cond" truecount="1" falsecount="0"/>
        <line num="510" count="29" type="stmt"/>
        <line num="511" count="32" type="stmt"/>
        <line num="512" count="32" type="stmt"/>
        <line num="513" count="32" type="cond" truecount="1" falsecount="0"/>
        <line num="520" count="7" type="stmt"/>
        <line num="526" count="32" type="stmt"/>
        <line num="527" count="32" type="cond" truecount="2" falsecount="0"/>
        <line num="541" count="32" type="stmt"/>
        <line num="562" count="0" type="stmt"/>
        <line num="571" count="65" type="stmt"/>
        <line num="580" count="54" type="cond" truecount="1" falsecount="1"/>
        <line num="581" count="54" type="stmt"/>
        <line num="582" count="54" type="stmt"/>
        <line num="583" count="0" type="stmt"/>
        <line num="591" count="33" type="stmt"/>
        <line num="606" count="11" type="stmt"/>
        <line num="607" count="11" type="stmt"/>
        <line num="623" count="5" type="stmt"/>
        <line num="624" count="5" type="stmt"/>
        <line num="640" count="3" type="stmt"/>
        <line num="641" count="3" type="cond" truecount="3" falsecount="1"/>
        <line num="642" count="3" type="stmt"/>
        <line num="643" count="3" type="stmt"/>
        <line num="644" count="0" type="cond" truecount="0" falsecount="2"/>
        <line num="645" count="0" type="stmt"/>
        <line num="646" count="0" type="stmt"/>
        <line num="647" count="0" type="cond" truecount="0" falsecount="1"/>
        <line num="648" count="0" type="stmt"/>
        <line num="649" count="0" type="stmt"/>
        <line num="651" count="3" type="cond" truecount="2" falsecount="0"/>
        <line num="652" count="1" type="stmt"/>
        <line num="653" count="1" type="stmt"/>
        <line num="654" count="1" type="cond" truecount="2" falsecount="0"/>
        <line num="655" count="1" type="stmt"/>
        <line num="656" count="2" type="stmt"/>
        <line num="657" count="3" type="stmt"/>
        <line num="658" count="3" type="stmt"/>
        <line num="659" count="3" type="stmt"/>
        <line num="660" count="3" type="stmt"/>
        <line num="661" count="3" type="stmt"/>
        <line num="685" count="2" type="stmt"/>
        <line num="687" count="2" type="cond" truecount="3" falsecount="1"/>
        <line num="688" count="2" type="cond" truecount="1" falsecount="0"/>
        <line num="689" count="1" type="stmt"/>
        <line num="690" count="1" type="stmt"/>
        <line num="692" count="0" type="cond" truecount="0" falsecount="2"/>
        <line num="693" count="0" type="stmt"/>
        <line num="694" count="0" type="stmt"/>
        <line num="695" count="0" type="cond" truecount="0" falsecount="1"/>
        <line num="696" count="0" type="stmt"/>
        <line num="697" count="0" type="stmt"/>
        <line num="699" count="2" type="cond" truecount="1" falsecount="1"/>
        <line num="700" count="0" type="stmt"/>
        <line num="701" count="0" type="stmt"/>
        <line num="702" count="0" type="cond" truecount="0" falsecount="2"/>
        <line num="703" count="0" type="stmt"/>
        <line num="704" count="2" type="stmt"/>
        <line num="706" count="2" type="stmt"/>
        <line num="707" count="2" type="stmt"/>
        <line num="708" count="2" type="stmt"/>
        <line num="709" count="2" type="stmt"/>
        <line num="710" count="2" type="stmt"/>
        <line num="743" count="5" type="stmt"/>
        <line num="744" count="5" type="stmt"/>
        <line num="760" count="0" type="stmt"/>
        <line num="774" count="86" type="cond" truecount="0" falsecount="1"/>
        <line num="775" count="0" type="stmt"/>
        <line num="777" count="86" type="cond" truecount="0" falsecount="1"/>
        <line num="778" count="0" type="stmt"/>
        <line num="780" count="86" type="stmt"/>
        <line num="781" count="86" type="stmt"/>
        <line num="782" count="86" type="stmt"/>
        <line num="783" count="86" type="stmt"/>
        <line num="784" count="86" type="cond" truecount="0" falsecount="1"/>
        <line num="785" count="0" type="stmt"/>
        <line num="786" count="0" type="stmt"/>
        <line num="788" count="86" type="stmt"/>
        <line num="789" count="86" type="stmt"/>
        <line num="791" count="86" type="stmt"/>
        <line num="793" count="86" type="cond" truecount="0" falsecount="1"/>
        <line num="794" count="0" type="stmt"/>
        <line num="795" count="0" type="stmt"/>
        <line num="798" count="86" type="stmt"/>
        <line num="799" count="86" type="cond" truecount="0" falsecount="1"/>
        <line num="800" count="0" type="stmt"/>
        <line num="801" count="0" type="stmt"/>
        <line num="803" count="86" type="stmt"/>
        <line num="804" count="86" type="cond" truecount="0" falsecount="1"/>
        <line num="805" count="0" type="stmt"/>
        <line num="806" count="0" type="stmt"/>
        <line num="808" count="86" type="stmt"/>
        <line num="809" count="86" type="cond" truecount="0" falsecount="1"/>
        <line num="813" count="0" type="stmt"/>
        <line num="814" count="0" type="stmt"/>
        <line num="816" count="86" type="cond" truecount="0" falsecount="1"/>
        <line num="820" count="0" type="stmt"/>
        <line num="821" count="0" type="stmt"/>
        <line num="824" count="86" type="stmt"/>
        <line num="825" count="86" type="stmt"/>
        <line num="826" count="86" type="cond" truecount="0" falsecount="1"/>
        <line num="827" count="0" type="stmt"/>
        <line num="830" count="86" type="stmt"/>
        <line num="831" count="86" type="cond" truecount="0" falsecount="1"/>
        <line num="832" count="0" type="stmt"/>
        <line num="833" count="0" type="stmt"/>
        <line num="835" count="86" type="cond" truecount="0" falsecount="1"/>
        <line num="836" count="0" type="stmt"/>
        <line num="837" count="86" type="stmt"/>
        <line num="857" count="4" type="stmt"/>
        <line num="859" count="4" type="cond" truecount="0" falsecount="1"/>
        <line num="860" count="0" type="stmt"/>
        <line num="861" count="0" type="stmt"/>
        <line num="863" count="4" type="stmt"/>
        <line num="865" count="4" type="cond" truecount="0" falsecount="1"/>
        <line num="866" count="0" type="stmt"/>
        <line num="867" count="0" type="stmt"/>
        <line num="870" count="4" type="cond" truecount="0" falsecount="1"/>
        <line num="871" count="0" type="stmt"/>
        <line num="872" count="0" type="stmt"/>
        <line num="875" count="4" type="cond" truecount="0" falsecount="1"/>
        <line num="876" count="0" type="stmt"/>
        <line num="877" count="4" type="cond" truecount="0" falsecount="1"/>
        <line num="878" count="0" type="stmt"/>
        <line num="888" count="4" type="cond" truecount="0" falsecount="1"/>
        <line num="889" count="0" type="stmt"/>
        <line num="890" count="0" type="stmt"/>
        <line num="894" count="4" type="stmt"/>
        <line num="897" count="4" type="stmt"/>
        <line num="898" count="4" type="stmt"/>
        <line num="899" count="4" type="stmt"/>
        <line num="900" count="8" type="stmt"/>
        <line num="901" count="8" type="stmt"/>
        <line num="903" count="8" type="stmt"/>
        <line num="904" count="8" type="stmt"/>
        <line num="905" count="8" type="stmt"/>
        <line num="906" count="8" type="stmt"/>
        <line num="910" count="4" type="stmt"/>
        <line num="911" count="4" type="stmt"/>
        <line num="912" count="4" type="stmt"/>
        <line num="913" count="4" type="stmt"/>
        <line num="918" count="4" type="stmt"/>
        <line num="919" count="4" type="stmt"/>
        <line num="920" count="4" type="stmt"/>
        <line num="921" count="4" type="stmt"/>
        <line num="923" count="4" type="stmt"/>
        <line num="926" count="4" type="stmt"/>
        <line num="931" count="4" type="stmt"/>
        <line num="933" count="4" type="cond" truecount="0" falsecount="1"/>
        <line num="934" count="0" type="stmt"/>
        <line num="937" count="4" type="stmt"/>
        <line num="938" count="4" type="cond" truecount="0" falsecount="1"/>
        <line num="939" count="0" type="stmt"/>
        <line num="941" count="4" type="stmt"/>
        <line num="943" count="4" type="cond" truecount="0" falsecount="1"/>
        <line num="944" count="0" type="stmt"/>
        <line num="948" count="4" type="stmt"/>
        <line num="949" count="4" type="stmt"/>
        <line num="950" count="4" type="stmt"/>
        <line num="951" count="4" type="stmt"/>
        <line num="952" count="4" type="stmt"/>
        <line num="953" count="4" type="stmt"/>
        <line num="954" count="4" type="stmt"/>
        <line num="955" count="4" type="stmt"/>
        <line num="956" count="4" type="cond" truecount="0" falsecount="1"/>
        <line num="957" count="4" type="stmt"/>
        <line num="958" count="4" type="cond" truecount="2" falsecount="0"/>
        <line num="959" count="4" type="stmt"/>
        <line num="960" count="4" type="stmt"/>
        <line num="961" count="4" type="stmt"/>
        <line num="962" count="4" type="stmt"/>
        <line num="963" count="4" type="stmt"/>
        <line num="964" count="4" type="cond" truecount="0" falsecount="1"/>
        <line num="965" count="0" type="stmt"/>
        <line num="968" count="4" type="stmt"/>
        <line num="977" count="4" type="stmt"/>
        <line num="980" count="4" type="stmt"/>
        <line num="984" count="8" type="stmt"/>
        <line num="987" count="4" type="stmt"/>
        <line num="988" count="4" type="stmt"/>
        <line num="989" count="4" type="stmt"/>
        <line num="990" count="4" type="stmt"/>
        <line num="991" count="4" type="stmt"/>
        <line num="992" count="4" type="stmt"/>
        <line num="993" count="4" type="stmt"/>
        <line num="994" count="4" type="stmt"/>
        <line num="996" count="0" type="stmt"/>
        <line num="998" count="4" type="cond" truecount="0" falsecount="1"/>
        <line num="999" count="0" type="stmt"/>
        <line num="1001" count="4" type="stmt"/>
        <line num="1003" count="4" type="stmt"/>
        <line num="1004" count="4" type="stmt"/>
        <line num="1005" count="4" type="cond" truecount="1" falsecount="1"/>
        <line num="1006" count="4" type="stmt"/>
        <line num="1007" count="4" type="stmt"/>
        <line num="1008" count="4" type="stmt"/>
        <line num="1009" count="4" type="stmt"/>
        <line num="1010" count="4" type="stmt"/>
        <line num="1011" count="0" type="stmt"/>
        <line num="1028" count="1" type="stmt"/>
        <line num="1030" count="1" type="cond" truecount="0" falsecount="1"/>
        <line num="1031" count="0" type="stmt"/>
        <line num="1032" count="0" type="stmt"/>
        <line num="1034" count="1" type="stmt"/>
        <line num="1036" count="1" type="cond" truecount="0" falsecount="1"/>
        <line num="1037" count="0" type="stmt"/>
        <line num="1038" count="0" type="stmt"/>
        <line num="1041" count="1" type="cond" truecount="0" falsecount="1"/>
        <line num="1042" count="0" type="stmt"/>
        <line num="1043" count="0" type="stmt"/>
        <line num="1046" count="1" type="stmt"/>
        <line num="1047" count="1" type="stmt"/>
        <line num="1048" count="1" type="stmt"/>
        <line num="1049" count="1" type="stmt"/>
        <line num="1053" count="1" type="stmt"/>
        <line num="1054" count="1" type="stmt"/>
        <line num="1055" count="0" type="stmt"/>
        <line num="1059" count="0" type="stmt"/>
        <line num="1062" count="1" type="stmt"/>
        <line num="1063" count="1" type="cond" truecount="0" falsecount="1"/>
        <line num="1064" count="0" type="stmt"/>
        <line num="1066" count="1" type="stmt"/>
        <line num="1068" count="1" type="cond" truecount="0" falsecount="1"/>
        <line num="1069" count="0" type="stmt"/>
        <line num="1072" count="1" type="stmt"/>
        <line num="1074" count="1" type="stmt"/>
        <line num="1076" count="1" type="stmt"/>
        <line num="1086" count="1" type="stmt"/>
        <line num="1087" count="1" type="cond" truecount="0" falsecount="1"/>
        <line num="1088" count="0" type="cond" truecount="0" falsecount="1"/>
        <line num="1091" count="0" type="stmt"/>
        <line num="1092" count="0" type="stmt"/>
        <line num="1093" count="0" type="stmt"/>
        <line num="1096" count="1" type="stmt"/>
        <line num="1097" count="1" type="stmt"/>
        <line num="1098" count="4" type="stmt"/>
        <line num="1099" count="1029" type="stmt"/>
        <line num="1102" count="1" type="stmt"/>
        <line num="1103" count="11" type="stmt"/>
        <line num="1106" count="1" type="stmt"/>
        <line num="1108" count="1" type="stmt"/>
        <line num="1136" count="1" type="stmt"/>
        <line num="1142" count="1" type="stmt"/>
        <line num="1144" count="1" type="cond" truecount="0" falsecount="1"/>
        <line num="1145" count="0" type="stmt"/>
        <line num="1147" count="1" type="stmt"/>
        <line num="1148" count="1" type="stmt"/>
        <line num="1149" count="1" type="stmt"/>
        <line num="1150" count="4" type="stmt"/>
        <line num="1152" count="1" type="stmt"/>
        <line num="1153" count="1029" type="stmt"/>
        <line num="1155" count="1" type="stmt"/>
        <line num="1158" count="1" type="stmt"/>
        <line num="1159" count="1" type="stmt"/>
        <line num="1160" count="1" type="stmt"/>
        <line num="1161" count="1" type="stmt"/>
        <line num="1162" count="11" type="stmt"/>
        <line num="1165" count="1" type="cond" truecount="0" falsecount="1"/>
        <line num="1166" count="0" type="stmt"/>
        <line num="1167" count="0" type="stmt"/>
        <line num="1170" count="1" type="stmt"/>
        <line num="1171" count="1" type="stmt"/>
        <line num="1172" count="1" type="stmt"/>
        <line num="1173" count="1" type="stmt"/>
        <line num="1174" count="1" type="stmt"/>
        <line num="1175" count="1" type="stmt"/>
        <line num="1177" count="1" type="stmt"/>
        <line num="1181" count="1" type="stmt"/>
        <line num="1184" count="1" type="stmt"/>
        <line num="1185" count="1" type="stmt"/>
        <line num="1186" count="1" type="stmt"/>
        <line num="1187" count="0" type="stmt"/>
        <line num="1188" count="0" type="stmt"/>
        <line num="1193" count="0" type="stmt"/>
        <line num="1194" count="0" type="stmt"/>
        <line num="1196" count="1" type="stmt"/>
        <line num="1198" count="1" type="stmt"/>
        <line num="1199" count="1" type="stmt"/>
        <line num="1203" count="1" type="stmt"/>
        <line num="1204" count="1" type="stmt"/>
        <line num="1205" count="1" type="stmt"/>
        <line num="1206" count="1" type="cond" truecount="0" falsecount="1"/>
        <line num="1207" count="0" type="stmt"/>
        <line num="1210" count="1" type="stmt"/>
        <line num="1211" count="1" type="stmt"/>
        <line num="1212" count="1" type="stmt"/>
        <line num="1213" count="1" type="stmt"/>
        <line num="1214" count="1" type="stmt"/>
        <line num="1215" count="1" type="stmt"/>
        <line num="1216" count="1" type="stmt"/>
        <line num="1217" count="1" type="stmt"/>
        <line num="1218" count="1" type="cond" truecount="0" falsecount="1"/>
        <line num="1219" count="1" type="stmt"/>
        <line num="1220" count="1" type="cond" truecount="2" falsecount="0"/>
        <line num="1223" count="1" type="stmt"/>
        <line num="1227" count="2" type="stmt"/>
        <line num="1230" count="1" type="stmt"/>
        <line num="1231" count="1" type="stmt"/>
        <line num="1232" count="1" type="stmt"/>
        <line num="1233" count="1" type="stmt"/>
        <line num="1234" count="1" type="stmt"/>
        <line num="1235" count="1" type="stmt"/>
        <line num="1236" count="1" type="stmt"/>
        <line num="1237" count="1" type="stmt"/>
        <line num="1239" count="0" type="stmt"/>
        <line num="1241" count="1" type="cond" truecount="0" falsecount="1"/>
        <line num="1242" count="0" type="stmt"/>
        <line num="1244" count="1" type="stmt"/>
        <line num="1245" count="1" type="cond" truecount="1" falsecount="1"/>
        <line num="1246" count="1" type="stmt"/>
        <line num="1247" count="0" type="stmt"/>
        <line num="1307" count="17" type="cond" truecount="1" falsecount="2"/>
        <line num="1308" count="0" type="stmt"/>
        <line num="1312" count="17" type="cond" truecount="1" falsecount="1"/>
        <line num="1313" count="17" type="stmt"/>
        <line num="1314" count="17" type="stmt"/>
        <line num="1315" count="17" type="stmt"/>
        <line num="1321" count="17" type="cond" truecount="0" falsecount="1"/>
        <line num="1322" count="17" type="stmt"/>
        <line num="1323" count="17" type="stmt"/>
        <line num="1324" count="17" type="cond" truecount="0" falsecount="1"/>
        <line num="1325" count="17" type="stmt"/>
        <line num="1329" count="0" type="cond" truecount="0" falsecount="2"/>
        <line num="1330" count="0" type="stmt"/>
        <line num="1331" count="0" type="stmt"/>
        <line num="1332" count="0" type="stmt"/>
        <line num="1338" count="0" type="cond" truecount="0" falsecount="1"/>
        <line num="1339" count="0" type="stmt"/>
        <line num="1340" count="0" type="stmt"/>
        <line num="1341" count="0" type="cond" truecount="0" falsecount="1"/>
        <line num="1342" count="0" type="stmt"/>
        <line num="1343" count="0" type="stmt"/>
        <line num="1347" count="0" type="stmt"/>
        <line num="1407" count="63" type="cond" truecount="0" falsecount="1"/>
        <line num="1408" count="0" type="stmt"/>
        <line num="1409" count="0" type="stmt"/>
        <line num="1411" count="63" type="stmt"/>
        <line num="1412" count="63" type="stmt"/>
        <line num="1415" count="0" type="stmt"/>
        <line num="1416" count="0" type="cond" truecount="0" falsecount="1"/>
        <line num="1417" count="0" type="stmt"/>
        <line num="1418" count="0" type="stmt"/>
        <line num="1421" count="0" type="stmt"/>
        <line num="1422" count="0" type="cond" truecount="0" falsecount="1"/>
        <line num="1423" count="0" type="stmt"/>
        <line num="1425" count="0" type="stmt"/>
        <line num="1426" count="0" type="stmt"/>
        <line num="1427" count="0" type="stmt"/>
        <line num="1429" count="0" type="stmt"/>
        <line num="1446" count="59" type="stmt"/>
        <line num="1448" count="59" type="stmt"/>
        <line num="1449" count="59" type="stmt"/>
        <line num="1450" count="59" type="stmt"/>
        <line num="1451" count="59" type="stmt"/>
        <line num="1453" count="0" type="stmt"/>
        <line num="1454" count="0" type="stmt"/>
        <line num="1479" count="12" type="stmt"/>
        <line num="1481" count="12" type="cond" truecount="1" falsecount="1"/>
        <line num="1485" count="12" type="cond" truecount="2" falsecount="0"/>
        <line num="1486" count="12" type="cond" truecount="1" falsecount="1"/>
        <line num="1487" count="12" type="cond" truecount="0" falsecount="1"/>
        <line num="1488" count="0" type="stmt"/>
        <line num="1489" count="12" type="cond" truecount="0" falsecount="1"/>
        <line num="1490" count="0" type="stmt"/>
        <line num="1491" count="12" type="stmt"/>
        <line num="1492" count="12" type="cond" truecount="0" falsecount="1"/>
        <line num="1493" count="0" type="stmt"/>
        <line num="1494" count="12" type="stmt"/>
        <line num="1496" count="12" type="stmt"/>
        <line num="1497" count="12" type="cond" truecount="2" falsecount="0"/>
        <line num="1498" count="12" type="stmt"/>
        <line num="1501" count="12" type="cond" truecount="1" falsecount="1"/>
        <line num="1504" count="12" type="stmt"/>
        <line num="1505" count="12" type="cond" truecount="0" falsecount="1"/>
        <line num="1506" count="0" type="stmt"/>
        <line num="1507" count="0" type="stmt"/>
        <line num="1509" count="12" type="stmt"/>
        <line num="1511" count="12" type="stmt"/>
        <line num="1522" count="12" type="stmt"/>
        <line num="1538" count="12" type="cond" truecount="2" falsecount="0"/>
        <line num="1540" count="12" type="stmt"/>
        <line num="1546" count="12" type="stmt"/>
        <line num="1547" count="12" type="stmt"/>
        <line num="1548" count="12" type="stmt"/>
        <line num="1549" count="12" type="stmt"/>
        <line num="1550" count="12" type="stmt"/>
        <line num="1551" count="12" type="stmt"/>
        <line num="1552" count="12" type="stmt"/>
        <line num="1553" count="12" type="cond" truecount="2" falsecount="0"/>
        <line num="1554" count="12" type="stmt"/>
        <line num="1556" count="12" type="stmt"/>
        <line num="1559" count="24" type="cond" truecount="1" falsecount="0"/>
        <line num="1560" count="24" type="stmt"/>
        <line num="1563" count="12" type="stmt"/>
        <line num="1564" count="12" type="stmt"/>
        <line num="1565" count="12" type="stmt"/>
        <line num="1566" count="12" type="stmt"/>
        <line num="1567" count="12" type="stmt"/>
        <line num="1568" count="12" type="cond" truecount="1" falsecount="1"/>
        <line num="1569" count="12" type="stmt"/>
        <line num="1570" count="12" type="stmt"/>
        <line num="1571" count="12" type="stmt"/>
        <line num="1572" count="12" type="stmt"/>
        <line num="1573" count="12" type="stmt"/>
        <line num="1574" count="12" type="stmt"/>
        <line num="1575" count="12" type="stmt"/>
        <line num="1576" count="12" type="stmt"/>
        <line num="1577" count="0" type="stmt"/>
        <line num="1631" count="4" type="stmt"/>
        <line num="1632" count="4" type="cond" truecount="0" falsecount="1"/>
        <line num="1633" count="0" type="stmt"/>
        <line num="1634" count="0" type="stmt"/>
        <line num="1636" count="4" type="stmt"/>
        <line num="1637" count="4" type="cond" truecount="0" falsecount="1"/>
        <line num="1638" count="0" type="stmt"/>
        <line num="1639" count="0" type="stmt"/>
        <line num="1642" count="4" type="cond" truecount="0" falsecount="1"/>
        <line num="1643" count="0" type="stmt"/>
        <line num="1644" count="4" type="cond" truecount="0" falsecount="1"/>
        <line num="1645" count="0" type="stmt"/>
        <line num="1647" count="4" type="stmt"/>
        <line num="1648" count="4" type="cond" truecount="0" falsecount="1"/>
        <line num="1649" count="0" type="stmt"/>
        <line num="1650" count="0" type="stmt"/>
        <line num="1654" count="4" type="stmt"/>
        <line num="1655" count="4" type="cond" truecount="0" falsecount="1"/>
        <line num="1656" count="0" type="stmt"/>
        <line num="1658" count="4" type="stmt"/>
        <line num="1659" count="4" type="stmt"/>
        <line num="1660" count="4" type="stmt"/>
        <line num="1661" count="4" type="stmt"/>
        <line num="1662" count="4" type="stmt"/>
        <line num="1663" count="4" type="stmt"/>
        <line num="1664" count="4" type="cond" truecount="1" falsecount="1"/>
        <line num="1665" count="4" type="cond" truecount="0" falsecount="1"/>
        <line num="1666" count="0" type="stmt"/>
        <line num="1667" count="4" type="stmt"/>
        <line num="1670" count="8" type="stmt"/>
        <line num="1682" count="4" type="stmt"/>
        <line num="1683" count="4" type="stmt"/>
        <line num="1684" count="4" type="stmt"/>
        <line num="1685" count="4" type="stmt"/>
        <line num="1686" count="4" type="stmt"/>
        <line num="1687" count="4" type="cond" truecount="1" falsecount="1"/>
        <line num="1688" count="4" type="stmt"/>
        <line num="1689" count="4" type="stmt"/>
        <line num="1690" count="4" type="stmt"/>
        <line num="1691" count="4" type="stmt"/>
        <line num="1692" count="0" type="stmt"/>
        <line num="1709" count="4" type="stmt"/>
        <line num="1710" count="4" type="cond" truecount="0" falsecount="1"/>
        <line num="1711" count="0" type="stmt"/>
        <line num="1712" count="0" type="stmt"/>
        <line num="1714" count="4" type="stmt"/>
        <line num="1716" count="4" type="cond" truecount="0" falsecount="1"/>
        <line num="1717" count="0" type="stmt"/>
        <line num="1718" count="0" type="stmt"/>
        <line num="1721" count="4" type="cond" truecount="0" falsecount="1"/>
        <line num="1722" count="0" type="stmt"/>
        <line num="1724" count="4" type="cond" truecount="0" falsecount="1"/>
        <line num="1725" count="0" type="stmt"/>
        <line num="1727" count="4" type="stmt"/>
        <line num="1728" count="4" type="cond" truecount="0" falsecount="1"/>
        <line num="1729" count="0" type="stmt"/>
        <line num="1730" count="0" type="stmt"/>
        <line num="1733" count="4" type="stmt"/>
        <line num="1734" count="4" type="cond" truecount="0" falsecount="1"/>
        <line num="1735" count="0" type="stmt"/>
        <line num="1737" count="4" type="stmt"/>
        <line num="1738" count="4" type="stmt"/>
        <line num="1739" count="4" type="stmt"/>
        <line num="1740" count="4" type="stmt"/>
        <line num="1741" count="4" type="stmt"/>
        <line num="1742" count="4" type="stmt"/>
        <line num="1743" count="4" type="stmt"/>
        <line num="1744" count="4" type="cond" truecount="1" falsecount="1"/>
        <line num="1745" count="4" type="stmt"/>
        <line num="1748" count="8" type="stmt"/>
        <line num="1751" count="4" type="stmt"/>
        <line num="1752" count="4" type="stmt"/>
        <line num="1753" count="4" type="stmt"/>
        <line num="1754" count="4" type="stmt"/>
        <line num="1755" count="4" type="stmt"/>
        <line num="1756" count="4" type="cond" truecount="1" falsecount="1"/>
        <line num="1757" count="4" type="stmt"/>
        <line num="1758" count="4" type="stmt"/>
        <line num="1759" count="4" type="stmt"/>
        <line num="1760" count="0" type="stmt"/>
        <line num="1779" count="2" type="stmt"/>
        <line num="1780" count="2" type="stmt"/>
        <line num="1781" count="2" type="stmt"/>
        <line num="1783" count="2" type="stmt"/>
        <line num="1784" count="2" type="stmt"/>
        <line num="1785" count="2" type="stmt"/>
        <line num="1786" count="2" type="stmt"/>
        <line num="1787" count="2" type="stmt"/>
        <line num="1788" count="2" type="stmt"/>
        <line num="1789" count="2" type="stmt"/>
        <line num="1791" count="2" type="stmt"/>
        <line num="1794" count="4" type="stmt"/>
        <line num="1797" count="2" type="stmt"/>
        <line num="1798" count="2" type="stmt"/>
        <line num="1799" count="2" type="stmt"/>
        <line num="1800" count="2" type="stmt"/>
        <line num="1801" count="2" type="stmt"/>
        <line num="1802" count="2" type="stmt"/>
      </file>
      <file name="minanftbadge.ts" path="/Users/mike/Documents/DeFi/MinaNFT/minanft-lib/src/minanftbadge.ts">
        <metrics statements="135" coveredstatements="112" conditionals="30" coveredconditionals="11" methods="7" coveredmethods="6"/>
        <line num="1" count="3" type="stmt"/>
        <line num="2" count="3" type="stmt"/>
        <line num="12" count="3" type="stmt"/>
        <line num="13" count="3" type="stmt"/>
        <line num="14" count="3" type="stmt"/>
        <line num="19" count="3" type="stmt"/>
        <line num="23" count="3" type="stmt"/>
        <line num="24" count="3" type="stmt"/>
        <line num="25" count="3" type="stmt"/>
        <line num="26" count="3" type="stmt"/>
        <line num="61" count="7" type="cond" truecount="0" falsecount="1"/>
        <line num="62" count="0" type="stmt"/>
        <line num="63" count="7" type="stmt"/>
        <line num="64" count="7" type="cond" truecount="0" falsecount="1"/>
        <line num="65" count="0" type="stmt"/>
        <line num="66" count="7" type="stmt"/>
        <line num="67" count="7" type="cond" truecount="0" falsecount="1"/>
        <line num="68" count="0" type="stmt"/>
        <line num="71" count="7" type="stmt"/>
        <line num="72" count="7" type="cond" truecount="0" falsecount="1"/>
        <line num="73" count="0" type="stmt"/>
        <line num="76" count="7" type="stmt"/>
        <line num="77" count="7" type="stmt"/>
        <line num="78" count="7" type="stmt"/>
        <line num="79" count="7" type="cond" truecount="0" falsecount="1"/>
        <line num="80" count="0" type="stmt"/>
        <line num="81" count="7" type="stmt"/>
        <line num="87" count="0" type="stmt"/>
        <line num="88" count="0" type="stmt"/>
        <line num="89" count="0" type="cond" truecount="0" falsecount="1"/>
        <line num="90" count="0" type="stmt"/>
        <line num="91" count="0" type="stmt"/>
        <line num="92" count="0" type="stmt"/>
        <line num="93" count="0" type="stmt"/>
        <line num="94" count="0" type="stmt"/>
        <line num="96" count="0" type="stmt"/>
        <line num="97" count="0" type="stmt"/>
        <line num="113" count="7" type="stmt"/>
        <line num="114" count="7" type="cond" truecount="2" falsecount="0"/>
        <line num="115" count="7" type="stmt"/>
        <line num="116" count="7" type="stmt"/>
        <line num="117" count="7" type="stmt"/>
        <line num="120" count="7" type="stmt"/>
        <line num="121" count="7" type="stmt"/>
        <line num="122" count="7" type="cond" truecount="2" falsecount="0"/>
        <line num="123" count="7" type="stmt"/>
        <line num="125" count="7" type="stmt"/>
        <line num="126" count="7" type="stmt"/>
        <line num="134" count="14" type="cond" truecount="1" falsecount="0"/>
        <line num="135" count="14" type="stmt"/>
        <line num="136" count="14" type="stmt"/>
        <line num="137" count="14" type="stmt"/>
        <line num="138" count="14" type="stmt"/>
        <line num="139" count="14" type="stmt"/>
        <line num="140" count="14" type="stmt"/>
        <line num="141" count="14" type="stmt"/>
        <line num="142" count="14" type="stmt"/>
        <line num="145" count="7" type="stmt"/>
        <line num="146" count="7" type="stmt"/>
        <line num="147" count="7" type="stmt"/>
        <line num="148" count="7" type="cond" truecount="1" falsecount="1"/>
        <line num="149" count="7" type="stmt"/>
        <line num="150" count="7" type="stmt"/>
        <line num="151" count="0" type="stmt"/>
        <line num="160" count="3" type="cond" truecount="0" falsecount="1"/>
        <line num="161" count="0" type="stmt"/>
        <line num="163" count="3" type="cond" truecount="0" falsecount="1"/>
        <line num="164" count="0" type="stmt"/>
        <line num="166" count="3" type="cond" truecount="0" falsecount="1"/>
        <line num="167" count="3" type="stmt"/>
        <line num="168" count="3" type="stmt"/>
        <line num="169" count="3" type="stmt"/>
        <line num="171" count="3" type="stmt"/>
        <line num="174" count="3" type="stmt"/>
        <line num="175" count="3" type="stmt"/>
        <line num="176" count="3" type="stmt"/>
        <line num="177" count="3" type="stmt"/>
        <line num="188" count="3" type="stmt"/>
        <line num="189" count="3" type="cond" truecount="0" falsecount="1"/>
        <line num="190" count="3" type="stmt"/>
        <line num="194" count="3" type="stmt"/>
        <line num="212" count="3" type="stmt"/>
        <line num="213" count="3" type="stmt"/>
        <line num="214" count="3" type="stmt"/>
        <line num="215" count="3" type="stmt"/>
        <line num="217" count="3" type="stmt"/>
        <line num="229" count="3" type="cond" truecount="0" falsecount="1"/>
        <line num="233" count="0" type="stmt"/>
        <line num="235" count="3" type="cond" truecount="0" falsecount="1"/>
        <line num="239" count="0" type="stmt"/>
        <line num="241" count="3" type="stmt"/>
        <line num="242" count="3" type="stmt"/>
        <line num="246" count="3" type="stmt"/>
        <line num="248" count="3" type="stmt"/>
        <line num="249" count="3" type="stmt"/>
        <line num="251" count="3" type="stmt"/>
        <line num="252" count="3" type="stmt"/>
        <line num="254" count="3" type="stmt"/>
        <line num="255" count="3" type="stmt"/>
        <line num="256" count="3" type="stmt"/>
        <line num="257" count="3" type="stmt"/>
        <line num="258" count="3" type="stmt"/>
        <line num="259" count="3" type="cond" truecount="1" falsecount="1"/>
        <line num="261" count="3" type="stmt"/>
        <line num="262" count="3" type="cond" truecount="0" falsecount="1"/>
        <line num="263" count="3" type="stmt"/>
        <line num="264" count="3" type="stmt"/>
        <line num="265" count="3" type="stmt"/>
        <line num="267" count="3" type="stmt"/>
        <line num="275" count="6" type="cond" truecount="1" falsecount="0"/>
        <line num="276" count="6" type="stmt"/>
        <line num="286" count="3" type="stmt"/>
        <line num="287" count="3" type="stmt"/>
        <line num="288" count="3" type="stmt"/>
        <line num="289" count="3" type="stmt"/>
        <line num="290" count="3" type="stmt"/>
        <line num="291" count="3" type="cond" truecount="1" falsecount="1"/>
        <line num="292" count="3" type="stmt"/>
        <line num="293" count="0" type="stmt"/>
        <line num="297" count="20" type="cond" truecount="0" falsecount="1"/>
        <line num="298" count="0" type="stmt"/>
        <line num="300" count="20" type="cond" truecount="0" falsecount="1"/>
        <line num="301" count="0" type="stmt"/>
        <line num="303" count="20" type="cond" truecount="0" falsecount="1"/>
        <line num="304" count="20" type="stmt"/>
        <line num="305" count="20" type="stmt"/>
        <line num="306" count="20" type="stmt"/>
        <line num="307" count="20" type="stmt"/>
        <line num="308" count="20" type="stmt"/>
        <line num="309" count="20" type="stmt"/>
        <line num="310" count="20" type="stmt"/>
        <line num="311" count="20" type="cond" truecount="1" falsecount="0"/>
        <line num="312" count="12" type="stmt"/>
        <line num="313" count="12" type="stmt"/>
        <line num="314" count="12" type="stmt"/>
      </file>
      <file name="minanftnames.ts" path="/Users/mike/Documents/DeFi/MinaNFT/minanft-lib/src/minanftnames.ts">
        <metrics statements="71" coveredstatements="63" conditionals="21" coveredconditionals="10" methods="6" coveredmethods="6"/>
        <line num="1" count="25" type="stmt"/>
        <line num="2" count="25" type="stmt"/>
        <line num="12" count="25" type="stmt"/>
        <line num="13" count="25" type="stmt"/>
        <line num="14" count="25" type="stmt"/>
        <line num="28" count="14" type="stmt"/>
        <line num="29" count="14" type="stmt"/>
        <line num="37" count="13" type="stmt"/>
        <line num="39" count="13" type="cond" truecount="0" falsecount="1"/>
        <line num="40" count="0" type="stmt"/>
        <line num="41" count="13" type="stmt"/>
        <line num="42" count="13" type="cond" truecount="2" falsecount="0"/>
        <line num="43" count="13" type="stmt"/>
        <line num="44" count="13" type="stmt"/>
        <line num="45" count="13" type="stmt"/>
        <line num="49" count="13" type="stmt"/>
        <line num="50" count="13" type="stmt"/>
        <line num="51" count="13" type="stmt"/>
        <line num="52" count="13" type="cond" truecount="2" falsecount="0"/>
        <line num="53" count="13" type="stmt"/>
        <line num="55" count="13" type="stmt"/>
        <line num="63" count="26" type="cond" truecount="1" falsecount="0"/>
        <line num="64" count="26" type="stmt"/>
        <line num="65" count="26" type="stmt"/>
        <line num="66" count="26" type="stmt"/>
        <line num="67" count="26" type="stmt"/>
        <line num="70" count="13" type="stmt"/>
        <line num="71" count="13" type="stmt"/>
        <line num="72" count="13" type="stmt"/>
        <line num="73" count="13" type="cond" truecount="1" falsecount="1"/>
        <line num="74" count="13" type="stmt"/>
        <line num="75" count="13" type="stmt"/>
        <line num="76" count="13" type="stmt"/>
        <line num="77" count="0" type="stmt"/>
        <line num="85" count="1" type="stmt"/>
        <line num="87" count="1" type="cond" truecount="0" falsecount="1"/>
        <line num="88" count="1" type="stmt"/>
        <line num="89" count="1" type="stmt"/>
        <line num="90" count="1" type="cond" truecount="0" falsecount="1"/>
        <line num="91" count="0" type="stmt"/>
        <line num="92" count="1" type="stmt"/>
        <line num="93" count="1" type="cond" truecount="0" falsecount="1"/>
        <line num="94" count="0" type="stmt"/>
        <line num="95" count="1" type="stmt"/>
        <line num="96" count="1" type="stmt"/>
        <line num="100" count="1" type="stmt"/>
        <line num="101" count="1" type="stmt"/>
        <line num="102" count="1" type="stmt"/>
        <line num="103" count="1" type="cond" truecount="2" falsecount="0"/>
        <line num="104" count="1" type="stmt"/>
        <line num="105" count="1" type="cond" truecount="0" falsecount="1"/>
        <line num="107" count="1" type="stmt"/>
        <line num="115" count="2" type="stmt"/>
        <line num="116" count="2" type="stmt"/>
        <line num="119" count="1" type="stmt"/>
        <line num="120" count="1" type="stmt"/>
        <line num="121" count="1" type="stmt"/>
        <line num="122" count="1" type="cond" truecount="1" falsecount="1"/>
        <line num="123" count="1" type="stmt"/>
        <line num="124" count="1" type="stmt"/>
        <line num="125" count="1" type="stmt"/>
        <line num="126" count="0" type="stmt"/>
        <line num="133" count="12" type="cond" truecount="0" falsecount="1"/>
        <line num="134" count="12" type="cond" truecount="0" falsecount="1"/>
        <line num="135" count="0" type="stmt"/>
        <line num="136" count="12" type="cond" truecount="0" falsecount="1"/>
        <line num="137" count="0" type="stmt"/>
        <line num="138" count="12" type="cond" truecount="0" falsecount="1"/>
        <line num="139" count="0" type="stmt"/>
        <line num="142" count="12" type="stmt"/>
        <line num="148" count="12" type="stmt"/>
      </file>
      <file name="networks.ts" path="/Users/mike/Documents/DeFi/MinaNFT/minanft-lib/src/networks.ts">
        <metrics statements="5" coveredstatements="5" conditionals="0" coveredconditionals="0" methods="0" coveredmethods="0"/>
        <line num="1" count="27" type="stmt"/>
        <line num="13" count="27" type="stmt"/>
        <line num="28" count="27" type="stmt"/>
        <line num="33" count="27" type="stmt"/>
        <line num="42" count="27" type="stmt"/>
      </file>
      <file name="privatemetadata.ts" path="/Users/mike/Documents/DeFi/MinaNFT/minanft-lib/src/privatemetadata.ts">
        <metrics statements="11" coveredstatements="11" conditionals="6" coveredconditionals="5" methods="2" coveredmethods="2"/>
        <line num="1" count="25" type="stmt"/>
        <line num="3" count="25" type="stmt"/>
        <line num="18" count="183" type="stmt"/>
        <line num="19" count="183" type="stmt"/>
        <line num="20" count="183" type="cond" truecount="1" falsecount="1"/>
        <line num="21" count="183" type="stmt"/>
        <line num="24" count="166" type="stmt"/>
        <line num="26" count="166" type="cond" truecount="2" falsecount="0"/>
        <line num="27" count="72" type="stmt"/>
        <line num="29" count="166" type="cond" truecount="2" falsecount="0"/>
        <line num="30" count="166" type="stmt"/>
      </file>
      <file name="redactedminanft.ts" path="/Users/mike/Documents/DeFi/MinaNFT/minanft-lib/src/redactedminanft.ts">
        <metrics statements="86" coveredstatements="82" conditionals="12" coveredconditionals="6" methods="11" coveredmethods="11"/>
        <line num="1" count="6" type="stmt"/>
        <line num="2" count="6" type="stmt"/>
        <line num="3" count="6" type="stmt"/>
        <line num="5" count="6" type="stmt"/>
        <line num="6" count="6" type="stmt"/>
        <line num="7" count="6" type="stmt"/>
        <line num="13" count="6" type="stmt"/>
        <line num="14" count="6" type="stmt"/>
        <line num="15" count="6" type="stmt"/>
        <line num="21" count="5" type="stmt"/>
        <line num="22" count="5" type="stmt"/>
        <line num="30" count="7" type="stmt"/>
        <line num="31" count="7" type="cond" truecount="1" falsecount="1"/>
        <line num="32" count="0" type="stmt"/>
        <line num="43" count="4" type="stmt"/>
        <line num="47" count="4" type="stmt"/>
        <line num="49" count="4" type="stmt"/>
        <line num="50" count="4" type="stmt"/>
        <line num="51" count="4" type="stmt"/>
        <line num="52" count="4" type="stmt"/>
        <line num="53" count="4" type="stmt"/>
        <line num="54" count="5" type="stmt"/>
        <line num="55" count="5" type="stmt"/>
        <line num="56" count="5" type="stmt"/>
        <line num="57" count="5" type="stmt"/>
        <line num="63" count="5" type="stmt"/>
        <line num="64" count="5" type="stmt"/>
        <line num="65" count="5" type="stmt"/>
        <line num="68" count="4" type="stmt"/>
        <line num="69" count="4" type="stmt"/>
        <line num="70" count="5" type="stmt"/>
        <line num="71" count="5" type="stmt"/>
        <line num="76" count="5" type="stmt"/>
        <line num="82" count="5" type="stmt"/>
        <line num="83" count="5" type="cond" truecount="0" falsecount="1"/>
        <line num="85" count="4" type="stmt"/>
        <line num="86" count="4" type="stmt"/>
        <line num="89" count="4" type="stmt"/>
        <line num="90" count="4" type="stmt"/>
        <line num="91" count="1" type="stmt"/>
        <line num="92" count="1" type="stmt"/>
        <line num="97" count="1" type="stmt"/>
        <line num="98" count="1" type="stmt"/>
        <line num="99" count="1" type="stmt"/>
        <line num="100" count="1" type="cond" truecount="0" falsecount="1"/>
        <line num="102" count="4" type="stmt"/>
        <line num="104" count="4" type="cond" truecount="0" falsecount="1"/>
        <line num="105" count="0" type="stmt"/>
        <line num="108" count="4" type="stmt"/>
        <line num="114" count="4" type="cond" truecount="0" falsecount="1"/>
        <line num="115" count="0" type="stmt"/>
        <line num="118" count="4" type="stmt"/>
        <line num="126" count="1" type="stmt"/>
        <line num="128" count="1" type="stmt"/>
        <line num="129" count="1" type="stmt"/>
        <line num="133" count="1" type="stmt"/>
        <line num="134" count="2" type="stmt"/>
        <line num="135" count="2" type="stmt"/>
        <line num="136" count="2" type="stmt"/>
        <line num="137" count="2" type="stmt"/>
        <line num="143" count="2" type="stmt"/>
        <line num="145" count="14" type="stmt"/>
        <line num="146" count="2040" type="stmt"/>
        <line num="147" count="2040" type="stmt"/>
        <line num="151" count="1" type="stmt"/>
        <line num="159" count="3" type="stmt"/>
        <line num="160" count="3" type="stmt"/>
        <line num="161" count="3" type="stmt"/>
        <line num="162" count="3" type="stmt"/>
        <line num="163" count="3" type="stmt"/>
        <line num="166" count="3" type="stmt"/>
        <line num="167" count="3" type="stmt"/>
        <line num="168" count="3" type="cond" truecount="2" falsecount="0"/>
        <line num="169" count="3" type="stmt"/>
        <line num="171" count="3" type="stmt"/>
        <line num="172" count="3" type="stmt"/>
        <line num="180" count="6" type="cond" truecount="1" falsecount="0"/>
        <line num="181" count="6" type="stmt"/>
        <line num="182" count="6" type="stmt"/>
        <line num="183" count="6" type="stmt"/>
        <line num="186" count="3" type="stmt"/>
        <line num="187" count="3" type="stmt"/>
        <line num="188" count="3" type="stmt"/>
        <line num="189" count="3" type="cond" truecount="1" falsecount="1"/>
        <line num="190" count="3" type="stmt"/>
        <line num="191" count="0" type="stmt"/>
      </file>
      <file name="redactedtree.ts" path="/Users/mike/Documents/DeFi/MinaNFT/minanft-lib/src/redactedtree.ts">
        <metrics statements="73" coveredstatements="51" conditionals="10" coveredconditionals="1" methods="6" coveredmethods="4"/>
        <line num="1" count="25" type="stmt"/>
        <line num="2" count="25" type="stmt"/>
        <line num="12" count="25" type="stmt"/>
        <line num="13" count="25" type="stmt"/>
        <line num="17" count="25" type="stmt"/>
        <line num="18" count="25" type="stmt"/>
        <line num="24" count="1" type="stmt"/>
        <line num="34" count="1" type="stmt"/>
        <line num="37" count="1" type="stmt"/>
        <line num="38" count="1" type="stmt"/>
        <line num="39" count="1" type="stmt"/>
        <line num="40" count="1" type="stmt"/>
        <line num="48" count="14" type="stmt"/>
        <line num="49" count="14" type="stmt"/>
        <line num="53" count="1" type="cond" truecount="0" falsecount="1"/>
        <line num="54" count="1" type="stmt"/>
        <line num="55" count="1" type="stmt"/>
        <line num="56" count="1" type="stmt"/>
        <line num="59" count="1" type="stmt"/>
        <line num="60" count="1" type="stmt"/>
        <line num="61" count="1" type="stmt"/>
        <line num="71" count="1" type="stmt"/>
        <line num="72" count="1" type="stmt"/>
        <line num="73" count="1" type="stmt"/>
        <line num="74" count="1" type="stmt"/>
        <line num="75" count="1" type="stmt"/>
        <line num="76" count="1" type="stmt"/>
        <line num="77" count="1" type="stmt"/>
        <line num="78" count="14" type="stmt"/>
        <line num="79" count="14" type="stmt"/>
        <line num="82" count="14" type="stmt"/>
        <line num="85" count="14" type="stmt"/>
        <line num="91" count="14" type="stmt"/>
        <line num="96" count="14" type="stmt"/>
        <line num="102" count="14" type="stmt"/>
        <line num="103" count="14" type="cond" truecount="0" falsecount="1"/>
        <line num="105" count="1" type="stmt"/>
        <line num="106" count="1" type="stmt"/>
        <line num="108" count="1" type="stmt"/>
        <line num="109" count="1" type="stmt"/>
        <line num="110" count="1" type="stmt"/>
        <line num="111" count="13" type="stmt"/>
        <line num="112" count="13" type="stmt"/>
        <line num="117" count="13" type="stmt"/>
        <line num="122" count="13" type="stmt"/>
        <line num="123" count="13" type="cond" truecount="0" falsecount="1"/>
        <line num="125" count="1" type="stmt"/>
        <line num="126" count="1" type="stmt"/>
        <line num="127" count="1" type="stmt"/>
        <line num="128" count="1" type="cond" truecount="0" falsecount="1"/>
        <line num="129" count="0" type="stmt"/>
        <line num="131" count="1" type="stmt"/>
        <line num="139" count="0" type="stmt"/>
        <line num="140" count="0" type="stmt"/>
        <line num="141" count="0" type="stmt"/>
        <line num="142" count="0" type="stmt"/>
        <line num="143" count="0" type="stmt"/>
        <line num="146" count="0" type="stmt"/>
        <line num="147" count="0" type="stmt"/>
        <line num="148" count="0" type="cond" truecount="0" falsecount="2"/>
        <line num="149" count="0" type="stmt"/>
        <line num="151" count="0" type="stmt"/>
        <line num="152" count="0" type="stmt"/>
        <line num="160" count="0" type="cond" truecount="0" falsecount="1"/>
        <line num="161" count="0" type="stmt"/>
        <line num="162" count="0" type="stmt"/>
        <line num="163" count="0" type="stmt"/>
        <line num="166" count="0" type="stmt"/>
        <line num="167" count="0" type="stmt"/>
        <line num="168" count="0" type="stmt"/>
        <line num="169" count="0" type="cond" truecount="0" falsecount="2"/>
        <line num="170" count="0" type="stmt"/>
        <line num="171" count="0" type="stmt"/>
      </file>
    </package>
    <package name="src.api">
      <metrics statements="63" coveredstatements="40" conditionals="43" coveredconditionals="21" methods="11" coveredmethods="7"/>
      <file name="api.ts" path="/Users/mike/Documents/DeFi/MinaNFT/minanft-lib/src/api/api.ts">
        <metrics statements="63" coveredstatements="40" conditionals="43" coveredconditionals="21" methods="11" coveredmethods="7"/>
        <line num="1" count="5" type="stmt"/>
        <line num="2" count="5" type="stmt"/>
        <line num="4" count="5" type="stmt"/>
        <line num="6" count="5" type="stmt"/>
        <line num="13" count="5" type="stmt"/>
        <line num="22" count="5" type="stmt"/>
        <line num="23" count="5" type="stmt"/>
        <line num="36" count="2" type="stmt"/>
        <line num="43" count="2" type="stmt"/>
        <line num="65" count="1" type="stmt"/>
        <line num="73" count="1" type="cond" truecount="1" falsecount="1"/>
        <line num="74" count="1" type="cond" truecount="1" falsecount="1"/>
        <line num="75" count="1" type="stmt"/>
        <line num="98" count="0" type="stmt"/>
        <line num="105" count="0" type="cond" truecount="0" falsecount="2"/>
        <line num="106" count="0" type="stmt"/>
        <line num="134" count="1" type="stmt"/>
        <line num="145" count="1" type="stmt"/>
        <line num="168" count="0" type="stmt"/>
        <line num="182" count="0" type="stmt"/>
        <line num="209" count="1" type="stmt"/>
        <line num="210" count="1" type="cond" truecount="1" falsecount="1"/>
        <line num="211" count="0" type="stmt"/>
        <line num="216" count="1" type="stmt"/>
        <line num="240" count="0" type="stmt"/>
        <line num="241" count="0" type="cond" truecount="0" falsecount="2"/>
        <line num="242" count="0" type="stmt"/>
        <line num="248" count="0" type="stmt"/>
        <line num="266" count="0" type="stmt"/>
        <line num="267" count="0" type="cond" truecount="0" falsecount="2"/>
        <line num="268" count="0" type="stmt"/>
        <line num="274" count="0" type="stmt"/>
        <line num="302" count="1" type="cond" truecount="2" falsecount="0"/>
        <line num="303" count="1" type="cond" truecount="2" falsecount="0"/>
        <line num="304" count="1" type="cond" truecount="2" falsecount="0"/>
        <line num="305" count="1" type="stmt"/>
        <line num="306" count="1" type="stmt"/>
        <line num="307" count="1" type="stmt"/>
        <line num="308" count="1" type="stmt"/>
        <line num="309" count="4" type="stmt"/>
        <line num="310" count="4" type="cond" truecount="1" falsecount="1"/>
        <line num="311" count="0" type="stmt"/>
        <line num="312" count="0" type="cond" truecount="0" falsecount="1"/>
        <line num="313" count="0" type="stmt"/>
        <line num="319" count="0" type="stmt"/>
        <line num="321" count="4" type="cond" truecount="1" falsecount="1"/>
        <line num="322" count="0" type="stmt"/>
        <line num="327" count="4" type="cond" truecount="1" falsecount="0"/>
        <line num="328" count="1" type="stmt"/>
        <line num="334" count="3" type="stmt"/>
        <line num="336" count="3" type="stmt"/>
        <line num="338" count="0" type="stmt"/>
        <line num="356" count="9" type="stmt"/>
        <line num="363" count="9" type="stmt"/>
        <line num="364" count="9" type="stmt"/>
        <line num="365" count="9" type="stmt"/>
        <line num="367" count="0" type="stmt"/>
        <line num="368" count="0" type="stmt"/>
        <line num="374" count="4" type="cond" truecount="0" falsecount="1"/>
        <line num="375" count="4" type="cond" truecount="0" falsecount="1"/>
        <line num="376" count="4" type="cond" truecount="1" falsecount="2"/>
        <line num="377" count="0" type="stmt"/>
        <line num="378" count="4" type="stmt"/>
      </file>
    </package>
    <package name="src.contract">
[...]
        <line num="97" count="12" type="cond" truecount="0" falsecount="1"/>
        <line num="98" count="0" type="stmt"/>
        <line num="101" count="12" type="stmt"/>
        <line num="102" count="12" type="cond" truecount="1" falsecount="1"/>
        <line num="103" count="12" type="stmt"/>
        <line num="104" count="12" type="cond" truecount="0" falsecount="1"/>
        <line num="105" count="0" type="stmt"/>
        <line num="109" count="12" type="stmt"/>
        <line num="110" count="12" type="stmt"/>
        <line num="114" count="17" type="cond" truecount="1" falsecount="1"/>
        <line num="115" count="17" type="stmt"/>
        <line num="129" count="4" type="stmt"/>
        <line num="130" count="4" type="stmt"/>
        <line num="131" count="4" type="cond" truecount="0" falsecount="1"/>
        <line num="132" count="0" type="stmt"/>
        <line num="133" count="4" type="cond" truecount="0" falsecount="1"/>
        <line num="134" count="0" type="stmt"/>
        <line num="137" count="4" type="cond" truecount="0" falsecount="1"/>
        <line num="138" count="0" type="stmt"/>
        <line num="141" count="4" type="cond" truecount="0" falsecount="1"/>
        <line num="142" count="0" type="stmt"/>
        <line num="143" count="4" type="cond" truecount="0" falsecount="1"/>
        <line num="144" count="0" type="stmt"/>
        <line num="145" count="4" type="cond" truecount="0" falsecount="1"/>
        <line num="146" count="0" type="stmt"/>
        <line num="147" count="4" type="cond" truecount="0" falsecount="1"/>
        <line num="148" count="0" type="stmt"/>
        <line num="149" count="4" type="cond" truecount="0" falsecount="1"/>
        <line num="150" count="0" type="stmt"/>
        <line num="152" count="4" type="stmt"/>
        <line num="166" count="1" type="stmt"/>
        <line num="167" count="1" type="cond" truecount="0" falsecount="1"/>
        <line num="168" count="0" type="stmt"/>
        <line num="169" count="1" type="stmt"/>
        <line num="170" count="1" type="stmt"/>
        <line num="171" count="14" type="stmt"/>
        <line num="173" count="1" type="stmt"/>
        <line num="174" count="1" type="stmt"/>
        <line num="190" count="11" type="stmt"/>
        <line num="191" count="11" type="stmt"/>
        <line num="192" count="11" type="cond" truecount="2" falsecount="0"/>
        <line num="193" count="11" type="cond" truecount="2" falsecount="0"/>
        <line num="199" count="7" type="stmt"/>
        <line num="200" count="7" type="stmt"/>
        <line num="201" count="7" type="stmt"/>
        <line num="208" count="7" type="stmt"/>
        <line num="209" count="7" type="stmt"/>
        <line num="210" count="7" type="stmt"/>
        <line num="211" count="7" type="stmt"/>
        <line num="212" count="39" type="stmt"/>
        <line num="214" count="7" type="stmt"/>
        <line num="215" count="7" type="stmt"/>
        <line num="216" count="7" type="stmt"/>
        <line num="223" count="6" type="cond" truecount="1" falsecount="2"/>
        <line num="224" count="0" type="stmt"/>
        <line num="225" count="6" type="stmt"/>
        <line num="226" count="6" type="cond" truecount="1" falsecount="1"/>
        <line num="227" count="6" type="stmt"/>
        <line num="228" count="6" type="stmt"/>
        <line num="229" count="6" type="stmt"/>
        <line num="230" count="6" type="stmt"/>
        <line num="236" count="6" type="stmt"/>
        <line num="237" count="6" type="cond" truecount="0" falsecount="1"/>
        <line num="238" count="6" type="stmt"/>
        <line num="239" count="6" type="stmt"/>
        <line num="240" count="6" type="stmt"/>
        <line num="241" count="0" type="cond" truecount="0" falsecount="1"/>
        <line num="242" count="0" type="stmt"/>
        <line num="243" count="0" type="stmt"/>
        <line num="244" count="0" type="stmt"/>
        <line num="250" count="0" type="cond" truecount="0" falsecount="1"/>
        <line num="251" count="0" type="stmt"/>
        <line num="252" count="0" type="stmt"/>
        <line num="253" count="0" type="stmt"/>
        <line num="258" count="0" type="stmt"/>
        <line num="259" count="0" type="stmt"/>
        <line num="260" count="0" type="stmt"/>
        <line num="264" count="5" type="stmt"/>
        <line num="265" count="5" type="stmt"/>
        <line num="267" count="5" type="stmt"/>
        <line num="268" count="5" type="stmt"/>
        <line num="271" count="80" type="stmt"/>
        <line num="272" count="80" type="stmt"/>
        <line num="273" count="80" type="stmt"/>
        <line num="274" count="4732200" type="stmt"/>
        <line num="275" count="4732200" type="stmt"/>
        <line num="276" count="4732200" type="cond" truecount="1" falsecount="0"/>
        <line num="277" count="152649" type="stmt"/>
        <line num="278" count="152649" type="stmt"/>
        <line num="279" count="152649" type="stmt"/>
        <line num="282" count="80" type="cond" truecount="1" falsecount="0"/>
        <line num="284" count="5" type="stmt"/>
        <line num="285" count="75" type="stmt"/>
        <line num="286" count="75" type="cond" truecount="1" falsecount="0"/>
        <line num="287" count="75" type="stmt"/>
        <line num="288" count="75" type="stmt"/>
        <line num="289" count="75" type="stmt"/>
        <line num="292" count="75" type="stmt"/>
        <line num="293" count="75" type="stmt"/>
        <line num="295" count="5" type="cond" truecount="1" falsecount="0"/>
        <line num="296" count="5" type="stmt"/>
        <line num="297" count="5" type="stmt"/>
        <line num="301" count="0" type="stmt"/>
        <line num="302" count="0" type="stmt"/>
        <line num="303" count="0" type="stmt"/>
        <line num="304" count="0" type="stmt"/>
        <line num="305" count="0" type="stmt"/>
        <line num="306" count="0" type="stmt"/>
        <line num="307" count="0" type="cond" truecount="0" falsecount="1"/>
        <line num="308" count="0" type="stmt"/>
        <line num="309" count="0" type="stmt"/>
        <line num="310" count="0" type="stmt"/>
        <line num="313" count="0" type="cond" truecount="0" falsecount="1"/>
        <line num="314" count="0" type="stmt"/>
        <line num="318" count="0" type="stmt"/>
        <line num="319" count="0" type="stmt"/>
        <line num="320" count="0" type="stmt"/>
        <line num="321" count="0" type="stmt"/>
        <line num="322" count="0" type="stmt"/>
        <line num="323" count="0" type="stmt"/>
        <line num="324" count="0" type="stmt"/>
        <line num="326" count="0" type="stmt"/>
        <line num="330" count="0" type="stmt"/>
        <line num="332" count="0" type="stmt"/>
        <line num="343" count="11" type="cond" truecount="1" falsecount="0"/>
        <line num="344" count="6" type="stmt"/>
        <line num="345" count="6" type="stmt"/>
        <line num="346" count="6" type="stmt"/>
        <line num="347" count="6" type="stmt"/>
        <line num="354" count="5" type="cond" truecount="1" falsecount="1"/>
        <line num="358" count="5" type="stmt"/>
        <line num="359" count="5" type="stmt"/>
        <line num="360" count="5" type="stmt"/>
        <line num="361" count="5" type="stmt"/>
        <line num="367" count="5" type="cond" truecount="2" falsecount="0"/>
        <line num="368" count="3" type="stmt"/>
        <line num="372" count="3" type="cond" truecount="0" falsecount="1"/>
        <line num="373" count="0" type="stmt"/>
        <line num="374" count="3" type="stmt"/>
        <line num="375" count="3" type="stmt"/>
        <line num="377" count="2" type="stmt"/>
        <line num="378" count="2" type="cond" truecount="0" falsecount="1"/>
        <line num="379" count="0" type="stmt"/>
        <line num="382" count="2" type="stmt"/>
        <line num="383" count="2" type="stmt"/>
        <line num="384" count="2" type="stmt"/>
        <line num="389" count="7" type="cond" truecount="1" falsecount="0"/>
        <line num="390" count="1" type="stmt"/>
        <line num="391" count="1" type="stmt"/>
        <line num="392" count="1" type="stmt"/>
        <line num="394" count="7" type="cond" truecount="0" falsecount="1"/>
        <line num="395" count="0" type="stmt"/>
        <line num="396" count="7" type="cond" truecount="0" falsecount="1"/>
        <line num="397" count="7" type="cond" truecount="0" falsecount="1"/>
        <line num="398" count="7" type="cond" truecount="0" falsecount="1"/>
        <line num="399" count="7" type="cond" truecount="0" falsecount="1"/>
        <line num="400" count="7" type="cond" truecount="0" falsecount="1"/>
        <line num="401" count="0" type="stmt"/>
        <line num="402" count="7" type="cond" truecount="0" falsecount="1"/>
        <line num="406" count="0" type="stmt"/>
        <line num="407" count="0" type="stmt"/>
        <line num="412" count="7" type="stmt"/>
      </file>
      <file name="ipfs.ts" path="/Users/mike/Documents/DeFi/MinaNFT/minanft-lib/src/storage/ipfs.ts">
        <metrics statements="27" coveredstatements="19" conditionals="7" coveredconditionals="5" methods="3" coveredmethods="3"/>
        <line num="1" count="25" type="stmt"/>
        <line num="2" count="25" type="stmt"/>
        <line num="3" count="25" type="stmt"/>
        <line num="9" count="23" type="stmt"/>
        <line num="13" count="17" type="stmt"/>
        <line num="17" count="17" type="stmt"/>
        <line num="24" count="17" type="cond" truecount="1" falsecount="0"/>
        <line num="26" count="7" type="stmt"/>
        <line num="28" count="10" type="stmt"/>
        <line num="34" count="10" type="stmt"/>
        <line num="35" count="10" type="stmt"/>
        <line num="37" count="0" type="stmt"/>
        <line num="38" count="0" type="stmt"/>
        <line num="48" count="6" type="stmt"/>
        <line num="49" count="6" type="stmt"/>
        <line num="52" count="6" type="stmt"/>
        <line num="58" count="6" type="cond" truecount="0" falsecount="1"/>
        <line num="60" count="0" type="stmt"/>
        <line num="62" count="6" type="stmt"/>
        <line num="74" count="6" type="stmt"/>
        <line num="75" count="6" type="cond" truecount="4" falsecount="1"/>
        <line num="76" count="6" type="stmt"/>
        <line num="78" count="0" type="stmt"/>
        <line num="79" count="0" type="stmt"/>
        <line num="82" count="0" type="stmt"/>
        <line num="83" count="0" type="stmt"/>
        <line num="85" count="0" type="stmt"/>
      </file>
      <file name="map.ts" path="/Users/mike/Documents/DeFi/MinaNFT/minanft-lib/src/storage/map.ts">
        <metrics statements="73" coveredstatements="65" conditionals="51" coveredconditionals="36" methods="13" coveredmethods="12"/>
        <line num="2" count="25" type="stmt"/>
        <line num="7" count="25" type="stmt"/>
        <line num="8" count="25" type="stmt"/>
        <line num="9" count="25" type="stmt"/>
        <line num="10" count="25" type="stmt"/>
        <line num="17" count="25" type="stmt"/>
        <line num="18" count="25" type="stmt"/>
        <line num="19" count="25" type="stmt"/>
        <line num="51" count="12" type="stmt"/>
        <line num="52" count="12" type="stmt"/>
        <line num="60" count="13" type="stmt"/>
        <line num="61" count="13" type="stmt"/>
        <line num="62" count="46" type="stmt"/>
        <line num="63" count="46" type="stmt"/>
        <line num="64" count="46" type="stmt"/>
        <line num="66" count="13" type="stmt"/>
        <line num="74" count="43" type="stmt"/>
        <line num="82" count="28" type="stmt"/>
        <line num="97" count="5" type="stmt"/>
        <line num="98" count="5" type="stmt"/>
        <line num="114" count="3" type="stmt"/>
        <line num="130" count="1" type="stmt"/>
        <line num="146" count="4" type="stmt"/>
        <line num="147" count="4" type="stmt"/>
        <line num="163" count="2" type="stmt"/>
        <line num="164" count="2" type="stmt"/>
        <line num="165" count="2" type="stmt"/>
        <line num="166" count="2" type="stmt"/>
        <line num="167" count="2" type="stmt"/>
        <line num="168" count="2" type="cond" truecount="1" falsecount="1"/>
        <line num="169" count="2" type="stmt"/>
        <line num="170" count="2" type="stmt"/>
        <line num="171" count="2" type="stmt"/>
        <line num="172" count="2" type="stmt"/>
        <line num="173" count="2" type="stmt"/>
        <line num="175" count="2" type="stmt"/>
        <line num="191" count="0" type="stmt"/>
        <line num="203" count="16" type="stmt"/>
        <line num="214" count="4" type="stmt"/>
        <line num="215" count="4" type="stmt"/>
        <line num="216" count="4" type="stmt"/>
        <line num="217" count="4" type="stmt"/>
        <line num="218" count="4" type="cond" truecount="0" falsecount="1"/>
        <line num="219" count="0" type="stmt"/>
        <line num="221" count="4" type="cond" truecount="3" falsecount="1"/>
        <line num="222" count="0" type="stmt"/>
        <line num="223" count="4" type="cond" truecount="0" falsecount="1"/>
        <line num="232" count="0" type="stmt"/>
        <line num="233" count="4" type="stmt"/>
        <line num="234" count="4" type="stmt"/>
        <line num="235" count="14" type="stmt"/>
        <line num="236" count="14" type="cond" truecount="2" falsecount="1"/>
        <line num="237" count="0" type="stmt"/>
        <line num="238" count="14" type="stmt"/>
        <line num="239" count="14" type="stmt"/>
        <line num="240" count="14" type="cond" truecount="2" falsecount="0"/>
        <line num="241" count="14" type="cond" truecount="0" falsecount="1"/>
        <line num="247" count="0" type="stmt"/>
        <line num="248" count="14" type="cond" truecount="4" falsecount="1"/>
        <line num="250" count="9" type="stmt"/>
        <line num="255" count="9" type="stmt"/>
        <line num="257" count="3" type="stmt"/>
        <line num="262" count="3" type="stmt"/>
        <line num="264" count="1" type="stmt"/>
        <line num="269" count="1" type="stmt"/>
        <line num="271" count="1" type="stmt"/>
        <line num="276" count="1" type="stmt"/>
        <line num="278" count="0" type="stmt"/>
        <line num="282" count="4" type="cond" truecount="1" falsecount="0"/>
        <line num="283" count="4" type="stmt"/>
        <line num="284" count="4" type="cond" truecount="0" falsecount="1"/>
        <line num="285" count="0" type="stmt"/>
        <line num="287" count="4" type="stmt"/>
      </file>
      <file name="text.ts" path="/Users/mike/Documents/DeFi/MinaNFT/minanft-lib/src/storage/text.ts">
        <metrics statements="34" coveredstatements="27" conditionals="19" coveredconditionals="12" methods="3" coveredmethods="3"/>
        <line num="1" count="25" type="stmt"/>
        <line num="2" count="25" type="stmt"/>
        <line num="3" count="25" type="stmt"/>
        <line num="11" count="42" type="stmt"/>
        <line num="12" count="42" type="stmt"/>
        <line num="13" count="42" type="stmt"/>
        <line num="14" count="42" type="stmt"/>
        <line num="15" count="42" type="stmt"/>
        <line num="16" count="42" type="cond" truecount="0" falsecount="1"/>
        <line num="17" count="0" type="stmt"/>
        <line num="18" count="42" type="stmt"/>
        <line num="19" count="42" type="stmt"/>
        <line num="20" count="42" type="stmt"/>
        <line num="21" count="3110" type="stmt"/>
        <line num="23" count="42" type="stmt"/>
        <line num="27" count="39" type="stmt"/>
        <line num="36" count="26" type="stmt"/>
        <line num="37" count="26" type="stmt"/>
        <line num="38" count="26" type="stmt"/>
        <line num="39" count="26" type="stmt"/>
        <line num="40" count="26" type="cond" truecount="0" falsecount="1"/>
        <line num="41" count="0" type="stmt"/>
        <line num="43" count="26" type="cond" truecount="3" falsecount="1"/>
        <line num="44" count="0" type="stmt"/>
        <line num="45" count="26" type="cond" truecount="0" falsecount="1"/>
        <line num="56" count="0" type="stmt"/>
        <line num="57" count="26" type="stmt"/>
        <line num="58" count="26" type="cond" truecount="0" falsecount="1"/>
        <line num="59" count="0" type="stmt"/>
        <line num="60" count="26" type="cond" truecount="0" falsecount="1"/>
        <line num="61" count="0" type="stmt"/>
        <line num="62" count="26" type="cond" truecount="0" falsecount="1"/>
        <line num="63" count="0" type="stmt"/>
        <line num="65" count="26" type="stmt"/>
      </file>
    </package>
    <package name="utils">
      <metrics statements="55" coveredstatements="36" conditionals="11" coveredconditionals="4" methods="6" coveredmethods="3"/>
      <file name="testhelpers.ts" path="/Users/mike/Documents/DeFi/MinaNFT/minanft-lib/utils/testhelpers.ts">
        <metrics statements="55" coveredstatements="36" conditionals="11" coveredconditionals="4" methods="6" coveredmethods="3"/>
        <line num="3" count="28" type="stmt"/>
        <line num="4" count="21" type="stmt"/>
        <line num="5" count="21" type="stmt"/>
        <line num="6" count="21" type="stmt"/>
        <line num="7" count="21" type="stmt"/>
        <line num="11" count="21" type="stmt"/>
        <line num="12" count="21" type="stmt"/>
        <line num="18" count="21" type="stmt"/>
        <line num="20" count="21" type="stmt"/>
        <line num="26" count="19" type="stmt"/>
        <line num="27" count="19" type="stmt"/>
        <line num="28" count="19" type="stmt"/>
        <line num="29" count="19" type="cond" truecount="2" falsecount="0"/>
        <line num="30" count="18" type="stmt"/>
        <line num="31" count="18" type="stmt"/>
        <line num="32" count="18" type="stmt"/>
        <line num="33" count="18" type="stmt"/>
        <line num="34" count="18" type="stmt"/>
        <line num="35" count="3" type="stmt"/>
        <line num="36" count="3" type="stmt"/>
        <line num="38" count="1" type="cond" truecount="1" falsecount="1"/>
        <line num="39" count="1" type="stmt"/>
        <line num="40" count="1" type="stmt"/>
        <line num="41" count="1" type="stmt"/>
        <line num="42" count="0" type="stmt"/>
        <line num="43" count="0" type="stmt"/>
        <line num="45" count="0" type="cond" truecount="0" falsecount="2"/>
        <line num="46" count="0" type="stmt"/>
        <line num="47" count="0" type="stmt"/>
        <line num="48" count="0" type="stmt"/>
        <line num="49" count="0" type="stmt"/>
        <line num="50" count="0" type="stmt"/>
        <line num="52" count="0" type="cond" truecount="0" falsecount="2"/>
        <line num="53" count="0" type="stmt"/>
        <line num="54" count="0" type="stmt"/>
        <line num="55" count="0" type="stmt"/>
        <line num="56" count="0" type="stmt"/>
        <line num="57" count="0" type="stmt"/>
        <line num="60" count="0" type="stmt"/>
        <line num="61" count="0" type="stmt"/>
        <line num="64" count="19" type="stmt"/>
        <line num="66" count="3" type="stmt"/>
        <line num="69" count="3" type="cond" truecount="0" falsecount="1"/>
        <line num="70" count="0" type="stmt"/>
        <line num="76" count="0" type="stmt"/>
        <line num="80" count="19" type="stmt"/>
        <line num="81" count="19" type="stmt"/>
        <line num="85" count="19" type="cond" truecount="0" falsecount="1"/>
        <line num="86" count="19" type="stmt"/>
        <line num="90" count="0" type="stmt"/>
        <line num="94" count="23" type="stmt"/>
        <line num="95" count="23" type="stmt"/>
        <line num="97" count="23" type="stmt"/>
        <line num="98" count="4380" type="stmt"/>
        <line num="101" count="23" type="stmt"/>
      </file>
    </package>
  </project>
</coverage>
