<?xml version="1.0" encoding="UTF-8"?>
<coverage generated="1712779647234" clover="3.2.0">
  <project timestamp="1712779647234" name="All files">
    <metrics statements="2354" coveredstatements="1668" conditionals="634" coveredconditionals="250" methods="267" coveredmethods="206" elements="3255" coveredelements="2124" complexity="0" loc="2354" ncloc="2354" packages="6" files="33" classes="33"/>
    <package name="src">
      <metrics statements="1392" coveredstatements="976" conditionals="399" coveredconditionals="156" methods="123" coveredmethods="99"/>
      <file name="baseminanft.ts" path="/Users/mike/Documents/DeFi/MinaNFT/minanft-lib/src/baseminanft.ts">
        <metrics statements="117" coveredstatements="108" conditionals="33" coveredconditionals="19" methods="19" coveredmethods="16"/>
        <line num="1" count="25" type="stmt"/>
        <line num="2" count="25" type="stmt"/>
        <line num="3" count="25" type="stmt"/>
        <line num="4" count="25" type="stmt"/>
        <line num="5" count="25" type="stmt"/>
        <line num="6" count="25" type="stmt"/>
        <line num="7" count="25" type="stmt"/>
        <line num="12" count="25" type="stmt"/>
        <line num="13" count="25" type="stmt"/>
        <line num="14" count="25" type="stmt"/>
        <line num="15" count="25" type="stmt"/>
        <line num="16" count="25" type="stmt"/>
        <line num="18" count="25" type="stmt"/>
        <line num="38" count="32" type="stmt"/>
        <line num="47" count="58" type="stmt"/>
        <line num="61" count="40" type="stmt"/>
        <line num="62" count="40" type="stmt"/>
        <line num="63" count="40" type="stmt"/>
        <line num="64" count="40" type="stmt"/>
        <line num="65" count="40" type="stmt"/>
        <line num="66" count="40" type="stmt"/>
        <line num="67" count="40" type="stmt"/>
        <line num="69" count="40" type="stmt"/>
        <line num="84" count="101" type="stmt"/>
        <line num="96" count="101" type="stmt"/>
        <line num="97" count="101" type="stmt"/>
        <line num="98" count="244" type="stmt"/>
        <line num="99" count="244" type="stmt"/>
        <line num="100" count="244" type="stmt"/>
        <line num="102" count="101" type="stmt"/>
        <line num="136" count="602" type="stmt"/>
        <line num="138" count="602" type="cond" truecount="1" falsecount="1"/>
        <line num="139" count="602" type="cond" truecount="1" falsecount="1"/>
        <line num="140" count="0" type="stmt"/>
        <line num="142" count="0" type="stmt"/>
        <line num="153" count="26" type="stmt"/>
        <line num="155" count="26" type="cond" truecount="1" falsecount="1"/>
        <line num="156" count="0" type="stmt"/>
        <line num="165" count="276" type="stmt"/>
        <line num="176" count="987" type="stmt"/>
        <line num="185" count="0" type="cond" truecount="0" falsecount="1"/>
        <line num="189" count="0" type="stmt"/>
        <line num="192" count="0" type="cond" truecount="0" falsecount="2"/>
        <line num="195" count="0" type="stmt"/>
        <line num="204" count="0" type="stmt"/>
        <line num="213" count="0" type="stmt"/>
        <line num="223" count="15" type="stmt"/>
        <line num="231" count="38" type="cond" truecount="1" falsecount="1"/>
        <line num="233" count="38" type="cond" truecount="1" falsecount="0"/>
        <line num="234" count="14" type="stmt"/>
        <line num="235" count="14" type="stmt"/>
        <line num="237" count="14" type="stmt"/>
        <line num="238" count="14" type="stmt"/>
        <line num="239" count="14" type="stmt"/>
        <line num="242" count="38" type="cond" truecount="1" falsecount="0"/>
        <line num="243" count="14" type="stmt"/>
        <line num="244" count="14" type="stmt"/>
        <line num="245" count="14" type="stmt"/>
        <line num="246" count="14" type="stmt"/>
        <line num="247" count="14" type="stmt"/>
        <line num="250" count="38" type="cond" truecount="1" falsecount="0"/>
        <line num="251" count="14" type="stmt"/>
        <line num="252" count="14" type="stmt"/>
        <line num="253" count="14" type="stmt"/>
        <line num="256" count="14" type="stmt"/>
        <line num="257" count="14" type="stmt"/>
        <line num="260" count="38" type="stmt"/>
        <line num="268" count="5" type="cond" truecount="2" falsecount="0"/>
        <line num="269" count="5" type="cond" truecount="1" falsecount="0"/>
        <line num="270" count="1" type="stmt"/>
        <line num="271" count="1" type="stmt"/>
        <line num="272" count="1" type="stmt"/>
        <line num="275" count="1" type="stmt"/>
        <line num="276" count="1" type="stmt"/>
        <line num="278" count="5" type="cond" truecount="1" falsecount="0"/>
        <line num="279" count="4" type="stmt"/>
        <line num="280" count="4" type="stmt"/>
        <line num="281" count="4" type="stmt"/>
        <line num="282" count="4" type="stmt"/>
        <line num="283" count="4" type="stmt"/>
        <line num="285" count="5" type="stmt"/>
        <line num="293" count="13" type="cond" truecount="1" falsecount="1"/>
        <line num="294" count="13" type="cond" truecount="1" falsecount="0"/>
        <line num="295" count="4" type="stmt"/>
        <line num="296" count="4" type="stmt"/>
        <line num="297" count="4" type="stmt"/>
        <line num="300" count="4" type="stmt"/>
        <line num="301" count="4" type="stmt"/>
        <line num="303" count="13" type="cond" truecount="1" falsecount="0"/>
        <line num="304" count="4" type="stmt"/>
        <line num="305" count="4" type="stmt"/>
        <line num="306" count="4" type="stmt"/>
        <line num="309" count="4" type="stmt"/>
        <line num="310" count="4" type="stmt"/>
        <line num="312" count="13" type="cond" truecount="1" falsecount="0"/>
        <line num="313" count="4" type="stmt"/>
        <line num="314" count="4" type="stmt"/>
        <line num="315" count="4" type="stmt"/>
        <line num="316" count="4" type="stmt"/>
        <line num="317" count="4" type="stmt"/>
        <line num="319" count="13" type="stmt"/>
        <line num="327" count="7" type="cond" truecount="1" falsecount="1"/>
        <line num="328" count="7" type="cond" truecount="1" falsecount="0"/>
        <line num="329" count="3" type="stmt"/>
        <line num="330" count="3" type="stmt"/>
        <line num="331" count="3" type="stmt"/>
        <line num="332" count="3" type="stmt"/>
        <line num="333" count="3" type="stmt"/>
        <line num="335" count="7" type="stmt"/>
        <line num="343" count="6" type="cond" truecount="1" falsecount="1"/>
        <line num="344" count="6" type="cond" truecount="1" falsecount="0"/>
        <line num="345" count="1" type="stmt"/>
        <line num="346" count="1" type="stmt"/>
        <line num="347" count="1" type="stmt"/>
        <line num="350" count="1" type="stmt"/>
        <line num="351" count="1" type="stmt"/>
        <line num="353" count="6" type="stmt"/>
      </file>
      <file name="baseminanftobject.ts" path="/Users/mike/Documents/DeFi/MinaNFT/minanft-lib/src/baseminanftobject.ts">
        <metrics statements="4" coveredstatements="4" conditionals="0" coveredconditionals="0" methods="1" coveredmethods="1"/>
        <line num="1" count="25" type="stmt"/>
        <line num="2" count="25" type="stmt"/>
        <line num="10" count="54" type="stmt"/>
        <line num="11" count="54" type="stmt"/>
      </file>
      <file name="config.ts" path="/Users/mike/Documents/DeFi/MinaNFT/minanft-lib/src/config.ts">
        <metrics statements="2" coveredstatements="2" conditionals="0" coveredconditionals="0" methods="0" coveredmethods="0"/>
        <line num="1" count="26" type="stmt"/>
        <line num="33" count="26" type="stmt"/>
      </file>
      <file name="escrow.ts" path="/Users/mike/Documents/DeFi/MinaNFT/minanft-lib/src/escrow.ts">
        <metrics statements="99" coveredstatements="86" conditionals="16" coveredconditionals="7" methods="9" coveredmethods="9"/>
        <line num="1" count="2" type="stmt"/>
        <line num="2" count="2" type="stmt"/>
        <line num="12" count="2" type="stmt"/>
        <line num="13" count="2" type="stmt"/>
        <line num="14" count="2" type="stmt"/>
        <line num="15" count="2" type="stmt"/>
        <line num="38" count="2" type="stmt"/>
        <line num="45" count="2" type="stmt"/>
        <line num="46" count="2" type="cond" truecount="2" falsecount="0"/>
        <line num="47" count="2" type="stmt"/>
        <line num="48" count="2" type="stmt"/>
        <line num="49" count="2" type="stmt"/>
        <line num="52" count="2" type="stmt"/>
        <line num="53" count="2" type="stmt"/>
        <line num="54" count="2" type="stmt"/>
        <line num="56" count="2" type="stmt"/>
        <line num="57" count="2" type="stmt"/>
        <line num="60" count="4" type="cond" truecount="1" falsecount="0"/>
        <line num="61" count="4" type="stmt"/>
        <line num="62" count="4" type="stmt"/>
        <line num="63" count="4" type="stmt"/>
        <line num="66" count="2" type="stmt"/>
        <line num="67" count="2" type="stmt"/>
        <line num="68" count="2" type="stmt"/>
        <line num="69" count="2" type="cond" truecount="1" falsecount="1"/>
        <line num="70" count="2" type="stmt"/>
        <line num="71" count="2" type="stmt"/>
        <line num="72" count="0" type="stmt"/>
        <line num="82" count="1" type="cond" truecount="0" falsecount="1"/>
        <line num="83" count="0" type="stmt"/>
        <line num="86" count="1" type="stmt"/>
        <line num="87" count="1" type="stmt"/>
        <line num="88" count="1" type="stmt"/>
        <line num="89" count="1" type="stmt"/>
        <line num="93" count="1" type="stmt"/>
        <line num="94" count="1" type="stmt"/>
        <line num="95" count="1" type="stmt"/>
        <line num="97" count="1" type="stmt"/>
        <line num="100" count="2" type="stmt"/>
        <line num="101" count="2" type="stmt"/>
        <line num="102" count="2" type="stmt"/>
        <line num="103" count="2" type="stmt"/>
        <line num="106" count="1" type="stmt"/>
        <line num="107" count="1" type="stmt"/>
        <line num="108" count="1" type="stmt"/>
        <line num="109" count="1" type="stmt"/>
        <line num="110" count="1" type="stmt"/>
        <line num="111" count="1" type="cond" truecount="1" falsecount="1"/>
        <line num="112" count="1" type="stmt"/>
        <line num="113" count="0" type="stmt"/>
        <line num="122" count="1" type="cond" truecount="0" falsecount="1"/>
        <line num="123" count="0" type="stmt"/>
        <line num="126" count="1" type="stmt"/>
        <line num="127" count="1" type="stmt"/>
        <line num="128" count="1" type="stmt"/>
        <line num="129" count="1" type="stmt"/>
        <line num="134" count="1" type="stmt"/>
        <line num="135" count="1" type="stmt"/>
        <line num="136" count="1" type="stmt"/>
        <line num="138" count="1" type="stmt"/>
        <line num="141" count="2" type="stmt"/>
        <line num="144" count="1" type="stmt"/>
        <line num="145" count="1" type="stmt"/>
        <line num="146" count="1" type="stmt"/>
        <line num="147" count="1" type="stmt"/>
        <line num="148" count="1" type="stmt"/>
        <line num="149" count="1" type="cond" truecount="1" falsecount="1"/>
        <line num="150" count="1" type="stmt"/>
        <line num="151" count="0" type="stmt"/>
        <line num="168" count="1" type="stmt"/>
        <line num="170" count="1" type="cond" truecount="0" falsecount="1"/>
        <line num="171" count="0" type="stmt"/>
        <line num="173" count="1" type="cond" truecount="0" falsecount="1"/>
        <line num="174" count="0" type="stmt"/>
        <line num="179" count="1" type="stmt"/>
        <line num="180" count="1" type="stmt"/>
        <line num="181" count="1" type="stmt"/>
        <line num="182" count="1" type="stmt"/>
        <line num="186" count="1" type="stmt"/>
        <line num="187" count="1" type="stmt"/>
        <line num="188" count="1" type="stmt"/>
        <line num="189" count="1" type="stmt"/>
        <line num="190" count="1" type="stmt"/>
        <line num="191" count="1" type="stmt"/>
        <line num="192" count="1" type="stmt"/>
        <line num="193" count="1" type="stmt"/>
        <line num="216" count="1" type="stmt"/>
        <line num="219" count="2" type="stmt"/>
        <line num="233" count="2" type="stmt"/>
        <line num="234" count="2" type="stmt"/>
        <line num="235" count="2" type="stmt"/>
        <line num="238" count="1" type="stmt"/>
        <line num="239" count="1" type="stmt"/>
        <line num="240" count="0" type="stmt"/>
        <line num="241" count="0" type="stmt"/>
        <line num="242" count="0" type="stmt"/>
        <line num="243" count="0" type="cond" truecount="0" falsecount="2"/>
        <line num="244" count="0" type="stmt"/>
        <line num="245" count="0" type="stmt"/>
      </file>
      <file name="fetch.ts" path="/Users/mike/Documents/DeFi/MinaNFT/minanft-lib/src/fetch.ts">
        <metrics statements="35" coveredstatements="13" conditionals="8" coveredconditionals="0" methods="3" coveredmethods="1"/>
        <line num="1" count="25" type="stmt"/>
        <line num="8" count="25" type="stmt"/>
        <line num="10" count="25" type="stmt"/>
        <line num="15" count="176" type="stmt"/>
        <line num="16" count="176" type="stmt"/>
        <line num="17" count="176" type="stmt"/>
        <line num="18" count="176" type="stmt"/>
        <line num="19" count="176" type="stmt"/>
        <line num="20" count="176" type="stmt"/>
        <line num="21" count="176" type="stmt"/>
        <line num="25" count="176" type="stmt"/>
        <line num="36" count="0" type="cond" truecount="0" falsecount="2"/>
        <line num="38" count="0" type="stmt"/>
        <line num="45" count="0" type="stmt"/>
        <line num="48" count="0" type="stmt"/>
        <line num="50" count="0" type="stmt"/>
        <line num="56" count="0" type="stmt"/>
        <line num="59" count="25" type="stmt"/>
        <line num="64" count="0" type="stmt"/>
        <line num="65" count="0" type="stmt"/>
        <line num="66" count="0" type="stmt"/>
        <line num="67" count="0" type="stmt"/>
        <line num="68" count="0" type="stmt"/>
        <line num="72" count="0" type="cond" truecount="0" falsecount="2"/>
        <line num="73" count="0" type="stmt"/>
        <line num="75" count="0" type="stmt"/>
        <line num="80" count="0" type="stmt"/>
        <line num="82" count="0" type="stmt"/>
        <line num="83" count="0" type="stmt"/>
        <line num="86" count="25" type="stmt"/>
        <line num="87" count="0" type="stmt"/>
        <line num="88" count="0" type="stmt"/>
        <line num="89" count="0" type="stmt"/>
        <line num="91" count="0" type="stmt"/>
        <line num="92" count="0" type="stmt"/>
      </file>
      <file name="mina.ts" path="/Users/mike/Documents/DeFi/MinaNFT/minanft-lib/src/mina.ts">
        <metrics statements="74" coveredstatements="44" conditionals="28" coveredconditionals="7" methods="13" coveredmethods="9"/>
        <line num="2" count="27" type="stmt"/>
        <line num="3" count="27" type="stmt"/>
        <line num="4" count="27" type="stmt"/>
        <line num="5" count="27" type="stmt"/>
        <line num="6" count="27" type="stmt"/>
        <line num="7" count="27" type="stmt"/>
        <line num="8" count="27" type="stmt"/>
        <line num="10" count="27" type="stmt"/>
        <line num="11" count="27" type="stmt"/>
        <line num="12" count="27" type="stmt"/>
        <line num="15" count="27" type="stmt"/>
        <line num="24" count="27" type="stmt"/>
        <line num="35" count="27" type="stmt"/>
        <line num="38" count="0" type="cond" truecount="0" falsecount="1"/>
        <line num="39" count="0" type="stmt"/>
        <line num="41" count="0" type="stmt"/>
        <line num="45" count="0" type="cond" truecount="0" falsecount="1"/>
        <line num="46" count="0" type="stmt"/>
        <line num="48" count="0" type="stmt"/>
        <line num="87" count="2" type="cond" truecount="0" falsecount="1"/>
        <line num="88" count="0" type="stmt"/>
        <line num="91" count="2" type="cond" truecount="1" falsecount="0"/>
        <line num="92" count="1" type="stmt"/>
        <line num="95" count="1" type="stmt"/>
        <line num="96" count="1" type="stmt"/>
        <line num="101" count="1" type="stmt"/>
        <line num="104" count="3" type="stmt"/>
        <line num="105" count="1" type="cond" truecount="0" falsecount="1"/>
        <line num="106" count="0" type="stmt"/>
        <line num="109" count="1" type="stmt"/>
        <line num="114" count="1" type="stmt"/>
        <line num="119" count="1" type="stmt"/>
        <line num="121" count="1" type="cond" truecount="0" falsecount="1"/>
        <line num="122" count="0" type="cond" truecount="0" falsecount="2"/>
        <line num="123" count="0" type="stmt"/>
        <line num="127" count="0" type="stmt"/>
        <line num="128" count="0" type="cond" truecount="0" falsecount="1"/>
        <line num="133" count="0" type="stmt"/>
        <line num="134" count="0" type="stmt"/>
        <line num="135" count="0" type="stmt"/>
        <line num="136" count="0" type="stmt"/>
        <line num="137" count="0" type="stmt"/>
        <line num="142" count="1" type="stmt"/>
        <line num="147" count="1" type="stmt"/>
        <line num="151" count="25" type="stmt"/>
        <line num="152" count="25" type="cond" truecount="1" falsecount="1"/>
        <line num="153" count="0" type="stmt"/>
        <line num="157" count="1" type="stmt"/>
        <line num="161" count="125" type="stmt"/>
        <line num="166" count="1" type="stmt"/>
        <line num="168" count="1" type="stmt"/>
        <line num="170" count="1" type="stmt"/>
        <line num="171" count="10" type="stmt"/>
        <line num="174" count="1" type="stmt"/>
        <line num="178" count="0" type="cond" truecount="0" falsecount="1"/>
        <line num="179" count="0" type="cond" truecount="0" falsecount="1"/>
        <line num="180" count="0" type="cond" truecount="0" falsecount="1"/>
        <line num="181" count="0" type="stmt"/>
        <line num="182" count="0" type="cond" truecount="0" falsecount="2"/>
        <line num="183" count="0" type="stmt"/>
        <line num="184" count="0" type="stmt"/>
        <line num="185" count="0" type="stmt"/>
        <line num="187" count="0" type="stmt"/>
        <line num="188" count="0" type="stmt"/>
        <line num="191" count="0" type="stmt"/>
        <line num="197" count="27" type="stmt"/>
        <line num="199" count="0" type="stmt"/>
        <line num="204" count="94" type="stmt"/>
        <line num="205" count="94" type="stmt"/>
        <line num="206" count="94" type="stmt"/>
        <line num="207" count="94" type="stmt"/>
        <line num="208" count="94" type="stmt"/>
        <line num="210" count="94" type="cond" truecount="1" falsecount="1"/>
        <line num="236" count="94" type="stmt"/>
      </file>
      <file name="minanft.ts" path="/Users/mike/Documents/DeFi/MinaNFT/minanft-lib/src/minanft.ts">
        <metrics statements="669" coveredstatements="432" conditionals="235" coveredconditionals="94" methods="46" coveredmethods="40"/>
        <line num="2" count="25" type="stmt"/>
        <line num="4" count="25" type="stmt"/>
        <line num="17" count="25" type="stmt"/>
        <line num="18" count="25" type="stmt"/>
        <line num="19" count="25" type="stmt"/>
        <line num="20" count="25" type="stmt"/>
        <line num="21" count="25" type="stmt"/>
        <line num="22" count="25" type="stmt"/>
        <line num="27" count="25" type="stmt"/>
        <line num="28" count="25" type="stmt"/>
        <line num="37" count="25" type="stmt"/>
        <line num="38" count="25" type="stmt"/>
        <line num="39" count="25" type="stmt"/>
        <line num="41" count="25" type="stmt"/>
        <line num="42" count="25" type="stmt"/>
        <line num="56" count="25" type="stmt"/>
        <line num="57" count="25" type="stmt"/>
        <line num="59" count="25" type="stmt"/>
        <line num="60" count="25" type="stmt"/>
        <line num="61" count="25" type="stmt"/>
        <line num="122" count="29" type="stmt"/>
        <line num="123" count="29" type="cond" truecount="1" falsecount="1"/>
        <line num="124" count="29" type="cond" truecount="2" falsecount="0"/>
        <line num="125" count="29" type="cond" truecount="2" falsecount="0"/>
        <line num="126" count="29" type="cond" truecount="2" falsecount="0"/>
        <line num="127" count="29" type="cond" truecount="2" falsecount="0"/>
        <line num="128" count="29" type="stmt"/>
        <line num="129" count="29" type="cond" truecount="1" falsecount="1"/>
        <line num="130" count="29" type="stmt"/>
        <line num="131" count="29" type="stmt"/>
        <line num="132" count="29" type="stmt"/>
        <line num="133" count="29" type="stmt"/>
        <line num="134" count="29" type="stmt"/>
        <line num="135" count="29" type="cond" truecount="1" falsecount="0"/>
        <line num="136" count="9" type="stmt"/>
        <line num="138" count="29" type="stmt"/>
        <line num="139" count="29" type="stmt"/>
        <line num="151" count="19" type="cond" truecount="0" falsecount="1"/>
        <line num="152" count="0" type="stmt"/>
        <line num="153" count="0" type="stmt"/>
        <line num="155" count="19" type="cond" truecount="0" falsecount="1"/>
        <line num="156" count="0" type="stmt"/>
        <line num="158" count="19" type="stmt"/>
        <line num="159" count="19" type="stmt"/>
        <line num="160" count="19" type="stmt"/>
        <line num="161" count="19" type="stmt"/>
        <line num="162" count="19" type="cond" truecount="0" falsecount="1"/>
        <line num="163" count="0" type="stmt"/>
        <line num="164" count="0" type="stmt"/>
        <line num="167" count="19" type="stmt"/>
        <line num="168" count="19" type="stmt"/>
        <line num="169" count="19" type="stmt"/>
        <line num="170" count="19" type="stmt"/>
        <line num="171" count="19" type="stmt"/>
        <line num="172" count="19" type="stmt"/>
        <line num="191" count="19" type="stmt"/>
        <line num="192" count="19" type="cond" truecount="0" falsecount="1"/>
        <line num="193" count="19" type="stmt"/>
        <line num="194" count="19" type="stmt"/>
        <line num="195" count="19" type="stmt"/>
        <line num="196" count="19" type="stmt"/>
        <line num="197" count="19" type="stmt"/>
        <line num="198" count="19" type="stmt"/>
        <line num="199" count="19" type="stmt"/>
        <line num="200" count="19" type="stmt"/>
        <line num="201" count="19" type="stmt"/>
        <line num="204" count="19" type="cond" truecount="0" falsecount="1"/>
        <line num="208" count="0" type="stmt"/>
        <line num="211" count="19" type="cond" truecount="1" falsecount="1"/>
        <line num="215" count="19" type="cond" truecount="2" falsecount="0"/>
        <line num="221" count="19" type="cond" truecount="1" falsecount="1"/>
        <line num="222" count="19" type="cond" truecount="0" falsecount="1"/>
        <line num="223" count="19" type="cond" truecount="0" falsecount="1"/>
        <line num="224" count="0" type="stmt"/>
        <line num="225" count="19" type="cond" truecount="0" falsecount="1"/>
        <line num="226" count="0" type="stmt"/>
        <line num="227" count="19" type="cond" truecount="0" falsecount="1"/>
        <line num="228" count="0" type="stmt"/>
        <line num="230" count="19" type="stmt"/>
        <line num="231" count="48" type="cond" truecount="0" falsecount="1"/>
        <line num="232" count="0" type="stmt"/>
        <line num="233" count="48" type="cond" truecount="0" falsecount="1"/>
        <line num="234" count="0" type="stmt"/>
        <line num="236" count="48" type="stmt"/>
        <line num="237" count="48" type="stmt"/>
        <line num="238" count="48" type="stmt"/>
        <line num="239" count="48" type="cond" truecount="2" falsecount="0"/>
        <line num="240" count="48" type="cond" truecount="0" falsecount="1"/>
        <line num="241" count="0" type="stmt"/>
        <line num="245" count="48" type="cond" truecount="2" falsecount="1"/>
        <line num="246" count="0" type="stmt"/>
        <line num="249" count="48" type="cond" truecount="5" falsecount="1"/>
        <line num="251" count="19" type="stmt"/>
        <line num="260" count="19" type="stmt"/>
        <line num="262" count="26" type="stmt"/>
        <line num="270" count="26" type="stmt"/>
        <line num="272" count="1" type="stmt"/>
        <line num="281" count="1" type="stmt"/>
        <line num="283" count="1" type="stmt"/>
        <line num="292" count="1" type="stmt"/>
        <line num="294" count="1" type="stmt"/>
        <line num="303" count="1" type="stmt"/>
        <line num="305" count="0" type="stmt"/>
        <line num="313" count="0" type="stmt"/>
        <line num="321" count="19" type="cond" truecount="0" falsecount="1"/>
        <line num="322" count="0" type="stmt"/>
        <line num="323" count="19" type="cond" truecount="1" falsecount="0"/>
        <line num="324" count="19" type="stmt"/>
        <line num="325" count="19" type="cond" truecount="0" falsecount="1"/>
        <line num="326" count="0" type="stmt"/>
        <line num="327" count="19" type="cond" truecount="0" falsecount="1"/>
        <line num="328" count="0" type="stmt"/>
        <line num="345" count="0" type="stmt"/>
        <line num="348" count="0" type="stmt"/>
        <line num="350" count="0" type="cond" truecount="0" falsecount="2"/>
        <line num="352" count="0" type="stmt"/>
        <line num="353" count="0" type="stmt"/>
        <line num="360" count="0" type="stmt"/>
        <line num="361" count="0" type="stmt"/>
        <line num="365" count="0" type="stmt"/>
        <line num="366" count="0" type="stmt"/>
        <line num="367" count="0" type="stmt"/>
        <line num="369" count="0" type="stmt"/>
        <line num="370" count="0" type="cond" truecount="0" falsecount="1"/>
        <line num="371" count="0" type="stmt"/>
        <line num="372" count="0" type="cond" truecount="0" falsecount="1"/>
        <line num="373" count="0" type="stmt"/>
        <line num="375" count="0" type="stmt"/>
        <line num="376" count="0" type="stmt"/>
        <line num="377" count="0" type="stmt"/>
        <line num="378" count="0" type="cond" truecount="0" falsecount="2"/>
        <line num="379" count="0" type="cond" truecount="0" falsecount="1"/>
        <line num="380" count="0" type="stmt"/>
        <line num="384" count="0" type="cond" truecount="0" falsecount="3"/>
        <line num="385" count="0" type="stmt"/>
        <line num="388" count="0" type="cond" truecount="0" falsecount="6"/>
        <line num="390" count="0" type="stmt"/>
        <line num="399" count="0" type="stmt"/>
        <line num="401" count="0" type="stmt"/>
        <line num="409" count="0" type="stmt"/>
        <line num="411" count="0" type="stmt"/>
        <line num="420" count="0" type="stmt"/>
        <line num="422" count="0" type="stmt"/>
        <line num="431" count="0" type="stmt"/>
        <line num="433" count="0" type="stmt"/>
        <line num="442" count="0" type="stmt"/>
        <line num="444" count="0" type="stmt"/>
        <line num="453" count="0" type="stmt"/>
        <line num="456" count="0" type="stmt"/>
        <line num="465" count="0" type="stmt"/>
        <line num="466" count="0" type="stmt"/>
        <line num="467" count="0" type="stmt"/>
        <line num="475" count="10" type="stmt"/>
        <line num="489" count="16" type="cond" truecount="2" falsecount="0"/>
        <line num="493" count="621" type="cond" truecount="2" falsecount="0"/>
        <line num="504" count="26" type="stmt"/>
        <line num="505" count="26" type="stmt"/>
        <line num="506" count="26" type="cond" truecount="1" falsecount="0"/>
        <line num="511" count="24" type="stmt"/>
        <line num="512" count="26" type="stmt"/>
        <line num="513" count="26" type="stmt"/>
        <line num="514" count="26" type="cond" truecount="1" falsecount="0"/>
        <line num="521" count="5" type="stmt"/>
        <line num="527" count="26" type="stmt"/>
        <line num="528" count="26" type="cond" truecount="2" falsecount="0"/>
        <line num="542" count="26" type="stmt"/>
        <line num="563" count="0" type="stmt"/>
        <line num="572" count="45" type="stmt"/>
        <line num="581" count="40" type="cond" truecount="1" falsecount="1"/>
        <line num="582" count="40" type="stmt"/>
        <line num="583" count="40" type="stmt"/>
        <line num="584" count="0" type="stmt"/>
        <line num="592" count="22" type="stmt"/>
        <line num="607" count="9" type="stmt"/>
        <line num="608" count="9" type="stmt"/>
        <line num="624" count="5" type="stmt"/>
        <line num="625" count="5" type="stmt"/>
        <line num="641" count="2" type="stmt"/>
        <line num="642" count="2" type="cond" truecount="3" falsecount="1"/>
        <line num="643" count="2" type="stmt"/>
        <line num="644" count="2" type="stmt"/>
        <line num="645" count="0" type="cond" truecount="0" falsecount="2"/>
        <line num="646" count="0" type="stmt"/>
        <line num="647" count="0" type="stmt"/>
        <line num="648" count="0" type="cond" truecount="0" falsecount="1"/>
        <line num="649" count="0" type="stmt"/>
        <line num="650" count="0" type="stmt"/>
        <line num="652" count="2" type="cond" truecount="1" falsecount="1"/>
        <line num="653" count="0" type="stmt"/>
        <line num="654" count="0" type="stmt"/>
        <line num="655" count="0" type="cond" truecount="0" falsecount="2"/>
        <line num="656" count="0" type="stmt"/>
        <line num="657" count="2" type="stmt"/>
        <line num="658" count="2" type="stmt"/>
        <line num="659" count="2" type="stmt"/>
        <line num="660" count="2" type="stmt"/>
        <line num="661" count="2" type="stmt"/>
        <line num="662" count="2" type="stmt"/>
        <line num="686" count="2" type="stmt"/>
        <line num="688" count="2" type="cond" truecount="3" falsecount="1"/>
        <line num="689" count="2" type="cond" truecount="1" falsecount="0"/>
        <line num="690" count="1" type="stmt"/>
        <line num="691" count="1" type="stmt"/>
        <line num="693" count="0" type="cond" truecount="0" falsecount="2"/>
        <line num="694" count="0" type="stmt"/>
        <line num="695" count="0" type="stmt"/>
        <line num="696" count="0" type="cond" truecount="0" falsecount="1"/>
        <line num="697" count="0" type="stmt"/>
        <line num="698" count="0" type="stmt"/>
        <line num="700" count="2" type="cond" truecount="1" falsecount="1"/>
        <line num="701" count="0" type="stmt"/>
        <line num="702" count="0" type="stmt"/>
        <line num="703" count="0" type="cond" truecount="0" falsecount="2"/>
        <line num="704" count="0" type="stmt"/>
        <line num="705" count="2" type="stmt"/>
        <line num="707" count="2" type="stmt"/>
        <line num="708" count="2" type="stmt"/>
        <line num="709" count="2" type="stmt"/>
        <line num="710" count="2" type="stmt"/>
        <line num="711" count="2" type="stmt"/>
        <line num="744" count="4" type="stmt"/>
        <line num="745" count="4" type="stmt"/>
        <line num="761" count="0" type="stmt"/>
        <line num="775" count="52" type="cond" truecount="0" falsecount="1"/>
        <line num="776" count="0" type="stmt"/>
        <line num="778" count="52" type="cond" truecount="0" falsecount="1"/>
        <line num="779" count="0" type="stmt"/>
        <line num="781" count="52" type="stmt"/>
        <line num="782" count="52" type="stmt"/>
        <line num="783" count="52" type="stmt"/>
        <line num="784" count="52" type="stmt"/>
        <line num="785" count="52" type="cond" truecount="0" falsecount="1"/>
        <line num="786" count="0" type="stmt"/>
        <line num="787" count="0" type="stmt"/>
        <line num="789" count="52" type="stmt"/>
        <line num="790" count="52" type="stmt"/>
        <line num="792" count="52" type="stmt"/>
        <line num="794" count="52" type="cond" truecount="0" falsecount="1"/>
        <line num="795" count="0" type="stmt"/>
        <line num="796" count="0" type="stmt"/>
        <line num="799" count="52" type="stmt"/>
        <line num="800" count="52" type="cond" truecount="0" falsecount="1"/>
        <line num="801" count="0" type="stmt"/>
        <line num="802" count="0" type="stmt"/>
        <line num="804" count="52" type="stmt"/>
        <line num="805" count="52" type="cond" truecount="0" falsecount="1"/>
        <line num="806" count="0" type="stmt"/>
        <line num="807" count="0" type="stmt"/>
        <line num="809" count="52" type="stmt"/>
        <line num="810" count="52" type="cond" truecount="0" falsecount="1"/>
        <line num="814" count="0" type="stmt"/>
        <line num="815" count="0" type="stmt"/>
        <line num="817" count="52" type="cond" truecount="0" falsecount="1"/>
        <line num="821" count="0" type="stmt"/>
        <line num="822" count="0" type="stmt"/>
        <line num="825" count="52" type="stmt"/>
        <line num="826" count="52" type="stmt"/>
        <line num="829" count="52" type="cond" truecount="0" falsecount="1"/>
        <line num="830" count="0" type="stmt"/>
        <line num="833" count="52" type="stmt"/>
        <line num="834" count="52" type="cond" truecount="0" falsecount="1"/>
        <line num="835" count="0" type="stmt"/>
        <line num="836" count="0" type="stmt"/>
        <line num="838" count="52" type="cond" truecount="0" falsecount="1"/>
        <line num="839" count="0" type="stmt"/>
        <line num="840" count="52" type="stmt"/>
        <line num="860" count="3" type="stmt"/>
        <line num="862" count="3" type="cond" truecount="0" falsecount="1"/>
        <line num="863" count="0" type="stmt"/>
        <line num="864" count="0" type="stmt"/>
        <line num="866" count="3" type="stmt"/>
        <line num="868" count="3" type="cond" truecount="0" falsecount="1"/>
        <line num="869" count="0" type="stmt"/>
        <line num="870" count="0" type="stmt"/>
        <line num="873" count="3" type="cond" truecount="0" falsecount="1"/>
        <line num="874" count="0" type="stmt"/>
        <line num="875" count="0" type="stmt"/>
        <line num="878" count="3" type="cond" truecount="0" falsecount="1"/>
        <line num="879" count="0" type="stmt"/>
        <line num="880" count="3" type="cond" truecount="0" falsecount="1"/>
        <line num="881" count="0" type="stmt"/>
        <line num="891" count="3" type="cond" truecount="0" falsecount="1"/>
        <line num="892" count="0" type="stmt"/>
        <line num="893" count="0" type="stmt"/>
        <line num="897" count="3" type="stmt"/>
        <line num="900" count="3" type="stmt"/>
        <line num="901" count="3" type="stmt"/>
        <line num="902" count="3" type="stmt"/>
        <line num="903" count="5" type="stmt"/>
        <line num="904" count="5" type="stmt"/>
        <line num="906" count="5" type="stmt"/>
        <line num="907" count="5" type="stmt"/>
        <line num="908" count="5" type="stmt"/>
        <line num="909" count="5" type="stmt"/>
        <line num="913" count="3" type="stmt"/>
        <line num="914" count="3" type="stmt"/>
        <line num="915" count="2" type="stmt"/>
        <line num="916" count="2" type="stmt"/>
        <line num="921" count="2" type="stmt"/>
        <line num="922" count="2" type="stmt"/>
        <line num="923" count="2" type="stmt"/>
        <line num="924" count="2" type="stmt"/>
        <line num="926" count="3" type="stmt"/>
        <line num="929" count="3" type="stmt"/>
        <line num="934" count="3" type="stmt"/>
        <line num="936" count="3" type="cond" truecount="0" falsecount="1"/>
        <line num="937" count="0" type="stmt"/>
        <line num="940" count="3" type="stmt"/>
        <line num="941" count="3" type="cond" truecount="0" falsecount="1"/>
        <line num="942" count="0" type="stmt"/>
        <line num="944" count="3" type="stmt"/>
        <line num="946" count="3" type="cond" truecount="0" falsecount="1"/>
        <line num="947" count="0" type="stmt"/>
        <line num="951" count="3" type="stmt"/>
        <line num="952" count="3" type="stmt"/>
        <line num="953" count="3" type="stmt"/>
        <line num="954" count="3" type="stmt"/>
        <line num="955" count="3" type="stmt"/>
        <line num="956" count="3" type="stmt"/>
        <line num="957" count="3" type="stmt"/>
        <line num="958" count="3" type="stmt"/>
        <line num="959" count="3" type="cond" truecount="0" falsecount="1"/>
        <line num="960" count="3" type="stmt"/>
        <line num="961" count="3" type="cond" truecount="2" falsecount="0"/>
        <line num="962" count="3" type="stmt"/>
        <line num="963" count="3" type="stmt"/>
        <line num="964" count="3" type="stmt"/>
        <line num="965" count="3" type="stmt"/>
        <line num="966" count="3" type="stmt"/>
        <line num="967" count="3" type="cond" truecount="0" falsecount="1"/>
        <line num="968" count="0" type="stmt"/>
        <line num="971" count="3" type="stmt"/>
        <line num="980" count="3" type="stmt"/>
        <line num="986" count="3" type="stmt"/>
        <line num="990" count="6" type="stmt"/>
        <line num="993" count="3" type="stmt"/>
        <line num="994" count="3" type="stmt"/>
        <line num="995" count="3" type="stmt"/>
        <line num="996" count="3" type="stmt"/>
        <line num="997" count="0" type="stmt"/>
        <line num="998" count="0" type="stmt"/>
        <line num="999" count="0" type="stmt"/>
        <line num="1000" count="0" type="stmt"/>
        <line num="1002" count="3" type="stmt"/>
        <line num="1004" count="0" type="cond" truecount="0" falsecount="1"/>
        <line num="1005" count="0" type="stmt"/>
        <line num="1007" count="0" type="stmt"/>
        <line num="1009" count="0" type="stmt"/>
        <line num="1010" count="0" type="stmt"/>
        <line num="1011" count="0" type="cond" truecount="0" falsecount="2"/>
        <line num="1012" count="0" type="stmt"/>
        <line num="1013" count="0" type="stmt"/>
        <line num="1014" count="0" type="stmt"/>
        <line num="1015" count="0" type="stmt"/>
        <line num="1016" count="0" type="stmt"/>
        <line num="1017" count="0" type="stmt"/>
        <line num="1034" count="1" type="stmt"/>
        <line num="1036" count="1" type="cond" truecount="0" falsecount="1"/>
        <line num="1037" count="0" type="stmt"/>
        <line num="1038" count="0" type="stmt"/>
        <line num="1040" count="1" type="stmt"/>
        <line num="1042" count="1" type="cond" truecount="0" falsecount="1"/>
        <line num="1043" count="0" type="stmt"/>
        <line num="1044" count="0" type="stmt"/>
        <line num="1047" count="1" type="cond" truecount="0" falsecount="1"/>
        <line num="1048" count="0" type="stmt"/>
        <line num="1049" count="0" type="stmt"/>
        <line num="1052" count="1" type="stmt"/>
        <line num="1053" count="1" type="stmt"/>
        <line num="1054" count="1" type="stmt"/>
        <line num="1055" count="1" type="stmt"/>
        <line num="1059" count="1" type="stmt"/>
        <line num="1060" count="1" type="stmt"/>
        <line num="1061" count="0" type="stmt"/>
        <line num="1065" count="0" type="stmt"/>
        <line num="1068" count="1" type="stmt"/>
        <line num="1069" count="1" type="cond" truecount="0" falsecount="1"/>
        <line num="1070" count="0" type="stmt"/>
        <line num="1072" count="1" type="stmt"/>
        <line num="1074" count="1" type="cond" truecount="0" falsecount="1"/>
        <line num="1075" count="0" type="stmt"/>
        <line num="1078" count="1" type="stmt"/>
        <line num="1080" count="1" type="stmt"/>
        <line num="1082" count="1" type="stmt"/>
        <line num="1092" count="1" type="stmt"/>
        <line num="1093" count="1" type="cond" truecount="0" falsecount="1"/>
        <line num="1094" count="0" type="cond" truecount="0" falsecount="1"/>
        <line num="1097" count="0" type="stmt"/>
        <line num="1098" count="0" type="stmt"/>
        <line num="1102" count="0" type="stmt"/>
        <line num="1105" count="1" type="stmt"/>
        <line num="1106" count="1" type="stmt"/>
        <line num="1107" count="4" type="stmt"/>
        <line num="1108" count="1029" type="stmt"/>
        <line num="1111" count="1" type="stmt"/>
        <line num="1112" count="11" type="stmt"/>
        <line num="1115" count="1" type="stmt"/>
        <line num="1117" count="1" type="stmt"/>
        <line num="1145" count="1" type="stmt"/>
        <line num="1151" count="1" type="stmt"/>
        <line num="1153" count="1" type="cond" truecount="0" falsecount="1"/>
        <line num="1154" count="0" type="stmt"/>
        <line num="1156" count="1" type="stmt"/>
        <line num="1157" count="1" type="stmt"/>
        <line num="1158" count="1" type="stmt"/>
        <line num="1159" count="4" type="stmt"/>
        <line num="1161" count="1" type="stmt"/>
        <line num="1162" count="1029" type="stmt"/>
        <line num="1164" count="1" type="stmt"/>
        <line num="1167" count="1" type="stmt"/>
        <line num="1168" count="1" type="stmt"/>
        <line num="1169" count="1" type="stmt"/>
        <line num="1170" count="1" type="stmt"/>
        <line num="1171" count="11" type="stmt"/>
        <line num="1174" count="1" type="cond" truecount="0" falsecount="1"/>
        <line num="1175" count="0" type="stmt"/>
        <line num="1176" count="0" type="stmt"/>
        <line num="1179" count="1" type="stmt"/>
        <line num="1180" count="1" type="stmt"/>
        <line num="1181" count="1" type="stmt"/>
        <line num="1182" count="1" type="stmt"/>
        <line num="1183" count="1" type="stmt"/>
        <line num="1184" count="1" type="stmt"/>
        <line num="1186" count="1" type="stmt"/>
        <line num="1190" count="1" type="stmt"/>
        <line num="1193" count="1" type="stmt"/>
        <line num="1194" count="1" type="stmt"/>
        <line num="1195" count="1" type="stmt"/>
        <line num="1196" count="0" type="stmt"/>
        <line num="1197" count="0" type="stmt"/>
        <line num="1202" count="0" type="stmt"/>
        <line num="1203" count="0" type="stmt"/>
        <line num="1205" count="1" type="stmt"/>
        <line num="1207" count="1" type="stmt"/>
        <line num="1208" count="1" type="stmt"/>
        <line num="1212" count="1" type="stmt"/>
        <line num="1213" count="1" type="stmt"/>
        <line num="1214" count="1" type="stmt"/>
        <line num="1215" count="1" type="cond" truecount="0" falsecount="1"/>
        <line num="1216" count="0" type="stmt"/>
        <line num="1219" count="1" type="stmt"/>
        <line num="1220" count="1" type="stmt"/>
        <line num="1221" count="1" type="stmt"/>
        <line num="1222" count="1" type="stmt"/>
        <line num="1223" count="1" type="stmt"/>
        <line num="1224" count="1" type="stmt"/>
        <line num="1225" count="1" type="stmt"/>
        <line num="1226" count="1" type="stmt"/>
        <line num="1227" count="1" type="cond" truecount="0" falsecount="1"/>
        <line num="1228" count="1" type="stmt"/>
        <line num="1229" count="1" type="cond" truecount="2" falsecount="0"/>
        <line num="1232" count="1" type="stmt"/>
        <line num="1236" count="2" type="stmt"/>
        <line num="1239" count="1" type="stmt"/>
        <line num="1240" count="1" type="stmt"/>
        <line num="1241" count="1" type="stmt"/>
        <line num="1242" count="1" type="stmt"/>
        <line num="1243" count="0" type="stmt"/>
        <line num="1244" count="0" type="stmt"/>
        <line num="1245" count="0" type="stmt"/>
        <line num="1246" count="0" type="stmt"/>
        <line num="1248" count="1" type="stmt"/>
        <line num="1250" count="0" type="cond" truecount="0" falsecount="1"/>
        <line num="1251" count="0" type="stmt"/>
        <line num="1253" count="0" type="stmt"/>
        <line num="1254" count="0" type="cond" truecount="0" falsecount="2"/>
        <line num="1255" count="0" type="stmt"/>
        <line num="1256" count="0" type="stmt"/>
        <line num="1316" count="14" type="cond" truecount="1" falsecount="2"/>
        <line num="1317" count="0" type="stmt"/>
        <line num="1321" count="14" type="cond" truecount="1" falsecount="1"/>
        <line num="1322" count="14" type="stmt"/>
        <line num="1323" count="14" type="stmt"/>
        <line num="1324" count="14" type="stmt"/>
        <line num="1330" count="14" type="cond" truecount="0" falsecount="1"/>
        <line num="1331" count="0" type="stmt"/>
        <line num="1332" count="0" type="stmt"/>
        <line num="1333" count="0" type="stmt"/>
        <line num="1340" count="14" type="cond" truecount="0" falsecount="1"/>
        <line num="1341" count="0" type="stmt"/>
        <line num="1342" count="0" type="stmt"/>
        <line num="1344" count="14" type="stmt"/>
        <line num="1345" count="14" type="stmt"/>
        <line num="1346" count="14" type="cond" truecount="0" falsecount="1"/>
        <line num="1347" count="14" type="stmt"/>
        <line num="1351" count="0" type="cond" truecount="0" falsecount="2"/>
        <line num="1352" count="0" type="stmt"/>
        <line num="1353" count="0" type="stmt"/>
        <line num="1354" count="0" type="stmt"/>
        <line num="1360" count="0" type="cond" truecount="0" falsecount="1"/>
        <line num="1361" count="0" type="stmt"/>
        <line num="1362" count="0" type="stmt"/>
        <line num="1363" count="0" type="cond" truecount="0" falsecount="1"/>
        <line num="1364" count="0" type="stmt"/>
        <line num="1365" count="0" type="stmt"/>
        <line num="1369" count="0" type="stmt"/>
        <line num="1429" count="37" type="cond" truecount="0" falsecount="1"/>
        <line num="1430" count="0" type="stmt"/>
        <line num="1431" count="0" type="stmt"/>
        <line num="1433" count="37" type="stmt"/>
        <line num="1434" count="37" type="stmt"/>
        <line num="1437" count="0" type="stmt"/>
        <line num="1438" count="0" type="cond" truecount="0" falsecount="1"/>
        <line num="1439" count="0" type="stmt"/>
        <line num="1440" count="0" type="stmt"/>
        <line num="1443" count="0" type="stmt"/>
        <line num="1444" count="0" type="cond" truecount="0" falsecount="1"/>
        <line num="1445" count="0" type="stmt"/>
        <line num="1447" count="0" type="stmt"/>
        <line num="1448" count="0" type="stmt"/>
        <line num="1449" count="0" type="stmt"/>
        <line num="1451" count="0" type="stmt"/>
        <line num="1468" count="38" type="stmt"/>
        <line num="1470" count="38" type="stmt"/>
        <line num="1471" count="38" type="stmt"/>
        <line num="1472" count="38" type="stmt"/>
        <line num="1473" count="38" type="stmt"/>
        <line num="1475" count="0" type="stmt"/>
        <line num="1476" count="0" type="stmt"/>
        <line num="1501" count="10" type="stmt"/>
        <line num="1503" count="10" type="cond" truecount="1" falsecount="1"/>
        <line num="1507" count="10" type="cond" truecount="2" falsecount="0"/>
        <line num="1508" count="10" type="cond" truecount="1" falsecount="1"/>
        <line num="1509" count="10" type="cond" truecount="0" falsecount="1"/>
        <line num="1510" count="0" type="stmt"/>
        <line num="1511" count="10" type="cond" truecount="0" falsecount="1"/>
        <line num="1512" count="0" type="stmt"/>
        <line num="1513" count="10" type="stmt"/>
        <line num="1514" count="10" type="cond" truecount="0" falsecount="1"/>
        <line num="1515" count="0" type="stmt"/>
        <line num="1516" count="10" type="stmt"/>
        <line num="1518" count="10" type="stmt"/>
        <line num="1519" count="10" type="cond" truecount="2" falsecount="0"/>
        <line num="1520" count="10" type="stmt"/>
        <line num="1521" count="10" type="stmt"/>
        <line num="1524" count="10" type="cond" truecount="1" falsecount="1"/>
        <line num="1527" count="10" type="stmt"/>
        <line num="1528" count="10" type="cond" truecount="0" falsecount="1"/>
        <line num="1529" count="0" type="stmt"/>
        <line num="1530" count="0" type="stmt"/>
        <line num="1532" count="10" type="stmt"/>
        <line num="1534" count="10" type="stmt"/>
        <line num="1545" count="10" type="stmt"/>
        <line num="1561" count="10" type="cond" truecount="2" falsecount="0"/>
        <line num="1563" count="10" type="stmt"/>
        <line num="1569" count="10" type="stmt"/>
        <line num="1570" count="10" type="stmt"/>
        <line num="1571" count="10" type="stmt"/>
        <line num="1572" count="10" type="stmt"/>
        <line num="1574" count="10" type="stmt"/>
        <line num="1575" count="10" type="stmt"/>
        <line num="1576" count="10" type="cond" truecount="2" falsecount="0"/>
        <line num="1577" count="10" type="stmt"/>
        <line num="1579" count="10" type="stmt"/>
        <line num="1582" count="20" type="cond" truecount="1" falsecount="0"/>
        <line num="1583" count="20" type="stmt"/>
        <line num="1586" count="10" type="stmt"/>
        <line num="1587" count="10" type="stmt"/>
        <line num="1588" count="10" type="stmt"/>
        <line num="1589" count="10" type="stmt"/>
        <line num="1590" count="10" type="stmt"/>
        <line num="1591" count="10" type="cond" truecount="1" falsecount="1"/>
        <line num="1592" count="10" type="stmt"/>
        <line num="1593" count="10" type="stmt"/>
        <line num="1594" count="10" type="stmt"/>
        <line num="1595" count="10" type="stmt"/>
        <line num="1596" count="10" type="stmt"/>
        <line num="1597" count="10" type="stmt"/>
        <line num="1598" count="10" type="stmt"/>
        <line num="1599" count="10" type="stmt"/>
        <line num="1600" count="0" type="stmt"/>
        <line num="1654" count="1" type="stmt"/>
        <line num="1655" count="1" type="cond" truecount="0" falsecount="1"/>
        <line num="1656" count="0" type="stmt"/>
        <line num="1657" count="0" type="stmt"/>
        <line num="1659" count="1" type="stmt"/>
        <line num="1660" count="1" type="cond" truecount="0" falsecount="1"/>
        <line num="1661" count="0" type="stmt"/>
        <line num="1662" count="0" type="stmt"/>
        <line num="1665" count="1" type="cond" truecount="0" falsecount="1"/>
        <line num="1666" count="0" type="stmt"/>
        <line num="1667" count="1" type="cond" truecount="0" falsecount="1"/>
        <line num="1668" count="0" type="stmt"/>
        <line num="1670" count="1" type="stmt"/>
        <line num="1671" count="1" type="cond" truecount="0" falsecount="1"/>
        <line num="1672" count="0" type="stmt"/>
        <line num="1673" count="0" type="stmt"/>
        <line num="1677" count="1" type="stmt"/>
        <line num="1678" count="1" type="cond" truecount="0" falsecount="1"/>
        <line num="1679" count="0" type="stmt"/>
        <line num="1681" count="1" type="stmt"/>
        <line num="1682" count="1" type="stmt"/>
        <line num="1683" count="1" type="stmt"/>
        <line num="1684" count="1" type="stmt"/>
        <line num="1685" count="1" type="stmt"/>
        <line num="1686" count="1" type="stmt"/>
        <line num="1687" count="1" type="cond" truecount="1" falsecount="1"/>
        <line num="1688" count="1" type="cond" truecount="0" falsecount="1"/>
        <line num="1689" count="0" type="stmt"/>
        <line num="1690" count="1" type="stmt"/>
        <line num="1693" count="1" type="stmt"/>
        <line num="1705" count="0" type="stmt"/>
        <line num="1706" count="0" type="stmt"/>
        <line num="1707" count="0" type="stmt"/>
        <line num="1708" count="0" type="stmt"/>
        <line num="1709" count="0" type="stmt"/>
        <line num="1710" count="0" type="cond" truecount="0" falsecount="2"/>
        <line num="1711" count="0" type="stmt"/>
        <line num="1712" count="0" type="stmt"/>
        <line num="1713" count="0" type="stmt"/>
        <line num="1714" count="0" type="stmt"/>
        <line num="1715" count="0" type="stmt"/>
        <line num="1732" count="1" type="stmt"/>
        <line num="1733" count="1" type="cond" truecount="0" falsecount="1"/>
        <line num="1734" count="0" type="stmt"/>
        <line num="1735" count="0" type="stmt"/>
        <line num="1737" count="1" type="stmt"/>
        <line num="1739" count="1" type="cond" truecount="0" falsecount="1"/>
        <line num="1740" count="0" type="stmt"/>
        <line num="1741" count="0" type="stmt"/>
        <line num="1744" count="1" type="cond" truecount="0" falsecount="1"/>
        <line num="1745" count="0" type="stmt"/>
        <line num="1747" count="1" type="cond" truecount="0" falsecount="1"/>
        <line num="1748" count="0" type="stmt"/>
        <line num="1750" count="1" type="stmt"/>
        <line num="1751" count="1" type="cond" truecount="0" falsecount="1"/>
        <line num="1752" count="0" type="stmt"/>
        <line num="1753" count="0" type="stmt"/>
        <line num="1756" count="1" type="stmt"/>
        <line num="1757" count="1" type="cond" truecount="0" falsecount="1"/>
        <line num="1758" count="0" type="stmt"/>
        <line num="1760" count="1" type="stmt"/>
        <line num="1761" count="1" type="stmt"/>
        <line num="1762" count="1" type="stmt"/>
        <line num="1763" count="1" type="stmt"/>
        <line num="1764" count="1" type="stmt"/>
        <line num="1765" count="1" type="stmt"/>
        <line num="1766" count="1" type="stmt"/>
        <line num="1767" count="1" type="cond" truecount="1" falsecount="1"/>
        <line num="1768" count="1" type="stmt"/>
        <line num="1771" count="2" type="stmt"/>
        <line num="1774" count="1" type="stmt"/>
        <line num="1775" count="1" type="stmt"/>
        <line num="1776" count="0" type="stmt"/>
        <line num="1777" count="0" type="stmt"/>
        <line num="1778" count="0" type="stmt"/>
        <line num="1779" count="0" type="cond" truecount="0" falsecount="2"/>
        <line num="1780" count="0" type="stmt"/>
        <line num="1781" count="0" type="stmt"/>
        <line num="1782" count="0" type="stmt"/>
        <line num="1783" count="0" type="stmt"/>
        <line num="1802" count="1" type="stmt"/>
        <line num="1803" count="1" type="stmt"/>
        <line num="1804" count="1" type="stmt"/>
        <line num="1806" count="1" type="stmt"/>
        <line num="1807" count="1" type="stmt"/>
        <line num="1808" count="1" type="stmt"/>
        <line num="1809" count="1" type="stmt"/>
        <line num="1810" count="1" type="stmt"/>
        <line num="1811" count="1" type="stmt"/>
        <line num="1812" count="1" type="stmt"/>
        <line num="1814" count="1" type="stmt"/>
        <line num="1817" count="2" type="stmt"/>
        <line num="1820" count="1" type="stmt"/>
        <line num="1821" count="1" type="stmt"/>
        <line num="1822" count="1" type="stmt"/>
        <line num="1823" count="1" type="stmt"/>
        <line num="1824" count="1" type="stmt"/>
        <line num="1825" count="1" type="stmt"/>
      </file>
      <file name="minanftbadge.ts" path="/Users/mike/Documents/DeFi/MinaNFT/minanft-lib/src/minanftbadge.ts">
        <metrics statements="135" coveredstatements="82" conditionals="30" coveredconditionals="8" methods="7" coveredmethods="5"/>
        <line num="1" count="3" type="stmt"/>
        <line num="2" count="3" type="stmt"/>
        <line num="12" count="3" type="stmt"/>
        <line num="13" count="3" type="stmt"/>
        <line num="14" count="3" type="stmt"/>
        <line num="19" count="3" type="stmt"/>
        <line num="23" count="3" type="stmt"/>
        <line num="24" count="3" type="stmt"/>
        <line num="25" count="3" type="stmt"/>
        <line num="26" count="3" type="stmt"/>
        <line num="61" count="7" type="cond" truecount="0" falsecount="1"/>
        <line num="62" count="0" type="stmt"/>
        <line num="63" count="7" type="stmt"/>
        <line num="64" count="7" type="cond" truecount="0" falsecount="1"/>
        <line num="65" count="0" type="stmt"/>
        <line num="66" count="7" type="stmt"/>
        <line num="67" count="7" type="cond" truecount="0" falsecount="1"/>
        <line num="68" count="0" type="stmt"/>
        <line num="71" count="7" type="stmt"/>
        <line num="72" count="7" type="cond" truecount="0" falsecount="1"/>
        <line num="73" count="0" type="stmt"/>
        <line num="76" count="7" type="stmt"/>
        <line num="77" count="7" type="stmt"/>
        <line num="78" count="7" type="stmt"/>
        <line num="79" count="7" type="cond" truecount="0" falsecount="1"/>
        <line num="80" count="0" type="stmt"/>
        <line num="81" count="7" type="stmt"/>
        <line num="87" count="0" type="stmt"/>
        <line num="88" count="0" type="stmt"/>
        <line num="89" count="0" type="cond" truecount="0" falsecount="1"/>
        <line num="90" count="0" type="stmt"/>
        <line num="91" count="0" type="stmt"/>
        <line num="92" count="0" type="stmt"/>
        <line num="93" count="0" type="stmt"/>
        <line num="94" count="0" type="stmt"/>
        <line num="96" count="0" type="stmt"/>
        <line num="97" count="0" type="stmt"/>
        <line num="113" count="7" type="stmt"/>
        <line num="114" count="7" type="cond" truecount="2" falsecount="0"/>
        <line num="115" count="7" type="stmt"/>
        <line num="116" count="7" type="stmt"/>
        <line num="117" count="7" type="stmt"/>
        <line num="120" count="7" type="stmt"/>
        <line num="121" count="7" type="stmt"/>
        <line num="122" count="7" type="cond" truecount="2" falsecount="0"/>
        <line num="123" count="7" type="stmt"/>
        <line num="125" count="7" type="stmt"/>
        <line num="126" count="7" type="stmt"/>
        <line num="134" count="14" type="cond" truecount="1" falsecount="0"/>
        <line num="135" count="14" type="stmt"/>
        <line num="136" count="14" type="stmt"/>
        <line num="137" count="14" type="stmt"/>
        <line num="138" count="14" type="stmt"/>
        <line num="139" count="14" type="stmt"/>
        <line num="140" count="14" type="stmt"/>
        <line num="141" count="14" type="stmt"/>
        <line num="142" count="14" type="stmt"/>
        <line num="145" count="7" type="stmt"/>
        <line num="146" count="7" type="stmt"/>
        <line num="147" count="7" type="stmt"/>
        <line num="148" count="7" type="cond" truecount="1" falsecount="1"/>
        <line num="149" count="7" type="stmt"/>
        <line num="150" count="7" type="stmt"/>
        <line num="151" count="0" type="stmt"/>
        <line num="160" count="2" type="cond" truecount="0" falsecount="1"/>
        <line num="161" count="0" type="stmt"/>
        <line num="163" count="2" type="cond" truecount="0" falsecount="1"/>
        <line num="164" count="0" type="stmt"/>
        <line num="166" count="2" type="cond" truecount="0" falsecount="1"/>
        <line num="167" count="2" type="stmt"/>
        <line num="168" count="2" type="stmt"/>
        <line num="169" count="2" type="stmt"/>
        <line num="171" count="2" type="stmt"/>
        <line num="174" count="2" type="stmt"/>
        <line num="175" count="2" type="stmt"/>
        <line num="176" count="2" type="stmt"/>
        <line num="177" count="2" type="stmt"/>
        <line num="188" count="2" type="stmt"/>
        <line num="189" count="2" type="cond" truecount="0" falsecount="1"/>
        <line num="190" count="2" type="stmt"/>
        <line num="194" count="2" type="stmt"/>
        <line num="212" count="2" type="stmt"/>
        <line num="213" count="2" type="stmt"/>
        <line num="214" count="2" type="stmt"/>
        <line num="215" count="2" type="stmt"/>
        <line num="217" count="2" type="stmt"/>
        <line num="229" count="2" type="cond" truecount="0" falsecount="1"/>
        <line num="233" count="0" type="stmt"/>
        <line num="235" count="2" type="cond" truecount="0" falsecount="1"/>
        <line num="239" count="0" type="stmt"/>
        <line num="241" count="2" type="stmt"/>
        <line num="242" count="0" type="stmt"/>
        <line num="246" count="0" type="stmt"/>
        <line num="251" count="0" type="stmt"/>
        <line num="252" count="0" type="stmt"/>
        <line num="254" count="0" type="stmt"/>
        <line num="255" count="0" type="stmt"/>
        <line num="257" count="0" type="stmt"/>
        <line num="258" count="0" type="stmt"/>
        <line num="259" count="0" type="stmt"/>
        <line num="260" count="0" type="stmt"/>
        <line num="261" count="0" type="stmt"/>
        <line num="262" count="0" type="cond" truecount="0" falsecount="2"/>
        <line num="264" count="0" type="stmt"/>
        <line num="265" count="0" type="cond" truecount="0" falsecount="1"/>
        <line num="266" count="0" type="stmt"/>
        <line num="267" count="0" type="stmt"/>
        <line num="268" count="0" type="stmt"/>
        <line num="270" count="0" type="stmt"/>
        <line num="278" count="0" type="cond" truecount="0" falsecount="1"/>
        <line num="279" count="0" type="stmt"/>
        <line num="289" count="0" type="stmt"/>
        <line num="290" count="0" type="stmt"/>
        <line num="291" count="0" type="stmt"/>
        <line num="292" count="0" type="stmt"/>
        <line num="293" count="0" type="stmt"/>
        <line num="294" count="0" type="cond" truecount="0" falsecount="2"/>
        <line num="295" count="0" type="stmt"/>
        <line num="296" count="0" type="stmt"/>
        <line num="300" count="12" type="cond" truecount="0" falsecount="1"/>
        <line num="301" count="0" type="stmt"/>
        <line num="303" count="12" type="cond" truecount="0" falsecount="1"/>
        <line num="304" count="0" type="stmt"/>
        <line num="306" count="12" type="cond" truecount="0" falsecount="1"/>
        <line num="307" count="12" type="stmt"/>
        <line num="308" count="12" type="stmt"/>
        <line num="309" count="12" type="stmt"/>
        <line num="310" count="12" type="stmt"/>
        <line num="311" count="12" type="stmt"/>
        <line num="312" count="12" type="stmt"/>
        <line num="313" count="12" type="stmt"/>
        <line num="314" count="12" type="cond" truecount="1" falsecount="0"/>
        <line num="315" count="0" type="stmt"/>
        <line num="316" count="0" type="stmt"/>
        <line num="317" count="0" type="stmt"/>
      </file>
      <file name="minanftnames.ts" path="/Users/mike/Documents/DeFi/MinaNFT/minanft-lib/src/minanftnames.ts">
        <metrics statements="71" coveredstatements="58" conditionals="21" coveredconditionals="9" methods="6" coveredmethods="6"/>
        <line num="1" count="25" type="stmt"/>
        <line num="2" count="25" type="stmt"/>
        <line num="12" count="25" type="stmt"/>
        <line num="13" count="25" type="stmt"/>
        <line num="14" count="25" type="stmt"/>
        <line num="28" count="12" type="stmt"/>
        <line num="29" count="12" type="stmt"/>
        <line num="37" count="11" type="stmt"/>
        <line num="39" count="11" type="cond" truecount="0" falsecount="1"/>
        <line num="40" count="0" type="stmt"/>
        <line num="41" count="11" type="stmt"/>
        <line num="42" count="11" type="cond" truecount="2" falsecount="0"/>
        <line num="43" count="11" type="stmt"/>
        <line num="44" count="11" type="stmt"/>
        <line num="45" count="11" type="stmt"/>
        <line num="49" count="11" type="stmt"/>
        <line num="50" count="11" type="stmt"/>
        <line num="51" count="11" type="stmt"/>
        <line num="52" count="11" type="cond" truecount="2" falsecount="0"/>
        <line num="53" count="11" type="stmt"/>
        <line num="55" count="11" type="stmt"/>
        <line num="63" count="22" type="cond" truecount="1" falsecount="0"/>
        <line num="64" count="22" type="stmt"/>
        <line num="65" count="22" type="stmt"/>
        <line num="66" count="22" type="stmt"/>
        <line num="67" count="22" type="stmt"/>
        <line num="70" count="11" type="stmt"/>
        <line num="71" count="11" type="stmt"/>
        <line num="72" count="11" type="stmt"/>
        <line num="73" count="11" type="cond" truecount="1" falsecount="1"/>
        <line num="74" count="11" type="stmt"/>
        <line num="75" count="11" type="stmt"/>
        <line num="76" count="11" type="stmt"/>
        <line num="77" count="0" type="stmt"/>
        <line num="85" count="1" type="stmt"/>
        <line num="87" count="1" type="cond" truecount="0" falsecount="1"/>
        <line num="88" count="1" type="stmt"/>
        <line num="89" count="1" type="stmt"/>
        <line num="90" count="1" type="cond" truecount="0" falsecount="1"/>
        <line num="91" count="0" type="stmt"/>
        <line num="92" count="1" type="stmt"/>
        <line num="93" count="1" type="cond" truecount="0" falsecount="1"/>
        <line num="94" count="0" type="stmt"/>
        <line num="95" count="1" type="stmt"/>
        <line num="96" count="1" type="stmt"/>
        <line num="100" count="1" type="stmt"/>
        <line num="101" count="1" type="stmt"/>
        <line num="102" count="1" type="stmt"/>
        <line num="103" count="1" type="cond" truecount="2" falsecount="0"/>
        <line num="104" count="1" type="stmt"/>
        <line num="105" count="1" type="cond" truecount="0" falsecount="1"/>
        <line num="107" count="1" type="stmt"/>
        <line num="115" count="2" type="stmt"/>
        <line num="116" count="2" type="stmt"/>
        <line num="119" count="1" type="stmt"/>
        <line num="120" count="1" type="stmt"/>
        <line num="121" count="0" type="stmt"/>
        <line num="122" count="0" type="cond" truecount="0" falsecount="2"/>
        <line num="123" count="0" type="stmt"/>
        <line num="124" count="0" type="stmt"/>
        <line num="125" count="0" type="stmt"/>
        <line num="126" count="0" type="stmt"/>
        <line num="133" count="10" type="cond" truecount="0" falsecount="1"/>
        <line num="134" count="10" type="cond" truecount="0" falsecount="1"/>
        <line num="135" count="0" type="stmt"/>
        <line num="136" count="10" type="cond" truecount="0" falsecount="1"/>
        <line num="137" count="0" type="stmt"/>
        <line num="138" count="10" type="cond" truecount="0" falsecount="1"/>
        <line num="139" count="0" type="stmt"/>
        <line num="142" count="10" type="stmt"/>
        <line num="148" count="10" type="stmt"/>
      </file>
      <file name="networks.ts" path="/Users/mike/Documents/DeFi/MinaNFT/minanft-lib/src/networks.ts">
        <metrics statements="16" coveredstatements="16" conditionals="0" coveredconditionals="0" methods="0" coveredmethods="0"/>
        <line num="4" count="27" type="stmt"/>
        <line num="5" count="27" type="stmt"/>
        <line num="6" count="27" type="stmt"/>
        <line num="7" count="27" type="stmt"/>
        <line num="8" count="27" type="stmt"/>
        <line num="9" count="27" type="stmt"/>
        <line num="10" count="27" type="stmt"/>
        <line num="11" count="27" type="stmt"/>
        <line num="33" count="27" type="stmt"/>
        <line num="39" count="27" type="stmt"/>
        <line num="45" count="27" type="stmt"/>
        <line num="60" count="27" type="stmt"/>
        <line num="75" count="27" type="stmt"/>
        <line num="81" count="27" type="stmt"/>
        <line num="90" count="27" type="stmt"/>
        <line num="98" count="27" type="stmt"/>
      </file>
      <file name="privatemetadata.ts" path="/Users/mike/Documents/DeFi/MinaNFT/minanft-lib/src/privatemetadata.ts">
        <metrics statements="11" coveredstatements="11" conditionals="6" coveredconditionals="5" methods="2" coveredmethods="2"/>
        <line num="1" count="25" type="stmt"/>
        <line num="3" count="25" type="stmt"/>
        <line num="18" count="125" type="stmt"/>
        <line num="19" count="125" type="stmt"/>
        <line num="20" count="125" type="cond" truecount="1" falsecount="1"/>
        <line num="21" count="125" type="stmt"/>
        <line num="24" count="133" type="stmt"/>
        <line num="26" count="133" type="cond" truecount="2" falsecount="0"/>
        <line num="27" count="61" type="stmt"/>
        <line num="29" count="133" type="cond" truecount="2" falsecount="0"/>
        <line num="30" count="133" type="stmt"/>
      </file>
      <file name="redactedminanft.ts" path="/Users/mike/Documents/DeFi/MinaNFT/minanft-lib/src/redactedminanft.ts">
        <metrics statements="86" coveredstatements="69" conditionals="12" coveredconditionals="6" methods="11" coveredmethods="6"/>
        <line num="1" count="6" type="stmt"/>
        <line num="2" count="6" type="stmt"/>
        <line num="3" count="6" type="stmt"/>
        <line num="5" count="6" type="stmt"/>
        <line num="6" count="6" type="stmt"/>
        <line num="7" count="6" type="stmt"/>
        <line num="13" count="6" type="stmt"/>
        <line num="14" count="6" type="stmt"/>
        <line num="15" count="6" type="stmt"/>
        <line num="21" count="3" type="stmt"/>
        <line num="22" count="3" type="stmt"/>
        <line num="30" count="4" type="stmt"/>
        <line num="31" count="4" type="cond" truecount="1" falsecount="1"/>
        <line num="32" count="0" type="stmt"/>
        <line num="43" count="3" type="stmt"/>
        <line num="47" count="3" type="stmt"/>
        <line num="49" count="3" type="stmt"/>
        <line num="50" count="3" type="stmt"/>
        <line num="51" count="3" type="stmt"/>
        <line num="52" count="3" type="stmt"/>
        <line num="53" count="3" type="stmt"/>
        <line num="54" count="4" type="stmt"/>
        <line num="55" count="4" type="stmt"/>
        <line num="56" count="4" type="stmt"/>
        <line num="57" count="4" type="stmt"/>
        <line num="63" count="4" type="stmt"/>
        <line num="64" count="4" type="stmt"/>
        <line num="65" count="4" type="stmt"/>
        <line num="68" count="3" type="stmt"/>
        <line num="69" count="3" type="stmt"/>
        <line num="70" count="4" type="stmt"/>
        <line num="71" count="4" type="stmt"/>
        <line num="76" count="4" type="stmt"/>
        <line num="82" count="4" type="stmt"/>
        <line num="83" count="4" type="cond" truecount="0" falsecount="1"/>
        <line num="85" count="3" type="stmt"/>
        <line num="86" count="3" type="stmt"/>
        <line num="89" count="3" type="stmt"/>
        <line num="90" count="3" type="stmt"/>
        <line num="91" count="1" type="stmt"/>
        <line num="92" count="1" type="stmt"/>
        <line num="97" count="1" type="stmt"/>
        <line num="98" count="1" type="stmt"/>
        <line num="99" count="1" type="stmt"/>
        <line num="100" count="1" type="cond" truecount="0" falsecount="1"/>
        <line num="102" count="3" type="stmt"/>
        <line num="104" count="3" type="cond" truecount="0" falsecount="1"/>
        <line num="105" count="0" type="stmt"/>
        <line num="108" count="3" type="stmt"/>
        <line num="114" count="3" type="cond" truecount="0" falsecount="1"/>
        <line num="115" count="0" type="stmt"/>
        <line num="118" count="3" type="stmt"/>
        <line num="126" count="0" type="stmt"/>
        <line num="128" count="0" type="stmt"/>
        <line num="129" count="0" type="stmt"/>
        <line num="133" count="0" type="stmt"/>
        <line num="134" count="0" type="stmt"/>
        <line num="135" count="0" type="stmt"/>
        <line num="136" count="0" type="stmt"/>
        <line num="137" count="0" type="stmt"/>
        <line num="143" count="0" type="stmt"/>
        <line num="145" count="0" type="stmt"/>
        <line num="147" count="0" type="stmt"/>
        <line num="150" count="0" type="stmt"/>
        <line num="155" count="0" type="stmt"/>
        <line num="163" count="2" type="stmt"/>
        <line num="164" count="2" type="stmt"/>
        <line num="165" count="2" type="stmt"/>
        <line num="166" count="2" type="stmt"/>
        <line num="167" count="2" type="stmt"/>
        <line num="170" count="2" type="stmt"/>
        <line num="171" count="2" type="stmt"/>
        <line num="172" count="2" type="cond" truecount="2" falsecount="0"/>
        <line num="173" count="2" type="stmt"/>
        <line num="175" count="2" type="stmt"/>
        <line num="176" count="2" type="stmt"/>
        <line num="184" count="4" type="cond" truecount="1" falsecount="0"/>
        <line num="185" count="4" type="stmt"/>
        <line num="186" count="4" type="stmt"/>
        <line num="187" count="4" type="stmt"/>
        <line num="190" count="2" type="stmt"/>
        <line num="191" count="2" type="stmt"/>
        <line num="192" count="2" type="stmt"/>
        <line num="193" count="2" type="cond" truecount="1" falsecount="1"/>
        <line num="194" count="2" type="stmt"/>
        <line num="195" count="0" type="stmt"/>
      </file>
      <file name="redactedtree.ts" path="/Users/mike/Documents/DeFi/MinaNFT/minanft-lib/src/redactedtree.ts">
        <metrics statements="73" coveredstatements="51" conditionals="10" coveredconditionals="1" methods="6" coveredmethods="4"/>
        <line num="1" count="25" type="stmt"/>
        <line num="2" count="25" type="stmt"/>
        <line num="12" count="25" type="stmt"/>
        <line num="13" count="25" type="stmt"/>
        <line num="17" count="25" type="stmt"/>
        <line num="18" count="25" type="stmt"/>
        <line num="24" count="1" type="stmt"/>
        <line num="34" count="1" type="stmt"/>
        <line num="37" count="1" type="stmt"/>
        <line num="38" count="1" type="stmt"/>
        <line num="39" count="1" type="stmt"/>
        <line num="40" count="1" type="stmt"/>
        <line num="48" count="14" type="stmt"/>
        <line num="49" count="14" type="stmt"/>
        <line num="53" count="1" type="cond" truecount="0" falsecount="1"/>
        <line num="54" count="1" type="stmt"/>
        <line num="55" count="1" type="stmt"/>
        <line num="56" count="1" type="stmt"/>
        <line num="59" count="1" type="stmt"/>
        <line num="60" count="1" type="stmt"/>
        <line num="61" count="1" type="stmt"/>
        <line num="71" count="1" type="stmt"/>
        <line num="72" count="1" type="stmt"/>
        <line num="73" count="1" type="stmt"/>
        <line num="74" count="1" type="stmt"/>
        <line num="75" count="1" type="stmt"/>
        <line num="76" count="1" type="stmt"/>
        <line num="77" count="1" type="stmt"/>
        <line num="78" count="14" type="stmt"/>
        <line num="79" count="14" type="stmt"/>
        <line num="82" count="14" type="stmt"/>
        <line num="85" count="14" type="stmt"/>
        <line num="91" count="14" type="stmt"/>
        <line num="96" count="14" type="stmt"/>
        <line num="102" count="14" type="stmt"/>
        <line num="103" count="14" type="cond" truecount="0" falsecount="1"/>
        <line num="105" count="1" type="stmt"/>
        <line num="106" count="1" type="stmt"/>
        <line num="108" count="1" type="stmt"/>
        <line num="109" count="1" type="stmt"/>
        <line num="110" count="1" type="stmt"/>
        <line num="111" count="13" type="stmt"/>
        <line num="112" count="13" type="stmt"/>
        <line num="117" count="13" type="stmt"/>
        <line num="122" count="13" type="stmt"/>
        <line num="123" count="13" type="cond" truecount="0" falsecount="1"/>
        <line num="125" count="1" type="stmt"/>
        <line num="126" count="1" type="stmt"/>
        <line num="127" count="1" type="stmt"/>
        <line num="128" count="1" type="cond" truecount="0" falsecount="1"/>
        <line num="129" count="0" type="stmt"/>
        <line num="131" count="1" type="stmt"/>
        <line num="139" count="0" type="stmt"/>
        <line num="140" count="0" type="stmt"/>
        <line num="141" count="0" type="stmt"/>
        <line num="142" count="0" type="stmt"/>
        <line num="143" count="0" type="stmt"/>
        <line num="146" count="0" type="stmt"/>
        <line num="147" count="0" type="stmt"/>
        <line num="148" count="0" type="cond" truecount="0" falsecount="2"/>
        <line num="149" count="0" type="stmt"/>
        <line num="151" count="0" type="stmt"/>
        <line num="152" count="0" type="stmt"/>
        <line num="160" count="0" type="cond" truecount="0" falsecount="1"/>
        <line num="161" count="0" type="stmt"/>
        <line num="162" count="0" type="stmt"/>
        <line num="163" count="0" type="stmt"/>
        <line num="166" count="0" type="stmt"/>
        <line num="167" count="0" type="stmt"/>
        <line num="168" count="0" type="stmt"/>
        <line num="169" count="0" type="cond" truecount="0" falsecount="2"/>
        <line num="170" count="0" type="stmt"/>
        <line num="171" count="0" type="stmt"/>
      </file>
    </package>
    <package name="src.api">
      <metrics statements="63" coveredstatements="13" conditionals="43" coveredconditionals="4" methods="11" coveredmethods="2"/>
      <file name="api.ts" path="/Users/mike/Documents/DeFi/MinaNFT/minanft-lib/src/api/api.ts">
        <metrics statements="63" coveredstatements="13" conditionals="43" coveredconditionals="4" methods="11" coveredmethods="2"/>
        <line num="1" count="5" type="stmt"/>
        <line num="2" count="5" type="stmt"/>
        <line num="4" count="5" type="stmt"/>
        <line num="6" count="5" type="stmt"/>
        <line num="13" count="5" type="stmt"/>
        <line num="22" count="2" type="stmt"/>
        <line num="23" count="2" type="stmt"/>
        <line num="36" count="2" type="stmt"/>
        <line num="43" count="2" type="stmt"/>
        <line num="65" count="0" type="stmt"/>
        <line num="73" count="0" type="cond" truecount="0" falsecount="2"/>
        <line num="74" count="0" type="cond" truecount="0" falsecount="2"/>
        <line num="75" count="0" type="stmt"/>
        <line num="98" count="0" type="stmt"/>
        <line num="105" count="0" type="cond" truecount="0" falsecount="2"/>
        <line num="106" count="0" type="stmt"/>
        <line num="134" count="0" type="stmt"/>
        <line num="145" count="0" type="stmt"/>
        <line num="168" count="0" type="stmt"/>
        <line num="182" count="0" type="stmt"/>
        <line num="209" count="0" type="stmt"/>
        <line num="210" count="0" type="cond" truecount="0" falsecount="2"/>
        <line num="211" count="0" type="stmt"/>
        <line num="216" count="0" type="stmt"/>
        <line num="240" count="0" type="stmt"/>
        <line num="241" count="0" type="cond" truecount="0" falsecount="2"/>
        <line num="242" count="0" type="stmt"/>
        <line num="248" count="0" type="stmt"/>
        <line num="266" count="0" type="stmt"/>
        <line num="267" count="0" type="cond" truecount="0" falsecount="2"/>
        <line num="268" count="0" type="stmt"/>
        <line num="274" count="0" type="stmt"/>
[...]
        <line num="104" count="11" type="cond" truecount="0" falsecount="1"/>
        <line num="105" count="0" type="stmt"/>
        <line num="109" count="11" type="stmt"/>
        <line num="110" count="11" type="stmt"/>
        <line num="114" count="15" type="cond" truecount="1" falsecount="1"/>
        <line num="115" count="15" type="stmt"/>
        <line num="129" count="4" type="stmt"/>
        <line num="130" count="4" type="stmt"/>
        <line num="131" count="4" type="cond" truecount="0" falsecount="1"/>
        <line num="132" count="0" type="stmt"/>
        <line num="133" count="4" type="cond" truecount="0" falsecount="1"/>
        <line num="134" count="0" type="stmt"/>
        <line num="137" count="4" type="cond" truecount="0" falsecount="1"/>
        <line num="138" count="0" type="stmt"/>
        <line num="141" count="4" type="cond" truecount="0" falsecount="1"/>
        <line num="142" count="0" type="stmt"/>
        <line num="143" count="4" type="cond" truecount="0" falsecount="1"/>
        <line num="144" count="0" type="stmt"/>
        <line num="145" count="4" type="cond" truecount="0" falsecount="1"/>
        <line num="146" count="0" type="stmt"/>
        <line num="147" count="4" type="cond" truecount="0" falsecount="1"/>
        <line num="148" count="0" type="stmt"/>
        <line num="149" count="4" type="cond" truecount="0" falsecount="1"/>
        <line num="150" count="0" type="stmt"/>
        <line num="152" count="4" type="stmt"/>
        <line num="166" count="1" type="stmt"/>
        <line num="167" count="1" type="cond" truecount="0" falsecount="1"/>
        <line num="168" count="0" type="stmt"/>
        <line num="169" count="1" type="stmt"/>
        <line num="170" count="1" type="stmt"/>
        <line num="171" count="14" type="stmt"/>
        <line num="173" count="1" type="stmt"/>
        <line num="174" count="1" type="stmt"/>
        <line num="190" count="10" type="stmt"/>
        <line num="191" count="10" type="stmt"/>
        <line num="192" count="10" type="cond" truecount="2" falsecount="0"/>
        <line num="193" count="10" type="cond" truecount="2" falsecount="0"/>
        <line num="199" count="6" type="stmt"/>
        <line num="200" count="6" type="stmt"/>
        <line num="201" count="6" type="stmt"/>
        <line num="208" count="6" type="stmt"/>
        <line num="209" count="6" type="stmt"/>
        <line num="210" count="6" type="stmt"/>
        <line num="211" count="6" type="stmt"/>
        <line num="212" count="34" type="stmt"/>
        <line num="214" count="6" type="stmt"/>
        <line num="215" count="6" type="stmt"/>
        <line num="216" count="6" type="stmt"/>
        <line num="223" count="5" type="cond" truecount="1" falsecount="2"/>
        <line num="224" count="0" type="stmt"/>
        <line num="225" count="5" type="stmt"/>
        <line num="226" count="5" type="cond" truecount="1" falsecount="1"/>
        <line num="227" count="5" type="stmt"/>
        <line num="228" count="5" type="stmt"/>
        <line num="229" count="5" type="stmt"/>
        <line num="230" count="5" type="stmt"/>
        <line num="236" count="5" type="stmt"/>
        <line num="237" count="5" type="cond" truecount="0" falsecount="1"/>
        <line num="238" count="5" type="stmt"/>
        <line num="239" count="5" type="stmt"/>
        <line num="240" count="5" type="stmt"/>
        <line num="241" count="0" type="cond" truecount="0" falsecount="1"/>
        <line num="242" count="0" type="stmt"/>
        <line num="243" count="0" type="stmt"/>
        <line num="244" count="0" type="stmt"/>
        <line num="250" count="0" type="cond" truecount="0" falsecount="1"/>
        <line num="251" count="0" type="stmt"/>
        <line num="252" count="0" type="stmt"/>
        <line num="253" count="0" type="stmt"/>
        <line num="258" count="0" type="stmt"/>
        <line num="259" count="0" type="stmt"/>
        <line num="260" count="0" type="stmt"/>
        <line num="264" count="4" type="stmt"/>
        <line num="265" count="4" type="stmt"/>
        <line num="267" count="4" type="stmt"/>
        <line num="268" count="4" type="stmt"/>
        <line num="271" count="74" type="stmt"/>
        <line num="272" count="74" type="stmt"/>
        <line num="273" count="74" type="stmt"/>
        <line num="274" count="4444354" type="stmt"/>
        <line num="275" count="4444354" type="stmt"/>
        <line num="276" count="4444354" type="cond" truecount="1" falsecount="0"/>
        <line num="277" count="143364" type="stmt"/>
        <line num="278" count="143364" type="stmt"/>
        <line num="279" count="143364" type="stmt"/>
        <line num="282" count="74" type="cond" truecount="1" falsecount="0"/>
        <line num="284" count="4" type="stmt"/>
        <line num="285" count="70" type="stmt"/>
        <line num="286" count="70" type="cond" truecount="1" falsecount="0"/>
        <line num="287" count="70" type="stmt"/>
        <line num="288" count="70" type="stmt"/>
        <line num="289" count="70" type="stmt"/>
        <line num="292" count="70" type="stmt"/>
        <line num="293" count="70" type="stmt"/>
        <line num="295" count="4" type="cond" truecount="1" falsecount="0"/>
        <line num="296" count="4" type="stmt"/>
        <line num="297" count="4" type="stmt"/>
        <line num="301" count="0" type="stmt"/>
        <line num="302" count="0" type="stmt"/>
        <line num="303" count="0" type="stmt"/>
        <line num="304" count="0" type="stmt"/>
        <line num="305" count="0" type="stmt"/>
        <line num="306" count="0" type="stmt"/>
        <line num="307" count="0" type="cond" truecount="0" falsecount="1"/>
        <line num="308" count="0" type="stmt"/>
        <line num="309" count="0" type="stmt"/>
        <line num="310" count="0" type="stmt"/>
        <line num="313" count="0" type="cond" truecount="0" falsecount="1"/>
        <line num="314" count="0" type="stmt"/>
        <line num="318" count="0" type="stmt"/>
        <line num="319" count="0" type="stmt"/>
        <line num="320" count="0" type="stmt"/>
        <line num="321" count="0" type="stmt"/>
        <line num="322" count="0" type="stmt"/>
        <line num="323" count="0" type="stmt"/>
        <line num="324" count="0" type="stmt"/>
        <line num="326" count="0" type="stmt"/>
        <line num="330" count="0" type="stmt"/>
        <line num="332" count="0" type="stmt"/>
        <line num="343" count="10" type="cond" truecount="1" falsecount="0"/>
        <line num="344" count="6" type="stmt"/>
        <line num="345" count="6" type="stmt"/>
        <line num="346" count="6" type="stmt"/>
        <line num="347" count="6" type="stmt"/>
        <line num="354" count="4" type="cond" truecount="1" falsecount="1"/>
        <line num="358" count="4" type="stmt"/>
        <line num="359" count="4" type="stmt"/>
        <line num="360" count="4" type="stmt"/>
        <line num="361" count="4" type="stmt"/>
        <line num="367" count="4" type="cond" truecount="2" falsecount="0"/>
        <line num="368" count="2" type="stmt"/>
        <line num="372" count="2" type="cond" truecount="0" falsecount="1"/>
        <line num="373" count="0" type="stmt"/>
        <line num="374" count="2" type="stmt"/>
        <line num="375" count="2" type="stmt"/>
        <line num="377" count="2" type="stmt"/>
        <line num="378" count="2" type="cond" truecount="0" falsecount="1"/>
        <line num="379" count="0" type="stmt"/>
        <line num="382" count="2" type="stmt"/>
        <line num="383" count="2" type="stmt"/>
        <line num="384" count="2" type="stmt"/>
        <line num="389" count="6" type="cond" truecount="1" falsecount="0"/>
        <line num="390" count="1" type="stmt"/>
        <line num="391" count="1" type="stmt"/>
        <line num="392" count="1" type="stmt"/>
        <line num="394" count="6" type="cond" truecount="0" falsecount="1"/>
        <line num="395" count="0" type="stmt"/>
        <line num="396" count="6" type="cond" truecount="0" falsecount="1"/>
        <line num="397" count="6" type="cond" truecount="0" falsecount="1"/>
        <line num="398" count="6" type="cond" truecount="0" falsecount="1"/>
        <line num="399" count="6" type="cond" truecount="0" falsecount="1"/>
        <line num="400" count="6" type="cond" truecount="0" falsecount="1"/>
        <line num="401" count="0" type="stmt"/>
        <line num="402" count="6" type="cond" truecount="0" falsecount="1"/>
        <line num="406" count="0" type="stmt"/>
        <line num="407" count="0" type="stmt"/>
        <line num="412" count="6" type="stmt"/>
      </file>
      <file name="ipfs.ts" path="/Users/mike/Documents/DeFi/MinaNFT/minanft-lib/src/storage/ipfs.ts">
        <metrics statements="27" coveredstatements="19" conditionals="7" coveredconditionals="5" methods="3" coveredmethods="3"/>
        <line num="1" count="25" type="stmt"/>
        <line num="2" count="25" type="stmt"/>
        <line num="3" count="25" type="stmt"/>
        <line num="9" count="19" type="stmt"/>
        <line num="13" count="14" type="stmt"/>
        <line num="17" count="14" type="stmt"/>
        <line num="24" count="14" type="cond" truecount="1" falsecount="0"/>
        <line num="26" count="5" type="stmt"/>
        <line num="28" count="9" type="stmt"/>
        <line num="34" count="9" type="stmt"/>
        <line num="35" count="9" type="stmt"/>
        <line num="37" count="0" type="stmt"/>
        <line num="38" count="0" type="stmt"/>
        <line num="48" count="5" type="stmt"/>
        <line num="49" count="5" type="stmt"/>
        <line num="52" count="5" type="stmt"/>
        <line num="58" count="5" type="cond" truecount="0" falsecount="1"/>
        <line num="60" count="0" type="stmt"/>
        <line num="62" count="5" type="stmt"/>
        <line num="74" count="5" type="stmt"/>
        <line num="75" count="5" type="cond" truecount="4" falsecount="1"/>
        <line num="76" count="5" type="stmt"/>
        <line num="78" count="0" type="stmt"/>
        <line num="79" count="0" type="stmt"/>
        <line num="82" count="0" type="stmt"/>
        <line num="83" count="0" type="stmt"/>
        <line num="85" count="0" type="stmt"/>
      </file>
      <file name="map.ts" path="/Users/mike/Documents/DeFi/MinaNFT/minanft-lib/src/storage/map.ts">
        <metrics statements="73" coveredstatements="65" conditionals="51" coveredconditionals="36" methods="13" coveredmethods="12"/>
        <line num="2" count="25" type="stmt"/>
        <line num="7" count="25" type="stmt"/>
        <line num="8" count="25" type="stmt"/>
        <line num="9" count="25" type="stmt"/>
        <line num="10" count="25" type="stmt"/>
        <line num="17" count="25" type="stmt"/>
        <line num="18" count="25" type="stmt"/>
        <line num="19" count="25" type="stmt"/>
        <line num="51" count="10" type="stmt"/>
        <line num="52" count="10" type="stmt"/>
        <line num="60" count="11" type="stmt"/>
        <line num="61" count="11" type="stmt"/>
        <line num="62" count="40" type="stmt"/>
        <line num="63" count="40" type="stmt"/>
        <line num="64" count="40" type="stmt"/>
        <line num="66" count="11" type="stmt"/>
        <line num="74" count="37" type="stmt"/>
        <line num="82" count="24" type="stmt"/>
        <line num="97" count="5" type="stmt"/>
        <line num="98" count="5" type="stmt"/>
        <line num="114" count="1" type="stmt"/>
        <line num="130" count="1" type="stmt"/>
        <line num="146" count="4" type="stmt"/>
        <line num="147" count="4" type="stmt"/>
        <line num="163" count="2" type="stmt"/>
        <line num="164" count="2" type="stmt"/>
        <line num="165" count="2" type="stmt"/>
        <line num="166" count="2" type="stmt"/>
        <line num="167" count="2" type="stmt"/>
        <line num="168" count="2" type="cond" truecount="1" falsecount="1"/>
        <line num="169" count="2" type="stmt"/>
        <line num="170" count="2" type="stmt"/>
        <line num="171" count="2" type="stmt"/>
        <line num="172" count="2" type="stmt"/>
        <line num="173" count="2" type="stmt"/>
        <line num="175" count="2" type="stmt"/>
        <line num="191" count="0" type="stmt"/>
        <line num="203" count="14" type="stmt"/>
        <line num="214" count="2" type="stmt"/>
        <line num="215" count="2" type="stmt"/>
        <line num="216" count="2" type="stmt"/>
        <line num="217" count="2" type="stmt"/>
        <line num="218" count="2" type="cond" truecount="0" falsecount="1"/>
        <line num="219" count="0" type="stmt"/>
        <line num="221" count="2" type="cond" truecount="3" falsecount="1"/>
        <line num="222" count="0" type="stmt"/>
        <line num="223" count="2" type="cond" truecount="0" falsecount="1"/>
        <line num="232" count="0" type="stmt"/>
        <line num="233" count="2" type="stmt"/>
        <line num="234" count="2" type="stmt"/>
        <line num="235" count="8" type="stmt"/>
        <line num="236" count="8" type="cond" truecount="2" falsecount="1"/>
        <line num="237" count="0" type="stmt"/>
        <line num="238" count="8" type="stmt"/>
        <line num="239" count="8" type="stmt"/>
        <line num="240" count="8" type="cond" truecount="2" falsecount="0"/>
        <line num="241" count="8" type="cond" truecount="0" falsecount="1"/>
        <line num="247" count="0" type="stmt"/>
        <line num="248" count="8" type="cond" truecount="4" falsecount="1"/>
        <line num="250" count="5" type="stmt"/>
        <line num="255" count="5" type="stmt"/>
        <line num="257" count="1" type="stmt"/>
        <line num="262" count="1" type="stmt"/>
        <line num="264" count="1" type="stmt"/>
        <line num="269" count="1" type="stmt"/>
        <line num="271" count="1" type="stmt"/>
        <line num="276" count="1" type="stmt"/>
        <line num="278" count="0" type="stmt"/>
        <line num="282" count="2" type="cond" truecount="1" falsecount="0"/>
        <line num="283" count="2" type="stmt"/>
        <line num="284" count="2" type="cond" truecount="0" falsecount="1"/>
        <line num="285" count="0" type="stmt"/>
        <line num="287" count="2" type="stmt"/>
      </file>
      <file name="text.ts" path="/Users/mike/Documents/DeFi/MinaNFT/minanft-lib/src/storage/text.ts">
        <metrics statements="34" coveredstatements="27" conditionals="19" coveredconditionals="12" methods="3" coveredmethods="3"/>
        <line num="1" count="25" type="stmt"/>
        <line num="2" count="25" type="stmt"/>
        <line num="3" count="25" type="stmt"/>
        <line num="11" count="34" type="stmt"/>
        <line num="12" count="34" type="stmt"/>
        <line num="13" count="34" type="stmt"/>
        <line num="14" count="34" type="stmt"/>
        <line num="15" count="34" type="stmt"/>
        <line num="16" count="34" type="cond" truecount="0" falsecount="1"/>
        <line num="17" count="0" type="stmt"/>
        <line num="18" count="34" type="stmt"/>
        <line num="19" count="34" type="stmt"/>
        <line num="20" count="34" type="stmt"/>
        <line num="21" count="2520" type="stmt"/>
        <line num="23" count="34" type="stmt"/>
        <line num="27" count="32" type="stmt"/>
        <line num="36" count="20" type="stmt"/>
        <line num="37" count="20" type="stmt"/>
        <line num="38" count="20" type="stmt"/>
        <line num="39" count="20" type="stmt"/>
        <line num="40" count="20" type="cond" truecount="0" falsecount="1"/>
        <line num="41" count="0" type="stmt"/>
        <line num="43" count="20" type="cond" truecount="3" falsecount="1"/>
        <line num="44" count="0" type="stmt"/>
        <line num="45" count="20" type="cond" truecount="0" falsecount="1"/>
        <line num="56" count="0" type="stmt"/>
        <line num="57" count="20" type="stmt"/>
        <line num="58" count="20" type="cond" truecount="0" falsecount="1"/>
        <line num="59" count="0" type="stmt"/>
        <line num="60" count="20" type="cond" truecount="0" falsecount="1"/>
        <line num="61" count="0" type="stmt"/>
        <line num="62" count="20" type="cond" truecount="0" falsecount="1"/>
        <line num="63" count="0" type="stmt"/>
        <line num="65" count="20" type="stmt"/>
      </file>
    </package>
    <package name="utils">
      <metrics statements="61" coveredstatements="36" conditionals="13" coveredconditionals="4" methods="6" coveredmethods="3"/>
      <file name="testhelpers.ts" path="/Users/mike/Documents/DeFi/MinaNFT/minanft-lib/utils/testhelpers.ts">
        <metrics statements="61" coveredstatements="36" conditionals="13" coveredconditionals="4" methods="6" coveredmethods="3"/>
        <line num="3" count="26" type="stmt"/>
        <line num="4" count="21" type="stmt"/>
        <line num="5" count="21" type="stmt"/>
        <line num="6" count="21" type="stmt"/>
        <line num="7" count="21" type="stmt"/>
        <line num="11" count="21" type="stmt"/>
        <line num="12" count="21" type="stmt"/>
        <line num="18" count="21" type="stmt"/>
        <line num="20" count="21" type="stmt"/>
        <line num="26" count="15" type="stmt"/>
        <line num="27" count="15" type="stmt"/>
        <line num="28" count="15" type="stmt"/>
        <line num="29" count="15" type="cond" truecount="2" falsecount="0"/>
        <line num="30" count="14" type="stmt"/>
        <line num="31" count="14" type="stmt"/>
        <line num="32" count="14" type="stmt"/>
        <line num="33" count="14" type="stmt"/>
        <line num="34" count="14" type="stmt"/>
        <line num="35" count="3" type="stmt"/>
        <line num="36" count="3" type="stmt"/>
        <line num="38" count="1" type="cond" truecount="1" falsecount="1"/>
        <line num="39" count="1" type="stmt"/>
        <line num="40" count="1" type="stmt"/>
        <line num="41" count="1" type="stmt"/>
        <line num="42" count="0" type="stmt"/>
        <line num="43" count="0" type="stmt"/>
        <line num="45" count="0" type="cond" truecount="0" falsecount="2"/>
        <line num="46" count="0" type="stmt"/>
        <line num="47" count="0" type="stmt"/>
        <line num="48" count="0" type="stmt"/>
        <line num="49" count="0" type="stmt"/>
        <line num="50" count="0" type="stmt"/>
        <line num="52" count="0" type="cond" truecount="0" falsecount="2"/>
        <line num="53" count="0" type="stmt"/>
        <line num="54" count="0" type="stmt"/>
        <line num="55" count="0" type="stmt"/>
        <line num="56" count="0" type="stmt"/>
        <line num="57" count="0" type="stmt"/>
        <line num="59" count="0" type="cond" truecount="0" falsecount="2"/>
        <line num="60" count="0" type="stmt"/>
        <line num="61" count="0" type="stmt"/>
        <line num="62" count="0" type="stmt"/>
        <line num="63" count="0" type="stmt"/>
        <line num="64" count="0" type="stmt"/>
        <line num="67" count="0" type="stmt"/>
        <line num="68" count="0" type="stmt"/>
        <line num="71" count="15" type="stmt"/>
        <line num="73" count="3" type="stmt"/>
        <line num="75" count="3" type="cond" truecount="0" falsecount="1"/>
        <line num="76" count="0" type="stmt"/>
        <line num="82" count="0" type="stmt"/>
        <line num="86" count="15" type="stmt"/>
        <line num="87" count="15" type="stmt"/>
        <line num="91" count="15" type="cond" truecount="0" falsecount="1"/>
        <line num="92" count="15" type="stmt"/>
        <line num="96" count="0" type="stmt"/>
        <line num="100" count="17" type="stmt"/>
        <line num="101" count="17" type="stmt"/>
        <line num="103" count="17" type="stmt"/>
        <line num="104" count="6445" type="stmt"/>
        <line num="107" count="17" type="stmt"/>
      </file>
    </package>
  </project>
</coverage>
