{"/Users/mike/Documents/DeFi/MinaNFT/minanft-lib/src/baseminanft.ts": {"path":"/Users/mike/Documents/DeFi/MinaNFT/minanft-lib/src/baseminanft.ts","statementMap":{"0":{"start":{"line":2,"column":0},"end":{"line":2,"column":63}},"1":{"start":{"line":3,"column":0},"end":{"line":3,"column":36}},"2":{"start":{"line":4,"column":0},"end":{"line":4,"column":49}},"3":{"start":{"line":5,"column":0},"end":{"line":5,"column":62}},"4":{"start":{"line":6,"column":0},"end":{"line":6,"column":64}},"5":{"start":{"line":7,"column":0},"end":{"line":7,"column":null}},"6":{"start":{"line":12,"column":0},"end":{"line":12,"column":70}},"7":{"start":{"line":13,"column":0},"end":{"line":13,"column":53}},"8":{"start":{"line":14,"column":0},"end":{"line":14,"column":55}},"9":{"start":{"line":15,"column":0},"end":{"line":15,"column":63}},"10":{"start":{"line":16,"column":0},"end":{"line":16,"column":42}},"11":{"start":{"line":18,"column":0},"end":{"line":18,"column":31}},"12":{"start":{"line":51,"column":4},"end":{"line":51,"column":55}},"13":{"start":{"line":60,"column":4},"end":{"line":60,"column":34}},"14":{"start":{"line":74,"column":26},"end":{"line":74,"column":54}},"15":{"start":{"line":75,"column":16},"end":{"line":75,"column":50}},"16":{"start":{"line":76,"column":37},"end":{"line":76,"column":56}},"17":{"start":{"line":77,"column":31},"end":{"line":77,"column":43}},"18":{"start":{"line":78,"column":4},"end":{"line":78,"column":45}},"19":{"start":{"line":79,"column":4},"end":{"line":79,"column":77}},"20":{"start":{"line":80,"column":30},"end":{"line":80,"column":43}},"21":{"start":{"line":82,"column":4},"end":{"line":89,"column":7}},"22":{"start":{"line":97,"column":4},"end":{"line":97,"column":48}},"23":{"start":{"line":109,"column":29},"end":{"line":109,"column":46}},"24":{"start":{"line":110,"column":4},"end":{"line":114,"column":7}},"25":{"start":{"line":111,"column":23},"end":{"line":111,"column":49}},"26":{"start":{"line":112,"column":6},"end":{"line":112,"column":41}},"27":{"start":{"line":113,"column":6},"end":{"line":113,"column":41}},"28":{"start":{"line":115,"column":4},"end":{"line":121,"column":6}},"29":{"start":{"line":149,"column":28},"end":{"line":149,"column":57}},"30":{"start":{"line":151,"column":4},"end":{"line":157,"column":8}},"31":{"start":{"line":152,"column":6},"end":{"line":153,"column":62}},"32":{"start":{"line":152,"column":53},"end":{"line":152,"column":70}},"33":{"start":{"line":153,"column":11},"end":{"line":153,"column":62}},"34":{"start":{"line":155,"column":6},"end":{"line":157,"column":8}},"35":{"start":{"line":166,"column":28},"end":{"line":166,"column":57}},"36":{"start":{"line":168,"column":4},"end":{"line":169,"column":60}},"37":{"start":{"line":168,"column":51},"end":{"line":168,"column":65}},"38":{"start":{"line":169,"column":9},"end":{"line":169,"column":60}},"39":{"start":{"line":178,"column":4},"end":{"line":178,"column":45}},"40":{"start":{"line":189,"column":4},"end":{"line":189,"column":45}},"41":{"start":{"line":198,"column":4},"end":{"line":203,"column":5}},"42":{"start":{"line":202,"column":6},"end":{"line":202,"column":48}},"43":{"start":{"line":205,"column":6},"end":{"line":207,"column":54}},"44":{"start":{"line":208,"column":4},"end":{"line":208,"column":15}},"45":{"start":{"line":217,"column":4},"end":{"line":219,"column":6}},"46":{"start":{"line":226,"column":4},"end":{"line":226,"column":26}},"47":{"start":{"line":236,"column":4},"end":{"line":236,"column":45}},"48":{"start":{"line":244,"column":20},"end":{"line":244,"column":72}},"49":{"start":{"line":246,"column":4},"end":{"line":253,"column":5}},"50":{"start":{"line":247,"column":6},"end":{"line":247,"column":53}},"51":{"start":{"line":248,"column":6},"end":{"line":248,"column":23}},"52":{"start":{"line":250,"column":34},"end":{"line":250,"column":78}},"53":{"start":{"line":251,"column":6},"end":{"line":251,"column":56}},"54":{"start":{"line":252,"column":6},"end":{"line":252,"column":54}},"55":{"start":{"line":255,"column":4},"end":{"line":261,"column":5}},"56":{"start":{"line":256,"column":6},"end":{"line":256,"column":39}},"57":{"start":{"line":257,"column":6},"end":{"line":257,"column":23}},"58":{"start":{"line":258,"column":34},"end":{"line":258,"column":72}},"59":{"start":{"line":259,"column":6},"end":{"line":259,"column":42}},"60":{"start":{"line":260,"column":6},"end":{"line":260,"column":67}},"61":{"start":{"line":263,"column":4},"end":{"line":270,"column":5}},"62":{"start":{"line":264,"column":6},"end":{"line":264,"column":58}},"63":{"start":{"line":265,"column":6},"end":{"line":265,"column":23}},"64":{"start":{"line":267,"column":8},"end":{"line":267,"column":57}},"65":{"start":{"line":268,"column":6},"end":{"line":268,"column":61}},"66":{"start":{"line":269,"column":6},"end":{"line":269,"column":72}},"67":{"start":{"line":272,"column":4},"end":{"line":272,"column":35}},"68":{"start":{"line":280,"column":20},"end":{"line":280,"column":72}},"69":{"start":{"line":281,"column":4},"end":{"line":288,"column":5}},"70":{"start":{"line":282,"column":6},"end":{"line":282,"column":61}},"71":{"start":{"line":283,"column":6},"end":{"line":283,"column":23}},"72":{"start":{"line":285,"column":8},"end":{"line":285,"column":60}},"73":{"start":{"line":286,"column":6},"end":{"line":286,"column":64}},"74":{"start":{"line":287,"column":6},"end":{"line":287,"column":59}},"75":{"start":{"line":289,"column":4},"end":{"line":295,"column":5}},"76":{"start":{"line":290,"column":6},"end":{"line":290,"column":47}},"77":{"start":{"line":291,"column":6},"end":{"line":291,"column":23}},"78":{"start":{"line":292,"column":34},"end":{"line":292,"column":72}},"79":{"start":{"line":293,"column":6},"end":{"line":293,"column":50}},"80":{"start":{"line":294,"column":6},"end":{"line":294,"column":75}},"81":{"start":{"line":296,"column":4},"end":{"line":296,"column":43}},"82":{"start":{"line":304,"column":20},"end":{"line":304,"column":72}},"83":{"start":{"line":305,"column":4},"end":{"line":312,"column":5}},"84":{"start":{"line":306,"column":6},"end":{"line":306,"column":61}},"85":{"start":{"line":307,"column":6},"end":{"line":307,"column":23}},"86":{"start":{"line":309,"column":8},"end":{"line":309,"column":60}},"87":{"start":{"line":310,"column":6},"end":{"line":310,"column":64}},"88":{"start":{"line":311,"column":6},"end":{"line":311,"column":59}},"89":{"start":{"line":313,"column":4},"end":{"line":320,"column":5}},"90":{"start":{"line":314,"column":6},"end":{"line":314,"column":55}},"91":{"start":{"line":315,"column":6},"end":{"line":315,"column":23}},"92":{"start":{"line":317,"column":8},"end":{"line":317,"column":54}},"93":{"start":{"line":318,"column":6},"end":{"line":318,"column":58}},"94":{"start":{"line":319,"column":6},"end":{"line":319,"column":53}},"95":{"start":{"line":321,"column":4},"end":{"line":327,"column":5}},"96":{"start":{"line":322,"column":6},"end":{"line":322,"column":52}},"97":{"start":{"line":323,"column":6},"end":{"line":323,"column":23}},"98":{"start":{"line":324,"column":34},"end":{"line":324,"column":77}},"99":{"start":{"line":325,"column":6},"end":{"line":325,"column":55}},"100":{"start":{"line":326,"column":6},"end":{"line":326,"column":80}},"101":{"start":{"line":328,"column":4},"end":{"line":328,"column":48}},"102":{"start":{"line":336,"column":20},"end":{"line":336,"column":72}},"103":{"start":{"line":337,"column":4},"end":{"line":343,"column":5}},"104":{"start":{"line":338,"column":6},"end":{"line":338,"column":38}},"105":{"start":{"line":339,"column":6},"end":{"line":339,"column":23}},"106":{"start":{"line":340,"column":34},"end":{"line":340,"column":63}},"107":{"start":{"line":341,"column":6},"end":{"line":341,"column":41}},"108":{"start":{"line":342,"column":6},"end":{"line":342,"column":73}},"109":{"start":{"line":344,"column":4},"end":{"line":344,"column":41}},"110":{"start":{"line":352,"column":20},"end":{"line":352,"column":72}},"111":{"start":{"line":353,"column":4},"end":{"line":360,"column":5}},"112":{"start":{"line":354,"column":6},"end":{"line":354,"column":61}},"113":{"start":{"line":355,"column":6},"end":{"line":355,"column":23}},"114":{"start":{"line":357,"column":8},"end":{"line":357,"column":60}},"115":{"start":{"line":358,"column":6},"end":{"line":358,"column":64}},"116":{"start":{"line":359,"column":6},"end":{"line":359,"column":59}},"117":{"start":{"line":361,"column":4},"end":{"line":361,"column":46}},"118":{"start":{"line":1,"column":9},"end":{"line":1,"column":20}}},"fnMap":{"0":{"name":"(anonymous_0)","decl":{"start":{"line":50,"column":2},"end":{"line":50,"column":null}},"loc":{"start":{"line":50,"column":2},"end":{"line":52,"column":3}}},"1":{"name":"(anonymous_1)","decl":{"start":{"line":59,"column":9},"end":{"line":59,"column":20}},"loc":{"start":{"line":59,"column":32},"end":{"line":61,"column":3}}},"2":{"name":"(anonymous_2)","decl":{"start":{"line":70,"column":12},"end":{"line":70,"column":29}},"loc":{"start":{"line":72,"column":29},"end":{"line":90,"column":3}}},"3":{"name":"(anonymous_3)","decl":{"start":{"line":96,"column":9},"end":{"line":96,"column":30}},"loc":{"start":{"line":96,"column":30},"end":{"line":98,"column":3}}},"4":{"name":"(anonymous_4)","decl":{"start":{"line":105,"column":12},"end":{"line":105,"column":28}},"loc":{"start":{"line":105,"column":63},"end":{"line":122,"column":3}}},"5":{"name":"(anonymous_5)","decl":{"start":{"line":110,"column":17},"end":{"line":110,"column":18}},"loc":{"start":{"line":110,"column":57},"end":{"line":114,"column":5}}},"6":{"name":"(anonymous_6)","decl":{"start":{"line":148,"column":9},"end":{"line":148,"column":15}},"loc":{"start":{"line":148,"column":42},"end":{"line":158,"column":3}}},"7":{"name":"(anonymous_7)","decl":{"start":{"line":165,"column":9},"end":{"line":165,"column":15}},"loc":{"start":{"line":165,"column":43},"end":{"line":170,"column":3}}},"8":{"name":"(anonymous_8)","decl":{"start":{"line":177,"column":9},"end":{"line":177,"column":15}},"loc":{"start":{"line":177,"column":44},"end":{"line":179,"column":3}}},"9":{"name":"(anonymous_9)","decl":{"start":{"line":186,"column":9},"end":{"line":186,"column":15}},"loc":{"start":{"line":186,"column":48},"end":{"line":190,"column":3}}},"10":{"name":"(anonymous_10)","decl":{"start":{"line":197,"column":9},"end":{"line":197,"column":15}},"loc":{"start":{"line":197,"column":55},"end":{"line":209,"column":3}}},"11":{"name":"(anonymous_11)","decl":{"start":{"line":216,"column":9},"end":{"line":216,"column":15}},"loc":{"start":{"line":216,"column":47},"end":{"line":220,"column":3}}},"12":{"name":"(anonymous_12)","decl":{"start":{"line":225,"column":9},"end":{"line":225,"column":15}},"loc":{"start":{"line":225,"column":37},"end":{"line":227,"column":3}}},"13":{"name":"(anonymous_13)","decl":{"start":{"line":235,"column":9},"end":{"line":235,"column":15}},"loc":{"start":{"line":235,"column":60},"end":{"line":237,"column":3}}},"14":{"name":"(anonymous_14)","decl":{"start":{"line":243,"column":9},"end":{"line":243,"column":15}},"loc":{"start":{"line":243,"column":29},"end":{"line":273,"column":3}}},"15":{"name":"(anonymous_15)","decl":{"start":{"line":279,"column":9},"end":{"line":279,"column":15}},"loc":{"start":{"line":279,"column":37},"end":{"line":297,"column":3}}},"16":{"name":"(anonymous_16)","decl":{"start":{"line":303,"column":9},"end":{"line":303,"column":15}},"loc":{"start":{"line":303,"column":34},"end":{"line":329,"column":3}}},"17":{"name":"(anonymous_17)","decl":{"start":{"line":335,"column":9},"end":{"line":335,"column":15}},"loc":{"start":{"line":335,"column":35},"end":{"line":345,"column":3}}},"18":{"name":"(anonymous_18)","decl":{"start":{"line":351,"column":9},"end":{"line":351,"column":15}},"loc":{"start":{"line":351,"column":40},"end":{"line":362,"column":3}}}},"branchMap":{"0":{"loc":{"start":{"line":151,"column":4},"end":{"line":157,"column":8}},"type":"if","locations":[{"start":{"line":151,"column":4},"end":{"line":157,"column":8}},{"start":{"line":155,"column":6},"end":{"line":157,"column":8}}]},"1":{"loc":{"start":{"line":152,"column":6},"end":{"line":153,"column":62}},"type":"if","locations":[{"start":{"line":152,"column":6},"end":{"line":153,"column":62}},{"start":{"line":153,"column":11},"end":{"line":153,"column":62}}]},"2":{"loc":{"start":{"line":168,"column":4},"end":{"line":169,"column":60}},"type":"if","locations":[{"start":{"line":168,"column":4},"end":{"line":169,"column":60}},{"start":{"line":169,"column":9},"end":{"line":169,"column":60}}]},"3":{"loc":{"start":{"line":198,"column":4},"end":{"line":203,"column":5}},"type":"if","locations":[{"start":{"line":198,"column":4},"end":{"line":203,"column":5}}]},"4":{"loc":{"start":{"line":199,"column":6},"end":{"line":200,"column":54}},"type":"binary-expr","locations":[{"start":{"line":199,"column":6},"end":{"line":199,"column":27}},{"start":{"line":200,"column":7},"end":{"line":200,"column":28}},{"start":{"line":200,"column":32},"end":{"line":200,"column":53}}]},"5":{"loc":{"start":{"line":205,"column":6},"end":{"line":207,"column":54}},"type":"cond-expr","locations":[{"start":{"line":206,"column":10},"end":{"line":206,"column":68}},{"start":{"line":207,"column":10},"end":{"line":207,"column":54}}]},"6":{"loc":{"start":{"line":235,"column":31},"end":{"line":235,"column":60}},"type":"default-arg","locations":[{"start":{"line":235,"column":48},"end":{"line":235,"column":60}}]},"7":{"loc":{"start":{"line":244,"column":20},"end":{"line":244,"column":72}},"type":"cond-expr","locations":[{"start":{"line":244,"column":36},"end":{"line":244,"column":60}},{"start":{"line":244,"column":63},"end":{"line":244,"column":72}}]},"8":{"loc":{"start":{"line":246,"column":4},"end":{"line":253,"column":5}},"type":"if","locations":[{"start":{"line":246,"column":4},"end":{"line":253,"column":5}}]},"9":{"loc":{"start":{"line":255,"column":4},"end":{"line":261,"column":5}},"type":"if","locations":[{"start":{"line":255,"column":4},"end":{"line":261,"column":5}}]},"10":{"loc":{"start":{"line":263,"column":4},"end":{"line":270,"column":5}},"type":"if","locations":[{"start":{"line":263,"column":4},"end":{"line":270,"column":5}}]},"11":{"loc":{"start":{"line":280,"column":20},"end":{"line":280,"column":72}},"type":"cond-expr","locations":[{"start":{"line":280,"column":36},"end":{"line":280,"column":60}},{"start":{"line":280,"column":63},"end":{"line":280,"column":72}}]},"12":{"loc":{"start":{"line":281,"column":4},"end":{"line":288,"column":5}},"type":"if","locations":[{"start":{"line":281,"column":4},"end":{"line":288,"column":5}}]},"13":{"loc":{"start":{"line":289,"column":4},"end":{"line":295,"column":5}},"type":"if","locations":[{"start":{"line":289,"column":4},"end":{"line":295,"column":5}}]},"14":{"loc":{"start":{"line":304,"column":20},"end":{"line":304,"column":72}},"type":"cond-expr","locations":[{"start":{"line":304,"column":36},"end":{"line":304,"column":60}},{"start":{"line":304,"column":63},"end":{"line":304,"column":72}}]},"15":{"loc":{"start":{"line":305,"column":4},"end":{"line":312,"column":5}},"type":"if","locations":[{"start":{"line":305,"column":4},"end":{"line":312,"column":5}}]},"16":{"loc":{"start":{"line":313,"column":4},"end":{"line":320,"column":5}},"type":"if","locations":[{"start":{"line":313,"column":4},"end":{"line":320,"column":5}}]},"17":{"loc":{"start":{"line":321,"column":4},"end":{"line":327,"column":5}},"type":"if","locations":[{"start":{"line":321,"column":4},"end":{"line":327,"column":5}}]},"18":{"loc":{"start":{"line":336,"column":20},"end":{"line":336,"column":72}},"type":"cond-expr","locations":[{"start":{"line":336,"column":36},"end":{"line":336,"column":60}},{"start":{"line":336,"column":63},"end":{"line":336,"column":72}}]},"19":{"loc":{"start":{"line":337,"column":4},"end":{"line":343,"column":5}},"type":"if","locations":[{"start":{"line":337,"column":4},"end":{"line":343,"column":5}}]},"20":{"loc":{"start":{"line":352,"column":20},"end":{"line":352,"column":72}},"type":"cond-expr","locations":[{"start":{"line":352,"column":36},"end":{"line":352,"column":60}},{"start":{"line":352,"column":63},"end":{"line":352,"column":72}}]},"21":{"loc":{"start":{"line":353,"column":4},"end":{"line":360,"column":5}},"type":"if","locations":[{"start":{"line":353,"column":4},"end":{"line":360,"column":5}}]}},"s":{"0":25,"1":25,"2":25,"3":25,"4":25,"5":25,"6":25,"7":25,"8":25,"9":25,"10":25,"11":25,"12":33,"13":64,"14":44,"15":44,"16":44,"17":44,"18":44,"19":44,"20":44,"21":44,"22":108,"23":108,"24":108,"25":281,"26":281,"27":281,"28":108,"29":691,"30":691,"31":691,"32":691,"33":0,"34":0,"35":26,"36":26,"37":26,"38":0,"39":317,"40":1127,"41":0,"42":0,"43":0,"44":0,"45":0,"46":0,"47":15,"48":38,"49":38,"50":14,"51":14,"52":14,"53":14,"54":14,"55":38,"56":14,"57":14,"58":14,"59":14,"60":14,"61":38,"62":14,"63":14,"64":14,"65":14,"66":14,"67":38,"68":5,"69":5,"70":1,"71":1,"72":1,"73":1,"74":1,"75":5,"76":4,"77":4,"78":4,"79":4,"80":4,"81":5,"82":13,"83":13,"84":4,"85":4,"86":4,"87":4,"88":4,"89":13,"90":4,"91":4,"92":4,"93":4,"94":4,"95":13,"96":4,"97":4,"98":4,"99":4,"100":4,"101":13,"102":7,"103":7,"104":3,"105":3,"106":3,"107":3,"108":3,"109":7,"110":6,"111":6,"112":1,"113":1,"114":1,"115":1,"116":1,"117":6,"118":25},"f":{"0":33,"1":64,"2":44,"3":108,"4":108,"5":281,"6":691,"7":26,"8":317,"9":1127,"10":0,"11":0,"12":0,"13":15,"14":38,"15":5,"16":13,"17":7,"18":6},"b":{"0":[691,0],"1":[691,0],"2":[26,0],"3":[0],"4":[0,0,0],"5":[0,0],"6":[0],"7":[38,0],"8":[14],"9":[14],"10":[14],"11":[4,1],"12":[1],"13":[4],"14":[13,0],"15":[4],"16":[4],"17":[4],"18":[7,0],"19":[3],"20":[6,0],"21":[1]}}
,"/Users/mike/Documents/DeFi/MinaNFT/minanft-lib/src/baseminanftobject.ts": {"path":"/Users/mike/Documents/DeFi/MinaNFT/minanft-lib/src/baseminanftobject.ts","statementMap":{"0":{"start":{"line":2,"column":0},"end":{"line":2,"column":29}},"1":{"start":{"line":10,"column":4},"end":{"line":10,"column":30}},"2":{"start":{"line":11,"column":4},"end":{"line":11,"column":21}},"3":{"start":{"line":1,"column":9},"end":{"line":1,"column":26}}},"fnMap":{"0":{"name":"(anonymous_0)","decl":{"start":{"line":9,"column":2},"end":{"line":9,"column":14}},"loc":{"start":{"line":9,"column":37},"end":{"line":12,"column":3}}}},"branchMap":{},"s":{"0":25,"1":60,"2":60,"3":25},"f":{"0":60},"b":{}}
,"/Users/mike/Documents/DeFi/MinaNFT/minanft-lib/src/config.ts": {"path":"/Users/mike/Documents/DeFi/MinaNFT/minanft-lib/src/config.ts","statementMap":{"0":{"start":{"line":1,"column":15},"end":{"line":40,"column":2}},"1":{"start":{"line":42,"column":0},"end":{"line":42,"column":22}}},"fnMap":{},"branchMap":{},"s":{"0":26,"1":26},"f":{},"b":{}}
,"/Users/mike/Documents/DeFi/MinaNFT/minanft-lib/src/escrow.ts": {"path":"/Users/mike/Documents/DeFi/MinaNFT/minanft-lib/src/escrow.ts","statementMap":{"0":{"start":{"line":2,"column":0},"end":{"line":2,"column":null}},"1":{"start":{"line":12,"column":0},"end":{"line":12,"column":36}},"2":{"start":{"line":13,"column":0},"end":{"line":13,"column":57}},"3":{"start":{"line":15,"column":0},"end":{"line":15,"column":31}},"4":{"start":{"line":38,"column":4},"end":{"line":38,"column":27}},"5":{"start":{"line":45,"column":19},"end":{"line":45,"column":41}},"6":{"start":{"line":46,"column":28},"end":{"line":46,"column":61}},"7":{"start":{"line":47,"column":27},"end":{"line":47,"column":56}},"8":{"start":{"line":48,"column":4},"end":{"line":48,"column":34}},"9":{"start":{"line":49,"column":4},"end":{"line":51,"column":6}},"10":{"start":{"line":52,"column":4},"end":{"line":52,"column":46}},"11":{"start":{"line":53,"column":4},"end":{"line":53,"column":54}},"12":{"start":{"line":54,"column":23},"end":{"line":54,"column":54}},"13":{"start":{"line":56,"column":18},"end":{"line":56,"column":44}},"14":{"start":{"line":57,"column":24},"end":{"line":64,"column":null}},"15":{"start":{"line":60,"column":8},"end":{"line":60,"column":62}},"16":{"start":{"line":60,"column":25},"end":{"line":60,"column":62}},"17":{"start":{"line":61,"column":8},"end":{"line":61,"column":25}},"18":{"start":{"line":62,"column":8},"end":{"line":62,"column":48}},"19":{"start":{"line":63,"column":8},"end":{"line":63,"column":65}},"20":{"start":{"line":66,"column":4},"end":{"line":66,"column":50}},"21":{"start":{"line":67,"column":15},"end":{"line":67,"column":39}},"22":{"start":{"line":68,"column":4},"end":{"line":68,"column":62}},"23":{"start":{"line":69,"column":4},"end":{"line":72,"column":28}},"24":{"start":{"line":70,"column":6},"end":{"line":70,"column":36}},"25":{"start":{"line":71,"column":6},"end":{"line":71,"column":16}},"26":{"start":{"line":72,"column":11},"end":{"line":72,"column":28}},"27":{"start":{"line":82,"column":4},"end":{"line":84,"column":5}},"28":{"start":{"line":83,"column":6},"end":{"line":83,"column":45}},"29":{"start":{"line":86,"column":4},"end":{"line":86,"column":34}},"30":{"start":{"line":87,"column":19},"end":{"line":87,"column":38}},"31":{"start":{"line":88,"column":18},"end":{"line":88,"column":42}},"32":{"start":{"line":89,"column":33},"end":{"line":89,"column":73}},"33":{"start":{"line":90,"column":37},"end":{"line":90,"column":73}},"34":{"start":{"line":91,"column":4},"end":{"line":91,"column":46}},"35":{"start":{"line":92,"column":4},"end":{"line":92,"column":52}},"36":{"start":{"line":94,"column":24},"end":{"line":101,"column":null}},"37":{"start":{"line":97,"column":8},"end":{"line":97,"column":54}},"38":{"start":{"line":98,"column":29},"end":{"line":98,"column":70}},"39":{"start":{"line":99,"column":8},"end":{"line":99,"column":40}},"40":{"start":{"line":100,"column":8},"end":{"line":100,"column":62}},"41":{"start":{"line":103,"column":4},"end":{"line":103,"column":21}},"42":{"start":{"line":104,"column":4},"end":{"line":104,"column":30}},"43":{"start":{"line":105,"column":4},"end":{"line":105,"column":30}},"44":{"start":{"line":106,"column":15},"end":{"line":106,"column":39}},"45":{"start":{"line":107,"column":4},"end":{"line":107,"column":56}},"46":{"start":{"line":108,"column":4},"end":{"line":110,"column":28}},"47":{"start":{"line":109,"column":6},"end":{"line":109,"column":31}},"48":{"start":{"line":110,"column":11},"end":{"line":110,"column":28}},"49":{"start":{"line":119,"column":4},"end":{"line":121,"column":5}},"50":{"start":{"line":120,"column":6},"end":{"line":120,"column":45}},"51":{"start":{"line":123,"column":4},"end":{"line":123,"column":34}},"52":{"start":{"line":124,"column":19},"end":{"line":124,"column":39}},"53":{"start":{"line":125,"column":18},"end":{"line":125,"column":42}},"54":{"start":{"line":126,"column":33},"end":{"line":126,"column":74}},"55":{"start":{"line":128,"column":37},"end":{"line":128,"column":73}},"56":{"start":{"line":129,"column":4},"end":{"line":129,"column":46}},"57":{"start":{"line":130,"column":4},"end":{"line":130,"column":52}},"58":{"start":{"line":132,"column":24},"end":{"line":136,"column":null}},"59":{"start":{"line":135,"column":8},"end":{"line":135,"column":59}},"60":{"start":{"line":138,"column":4},"end":{"line":138,"column":21}},"61":{"start":{"line":139,"column":4},"end":{"line":139,"column":30}},"62":{"start":{"line":140,"column":4},"end":{"line":140,"column":31}},"63":{"start":{"line":141,"column":15},"end":{"line":141,"column":39}},"64":{"start":{"line":142,"column":4},"end":{"line":142,"column":61}},"65":{"start":{"line":143,"column":4},"end":{"line":145,"column":28}},"66":{"start":{"line":144,"column":6},"end":{"line":144,"column":31}},"67":{"start":{"line":145,"column":11},"end":{"line":145,"column":28}},"68":{"start":{"line":162,"column":8},"end":{"line":162,"column":20}},"69":{"start":{"line":164,"column":4},"end":{"line":166,"column":5}},"70":{"start":{"line":165,"column":6},"end":{"line":165,"column":45}},"71":{"start":{"line":167,"column":4},"end":{"line":171,"column":5}},"72":{"start":{"line":168,"column":6},"end":{"line":170,"column":8}},"73":{"start":{"line":173,"column":4},"end":{"line":173,"column":34}},"74":{"start":{"line":174,"column":19},"end":{"line":174,"column":39}},"75":{"start":{"line":175,"column":18},"end":{"line":175,"column":42}},"76":{"start":{"line":176,"column":33},"end":{"line":176,"column":74}},"77":{"start":{"line":177,"column":4},"end":{"line":177,"column":46}},"78":{"start":{"line":178,"column":4},"end":{"line":178,"column":52}},"79":{"start":{"line":179,"column":4},"end":{"line":179,"column":51}},"80":{"start":{"line":180,"column":4},"end":{"line":180,"column":52}},"81":{"start":{"line":181,"column":23},"end":{"line":181,"column":52}},"82":{"start":{"line":182,"column":20},"end":{"line":182,"column":41}},"83":{"start":{"line":183,"column":20},"end":{"line":183,"column":49}},"84":{"start":{"line":184,"column":4},"end":{"line":190,"column":6}},"85":{"start":{"line":207,"column":24},"end":{"line":227,"column":null}},"86":{"start":{"line":210,"column":8},"end":{"line":223,"column":10}},"87":{"start":{"line":224,"column":29},"end":{"line":224,"column":71}},"88":{"start":{"line":225,"column":8},"end":{"line":225,"column":40}},"89":{"start":{"line":226,"column":8},"end":{"line":226,"column":62}},"90":{"start":{"line":229,"column":4},"end":{"line":229,"column":21}},"91":{"start":{"line":230,"column":4},"end":{"line":230,"column":30}},"92":{"start":{"line":231,"column":4},"end":{"line":231,"column":31}},"93":{"start":{"line":232,"column":15},"end":{"line":232,"column":39}},"94":{"start":{"line":233,"column":4},"end":{"line":233,"column":57}},"95":{"start":{"line":234,"column":4},"end":{"line":236,"column":28}},"96":{"start":{"line":235,"column":6},"end":{"line":235,"column":16}},"97":{"start":{"line":236,"column":11},"end":{"line":236,"column":28}},"98":{"start":{"line":1,"column":9},"end":{"line":1,"column":22}}},"fnMap":{"0":{"name":"(anonymous_0)","decl":{"start":{"line":37,"column":2},"end":{"line":37,"column":14}},"loc":{"start":{"line":37,"column":33},"end":{"line":39,"column":3}}},"1":{"name":"(anonymous_1)","decl":{"start":{"line":41,"column":9},"end":{"line":41,"column":14}},"loc":{"start":{"line":43,"column":50},"end":{"line":73,"column":3}}},"2":{"name":"(anonymous_2)","decl":{"start":{"line":59,"column":6},"end":{"line":59,"column":9}},"loc":{"start":{"line":59,"column":11},"end":{"line":64,"column":7}}},"3":{"name":"(anonymous_3)","decl":{"start":{"line":75,"column":9},"end":{"line":75,"column":14}},"loc":{"start":{"line":78,"column":21},"end":{"line":111,"column":3}}},"4":{"name":"(anonymous_4)","decl":{"start":{"line":96,"column":6},"end":{"line":96,"column":9}},"loc":{"start":{"line":96,"column":11},"end":{"line":101,"column":7}}},"5":{"name":"(anonymous_5)","decl":{"start":{"line":113,"column":9},"end":{"line":113,"column":14}},"loc":{"start":{"line":115,"column":22},"end":{"line":146,"column":3}}},"6":{"name":"(anonymous_6)","decl":{"start":{"line":134,"column":6},"end":{"line":134,"column":9}},"loc":{"start":{"line":134,"column":11},"end":{"line":136,"column":7}}},"7":{"name":"(anonymous_7)","decl":{"start":{"line":148,"column":9},"end":{"line":148,"column":14}},"loc":{"start":{"line":149,"column":36},"end":{"line":237,"column":3}}},"8":{"name":"(anonymous_8)","decl":{"start":{"line":209,"column":6},"end":{"line":209,"column":9}},"loc":{"start":{"line":209,"column":11},"end":{"line":227,"column":7}}}},"branchMap":{"0":{"loc":{"start":{"line":43,"column":4},"end":{"line":43,"column":50}},"type":"default-arg","locations":[{"start":{"line":43,"column":41},"end":{"line":43,"column":50}}]},"1":{"loc":{"start":{"line":46,"column":28},"end":{"line":46,"column":61}},"type":"binary-expr","locations":[{"start":{"line":46,"column":28},"end":{"line":46,"column":38}},{"start":{"line":46,"column":42},"end":{"line":46,"column":61}}]},"2":{"loc":{"start":{"line":60,"column":8},"end":{"line":60,"column":62}},"type":"if","locations":[{"start":{"line":60,"column":8},"end":{"line":60,"column":62}}]},"3":{"loc":{"start":{"line":69,"column":4},"end":{"line":72,"column":28}},"type":"if","locations":[{"start":{"line":69,"column":4},"end":{"line":72,"column":28}},{"start":{"line":72,"column":11},"end":{"line":72,"column":28}}]},"4":{"loc":{"start":{"line":82,"column":4},"end":{"line":84,"column":5}},"type":"if","locations":[{"start":{"line":82,"column":4},"end":{"line":84,"column":5}}]},"5":{"loc":{"start":{"line":108,"column":4},"end":{"line":110,"column":28}},"type":"if","locations":[{"start":{"line":108,"column":4},"end":{"line":110,"column":28}},{"start":{"line":110,"column":11},"end":{"line":110,"column":28}}]},"6":{"loc":{"start":{"line":119,"column":4},"end":{"line":121,"column":5}},"type":"if","locations":[{"start":{"line":119,"column":4},"end":{"line":121,"column":5}}]},"7":{"loc":{"start":{"line":143,"column":4},"end":{"line":145,"column":28}},"type":"if","locations":[{"start":{"line":143,"column":4},"end":{"line":145,"column":28}},{"start":{"line":145,"column":11},"end":{"line":145,"column":28}}]},"8":{"loc":{"start":{"line":164,"column":4},"end":{"line":166,"column":5}},"type":"if","locations":[{"start":{"line":164,"column":4},"end":{"line":166,"column":5}}]},"9":{"loc":{"start":{"line":167,"column":4},"end":{"line":171,"column":5}},"type":"if","locations":[{"start":{"line":167,"column":4},"end":{"line":171,"column":5}}]},"10":{"loc":{"start":{"line":234,"column":4},"end":{"line":236,"column":28}},"type":"if","locations":[{"start":{"line":234,"column":4},"end":{"line":236,"column":28}},{"start":{"line":236,"column":11},"end":{"line":236,"column":28}}]}},"s":{"0":2,"1":2,"2":2,"3":2,"4":2,"5":2,"6":2,"7":2,"8":2,"9":2,"10":2,"11":2,"12":2,"13":2,"14":2,"15":4,"16":4,"17":4,"18":4,"19":4,"20":2,"21":2,"22":2,"23":2,"24":2,"25":2,"26":0,"27":1,"28":0,"29":1,"30":1,"31":1,"32":1,"33":1,"34":1,"35":1,"36":1,"37":2,"38":2,"39":2,"40":2,"41":1,"42":1,"43":1,"44":1,"45":1,"46":1,"47":1,"48":0,"49":1,"50":0,"51":1,"52":1,"53":1,"54":1,"55":1,"56":1,"57":1,"58":1,"59":2,"60":1,"61":1,"62":1,"63":1,"64":1,"65":1,"66":1,"67":0,"68":1,"69":1,"70":0,"71":1,"72":0,"73":1,"74":1,"75":1,"76":1,"77":1,"78":1,"79":1,"80":1,"81":1,"82":1,"83":1,"84":1,"85":1,"86":2,"87":2,"88":2,"89":2,"90":1,"91":1,"92":1,"93":1,"94":1,"95":1,"96":1,"97":0,"98":2},"f":{"0":2,"1":2,"2":4,"3":1,"4":2,"5":1,"6":2,"7":1,"8":2},"b":{"0":[1],"1":[2,1],"2":[4],"3":[2,0],"4":[0],"5":[1,0],"6":[0],"7":[1,0],"8":[0],"9":[0],"10":[1,0]}}
,"/Users/mike/Documents/DeFi/MinaNFT/minanft-lib/src/fetch.ts": {"path":"/Users/mike/Documents/DeFi/MinaNFT/minanft-lib/src/fetch.ts","statementMap":{"0":{"start":{"line":1,"column":0},"end":{"line":1,"column":null}},"1":{"start":{"line":8,"column":0},"end":{"line":8,"column":31}},"2":{"start":{"line":15,"column":40},"end":{"line":15,"column":46}},"3":{"start":{"line":16,"column":18},"end":{"line":16,"column":32}},"4":{"start":{"line":17,"column":20},"end":{"line":17,"column":30}},"5":{"start":{"line":18,"column":15},"end":{"line":18,"column":37}},"6":{"start":{"line":19,"column":2},"end":{"line":49,"column":3}},"7":{"start":{"line":20,"column":4},"end":{"line":47,"column":5}},"8":{"start":{"line":21,"column":21},"end":{"line":24,"column":8}},"9":{"start":{"line":25,"column":6},"end":{"line":25,"column":20}},"10":{"start":{"line":36,"column":6},"end":{"line":46,"column":7}},"11":{"start":{"line":36,"column":26},"end":{"line":36,"column":71}},"12":{"start":{"line":38,"column":8},"end":{"line":44,"column":10}},"13":{"start":{"line":45,"column":8},"end":{"line":45,"column":22}},"14":{"start":{"line":48,"column":4},"end":{"line":48,"column":27}},"15":{"start":{"line":50,"column":2},"end":{"line":55,"column":4}},"16":{"start":{"line":56,"column":2},"end":{"line":56,"column":16}},"17":{"start":{"line":10,"column":0},"end":{"line":10,"column":7}},"18":{"start":{"line":64,"column":18},"end":{"line":64,"column":33}},"19":{"start":{"line":65,"column":20},"end":{"line":65,"column":30}},"20":{"start":{"line":66,"column":2},"end":{"line":81,"column":3}},"21":{"start":{"line":67,"column":4},"end":{"line":79,"column":5}},"22":{"start":{"line":68,"column":20},"end":{"line":71,"column":8}},"23":{"start":{"line":72,"column":6},"end":{"line":73,"column":62}},"24":{"start":{"line":72,"column":34},"end":{"line":72,"column":49}},"25":{"start":{"line":73,"column":11},"end":{"line":73,"column":62}},"26":{"start":{"line":75,"column":6},"end":{"line":78,"column":8}},"27":{"start":{"line":80,"column":4},"end":{"line":80,"column":31}},"28":{"start":{"line":82,"column":2},"end":{"line":82,"column":45}},"29":{"start":{"line":83,"column":2},"end":{"line":83,"column":19}},"30":{"start":{"line":59,"column":0},"end":{"line":59,"column":7}},"31":{"start":{"line":87,"column":2},"end":{"line":93,"column":3}},"32":{"start":{"line":88,"column":19},"end":{"line":88,"column":52}},"33":{"start":{"line":89,"column":4},"end":{"line":89,"column":18}},"34":{"start":{"line":91,"column":4},"end":{"line":91,"column":60}},"35":{"start":{"line":92,"column":4},"end":{"line":92,"column":30}},"36":{"start":{"line":86,"column":0},"end":{"line":86,"column":7}}},"fnMap":{"0":{"name":"fetchMinaAccount","decl":{"start":{"line":10,"column":22},"end":{"line":10,"column":38}},"loc":{"start":{"line":14,"column":1},"end":{"line":57,"column":1}}},"1":{"name":"fetchMinaActions","decl":{"start":{"line":59,"column":22},"end":{"line":59,"column":38}},"loc":{"start":{"line":62,"column":24},"end":{"line":84,"column":1}}},"2":{"name":"checkMinaZkappTransaction","decl":{"start":{"line":86,"column":22},"end":{"line":86,"column":47}},"loc":{"start":{"line":86,"column":60},"end":{"line":94,"column":1}}}},"branchMap":{"0":{"loc":{"start":{"line":36,"column":6},"end":{"line":46,"column":7}},"type":"if","locations":[{"start":{"line":36,"column":6},"end":{"line":46,"column":7}},{"start":{"line":37,"column":11},"end":{"line":46,"column":7}}]},"1":{"loc":{"start":{"line":40,"column":10},"end":{"line":40,"column":74}},"type":"cond-expr","locations":[{"start":{"line":40,"column":42},"end":{"line":40,"column":51}},{"start":{"line":40,"column":54},"end":{"line":40,"column":74}}]},"2":{"loc":{"start":{"line":52,"column":4},"end":{"line":52,"column":68}},"type":"cond-expr","locations":[{"start":{"line":52,"column":36},"end":{"line":52,"column":45}},{"start":{"line":52,"column":48},"end":{"line":52,"column":68}}]},"3":{"loc":{"start":{"line":72,"column":6},"end":{"line":73,"column":62}},"type":"if","locations":[{"start":{"line":72,"column":6},"end":{"line":73,"column":62}},{"start":{"line":73,"column":11},"end":{"line":73,"column":62}}]}},"s":{"0":27,"1":27,"2":232,"3":232,"4":232,"5":232,"6":232,"7":232,"8":232,"9":232,"10":0,"11":0,"12":0,"13":0,"14":0,"15":0,"16":0,"17":27,"18":0,"19":0,"20":0,"21":0,"22":0,"23":0,"24":0,"25":0,"26":0,"27":0,"28":0,"29":0,"30":27,"31":0,"32":0,"33":0,"34":0,"35":0,"36":27},"f":{"0":232,"1":0,"2":0},"b":{"0":[0,0],"1":[0,0],"2":[0,0],"3":[0,0]}}
,"/Users/mike/Documents/DeFi/MinaNFT/minanft-lib/src/mina.ts": {"path":"/Users/mike/Documents/DeFi/MinaNFT/minanft-lib/src/mina.ts","statementMap":{"0":{"start":{"line":13,"column":0},"end":{"line":13,"column":59}},"1":{"start":{"line":14,"column":0},"end":{"line":14,"column":null}},"2":{"start":{"line":22,"column":0},"end":{"line":22,"column":43}},"3":{"start":{"line":42,"column":2},"end":{"line":83,"column":3}},"4":{"start":{"line":43,"column":18},"end":{"line":43,"column":63}},"5":{"start":{"line":44,"column":4},"end":{"line":44,"column":34}},"6":{"start":{"line":45,"column":4},"end":{"line":45,"column":40}},"7":{"start":{"line":46,"column":9},"end":{"line":83,"column":3}},"8":{"start":{"line":47,"column":20},"end":{"line":50,"column":6}},"9":{"start":{"line":51,"column":4},"end":{"line":51,"column":36}},"10":{"start":{"line":52,"column":4},"end":{"line":52,"column":39}},"11":{"start":{"line":53,"column":9},"end":{"line":83,"column":3}},"12":{"start":{"line":54,"column":20},"end":{"line":57,"column":6}},"13":{"start":{"line":58,"column":4},"end":{"line":58,"column":36}},"14":{"start":{"line":59,"column":4},"end":{"line":59,"column":37}},"15":{"start":{"line":60,"column":9},"end":{"line":83,"column":3}},"16":{"start":{"line":61,"column":20},"end":{"line":63,"column":6}},"17":{"start":{"line":64,"column":4},"end":{"line":64,"column":36}},"18":{"start":{"line":65,"column":4},"end":{"line":65,"column":35}},"19":{"start":{"line":66,"column":9},"end":{"line":83,"column":3}},"20":{"start":{"line":67,"column":20},"end":{"line":70,"column":6}},"21":{"start":{"line":71,"column":4},"end":{"line":71,"column":36}},"22":{"start":{"line":72,"column":4},"end":{"line":72,"column":41}},"23":{"start":{"line":73,"column":9},"end":{"line":83,"column":3}},"24":{"start":{"line":74,"column":20},"end":{"line":78,"column":6}},"25":{"start":{"line":79,"column":4},"end":{"line":79,"column":36}},"26":{"start":{"line":80,"column":4},"end":{"line":80,"column":39}},"27":{"start":{"line":82,"column":4},"end":{"line":82,"column":62}},"28":{"start":{"line":3,"column":2},"end":{"line":3,"column":16}},"29":{"start":{"line":90,"column":2},"end":{"line":90,"column":56}},"30":{"start":{"line":91,"column":2},"end":{"line":92,"column":29}},"31":{"start":{"line":91,"column":32},"end":{"line":91,"column":64}},"32":{"start":{"line":92,"column":7},"end":{"line":92,"column":29}},"33":{"start":{"line":7,"column":2},"end":{"line":7,"column":16}},"34":{"start":{"line":99,"column":2},"end":{"line":99,"column":73}},"35":{"start":{"line":8,"column":2},"end":{"line":8,"column":20}},"36":{"start":{"line":103,"column":2},"end":{"line":103,"column":59}},"37":{"start":{"line":103,"column":34},"end":{"line":103,"column":57}},"38":{"start":{"line":6,"column":2},"end":{"line":6,"column":7}},"39":{"start":{"line":108,"column":26},"end":{"line":108,"column":28}},"40":{"start":{"line":110,"column":28},"end":{"line":110,"column":66}},"41":{"start":{"line":112,"column":2},"end":{"line":114,"column":3}},"42":{"start":{"line":112,"column":15},"end":{"line":112,"column":16}},"43":{"start":{"line":113,"column":4},"end":{"line":113,"column":80}},"44":{"start":{"line":116,"column":2},"end":{"line":116,"column":19}},"45":{"start":{"line":5,"column":2},"end":{"line":5,"column":12}},"46":{"start":{"line":120,"column":2},"end":{"line":120,"column":34}},"47":{"start":{"line":120,"column":24},"end":{"line":120,"column":34}},"48":{"start":{"line":121,"column":2},"end":{"line":121,"column":46}},"49":{"start":{"line":121,"column":17},"end":{"line":121,"column":46}},"50":{"start":{"line":122,"column":2},"end":{"line":123,"column":64}},"51":{"start":{"line":123,"column":4},"end":{"line":123,"column":64}},"52":{"start":{"line":124,"column":2},"end":{"line":125,"column":69}},"53":{"start":{"line":125,"column":4},"end":{"line":125,"column":69}},"54":{"start":{"line":126,"column":2},"end":{"line":126,"column":70}},"55":{"start":{"line":9,"column":2},"end":{"line":9,"column":12}},"56":{"start":{"line":133,"column":4},"end":{"line":133,"column":19}},"57":{"start":{"line":138,"column":23},"end":{"line":138,"column":44}},"58":{"start":{"line":139,"column":30},"end":{"line":140,"column":44}},"59":{"start":{"line":140,"column":6},"end":{"line":140,"column":44}},"60":{"start":{"line":141,"column":19},"end":{"line":141,"column":29}},"61":{"start":{"line":142,"column":4},"end":{"line":142,"column":58}},"62":{"start":{"line":144,"column":24},"end":{"line":168,"column":10}},"63":{"start":{"line":170,"column":4},"end":{"line":170,"column":29}},"64":{"start":{"line":4,"column":2},"end":{"line":4,"column":8}},"65":{"start":{"line":131,"column":9},"end":{"line":131,"column":25}}},"fnMap":{"0":{"name":"initBlockchain","decl":{"start":{"line":41,"column":9},"end":{"line":41,"column":23}},"loc":{"start":{"line":41,"column":44},"end":{"line":84,"column":1}}},"1":{"name":"accountBalance","decl":{"start":{"line":86,"column":15},"end":{"line":86,"column":29}},"loc":{"start":{"line":88,"column":24},"end":{"line":93,"column":1}}},"2":{"name":"accountBalanceMina","decl":{"start":{"line":95,"column":15},"end":{"line":95,"column":33}},"loc":{"start":{"line":97,"column":24},"end":{"line":100,"column":1}}},"3":{"name":"sleep","decl":{"start":{"line":102,"column":9},"end":{"line":102,"column":14}},"loc":{"start":{"line":102,"column":25},"end":{"line":104,"column":1}}},"4":{"name":"(anonymous_4)","decl":{"start":{"line":103,"column":21},"end":{"line":103,"column":22}},"loc":{"start":{"line":103,"column":34},"end":{"line":103,"column":57}}},"5":{"name":"makeString","decl":{"start":{"line":106,"column":9},"end":{"line":106,"column":19}},"loc":{"start":{"line":106,"column":34},"end":{"line":117,"column":1}}},"6":{"name":"formatTime","decl":{"start":{"line":119,"column":9},"end":{"line":119,"column":19}},"loc":{"start":{"line":119,"column":30},"end":{"line":127,"column":1}}},"7":{"name":"(anonymous_7)","decl":{"start":{"line":132,"column":2},"end":{"line":132,"column":null}},"loc":{"start":{"line":132,"column":2},"end":{"line":134,"column":3}}},"8":{"name":"(anonymous_8)","decl":{"start":{"line":137,"column":9},"end":{"line":137,"column":15}},"loc":{"start":{"line":137,"column":72},"end":{"line":171,"column":3}}},"9":{"name":"(anonymous_9)","decl":{"start":{"line":139,"column":30},"end":{"line":139,"column":31}},"loc":{"start":{"line":140,"column":6},"end":{"line":140,"column":44}}}},"branchMap":{"0":{"loc":{"start":{"line":42,"column":2},"end":{"line":83,"column":3}},"type":"if","locations":[{"start":{"line":42,"column":2},"end":{"line":83,"column":3}},{"start":{"line":46,"column":9},"end":{"line":83,"column":3}}]},"1":{"loc":{"start":{"line":46,"column":9},"end":{"line":83,"column":3}},"type":"if","locations":[{"start":{"line":46,"column":9},"end":{"line":83,"column":3}},{"start":{"line":53,"column":9},"end":{"line":83,"column":3}}]},"2":{"loc":{"start":{"line":53,"column":9},"end":{"line":83,"column":3}},"type":"if","locations":[{"start":{"line":53,"column":9},"end":{"line":83,"column":3}},{"start":{"line":60,"column":9},"end":{"line":83,"column":3}}]},"3":{"loc":{"start":{"line":60,"column":9},"end":{"line":83,"column":3}},"type":"if","locations":[{"start":{"line":60,"column":9},"end":{"line":83,"column":3}},{"start":{"line":66,"column":9},"end":{"line":83,"column":3}}]},"4":{"loc":{"start":{"line":66,"column":9},"end":{"line":83,"column":3}},"type":"if","locations":[{"start":{"line":66,"column":9},"end":{"line":83,"column":3}},{"start":{"line":73,"column":9},"end":{"line":83,"column":3}}]},"5":{"loc":{"start":{"line":73,"column":9},"end":{"line":83,"column":3}},"type":"if","locations":[{"start":{"line":73,"column":9},"end":{"line":83,"column":3}},{"start":{"line":81,"column":9},"end":{"line":83,"column":3}}]},"6":{"loc":{"start":{"line":88,"column":2},"end":{"line":88,"column":24}},"type":"default-arg","locations":[{"start":{"line":88,"column":19},"end":{"line":88,"column":24}}]},"7":{"loc":{"start":{"line":91,"column":2},"end":{"line":92,"column":29}},"type":"if","locations":[{"start":{"line":91,"column":2},"end":{"line":92,"column":29}},{"start":{"line":92,"column":7},"end":{"line":92,"column":29}}]},"8":{"loc":{"start":{"line":97,"column":2},"end":{"line":97,"column":24}},"type":"default-arg","locations":[{"start":{"line":97,"column":19},"end":{"line":97,"column":24}}]},"9":{"loc":{"start":{"line":120,"column":2},"end":{"line":120,"column":34}},"type":"if","locations":[{"start":{"line":120,"column":2},"end":{"line":120,"column":34}}]},"10":{"loc":{"start":{"line":121,"column":2},"end":{"line":121,"column":46}},"type":"if","locations":[{"start":{"line":121,"column":2},"end":{"line":121,"column":46}}]},"11":{"loc":{"start":{"line":122,"column":2},"end":{"line":123,"column":64}},"type":"if","locations":[{"start":{"line":122,"column":2},"end":{"line":123,"column":64}}]},"12":{"loc":{"start":{"line":124,"column":2},"end":{"line":125,"column":69}},"type":"if","locations":[{"start":{"line":124,"column":2},"end":{"line":125,"column":69}}]},"13":{"loc":{"start":{"line":137,"column":21},"end":{"line":137,"column":45}},"type":"default-arg","locations":[{"start":{"line":137,"column":43},"end":{"line":137,"column":45}}]},"14":{"loc":{"start":{"line":137,"column":47},"end":{"line":137,"column":72}},"type":"default-arg","locations":[{"start":{"line":137,"column":67},"end":{"line":137,"column":72}}]},"15":{"loc":{"start":{"line":144,"column":24},"end":{"line":168,"column":10}},"type":"cond-expr","locations":[{"start":{"line":145,"column":8},"end":{"line":163,"column":null}},{"start":{"line":164,"column":8},"end":{"line":168,"column":10}}]},"16":{"loc":{"start":{"line":147,"column":24},"end":{"line":149,"column":33}},"type":"cond-expr","locations":[{"start":{"line":148,"column":14},"end":{"line":148,"column":15}},{"start":{"line":149,"column":14},"end":{"line":149,"column":33}}]},"17":{"loc":{"start":{"line":165,"column":10},"end":{"line":167,"column":null}},"type":"cond-expr","locations":[{"start":{"line":166,"column":14},"end":{"line":166,"column":16}},{"start":{"line":167,"column":14},"end":{"line":167,"column":null}}]}},"s":{"0":27,"1":27,"2":27,"3":3,"4":1,"5":1,"6":1,"7":2,"8":2,"9":2,"10":2,"11":0,"12":0,"13":0,"14":0,"15":0,"16":0,"17":0,"18":0,"19":0,"20":0,"21":0,"22":0,"23":0,"24":0,"25":0,"26":0,"27":0,"28":27,"29":30,"30":30,"31":30,"32":0,"33":27,"34":1,"35":27,"36":128,"37":128,"38":27,"39":1,"40":1,"41":1,"42":1,"43":10,"44":1,"45":27,"46":0,"47":0,"48":0,"49":0,"50":0,"51":0,"52":0,"53":0,"54":0,"55":27,"56":0,"57":110,"58":110,"59":110,"60":110,"61":110,"62":110,"63":110,"64":27,"65":27},"f":{"0":3,"1":30,"2":1,"3":128,"4":128,"5":1,"6":0,"7":0,"8":110,"9":110},"b":{"0":[1,2],"1":[2,0],"2":[0,0],"3":[0,0],"4":[0,0],"5":[0,0],"6":[26],"7":[30,0],"8":[1],"9":[0],"10":[0],"11":[0],"12":[0],"13":[0],"14":[110],"15":[0,110],"16":[0,0],"17":[22,88]}}
,"/Users/mike/Documents/DeFi/MinaNFT/minanft-lib/src/minanft.ts": {"path":"/Users/mike/Documents/DeFi/MinaNFT/minanft-lib/src/minanft.ts","statementMap":{"0":{"start":{"line":4,"column":0},"end":{"line":4,"column":null}},"1":{"start":{"line":17,"column":0},"end":{"line":17,"column":26}},"2":{"start":{"line":18,"column":0},"end":{"line":18,"column":43}},"3":{"start":{"line":19,"column":0},"end":{"line":19,"column":44}},"4":{"start":{"line":20,"column":0},"end":{"line":20,"column":52}},"5":{"start":{"line":21,"column":0},"end":{"line":21,"column":49}},"6":{"start":{"line":22,"column":0},"end":{"line":22,"column":null}},"7":{"start":{"line":27,"column":0},"end":{"line":27,"column":64}},"8":{"start":{"line":28,"column":0},"end":{"line":28,"column":null}},"9":{"start":{"line":37,"column":0},"end":{"line":37,"column":53}},"10":{"start":{"line":38,"column":0},"end":{"line":38,"column":42}},"11":{"start":{"line":39,"column":0},"end":{"line":39,"column":48}},"12":{"start":{"line":41,"column":0},"end":{"line":41,"column":38}},"13":{"start":{"line":42,"column":0},"end":{"line":42,"column":44}},"14":{"start":{"line":56,"column":0},"end":{"line":56,"column":40}},"15":{"start":{"line":57,"column":0},"end":{"line":57,"column":72}},"16":{"start":{"line":58,"column":0},"end":{"line":58,"column":30}},"17":{"start":{"line":59,"column":0},"end":{"line":59,"column":52}},"18":{"start":{"line":60,"column":42},"end":{"line":60,"column":48}},"19":{"start":{"line":121,"column":4},"end":{"line":121,"column":12}},"20":{"start":{"line":122,"column":4},"end":{"line":122,"column":73}},"21":{"start":{"line":123,"column":4},"end":{"line":123,"column":55}},"22":{"start":{"line":124,"column":4},"end":{"line":124,"column":40}},"23":{"start":{"line":125,"column":4},"end":{"line":125,"column":42}},"24":{"start":{"line":126,"column":4},"end":{"line":126,"column":44}},"25":{"start":{"line":127,"column":4},"end":{"line":127,"column":34}},"26":{"start":{"line":128,"column":4},"end":{"line":128,"column":64}},"27":{"start":{"line":129,"column":4},"end":{"line":129,"column":34}},"28":{"start":{"line":130,"column":4},"end":{"line":130,"column":22}},"29":{"start":{"line":131,"column":24},"end":{"line":131,"column":41}},"30":{"start":{"line":132,"column":4},"end":{"line":132,"column":46}},"31":{"start":{"line":133,"column":4},"end":{"line":133,"column":42}},"32":{"start":{"line":134,"column":4},"end":{"line":136,"column":5}},"33":{"start":{"line":135,"column":6},"end":{"line":135,"column":68}},"34":{"start":{"line":137,"column":24},"end":{"line":137,"column":72}},"35":{"start":{"line":138,"column":4},"end":{"line":138,"column":40}},"36":{"start":{"line":150,"column":4},"end":{"line":153,"column":5}},"37":{"start":{"line":151,"column":6},"end":{"line":151,"column":46}},"38":{"start":{"line":152,"column":6},"end":{"line":152,"column":13}},"39":{"start":{"line":154,"column":4},"end":{"line":156,"column":5}},"40":{"start":{"line":155,"column":6},"end":{"line":155,"column":68}},"41":{"start":{"line":157,"column":24},"end":{"line":157,"column":72}},"42":{"start":{"line":158,"column":20},"end":{"line":158,"column":40}},"43":{"start":{"line":159,"column":16},"end":{"line":159,"column":58}},"44":{"start":{"line":160,"column":4},"end":{"line":160,"column":65}},"45":{"start":{"line":161,"column":4},"end":{"line":164,"column":5}},"46":{"start":{"line":162,"column":6},"end":{"line":162,"column":45}},"47":{"start":{"line":163,"column":6},"end":{"line":163,"column":13}},"48":{"start":{"line":166,"column":17},"end":{"line":166,"column":31}},"49":{"start":{"line":167,"column":20},"end":{"line":167,"column":37}},"50":{"start":{"line":168,"column":18},"end":{"line":168,"column":33}},"51":{"start":{"line":169,"column":19},"end":{"line":169,"column":35}},"52":{"start":{"line":170,"column":21},"end":{"line":170,"column":39}},"53":{"start":{"line":171,"column":20},"end":{"line":171,"column":37}},"54":{"start":{"line":190,"column":20},"end":{"line":190,"column":49}},"55":{"start":{"line":191,"column":4},"end":{"line":191,"column":68}},"56":{"start":{"line":191,"column":31},"end":{"line":191,"column":68}},"57":{"start":{"line":192,"column":23},"end":{"line":192,"column":67}},"58":{"start":{"line":193,"column":4},"end":{"line":193,"column":30}},"59":{"start":{"line":194,"column":4},"end":{"line":194,"column":23}},"60":{"start":{"line":195,"column":4},"end":{"line":195,"column":25}},"61":{"start":{"line":196,"column":4},"end":{"line":196,"column":27}},"62":{"start":{"line":197,"column":4},"end":{"line":197,"column":33}},"63":{"start":{"line":198,"column":4},"end":{"line":198,"column":25}},"64":{"start":{"line":199,"column":4},"end":{"line":199,"column":27}},"65":{"start":{"line":200,"column":4},"end":{"line":200,"column":43}},"66":{"start":{"line":203,"column":4},"end":{"line":208,"column":5}},"67":{"start":{"line":207,"column":6},"end":{"line":207,"column":48}},"68":{"start":{"line":210,"column":6},"end":{"line":212,"column":54}},"69":{"start":{"line":214,"column":6},"end":{"line":216,"column":33}},"70":{"start":{"line":220,"column":4},"end":{"line":220,"column":37}},"71":{"start":{"line":221,"column":4},"end":{"line":221,"column":74}},"72":{"start":{"line":221,"column":32},"end":{"line":221,"column":74}},"73":{"start":{"line":222,"column":4},"end":{"line":223,"column":51}},"74":{"start":{"line":223,"column":6},"end":{"line":223,"column":51}},"75":{"start":{"line":224,"column":4},"end":{"line":225,"column":57}},"76":{"start":{"line":225,"column":6},"end":{"line":225,"column":57}},"77":{"start":{"line":226,"column":4},"end":{"line":227,"column":57}},"78":{"start":{"line":227,"column":6},"end":{"line":227,"column":57}},"79":{"start":{"line":229,"column":4},"end":{"line":314,"column":7}},"80":{"start":{"line":230,"column":6},"end":{"line":231,"column":77}},"81":{"start":{"line":231,"column":8},"end":{"line":231,"column":77}},"82":{"start":{"line":232,"column":6},"end":{"line":233,"column":79}},"83":{"start":{"line":233,"column":8},"end":{"line":233,"column":79}},"84":{"start":{"line":235,"column":18},"end":{"line":235,"column":30}},"85":{"start":{"line":236,"column":19},"end":{"line":236,"column":27}},"86":{"start":{"line":237,"column":19},"end":{"line":237,"column":27}},"87":{"start":{"line":238,"column":33},"end":{"line":238,"column":55}},"88":{"start":{"line":239,"column":6},"end":{"line":242,"column":10}},"89":{"start":{"line":240,"column":8},"end":{"line":242,"column":10}},"90":{"start":{"line":244,"column":6},"end":{"line":247,"column":10}},"91":{"start":{"line":245,"column":8},"end":{"line":247,"column":10}},"92":{"start":{"line":248,"column":6},"end":{"line":313,"column":7}},"93":{"start":{"line":250,"column":10},"end":{"line":258,"column":12}},"94":{"start":{"line":259,"column":10},"end":{"line":259,"column":16}},"95":{"start":{"line":261,"column":10},"end":{"line":268,"column":12}},"96":{"start":{"line":269,"column":10},"end":{"line":269,"column":16}},"97":{"start":{"line":271,"column":10},"end":{"line":279,"column":12}},"98":{"start":{"line":280,"column":10},"end":{"line":280,"column":16}},"99":{"start":{"line":282,"column":10},"end":{"line":290,"column":12}},"100":{"start":{"line":291,"column":10},"end":{"line":291,"column":16}},"101":{"start":{"line":293,"column":10},"end":{"line":301,"column":12}},"102":{"start":{"line":302,"column":10},"end":{"line":302,"column":16}},"103":{"start":{"line":304,"column":10},"end":{"line":311,"column":12}},"104":{"start":{"line":312,"column":10},"end":{"line":312,"column":16}},"105":{"start":{"line":320,"column":4},"end":{"line":321,"column":73}},"106":{"start":{"line":321,"column":6},"end":{"line":321,"column":73}},"107":{"start":{"line":322,"column":4},"end":{"line":328,"column":5}},"108":{"start":{"line":323,"column":23},"end":{"line":323,"column":51}},"109":{"start":{"line":324,"column":6},"end":{"line":325,"column":55}},"110":{"start":{"line":325,"column":8},"end":{"line":325,"column":55}},"111":{"start":{"line":326,"column":6},"end":{"line":327,"column":55}},"112":{"start":{"line":327,"column":8},"end":{"line":327,"column":55}},"113":{"start":{"line":344,"column":24},"end":{"line":345,"column":null}},"114":{"start":{"line":347,"column":20},"end":{"line":347,"column":40}},"115":{"start":{"line":349,"column":6},"end":{"line":349,"column":49}},"116":{"start":{"line":351,"column":16},"end":{"line":351,"column":46}},"117":{"start":{"line":352,"column":16},"end":{"line":358,"column":6}},"118":{"start":{"line":359,"column":4},"end":{"line":359,"column":43}},"119":{"start":{"line":360,"column":4},"end":{"line":363,"column":7}},"120":{"start":{"line":364,"column":4},"end":{"line":364,"column":42}},"121":{"start":{"line":365,"column":4},"end":{"line":365,"column":44}},"122":{"start":{"line":366,"column":4},"end":{"line":366,"column":26}},"123":{"start":{"line":368,"column":4},"end":{"line":454,"column":7}},"124":{"start":{"line":369,"column":6},"end":{"line":370,"column":77}},"125":{"start":{"line":370,"column":8},"end":{"line":370,"column":77}},"126":{"start":{"line":371,"column":6},"end":{"line":372,"column":79}},"127":{"start":{"line":372,"column":8},"end":{"line":372,"column":79}},"128":{"start":{"line":374,"column":18},"end":{"line":374,"column":30}},"129":{"start":{"line":375,"column":19},"end":{"line":375,"column":27}},"130":{"start":{"line":376,"column":19},"end":{"line":376,"column":27}},"131":{"start":{"line":377,"column":33},"end":{"line":377,"column":55}},"132":{"start":{"line":378,"column":6},"end":{"line":381,"column":10}},"133":{"start":{"line":379,"column":8},"end":{"line":381,"column":10}},"134":{"start":{"line":383,"column":6},"end":{"line":386,"column":10}},"135":{"start":{"line":384,"column":8},"end":{"line":386,"column":10}},"136":{"start":{"line":387,"column":6},"end":{"line":453,"column":7}},"137":{"start":{"line":389,"column":10},"end":{"line":397,"column":12}},"138":{"start":{"line":398,"column":10},"end":{"line":398,"column":16}},"139":{"start":{"line":400,"column":10},"end":{"line":407,"column":12}},"140":{"start":{"line":408,"column":10},"end":{"line":408,"column":16}},"141":{"start":{"line":410,"column":10},"end":{"line":418,"column":12}},"142":{"start":{"line":419,"column":10},"end":{"line":419,"column":16}},"143":{"start":{"line":421,"column":10},"end":{"line":429,"column":12}},"144":{"start":{"line":430,"column":10},"end":{"line":430,"column":16}},"145":{"start":{"line":432,"column":10},"end":{"line":440,"column":12}},"146":{"start":{"line":441,"column":10},"end":{"line":441,"column":16}},"147":{"start":{"line":443,"column":10},"end":{"line":451,"column":12}},"148":{"start":{"line":452,"column":10},"end":{"line":452,"column":16}},"149":{"start":{"line":455,"column":4},"end":{"line":455,"column":15}},"150":{"start":{"line":464,"column":37},"end":{"line":464,"column":62}},"151":{"start":{"line":465,"column":4},"end":{"line":465,"column":72}},"152":{"start":{"line":465,"column":51},"end":{"line":465,"column":70}},"153":{"start":{"line":466,"column":4},"end":{"line":466,"column":15}},"154":{"start":{"line":474,"column":4},"end":{"line":474,"column":31}},"155":{"start":{"line":488,"column":4},"end":{"line":494,"column":10}},"156":{"start":{"line":492,"column":25},"end":{"line":492,"column":70}},"157":{"start":{"line":503,"column":42},"end":{"line":503,"column":51}},"158":{"start":{"line":504,"column":30},"end":{"line":504,"column":61}},"159":{"start":{"line":505,"column":4},"end":{"line":510,"column":56}},"160":{"start":{"line":510,"column":6},"end":{"line":510,"column":56}},"161":{"start":{"line":511,"column":36},"end":{"line":511,"column":45}},"162":{"start":{"line":512,"column":24},"end":{"line":512,"column":49}},"163":{"start":{"line":513,"column":4},"end":{"line":524,"column":79}},"164":{"start":{"line":520,"column":6},"end":{"line":524,"column":79}},"165":{"start":{"line":526,"column":21},"end":{"line":526,"column":49}},"166":{"start":{"line":527,"column":20},"end":{"line":529,"column":29}},"167":{"start":{"line":541,"column":4},"end":{"line":554,"column":6}},"168":{"start":{"line":562,"column":4},"end":{"line":562,"column":33}},"169":{"start":{"line":571,"column":4},"end":{"line":571,"column":36}},"170":{"start":{"line":580,"column":4},"end":{"line":583,"column":41}},"171":{"start":{"line":581,"column":37},"end":{"line":581,"column":71}},"172":{"start":{"line":582,"column":6},"end":{"line":582,"column":32}},"173":{"start":{"line":583,"column":11},"end":{"line":583,"column":41}},"174":{"start":{"line":591,"column":4},"end":{"line":598,"column":6}},"175":{"start":{"line":606,"column":17},"end":{"line":606,"column":40}},"176":{"start":{"line":607,"column":4},"end":{"line":615,"column":6}},"177":{"start":{"line":623,"column":4},"end":{"line":623,"column":23}},"178":{"start":{"line":624,"column":4},"end":{"line":632,"column":6}},"179":{"start":{"line":640,"column":17},"end":{"line":640,"column":74}},"180":{"start":{"line":641,"column":4},"end":{"line":650,"column":5}},"181":{"start":{"line":642,"column":6},"end":{"line":642,"column":38}},"182":{"start":{"line":643,"column":6},"end":{"line":643,"column":54}},"183":{"start":{"line":644,"column":11},"end":{"line":650,"column":5}},"184":{"start":{"line":645,"column":6},"end":{"line":645,"column":42}},"185":{"start":{"line":646,"column":6},"end":{"line":646,"column":31}},"186":{"start":{"line":647,"column":11},"end":{"line":650,"column":5}},"187":{"start":{"line":648,"column":6},"end":{"line":648,"column":45}},"188":{"start":{"line":649,"column":6},"end":{"line":649,"column":31}},"189":{"start":{"line":651,"column":4},"end":{"line":656,"column":38}},"190":{"start":{"line":652,"column":6},"end":{"line":652,"column":59}},"191":{"start":{"line":653,"column":6},"end":{"line":653,"column":56}},"192":{"start":{"line":654,"column":6},"end":{"line":654,"column":54}},"193":{"start":{"line":655,"column":6},"end":{"line":655,"column":59}},"194":{"start":{"line":656,"column":11},"end":{"line":656,"column":38}},"195":{"start":{"line":657,"column":4},"end":{"line":657,"column":41}},"196":{"start":{"line":658,"column":4},"end":{"line":658,"column":26}},"197":{"start":{"line":659,"column":4},"end":{"line":659,"column":44}},"198":{"start":{"line":660,"column":31},"end":{"line":660,"column":48}},"199":{"start":{"line":661,"column":4},"end":{"line":666,"column":7}},"200":{"start":{"line":685,"column":17},"end":{"line":685,"column":74}},"201":{"start":{"line":687,"column":4},"end":{"line":698,"column":5}},"202":{"start":{"line":688,"column":6},"end":{"line":691,"column":7}},"203":{"start":{"line":689,"column":8},"end":{"line":689,"column":39}},"204":{"start":{"line":690,"column":8},"end":{"line":690,"column":56}},"205":{"start":{"line":692,"column":11},"end":{"line":698,"column":5}},"206":{"start":{"line":693,"column":6},"end":{"line":693,"column":42}},"207":{"start":{"line":694,"column":6},"end":{"line":694,"column":31}},"208":{"start":{"line":695,"column":11},"end":{"line":698,"column":5}},"209":{"start":{"line":696,"column":6},"end":{"line":696,"column":45}},"210":{"start":{"line":697,"column":6},"end":{"line":697,"column":31}},"211":{"start":{"line":699,"column":4},"end":{"line":704,"column":38}},"212":{"start":{"line":700,"column":6},"end":{"line":700,"column":58}},"213":{"start":{"line":701,"column":6},"end":{"line":701,"column":55}},"214":{"start":{"line":702,"column":6},"end":{"line":702,"column":54}},"215":{"start":{"line":703,"column":6},"end":{"line":703,"column":58}},"216":{"start":{"line":704,"column":11},"end":{"line":704,"column":38}},"217":{"start":{"line":706,"column":4},"end":{"line":706,"column":41}},"218":{"start":{"line":707,"column":4},"end":{"line":707,"column":26}},"219":{"start":{"line":708,"column":4},"end":{"line":708,"column":44}},"220":{"start":{"line":709,"column":31},"end":{"line":709,"column":48}},"221":{"start":{"line":710,"column":4},"end":{"line":715,"column":7}},"222":{"start":{"line":743,"column":43},"end":{"line":743,"column":49}},"223":{"start":{"line":744,"column":4},"end":{"line":752,"column":6}},"224":{"start":{"line":760,"column":4},"end":{"line":764,"column":26}},"225":{"start":{"line":774,"column":4},"end":{"line":775,"column":54}},"226":{"start":{"line":775,"column":6},"end":{"line":775,"column":54}},"227":{"start":{"line":777,"column":4},"end":{"line":778,"column":61}},"228":{"start":{"line":778,"column":6},"end":{"line":778,"column":61}},"229":{"start":{"line":780,"column":31},"end":{"line":780,"column":43}},"230":{"start":{"line":781,"column":24},"end":{"line":781,"column":72}},"231":{"start":{"line":782,"column":20},"end":{"line":782,"column":40}},"232":{"start":{"line":783,"column":4},"end":{"line":783,"column":60}},"233":{"start":{"line":784,"column":4},"end":{"line":787,"column":5}},"234":{"start":{"line":785,"column":6},"end":{"line":785,"column":52}},"235":{"start":{"line":786,"column":6},"end":{"line":786,"column":19}},"236":{"start":{"line":788,"column":18},"end":{"line":788,"column":55}},"237":{"start":{"line":789,"column":17},"end":{"line":789,"column":21}},"238":{"start":{"line":791,"column":28},"end":{"line":791,"column":47}},"239":{"start":{"line":793,"column":4},"end":{"line":796,"column":5}},"240":{"start":{"line":794,"column":6},"end":{"line":794,"column":40}},"241":{"start":{"line":795,"column":6},"end":{"line":795,"column":21}},"242":{"start":{"line":798,"column":22},"end":{"line":798,"column":40}},"243":{"start":{"line":799,"column":4},"end":{"line":802,"column":5}},"244":{"start":{"line":800,"column":6},"end":{"line":800,"column":39}},"245":{"start":{"line":801,"column":6},"end":{"line":801,"column":21}},"246":{"start":{"line":803,"column":21},"end":{"line":803,"column":38}},"247":{"start":{"line":804,"column":4},"end":{"line":807,"column":5}},"248":{"start":{"line":805,"column":6},"end":{"line":805,"column":38}},"249":{"start":{"line":806,"column":6},"end":{"line":806,"column":21}},"250":{"start":{"line":808,"column":24},"end":{"line":808,"column":44}},"251":{"start":{"line":809,"column":4},"end":{"line":815,"column":5}},"252":{"start":{"line":813,"column":6},"end":{"line":813,"column":46}},"253":{"start":{"line":814,"column":6},"end":{"line":814,"column":21}},"254":{"start":{"line":816,"column":4},"end":{"line":822,"column":5}},"255":{"start":{"line":820,"column":6},"end":{"line":820,"column":46}},"256":{"start":{"line":821,"column":6},"end":{"line":821,"column":21}},"257":{"start":{"line":824,"column":23},"end":{"line":824,"column":42}},"258":{"start":{"line":825,"column":28},"end":{"line":825,"column":75}},"259":{"start":{"line":826,"column":4},"end":{"line":828,"column":5}},"260":{"start":{"line":827,"column":6},"end":{"line":827,"column":42}},"261":{"start":{"line":830,"column":17},"end":{"line":830,"column":33}},"262":{"start":{"line":831,"column":4},"end":{"line":834,"column":5}},"263":{"start":{"line":832,"column":6},"end":{"line":832,"column":37}},"264":{"start":{"line":833,"column":6},"end":{"line":833,"column":21}},"265":{"start":{"line":835,"column":4},"end":{"line":836,"column":75}},"266":{"start":{"line":836,"column":6},"end":{"line":836,"column":75}},"267":{"start":{"line":837,"column":4},"end":{"line":837,"column":18}},"268":{"start":{"line":857,"column":8},"end":{"line":857,"column":18}},"269":{"start":{"line":859,"column":4},"end":{"line":862,"column":5}},"270":{"start":{"line":860,"column":6},"end":{"line":860,"column":52}},"271":{"start":{"line":861,"column":6},"end":{"line":861,"column":23}},"272":{"start":{"line":863,"column":31},"end":{"line":863,"column":43}},"273":{"start":{"line":865,"column":4},"end":{"line":868,"column":5}},"274":{"start":{"line":866,"column":6},"end":{"line":866,"column":44}},"275":{"start":{"line":867,"column":6},"end":{"line":867,"column":23}},"276":{"start":{"line":870,"column":4},"end":{"line":873,"column":5}},"277":{"start":{"line":871,"column":6},"end":{"line":871,"column":41}},"278":{"start":{"line":872,"column":6},"end":{"line":872,"column":23}},"279":{"start":{"line":875,"column":4},"end":{"line":876,"column":52}},"280":{"start":{"line":876,"column":6},"end":{"line":876,"column":52}},"281":{"start":{"line":877,"column":4},"end":{"line":878,"column":60}},"282":{"start":{"line":878,"column":6},"end":{"line":878,"column":60}},"283":{"start":{"line":888,"column":4},"end":{"line":891,"column":5}},"284":{"start":{"line":889,"column":6},"end":{"line":889,"column":60}},"285":{"start":{"line":890,"column":6},"end":{"line":890,"column":23}},"286":{"start":{"line":894,"column":19},"end":{"line":896,"column":41}},"287":{"start":{"line":897,"column":4},"end":{"line":897,"column":25}},"288":{"start":{"line":898,"column":47},"end":{"line":898,"column":49}},"289":{"start":{"line":899,"column":4},"end":{"line":907,"column":5}},"290":{"start":{"line":900,"column":6},"end":{"line":900,"column":23}},"291":{"start":{"line":901,"column":45},"end":{"line":901,"column":78}},"292":{"start":{"line":903,"column":8},"end":{"line":903,"column":57}},"293":{"start":{"line":904,"column":6},"end":{"line":904,"column":25}},"294":{"start":{"line":905,"column":6},"end":{"line":905,"column":19}},"295":{"start":{"line":906,"column":6},"end":{"line":906,"column":19}},"296":{"start":{"line":910,"column":51},"end":{"line":910,"column":60}},"297":{"start":{"line":911,"column":4},"end":{"line":922,"column":5}},"298":{"start":{"line":911,"column":17},"end":{"line":911,"column":18}},"299":{"start":{"line":912,"column":6},"end":{"line":912,"column":23}},"300":{"start":{"line":913,"column":45},"end":{"line":915,"column":null}},"301":{"start":{"line":918,"column":8},"end":{"line":918,"column":66}},"302":{"start":{"line":919,"column":6},"end":{"line":919,"column":26}},"303":{"start":{"line":920,"column":6},"end":{"line":920,"column":19}},"304":{"start":{"line":921,"column":6},"end":{"line":921,"column":25}},"305":{"start":{"line":923,"column":4},"end":{"line":923,"column":16}},"306":{"start":{"line":926,"column":40},"end":{"line":928,"column":null}},"307":{"start":{"line":931,"column":4},"end":{"line":931,"column":28}},"308":{"start":{"line":933,"column":4},"end":{"line":935,"column":5}},"309":{"start":{"line":934,"column":6},"end":{"line":934,"column":50}},"310":{"start":{"line":937,"column":20},"end":{"line":937,"column":66}},"311":{"start":{"line":938,"column":4},"end":{"line":940,"column":5}},"312":{"start":{"line":939,"column":6},"end":{"line":939,"column":44}},"313":{"start":{"line":941,"column":33},"end":{"line":941,"column":45}},"314":{"start":{"line":943,"column":4},"end":{"line":945,"column":5}},"315":{"start":{"line":944,"column":6},"end":{"line":944,"column":50}},"316":{"start":{"line":948,"column":19},"end":{"line":948,"column":41}},"317":{"start":{"line":949,"column":18},"end":{"line":949,"column":69}},"318":{"start":{"line":950,"column":20},"end":{"line":950,"column":34}},"319":{"start":{"line":951,"column":4},"end":{"line":951,"column":76}},"320":{"start":{"line":952,"column":21},"end":{"line":952,"column":58}},"321":{"start":{"line":953,"column":4},"end":{"line":953,"column":65}},"322":{"start":{"line":954,"column":4},"end":{"line":954,"column":50}},"323":{"start":{"line":955,"column":23},"end":{"line":955,"column":61}},"324":{"start":{"line":956,"column":4},"end":{"line":956,"column":72}},"325":{"start":{"line":956,"column":21},"end":{"line":956,"column":72}},"326":{"start":{"line":957,"column":20},"end":{"line":957,"column":35}},"327":{"start":{"line":958,"column":26},"end":{"line":958,"column":76}},"328":{"start":{"line":959,"column":28},"end":{"line":959,"column":50}},"329":{"start":{"line":960,"column":31},"end":{"line":960,"column":58}},"330":{"start":{"line":961,"column":21},"end":{"line":961,"column":41}},"331":{"start":{"line":962,"column":27},"end":{"line":962,"column":56}},"332":{"start":{"line":963,"column":18},"end":{"line":963,"column":58}},"333":{"start":{"line":964,"column":4},"end":{"line":966,"column":5}},"334":{"start":{"line":965,"column":6},"end":{"line":965,"column":51}},"335":{"start":{"line":968,"column":27},"end":{"line":976,"column":6}},"336":{"start":{"line":977,"column":22},"end":{"line":977,"column":74}},"337":{"start":{"line":980,"column":15},"end":{"line":985,"column":null}},"338":{"start":{"line":984,"column":8},"end":{"line":984,"column":73}},"339":{"start":{"line":987,"column":54},"end":{"line":987,"column":63}},"340":{"start":{"line":988,"column":4},"end":{"line":997,"column":5}},"341":{"start":{"line":989,"column":6},"end":{"line":989,"column":23}},"342":{"start":{"line":990,"column":6},"end":{"line":990,"column":23}},"343":{"start":{"line":991,"column":6},"end":{"line":991,"column":26}},"344":{"start":{"line":992,"column":6},"end":{"line":992,"column":46}},"345":{"start":{"line":993,"column":6},"end":{"line":993,"column":31}},"346":{"start":{"line":994,"column":6},"end":{"line":994,"column":49}},"347":{"start":{"line":996,"column":6},"end":{"line":996,"column":40}},"348":{"start":{"line":998,"column":4},"end":{"line":1000,"column":5}},"349":{"start":{"line":999,"column":6},"end":{"line":999,"column":43}},"350":{"start":{"line":1001,"column":4},"end":{"line":1001,"column":59}},"351":{"start":{"line":1003,"column":20},"end":{"line":1003,"column":46}},"352":{"start":{"line":1004,"column":4},"end":{"line":1004,"column":17}},"353":{"start":{"line":1005,"column":4},"end":{"line":1011,"column":28}},"354":{"start":{"line":1006,"column":6},"end":{"line":1006,"column":34}},"355":{"start":{"line":1007,"column":6},"end":{"line":1007,"column":24}},"356":{"start":{"line":1008,"column":6},"end":{"line":1008,"column":32}},"357":{"start":{"line":1009,"column":6},"end":{"line":1009,"column":37}},"358":{"start":{"line":1010,"column":6},"end":{"line":1010,"column":20}},"359":{"start":{"line":1011,"column":11},"end":{"line":1011,"column":28}},"360":{"start":{"line":1028,"column":8},"end":{"line":1028,"column":18}},"361":{"start":{"line":1030,"column":4},"end":{"line":1033,"column":5}},"362":{"start":{"line":1031,"column":6},"end":{"line":1031,"column":52}},"363":{"start":{"line":1032,"column":6},"end":{"line":1032,"column":23}},"364":{"start":{"line":1034,"column":31},"end":{"line":1034,"column":43}},"365":{"start":{"line":1036,"column":4},"end":{"line":1039,"column":5}},"366":{"start":{"line":1037,"column":6},"end":{"line":1037,"column":44}},"367":{"start":{"line":1038,"column":6},"end":{"line":1038,"column":23}},"368":{"start":{"line":1041,"column":4},"end":{"line":1044,"column":5}},"369":{"start":{"line":1042,"column":6},"end":{"line":1042,"column":41}},"370":{"start":{"line":1043,"column":6},"end":{"line":1043,"column":23}},"371":{"start":{"line":1046,"column":25},"end":{"line":1046,"column":27}},"372":{"start":{"line":1047,"column":4},"end":{"line":1050,"column":5}},"373":{"start":{"line":1048,"column":40},"end":{"line":1048,"column":73}},"374":{"start":{"line":1049,"column":6},"end":{"line":1049,"column":43}},"375":{"start":{"line":1053,"column":22},"end":{"line":1053,"column":43}},"376":{"start":{"line":1054,"column":4},"end":{"line":1060,"column":5}},"377":{"start":{"line":1054,"column":17},"end":{"line":1054,"column":18}},"378":{"start":{"line":1055,"column":40},"end":{"line":1057,"column":null}},"379":{"start":{"line":1059,"column":6},"end":{"line":1059,"column":26}},"380":{"start":{"line":1062,"column":20},"end":{"line":1062,"column":66}},"381":{"start":{"line":1063,"column":4},"end":{"line":1065,"column":5}},"382":{"start":{"line":1064,"column":6},"end":{"line":1064,"column":39}},"383":{"start":{"line":1066,"column":33},"end":{"line":1066,"column":45}},"384":{"start":{"line":1068,"column":4},"end":{"line":1070,"column":5}},"385":{"start":{"line":1069,"column":6},"end":{"line":1069,"column":50}},"386":{"start":{"line":1072,"column":31},"end":{"line":1072,"column":63}},"387":{"start":{"line":1074,"column":18},"end":{"line":1074,"column":58}},"388":{"start":{"line":1076,"column":27},"end":{"line":1084,"column":6}},"389":{"start":{"line":1086,"column":31},"end":{"line":1086,"column":33}},"390":{"start":{"line":1087,"column":4},"end":{"line":1094,"column":5}},"391":{"start":{"line":1088,"column":6},"end":{"line":1091,"column":53}},"392":{"start":{"line":1091,"column":8},"end":{"line":1091,"column":53}},"393":{"start":{"line":1092,"column":24},"end":{"line":1092,"column":76}},"394":{"start":{"line":1093,"column":6},"end":{"line":1093,"column":42}},"395":{"start":{"line":1096,"column":38},"end":{"line":1100,"column":null}},"396":{"start":{"line":1097,"column":6},"end":{"line":1100,"column":8}},"397":{"start":{"line":1098,"column":45},"end":{"line":1098,"column":55}},"398":{"start":{"line":1099,"column":47},"end":{"line":1099,"column":57}},"399":{"start":{"line":1102,"column":30},"end":{"line":1104,"column":6}},"400":{"start":{"line":1103,"column":43},"end":{"line":1103,"column":53}},"401":{"start":{"line":1106,"column":31},"end":{"line":1106,"column":49}},"402":{"start":{"line":1108,"column":4},"end":{"line":1113,"column":6}},"403":{"start":{"line":1136,"column":8},"end":{"line":1136,"column":18}},"404":{"start":{"line":1142,"column":8},"end":{"line":1142,"column":26}},"405":{"start":{"line":1144,"column":4},"end":{"line":1145,"column":60}},"406":{"start":{"line":1145,"column":6},"end":{"line":1145,"column":60}},"407":{"start":{"line":1147,"column":25},"end":{"line":1156,"column":6}},"408":{"start":{"line":1148,"column":18},"end":{"line":1148,"column":31}},"409":{"start":{"line":1149,"column":20},"end":{"line":1150,"column":null}},"410":{"start":{"line":1150,"column":37},"end":{"line":1150,"column":54}},"411":{"start":{"line":1152,"column":21},"end":{"line":1153,"column":null}},"412":{"start":{"line":1153,"column":38},"end":{"line":1153,"column":55}},"413":{"start":{"line":1155,"column":6},"end":{"line":1155,"column":31}},"414":{"start":{"line":1158,"column":20},"end":{"line":1158,"column":52}},"415":{"start":{"line":1159,"column":27},"end":{"line":1159,"column":66}},"416":{"start":{"line":1160,"column":22},"end":{"line":1160,"column":56}},"417":{"start":{"line":1161,"column":19},"end":{"line":1162,"column":null}},"418":{"start":{"line":1162,"column":54},"end":{"line":1162,"column":71}},"419":{"start":{"line":1165,"column":4},"end":{"line":1168,"column":5}},"420":{"start":{"line":1166,"column":6},"end":{"line":1166,"column":60}},"421":{"start":{"line":1167,"column":6},"end":{"line":1167,"column":23}},"422":{"start":{"line":1170,"column":4},"end":{"line":1170,"column":38}},"423":{"start":{"line":1171,"column":19},"end":{"line":1171,"column":42}},"424":{"start":{"line":1172,"column":4},"end":{"line":1172,"column":25}},"425":{"start":{"line":1173,"column":47},"end":{"line":1173,"column":49}},"426":{"start":{"line":1174,"column":4},"end":{"line":1182,"column":5}},"427":{"start":{"line":1175,"column":6},"end":{"line":1175,"column":23}},"428":{"start":{"line":1177,"column":8},"end":{"line":1179,"column":null}},"429":{"start":{"line":1181,"column":6},"end":{"line":1181,"column":25}},"430":{"start":{"line":1184,"column":4},"end":{"line":1184,"column":37}},"431":{"start":{"line":1185,"column":44},"end":{"line":1185,"column":53}},"432":{"start":{"line":1186,"column":4},"end":{"line":1195,"column":5}},"433":{"start":{"line":1186,"column":17},"end":{"line":1186,"column":18}},"434":{"start":{"line":1187,"column":6},"end":{"line":1187,"column":23}},"435":{"start":{"line":1188,"column":40},"end":{"line":1190,"column":null}},"436":{"start":{"line":1193,"column":8},"end":{"line":1193,"column":66}},"437":{"start":{"line":1194,"column":6},"end":{"line":1194,"column":26}},"438":{"start":{"line":1196,"column":4},"end":{"line":1196,"column":16}},"439":{"start":{"line":1198,"column":4},"end":{"line":1198,"column":42}},"440":{"start":{"line":1199,"column":40},"end":{"line":1201,"column":null}},"441":{"start":{"line":1203,"column":4},"end":{"line":1203,"column":45}},"442":{"start":{"line":1204,"column":4},"end":{"line":1204,"column":28}},"443":{"start":{"line":1205,"column":4},"end":{"line":1205,"column":66}},"444":{"start":{"line":1206,"column":4},"end":{"line":1208,"column":5}},"445":{"start":{"line":1207,"column":6},"end":{"line":1207,"column":50}},"446":{"start":{"line":1210,"column":4},"end":{"line":1210,"column":54}},"447":{"start":{"line":1211,"column":19},"end":{"line":1211,"column":41}},"448":{"start":{"line":1212,"column":18},"end":{"line":1212,"column":69}},"449":{"start":{"line":1213,"column":20},"end":{"line":1213,"column":34}},"450":{"start":{"line":1214,"column":4},"end":{"line":1214,"column":76}},"451":{"start":{"line":1215,"column":4},"end":{"line":1215,"column":60}},"452":{"start":{"line":1216,"column":4},"end":{"line":1216,"column":50}},"453":{"start":{"line":1217,"column":23},"end":{"line":1217,"column":56}},"454":{"start":{"line":1218,"column":4},"end":{"line":1218,"column":72}},"455":{"start":{"line":1218,"column":21},"end":{"line":1218,"column":72}},"456":{"start":{"line":1219,"column":20},"end":{"line":1219,"column":35}},"457":{"start":{"line":1220,"column":26},"end":{"line":1220,"column":76}},"458":{"start":{"line":1223,"column":15},"end":{"line":1228,"column":null}},"459":{"start":{"line":1227,"column":8},"end":{"line":1227,"column":73}},"460":{"start":{"line":1230,"column":54},"end":{"line":1230,"column":63}},"461":{"start":{"line":1231,"column":4},"end":{"line":1240,"column":5}},"462":{"start":{"line":1232,"column":6},"end":{"line":1232,"column":23}},"463":{"start":{"line":1233,"column":6},"end":{"line":1233,"column":23}},"464":{"start":{"line":1234,"column":6},"end":{"line":1234,"column":26}},"465":{"start":{"line":1235,"column":6},"end":{"line":1235,"column":46}},"466":{"start":{"line":1236,"column":6},"end":{"line":1236,"column":31}},"467":{"start":{"line":1237,"column":6},"end":{"line":1237,"column":49}},"468":{"start":{"line":1239,"column":6},"end":{"line":1239,"column":40}},"469":{"start":{"line":1241,"column":4},"end":{"line":1243,"column":5}},"470":{"start":{"line":1242,"column":6},"end":{"line":1242,"column":43}},"471":{"start":{"line":1244,"column":4},"end":{"line":1244,"column":59}},"472":{"start":{"line":1245,"column":4},"end":{"line":1247,"column":28}},"473":{"start":{"line":1246,"column":6},"end":{"line":1246,"column":20}},"474":{"start":{"line":1247,"column":11},"end":{"line":1247,"column":28}},"475":{"start":{"line":1307,"column":4},"end":{"line":1311,"column":5}},"476":{"start":{"line":1308,"column":6},"end":{"line":1310,"column":8}},"477":{"start":{"line":1312,"column":4},"end":{"line":1360,"column":28}},"478":{"start":{"line":1313,"column":6},"end":{"line":1313,"column":40}},"479":{"start":{"line":1314,"column":19},"end":{"line":1314,"column":38}},"480":{"start":{"line":1315,"column":17},"end":{"
[...]
e":103,"column":42}}]},"3":{"loc":{"start":{"line":119,"column":19},"end":{"line":119,"column":42}},"type":"binary-expr","locations":[{"start":{"line":119,"column":19},"end":{"line":119,"column":33}},{"start":{"line":119,"column":37},"end":{"line":119,"column":42}}]},"4":{"loc":{"start":{"line":135,"column":19},"end":{"line":135,"column":42}},"type":"binary-expr","locations":[{"start":{"line":135,"column":19},"end":{"line":135,"column":33}},{"start":{"line":135,"column":37},"end":{"line":135,"column":42}}]},"5":{"loc":{"start":{"line":152,"column":19},"end":{"line":152,"column":42}},"type":"binary-expr","locations":[{"start":{"line":152,"column":19},"end":{"line":152,"column":33}},{"start":{"line":152,"column":37},"end":{"line":152,"column":42}}]},"6":{"loc":{"start":{"line":168,"column":24},"end":{"line":168,"column":50}},"type":"binary-expr","locations":[{"start":{"line":168,"column":24},"end":{"line":168,"column":42}},{"start":{"line":168,"column":46},"end":{"line":168,"column":50}}]},"7":{"loc":{"start":{"line":180,"column":19},"end":{"line":180,"column":42}},"type":"binary-expr","locations":[{"start":{"line":180,"column":19},"end":{"line":180,"column":33}},{"start":{"line":180,"column":37},"end":{"line":180,"column":42}}]},"8":{"loc":{"start":{"line":193,"column":34},"end":{"line":193,"column":55}},"type":"binary-expr","locations":[{"start":{"line":193,"column":34},"end":{"line":193,"column":43}},{"start":{"line":193,"column":47},"end":{"line":193,"column":55}}]},"9":{"loc":{"start":{"line":194,"column":17},"end":{"line":194,"column":40}},"type":"binary-expr","locations":[{"start":{"line":194,"column":17},"end":{"line":194,"column":31}},{"start":{"line":194,"column":35},"end":{"line":194,"column":40}}]},"10":{"loc":{"start":{"line":211,"column":4},"end":{"line":211,"column":48}},"type":"default-arg","locations":[{"start":{"line":211,"column":43},"end":{"line":211,"column":48}}]},"11":{"loc":{"start":{"line":218,"column":4},"end":{"line":219,"column":73}},"type":"if","locations":[{"start":{"line":218,"column":4},"end":{"line":219,"column":73}}]},"12":{"loc":{"start":{"line":221,"column":4},"end":{"line":222,"column":58}},"type":"if","locations":[{"start":{"line":221,"column":4},"end":{"line":222,"column":58}}]},"13":{"loc":{"start":{"line":221,"column":8},"end":{"line":221,"column":72}},"type":"binary-expr","locations":[{"start":{"line":221,"column":8},"end":{"line":221,"column":26}},{"start":{"line":221,"column":30},"end":{"line":221,"column":54}},{"start":{"line":221,"column":58},"end":{"line":221,"column":72}}]},"14":{"loc":{"start":{"line":223,"column":4},"end":{"line":232,"column":62}},"type":"if","locations":[{"start":{"line":223,"column":4},"end":{"line":232,"column":62}}]},"15":{"loc":{"start":{"line":224,"column":6},"end":{"line":230,"column":33}},"type":"binary-expr","locations":[{"start":{"line":224,"column":6},"end":{"line":224,"column":32}},{"start":{"line":225,"column":6},"end":{"line":225,"column":38}},{"start":{"line":226,"column":6},"end":{"line":226,"column":43}},{"start":{"line":227,"column":6},"end":{"line":227,"column":49}},{"start":{"line":228,"column":6},"end":{"line":228,"column":37}},{"start":{"line":229,"column":6},"end":{"line":229,"column":43}},{"start":{"line":230,"column":6},"end":{"line":230,"column":33}}]},"16":{"loc":{"start":{"line":236,"column":6},"end":{"line":237,"column":64}},"type":"if","locations":[{"start":{"line":236,"column":6},"end":{"line":237,"column":64}}]},"17":{"loc":{"start":{"line":236,"column":10},"end":{"line":236,"column":58}},"type":"binary-expr","locations":[{"start":{"line":236,"column":10},"end":{"line":236,"column":29}},{"start":{"line":236,"column":33},"end":{"line":236,"column":58}}]},"18":{"loc":{"start":{"line":240,"column":33},"end":{"line":240,"column":57}},"type":"binary-expr","locations":[{"start":{"line":240,"column":33},"end":{"line":240,"column":48}},{"start":{"line":240,"column":52},"end":{"line":240,"column":57}}]},"19":{"loc":{"start":{"line":241,"column":6},"end":{"line":247,"column":72}},"type":"if","locations":[{"start":{"line":241,"column":6},"end":{"line":247,"column":72}}]},"20":{"loc":{"start":{"line":242,"column":8},"end":{"line":245,"column":32}},"type":"binary-expr","locations":[{"start":{"line":242,"column":8},"end":{"line":242,"column":26}},{"start":{"line":243,"column":8},"end":{"line":243,"column":32}},{"start":{"line":244,"column":8},"end":{"line":244,"column":26}},{"start":{"line":245,"column":8},"end":{"line":245,"column":32}}]},"21":{"loc":{"start":{"line":248,"column":6},"end":{"line":279,"column":7}},"type":"switch","locations":[{"start":{"line":249,"column":8},"end":{"line":255,"column":16}},{"start":{"line":256,"column":8},"end":{"line":262,"column":16}},{"start":{"line":263,"column":8},"end":{"line":269,"column":16}},{"start":{"line":270,"column":8},"end":{"line":276,"column":16}},{"start":{"line":277,"column":8},"end":{"line":278,"column":66}}]},"22":{"loc":{"start":{"line":282,"column":4},"end":{"line":286,"column":5}},"type":"if","locations":[{"start":{"line":282,"column":4},"end":{"line":286,"column":5}}]},"23":{"loc":{"start":{"line":284,"column":6},"end":{"line":285,"column":64}},"type":"if","locations":[{"start":{"line":284,"column":6},"end":{"line":285,"column":64}}]}},"s":{"0":25,"1":25,"2":25,"3":25,"4":25,"5":25,"6":25,"7":12,"8":12,"9":13,"10":13,"11":46,"12":46,"13":46,"14":13,"15":43,"16":28,"17":5,"18":5,"19":3,"20":1,"21":4,"22":4,"23":2,"24":2,"25":2,"26":2,"27":2,"28":2,"29":2,"30":2,"31":2,"32":2,"33":2,"34":2,"35":0,"36":16,"37":4,"38":4,"39":4,"40":4,"41":4,"42":0,"43":4,"44":0,"45":4,"46":0,"47":4,"48":4,"49":14,"50":14,"51":0,"52":14,"53":14,"54":14,"55":14,"56":0,"57":14,"58":9,"59":9,"60":3,"61":3,"62":1,"63":1,"64":1,"65":1,"66":0,"67":4,"68":4,"69":4,"70":0,"71":4,"72":25},"f":{"0":12,"1":13,"2":46,"3":43,"4":28,"5":5,"6":3,"7":1,"8":4,"9":2,"10":0,"11":16,"12":4},"b":{"0":[28,28],"1":[28,15],"2":[5,4],"3":[3,0],"4":[1,0],"5":[4,2],"6":[2,0],"7":[2,1],"8":[0,0],"9":[0,0],"10":[0],"11":[0],"12":[0],"13":[4,4,4],"14":[0],"15":[4,4,4,4,4,4,4],"16":[0],"17":[14,14],"18":[14,8],"19":[0],"20":[14,14,14,14],"21":[9,3,1,1,0],"22":[4],"23":[0]}}
,"/Users/mike/Documents/DeFi/MinaNFT/minanft-lib/src/storage/text.ts": {"path":"/Users/mike/Documents/DeFi/MinaNFT/minanft-lib/src/storage/text.ts","statementMap":{"0":{"start":{"line":2,"column":0},"end":{"line":2,"column":41}},"1":{"start":{"line":3,"column":0},"end":{"line":3,"column":57}},"2":{"start":{"line":11,"column":4},"end":{"line":11,"column":18}},"3":{"start":{"line":12,"column":4},"end":{"line":12,"column":21}},"4":{"start":{"line":13,"column":4},"end":{"line":13,"column":28}},"5":{"start":{"line":14,"column":4},"end":{"line":14,"column":58}},"6":{"start":{"line":15,"column":17},"end":{"line":15,"column":44}},"7":{"start":{"line":16,"column":4},"end":{"line":17,"column":62}},"8":{"start":{"line":17,"column":6},"end":{"line":17,"column":62}},"9":{"start":{"line":18,"column":4},"end":{"line":18,"column":53}},"10":{"start":{"line":19,"column":4},"end":{"line":19,"column":51}},"11":{"start":{"line":20,"column":4},"end":{"line":22,"column":5}},"12":{"start":{"line":20,"column":17},"end":{"line":20,"column":18}},"13":{"start":{"line":21,"column":6},"end":{"line":21,"column":71}},"14":{"start":{"line":23,"column":4},"end":{"line":23,"column":31}},"15":{"start":{"line":27,"column":4},"end":{"line":32,"column":6}},"16":{"start":{"line":36,"column":16},"end":{"line":36,"column":27}},"17":{"start":{"line":37,"column":17},"end":{"line":37,"column":25}},"18":{"start":{"line":38,"column":17},"end":{"line":38,"column":25}},"19":{"start":{"line":39,"column":25},"end":{"line":39,"column":41}},"20":{"start":{"line":40,"column":4},"end":{"line":41,"column":64}},"21":{"start":{"line":41,"column":6},"end":{"line":41,"column":64}},"22":{"start":{"line":43,"column":4},"end":{"line":44,"column":58}},"23":{"start":{"line":44,"column":6},"end":{"line":44,"column":58}},"24":{"start":{"line":45,"column":4},"end":{"line":56,"column":63}},"25":{"start":{"line":56,"column":6},"end":{"line":56,"column":63}},"26":{"start":{"line":57,"column":17},"end":{"line":57,"column":58}},"27":{"start":{"line":58,"column":4},"end":{"line":59,"column":63}},"28":{"start":{"line":59,"column":6},"end":{"line":59,"column":63}},"29":{"start":{"line":60,"column":4},"end":{"line":61,"column":63}},"30":{"start":{"line":61,"column":6},"end":{"line":61,"column":63}},"31":{"start":{"line":62,"column":4},"end":{"line":63,"column":65}},"32":{"start":{"line":63,"column":6},"end":{"line":63,"column":65}},"33":{"start":{"line":65,"column":4},"end":{"line":65,"column":16}},"34":{"start":{"line":1,"column":9},"end":{"line":1,"column":17}}},"fnMap":{"0":{"name":"(anonymous_0)","decl":{"start":{"line":10,"column":2},"end":{"line":10,"column":14}},"loc":{"start":{"line":10,"column":26},"end":{"line":24,"column":3}}},"1":{"name":"(anonymous_1)","decl":{"start":{"line":26,"column":9},"end":{"line":26,"column":15}},"loc":{"start":{"line":26,"column":15},"end":{"line":33,"column":3}}},"2":{"name":"(anonymous_2)","decl":{"start":{"line":34,"column":9},"end":{"line":34,"column":15}},"loc":{"start":{"line":34,"column":37},"end":{"line":66,"column":3}}}},"branchMap":{"0":{"loc":{"start":{"line":16,"column":4},"end":{"line":17,"column":62}},"type":"if","locations":[{"start":{"line":16,"column":4},"end":{"line":17,"column":62}}]},"1":{"loc":{"start":{"line":40,"column":4},"end":{"line":41,"column":64}},"type":"if","locations":[{"start":{"line":40,"column":4},"end":{"line":41,"column":64}}]},"2":{"loc":{"start":{"line":43,"column":4},"end":{"line":44,"column":58}},"type":"if","locations":[{"start":{"line":43,"column":4},"end":{"line":44,"column":58}}]},"3":{"loc":{"start":{"line":43,"column":8},"end":{"line":43,"column":73}},"type":"binary-expr","locations":[{"start":{"line":43,"column":8},"end":{"line":43,"column":26}},{"start":{"line":43,"column":30},"end":{"line":43,"column":54}},{"start":{"line":43,"column":58},"end":{"line":43,"column":73}}]},"4":{"loc":{"start":{"line":45,"column":4},"end":{"line":56,"column":63}},"type":"if","locations":[{"start":{"line":45,"column":4},"end":{"line":56,"column":63}}]},"5":{"loc":{"start":{"line":46,"column":6},"end":{"line":54,"column":34}},"type":"binary-expr","locations":[{"start":{"line":46,"column":6},"end":{"line":46,"column":32}},{"start":{"line":47,"column":6},"end":{"line":47,"column":38}},{"start":{"line":48,"column":6},"end":{"line":48,"column":37}},{"start":{"line":49,"column":6},"end":{"line":49,"column":43}},{"start":{"line":50,"column":6},"end":{"line":50,"column":37}},{"start":{"line":51,"column":6},"end":{"line":51,"column":49}},{"start":{"line":52,"column":6},"end":{"line":52,"column":37}},{"start":{"line":53,"column":6},"end":{"line":53,"column":43}},{"start":{"line":54,"column":6},"end":{"line":54,"column":34}}]},"6":{"loc":{"start":{"line":58,"column":4},"end":{"line":59,"column":63}},"type":"if","locations":[{"start":{"line":58,"column":4},"end":{"line":59,"column":63}}]},"7":{"loc":{"start":{"line":60,"column":4},"end":{"line":61,"column":63}},"type":"if","locations":[{"start":{"line":60,"column":4},"end":{"line":61,"column":63}}]},"8":{"loc":{"start":{"line":62,"column":4},"end":{"line":63,"column":65}},"type":"if","locations":[{"start":{"line":62,"column":4},"end":{"line":63,"column":65}}]}},"s":{"0":25,"1":25,"2":37,"3":37,"4":37,"5":37,"6":37,"7":37,"8":0,"9":37,"10":37,"11":37,"12":37,"13":2686,"14":37,"15":37,"16":22,"17":22,"18":22,"19":22,"20":22,"21":0,"22":22,"23":0,"24":22,"25":0,"26":22,"27":22,"28":0,"29":22,"30":0,"31":22,"32":0,"33":22,"34":25},"f":{"0":37,"1":37,"2":22},"b":{"0":[0],"1":[0],"2":[0],"3":[22,22,22],"4":[0],"5":[22,22,22,22,22,22,22,22,22],"6":[0],"7":[0],"8":[0]}}
,"/Users/mike/Documents/DeFi/MinaNFT/minanft-lib/utils/testhelpers.ts": {"path":"/Users/mike/Documents/DeFi/MinaNFT/minanft-lib/utils/testhelpers.ts","statementMap":{"0":{"start":{"line":11,"column":0},"end":{"line":11,"column":73}},"1":{"start":{"line":12,"column":0},"end":{"line":12,"column":null}},"2":{"start":{"line":3,"column":2},"end":{"line":15,"column":null}},"3":{"start":{"line":4,"column":2},"end":{"line":16,"column":null}},"4":{"start":{"line":18,"column":0},"end":{"line":18,"column":37}},"5":{"start":{"line":20,"column":0},"end":{"line":20,"column":50}},"6":{"start":{"line":26,"column":2},"end":{"line":26,"column":25}},"7":{"start":{"line":27,"column":41},"end":{"line":27,"column":50}},"8":{"start":{"line":28,"column":34},"end":{"line":28,"column":36}},"9":{"start":{"line":29,"column":2},"end":{"line":69,"column":3}},"10":{"start":{"line":30,"column":18},"end":{"line":30,"column":63}},"11":{"start":{"line":31,"column":4},"end":{"line":31,"column":34}},"12":{"start":{"line":32,"column":27},"end":{"line":32,"column":48}},"13":{"start":{"line":33,"column":4},"end":{"line":33,"column":26}},"14":{"start":{"line":34,"column":4},"end":{"line":37,"column":5}},"15":{"start":{"line":34,"column":17},"end":{"line":34,"column":18}},"16":{"start":{"line":35,"column":29},"end":{"line":35,"column":50}},"17":{"start":{"line":36,"column":6},"end":{"line":36,"column":33}},"18":{"start":{"line":38,"column":9},"end":{"line":69,"column":3}},"19":{"start":{"line":39,"column":4},"end":{"line":39,"column":35}},"20":{"start":{"line":40,"column":4},"end":{"line":40,"column":47}},"21":{"start":{"line":41,"column":4},"end":{"line":44,"column":5}},"22":{"start":{"line":41,"column":17},"end":{"line":41,"column":18}},"23":{"start":{"line":42,"column":25},"end":{"line":42,"column":60}},"24":{"start":{"line":43,"column":6},"end":{"line":43,"column":33}},"25":{"start":{"line":45,"column":9},"end":{"line":69,"column":3}},"26":{"start":{"line":46,"column":4},"end":{"line":46,"column":33}},"27":{"start":{"line":47,"column":4},"end":{"line":47,"column":47}},"28":{"start":{"line":48,"column":4},"end":{"line":51,"column":5}},"29":{"start":{"line":48,"column":17},"end":{"line":48,"column":18}},"30":{"start":{"line":49,"column":25},"end":{"line":49,"column":60}},"31":{"start":{"line":50,"column":6},"end":{"line":50,"column":33}},"32":{"start":{"line":52,"column":9},"end":{"line":69,"column":3}},"33":{"start":{"line":53,"column":4},"end":{"line":53,"column":31}},"34":{"start":{"line":54,"column":4},"end":{"line":54,"column":47}},"35":{"start":{"line":55,"column":4},"end":{"line":58,"column":5}},"36":{"start":{"line":55,"column":17},"end":{"line":55,"column":18}},"37":{"start":{"line":56,"column":25},"end":{"line":56,"column":60}},"38":{"start":{"line":57,"column":6},"end":{"line":57,"column":33}},"39":{"start":{"line":59,"column":9},"end":{"line":69,"column":3}},"40":{"start":{"line":60,"column":4},"end":{"line":60,"column":37}},"41":{"start":{"line":61,"column":4},"end":{"line":61,"column":47}},"42":{"start":{"line":62,"column":4},"end":{"line":65,"column":5}},"43":{"start":{"line":62,"column":17},"end":{"line":62,"column":18}},"44":{"start":{"line":63,"column":25},"end":{"line":63,"column":60}},"45":{"start":{"line":64,"column":6},"end":{"line":64,"column":33}},"46":{"start":{"line":67,"column":4},"end":{"line":67,"column":48}},"47":{"start":{"line":68,"column":4},"end":{"line":68,"column":21}},"48":{"start":{"line":71,"column":2},"end":{"line":85,"column":3}},"49":{"start":{"line":71,"column":15},"end":{"line":71,"column":16}},"50":{"start":{"line":73,"column":6},"end":{"line":75,"column":13}},"51":{"start":{"line":76,"column":4},"end":{"line":84,"column":5}},"52":{"start":{"line":77,"column":6},"end":{"line":82,"column":8}},"53":{"start":{"line":83,"column":6},"end":{"line":83,"column":23}},"54":{"start":{"line":87,"column":4},"end":{"line":87,"column":75}},"55":{"start":{"line":88,"column":2},"end":{"line":91,"column":4}},"56":{"start":{"line":92,"column":2},"end":{"line":92,"column":45}},"57":{"start":{"line":92,"column":28},"end":{"line":92,"column":45}},"58":{"start":{"line":93,"column":2},"end":{"line":93,"column":33}},"59":{"start":{"line":7,"column":2},"end":{"line":7,"column":16}},"60":{"start":{"line":97,"column":2},"end":{"line":97,"column":59}},"61":{"start":{"line":97,"column":34},"end":{"line":97,"column":57}},"62":{"start":{"line":5,"column":2},"end":{"line":5,"column":7}},"63":{"start":{"line":101,"column":26},"end":{"line":101,"column":28}},"64":{"start":{"line":102,"column":28},"end":{"line":102,"column":66}},"65":{"start":{"line":104,"column":2},"end":{"line":106,"column":3}},"66":{"start":{"line":104,"column":15},"end":{"line":104,"column":16}},"67":{"start":{"line":105,"column":4},"end":{"line":105,"column":80}},"68":{"start":{"line":108,"column":2},"end":{"line":108,"column":19}},"69":{"start":{"line":6,"column":2},"end":{"line":6,"column":12}}},"fnMap":{"0":{"name":"(anonymous_0)","decl":{"start":{"line":3,"column":2},"end":{"line":3,"column":16}},"loc":{"start":{"line":3,"column":2},"end":{"line":15,"column":null}}},"1":{"name":"(anonymous_1)","decl":{"start":{"line":4,"column":2},"end":{"line":4,"column":20}},"loc":{"start":{"line":4,"column":2},"end":{"line":16,"column":null}}},"2":{"name":"initBlockchain","decl":{"start":{"line":22,"column":15},"end":{"line":22,"column":29}},"loc":{"start":{"line":24,"column":29},"end":{"line":94,"column":1}}},"3":{"name":"sleep","decl":{"start":{"line":96,"column":9},"end":{"line":96,"column":14}},"loc":{"start":{"line":96,"column":25},"end":{"line":98,"column":1}}},"4":{"name":"(anonymous_4)","decl":{"start":{"line":97,"column":21},"end":{"line":97,"column":22}},"loc":{"start":{"line":97,"column":34},"end":{"line":97,"column":57}}},"5":{"name":"makeString","decl":{"start":{"line":100,"column":9},"end":{"line":100,"column":19}},"loc":{"start":{"line":100,"column":34},"end":{"line":109,"column":1}}}},"branchMap":{"0":{"loc":{"start":{"line":24,"column":2},"end":{"line":24,"column":29}},"type":"default-arg","locations":[{"start":{"line":24,"column":28},"end":{"line":24,"column":29}}]},"1":{"loc":{"start":{"line":29,"column":2},"end":{"line":69,"column":3}},"type":"if","locations":[{"start":{"line":29,"column":2},"end":{"line":69,"column":3}},{"start":{"line":38,"column":9},"end":{"line":69,"column":3}}]},"2":{"loc":{"start":{"line":38,"column":9},"end":{"line":69,"column":3}},"type":"if","locations":[{"start":{"line":38,"column":9},"end":{"line":69,"column":3}},{"start":{"line":45,"column":9},"end":{"line":69,"column":3}}]},"3":{"loc":{"start":{"line":45,"column":9},"end":{"line":69,"column":3}},"type":"if","locations":[{"start":{"line":45,"column":9},"end":{"line":69,"column":3}},{"start":{"line":52,"column":9},"end":{"line":69,"column":3}}]},"4":{"loc":{"start":{"line":52,"column":9},"end":{"line":69,"column":3}},"type":"if","locations":[{"start":{"line":52,"column":9},"end":{"line":69,"column":3}},{"start":{"line":59,"column":9},"end":{"line":69,"column":3}}]},"5":{"loc":{"start":{"line":59,"column":9},"end":{"line":69,"column":3}},"type":"if","locations":[{"start":{"line":59,"column":9},"end":{"line":69,"column":3}},{"start":{"line":66,"column":9},"end":{"line":69,"column":3}}]},"6":{"loc":{"start":{"line":76,"column":4},"end":{"line":84,"column":5}},"type":"if","locations":[{"start":{"line":76,"column":4},"end":{"line":84,"column":5}}]},"7":{"loc":{"start":{"line":92,"column":2},"end":{"line":92,"column":45}},"type":"if","locations":[{"start":{"line":92,"column":2},"end":{"line":92,"column":45}}]}},"s":{"0":21,"1":21,"2":28,"3":21,"4":21,"5":21,"6":18,"7":18,"8":18,"9":18,"10":16,"11":16,"12":16,"13":16,"14":16,"15":16,"16":3,"17":3,"18":2,"19":2,"20":2,"21":2,"22":2,"23":0,"24":0,"25":0,"26":0,"27":0,"28":0,"29":0,"30":0,"31":0,"32":0,"33":0,"34":0,"35":0,"36":0,"37":0,"38":0,"39":0,"40":0,"41":0,"42":0,"43":0,"44":0,"45":0,"46":0,"47":0,"48":18,"49":18,"50":3,"51":3,"52":0,"53":0,"54":18,"55":18,"56":18,"57":0,"58":18,"59":21,"60":0,"61":0,"62":21,"63":18,"64":18,"65":18,"66":18,"67":4571,"68":18,"69":21},"f":{"0":7,"1":0,"2":18,"3":0,"4":0,"5":18},"b":{"0":[1],"1":[16,2],"2":[2,0],"3":[0,0],"4":[0,0],"5":[0,0],"6":[0],"7":[0]}}
}
