{"/Users/mike/Documents/DeFi/MinaNFT/minanft-lib/src/baseminanft.ts": {"path":"/Users/mike/Documents/DeFi/MinaNFT/minanft-lib/src/baseminanft.ts","statementMap":{"0":{"start":{"line":2,"column":0},"end":{"line":2,"column":63}},"1":{"start":{"line":3,"column":0},"end":{"line":3,"column":36}},"2":{"start":{"line":4,"column":0},"end":{"line":4,"column":49}},"3":{"start":{"line":5,"column":0},"end":{"line":5,"column":62}},"4":{"start":{"line":6,"column":0},"end":{"line":6,"column":64}},"5":{"start":{"line":7,"column":0},"end":{"line":7,"column":null}},"6":{"start":{"line":12,"column":0},"end":{"line":12,"column":70}},"7":{"start":{"line":13,"column":0},"end":{"line":13,"column":53}},"8":{"start":{"line":14,"column":0},"end":{"line":14,"column":55}},"9":{"start":{"line":15,"column":0},"end":{"line":15,"column":63}},"10":{"start":{"line":16,"column":0},"end":{"line":16,"column":42}},"11":{"start":{"line":18,"column":0},"end":{"line":18,"column":31}},"12":{"start":{"line":49,"column":4},"end":{"line":49,"column":55}},"13":{"start":{"line":58,"column":4},"end":{"line":58,"column":34}},"14":{"start":{"line":72,"column":26},"end":{"line":72,"column":54}},"15":{"start":{"line":73,"column":16},"end":{"line":73,"column":50}},"16":{"start":{"line":74,"column":37},"end":{"line":74,"column":56}},"17":{"start":{"line":75,"column":31},"end":{"line":75,"column":43}},"18":{"start":{"line":76,"column":4},"end":{"line":76,"column":45}},"19":{"start":{"line":77,"column":4},"end":{"line":77,"column":77}},"20":{"start":{"line":78,"column":30},"end":{"line":78,"column":43}},"21":{"start":{"line":80,"column":4},"end":{"line":87,"column":7}},"22":{"start":{"line":95,"column":4},"end":{"line":95,"column":48}},"23":{"start":{"line":107,"column":29},"end":{"line":107,"column":46}},"24":{"start":{"line":108,"column":4},"end":{"line":112,"column":7}},"25":{"start":{"line":109,"column":23},"end":{"line":109,"column":49}},"26":{"start":{"line":110,"column":6},"end":{"line":110,"column":41}},"27":{"start":{"line":111,"column":6},"end":{"line":111,"column":41}},"28":{"start":{"line":113,"column":4},"end":{"line":119,"column":6}},"29":{"start":{"line":147,"column":28},"end":{"line":147,"column":57}},"30":{"start":{"line":149,"column":4},"end":{"line":155,"column":8}},"31":{"start":{"line":150,"column":6},"end":{"line":151,"column":62}},"32":{"start":{"line":150,"column":53},"end":{"line":150,"column":70}},"33":{"start":{"line":151,"column":11},"end":{"line":151,"column":62}},"34":{"start":{"line":153,"column":6},"end":{"line":155,"column":8}},"35":{"start":{"line":164,"column":28},"end":{"line":164,"column":57}},"36":{"start":{"line":166,"column":4},"end":{"line":167,"column":60}},"37":{"start":{"line":166,"column":51},"end":{"line":166,"column":65}},"38":{"start":{"line":167,"column":9},"end":{"line":167,"column":60}},"39":{"start":{"line":176,"column":4},"end":{"line":176,"column":45}},"40":{"start":{"line":187,"column":4},"end":{"line":187,"column":45}},"41":{"start":{"line":196,"column":4},"end":{"line":201,"column":5}},"42":{"start":{"line":200,"column":6},"end":{"line":200,"column":48}},"43":{"start":{"line":203,"column":6},"end":{"line":205,"column":54}},"44":{"start":{"line":206,"column":4},"end":{"line":206,"column":15}},"45":{"start":{"line":215,"column":4},"end":{"line":217,"column":6}},"46":{"start":{"line":224,"column":4},"end":{"line":224,"column":26}},"47":{"start":{"line":234,"column":4},"end":{"line":234,"column":45}},"48":{"start":{"line":242,"column":20},"end":{"line":242,"column":72}},"49":{"start":{"line":244,"column":4},"end":{"line":251,"column":5}},"50":{"start":{"line":245,"column":6},"end":{"line":245,"column":53}},"51":{"start":{"line":246,"column":6},"end":{"line":246,"column":23}},"52":{"start":{"line":248,"column":34},"end":{"line":248,"column":78}},"53":{"start":{"line":249,"column":6},"end":{"line":249,"column":56}},"54":{"start":{"line":250,"column":6},"end":{"line":250,"column":54}},"55":{"start":{"line":253,"column":4},"end":{"line":259,"column":5}},"56":{"start":{"line":254,"column":6},"end":{"line":254,"column":39}},"57":{"start":{"line":255,"column":6},"end":{"line":255,"column":23}},"58":{"start":{"line":256,"column":34},"end":{"line":256,"column":72}},"59":{"start":{"line":257,"column":6},"end":{"line":257,"column":42}},"60":{"start":{"line":258,"column":6},"end":{"line":258,"column":67}},"61":{"start":{"line":261,"column":4},"end":{"line":268,"column":5}},"62":{"start":{"line":262,"column":6},"end":{"line":262,"column":58}},"63":{"start":{"line":263,"column":6},"end":{"line":263,"column":23}},"64":{"start":{"line":265,"column":8},"end":{"line":265,"column":57}},"65":{"start":{"line":266,"column":6},"end":{"line":266,"column":61}},"66":{"start":{"line":267,"column":6},"end":{"line":267,"column":72}},"67":{"start":{"line":270,"column":4},"end":{"line":270,"column":35}},"68":{"start":{"line":278,"column":20},"end":{"line":278,"column":72}},"69":{"start":{"line":279,"column":4},"end":{"line":286,"column":5}},"70":{"start":{"line":280,"column":6},"end":{"line":280,"column":61}},"71":{"start":{"line":281,"column":6},"end":{"line":281,"column":23}},"72":{"start":{"line":283,"column":8},"end":{"line":283,"column":60}},"73":{"start":{"line":284,"column":6},"end":{"line":284,"column":64}},"74":{"start":{"line":285,"column":6},"end":{"line":285,"column":59}},"75":{"start":{"line":287,"column":4},"end":{"line":293,"column":5}},"76":{"start":{"line":288,"column":6},"end":{"line":288,"column":47}},"77":{"start":{"line":289,"column":6},"end":{"line":289,"column":23}},"78":{"start":{"line":290,"column":34},"end":{"line":290,"column":72}},"79":{"start":{"line":291,"column":6},"end":{"line":291,"column":50}},"80":{"start":{"line":292,"column":6},"end":{"line":292,"column":75}},"81":{"start":{"line":294,"column":4},"end":{"line":294,"column":43}},"82":{"start":{"line":302,"column":20},"end":{"line":302,"column":72}},"83":{"start":{"line":303,"column":4},"end":{"line":310,"column":5}},"84":{"start":{"line":304,"column":6},"end":{"line":304,"column":61}},"85":{"start":{"line":305,"column":6},"end":{"line":305,"column":23}},"86":{"start":{"line":307,"column":8},"end":{"line":307,"column":60}},"87":{"start":{"line":308,"column":6},"end":{"line":308,"column":64}},"88":{"start":{"line":309,"column":6},"end":{"line":309,"column":59}},"89":{"start":{"line":311,"column":4},"end":{"line":318,"column":5}},"90":{"start":{"line":312,"column":6},"end":{"line":312,"column":55}},"91":{"start":{"line":313,"column":6},"end":{"line":313,"column":23}},"92":{"start":{"line":315,"column":8},"end":{"line":315,"column":54}},"93":{"start":{"line":316,"column":6},"end":{"line":316,"column":58}},"94":{"start":{"line":317,"column":6},"end":{"line":317,"column":53}},"95":{"start":{"line":319,"column":4},"end":{"line":325,"column":5}},"96":{"start":{"line":320,"column":6},"end":{"line":320,"column":52}},"97":{"start":{"line":321,"column":6},"end":{"line":321,"column":23}},"98":{"start":{"line":322,"column":34},"end":{"line":322,"column":77}},"99":{"start":{"line":323,"column":6},"end":{"line":323,"column":55}},"100":{"start":{"line":324,"column":6},"end":{"line":324,"column":80}},"101":{"start":{"line":326,"column":4},"end":{"line":326,"column":48}},"102":{"start":{"line":334,"column":20},"end":{"line":334,"column":72}},"103":{"start":{"line":335,"column":4},"end":{"line":341,"column":5}},"104":{"start":{"line":336,"column":6},"end":{"line":336,"column":38}},"105":{"start":{"line":337,"column":6},"end":{"line":337,"column":23}},"106":{"start":{"line":338,"column":34},"end":{"line":338,"column":63}},"107":{"start":{"line":339,"column":6},"end":{"line":339,"column":41}},"108":{"start":{"line":340,"column":6},"end":{"line":340,"column":73}},"109":{"start":{"line":342,"column":4},"end":{"line":342,"column":41}},"110":{"start":{"line":350,"column":20},"end":{"line":350,"column":72}},"111":{"start":{"line":351,"column":4},"end":{"line":358,"column":5}},"112":{"start":{"line":352,"column":6},"end":{"line":352,"column":61}},"113":{"start":{"line":353,"column":6},"end":{"line":353,"column":23}},"114":{"start":{"line":355,"column":8},"end":{"line":355,"column":60}},"115":{"start":{"line":356,"column":6},"end":{"line":356,"column":64}},"116":{"start":{"line":357,"column":6},"end":{"line":357,"column":59}},"117":{"start":{"line":359,"column":4},"end":{"line":359,"column":46}},"118":{"start":{"line":1,"column":9},"end":{"line":1,"column":20}}},"fnMap":{"0":{"name":"(anonymous_0)","decl":{"start":{"line":48,"column":2},"end":{"line":48,"column":null}},"loc":{"start":{"line":48,"column":2},"end":{"line":50,"column":3}}},"1":{"name":"(anonymous_1)","decl":{"start":{"line":57,"column":9},"end":{"line":57,"column":20}},"loc":{"start":{"line":57,"column":32},"end":{"line":59,"column":3}}},"2":{"name":"(anonymous_2)","decl":{"start":{"line":68,"column":12},"end":{"line":68,"column":29}},"loc":{"start":{"line":70,"column":29},"end":{"line":88,"column":3}}},"3":{"name":"(anonymous_3)","decl":{"start":{"line":94,"column":9},"end":{"line":94,"column":30}},"loc":{"start":{"line":94,"column":30},"end":{"line":96,"column":3}}},"4":{"name":"(anonymous_4)","decl":{"start":{"line":103,"column":12},"end":{"line":103,"column":28}},"loc":{"start":{"line":103,"column":63},"end":{"line":120,"column":3}}},"5":{"name":"(anonymous_5)","decl":{"start":{"line":108,"column":17},"end":{"line":108,"column":18}},"loc":{"start":{"line":108,"column":57},"end":{"line":112,"column":5}}},"6":{"name":"(anonymous_6)","decl":{"start":{"line":146,"column":9},"end":{"line":146,"column":15}},"loc":{"start":{"line":146,"column":42},"end":{"line":156,"column":3}}},"7":{"name":"(anonymous_7)","decl":{"start":{"line":163,"column":9},"end":{"line":163,"column":15}},"loc":{"start":{"line":163,"column":43},"end":{"line":168,"column":3}}},"8":{"name":"(anonymous_8)","decl":{"start":{"line":175,"column":9},"end":{"line":175,"column":15}},"loc":{"start":{"line":175,"column":44},"end":{"line":177,"column":3}}},"9":{"name":"(anonymous_9)","decl":{"start":{"line":184,"column":9},"end":{"line":184,"column":15}},"loc":{"start":{"line":184,"column":48},"end":{"line":188,"column":3}}},"10":{"name":"(anonymous_10)","decl":{"start":{"line":195,"column":9},"end":{"line":195,"column":15}},"loc":{"start":{"line":195,"column":55},"end":{"line":207,"column":3}}},"11":{"name":"(anonymous_11)","decl":{"start":{"line":214,"column":9},"end":{"line":214,"column":15}},"loc":{"start":{"line":214,"column":47},"end":{"line":218,"column":3}}},"12":{"name":"(anonymous_12)","decl":{"start":{"line":223,"column":9},"end":{"line":223,"column":15}},"loc":{"start":{"line":223,"column":37},"end":{"line":225,"column":3}}},"13":{"name":"(anonymous_13)","decl":{"start":{"line":233,"column":9},"end":{"line":233,"column":15}},"loc":{"start":{"line":233,"column":60},"end":{"line":235,"column":3}}},"14":{"name":"(anonymous_14)","decl":{"start":{"line":241,"column":9},"end":{"line":241,"column":15}},"loc":{"start":{"line":241,"column":29},"end":{"line":271,"column":3}}},"15":{"name":"(anonymous_15)","decl":{"start":{"line":277,"column":9},"end":{"line":277,"column":15}},"loc":{"start":{"line":277,"column":37},"end":{"line":295,"column":3}}},"16":{"name":"(anonymous_16)","decl":{"start":{"line":301,"column":9},"end":{"line":301,"column":15}},"loc":{"start":{"line":301,"column":34},"end":{"line":327,"column":3}}},"17":{"name":"(anonymous_17)","decl":{"start":{"line":333,"column":9},"end":{"line":333,"column":15}},"loc":{"start":{"line":333,"column":35},"end":{"line":343,"column":3}}},"18":{"name":"(anonymous_18)","decl":{"start":{"line":349,"column":9},"end":{"line":349,"column":15}},"loc":{"start":{"line":349,"column":40},"end":{"line":360,"column":3}}}},"branchMap":{"0":{"loc":{"start":{"line":149,"column":4},"end":{"line":155,"column":8}},"type":"if","locations":[{"start":{"line":149,"column":4},"end":{"line":155,"column":8}},{"start":{"line":153,"column":6},"end":{"line":155,"column":8}}]},"1":{"loc":{"start":{"line":150,"column":6},"end":{"line":151,"column":62}},"type":"if","locations":[{"start":{"line":150,"column":6},"end":{"line":151,"column":62}},{"start":{"line":151,"column":11},"end":{"line":151,"column":62}}]},"2":{"loc":{"start":{"line":166,"column":4},"end":{"line":167,"column":60}},"type":"if","locations":[{"start":{"line":166,"column":4},"end":{"line":167,"column":60}},{"start":{"line":167,"column":9},"end":{"line":167,"column":60}}]},"3":{"loc":{"start":{"line":196,"column":4},"end":{"line":201,"column":5}},"type":"if","locations":[{"start":{"line":196,"column":4},"end":{"line":201,"column":5}}]},"4":{"loc":{"start":{"line":197,"column":6},"end":{"line":198,"column":54}},"type":"binary-expr","locations":[{"start":{"line":197,"column":6},"end":{"line":197,"column":27}},{"start":{"line":198,"column":7},"end":{"line":198,"column":28}},{"start":{"line":198,"column":32},"end":{"line":198,"column":53}}]},"5":{"loc":{"start":{"line":203,"column":6},"end":{"line":205,"column":54}},"type":"cond-expr","locations":[{"start":{"line":204,"column":10},"end":{"line":204,"column":68}},{"start":{"line":205,"column":10},"end":{"line":205,"column":54}}]},"6":{"loc":{"start":{"line":233,"column":31},"end":{"line":233,"column":60}},"type":"default-arg","locations":[{"start":{"line":233,"column":48},"end":{"line":233,"column":60}}]},"7":{"loc":{"start":{"line":242,"column":20},"end":{"line":242,"column":72}},"type":"cond-expr","locations":[{"start":{"line":242,"column":36},"end":{"line":242,"column":60}},{"start":{"line":242,"column":63},"end":{"line":242,"column":72}}]},"8":{"loc":{"start":{"line":244,"column":4},"end":{"line":251,"column":5}},"type":"if","locations":[{"start":{"line":244,"column":4},"end":{"line":251,"column":5}}]},"9":{"loc":{"start":{"line":253,"column":4},"end":{"line":259,"column":5}},"type":"if","locations":[{"start":{"line":253,"column":4},"end":{"line":259,"column":5}}]},"10":{"loc":{"start":{"line":261,"column":4},"end":{"line":268,"column":5}},"type":"if","locations":[{"start":{"line":261,"column":4},"end":{"line":268,"column":5}}]},"11":{"loc":{"start":{"line":278,"column":20},"end":{"line":278,"column":72}},"type":"cond-expr","locations":[{"start":{"line":278,"column":36},"end":{"line":278,"column":60}},{"start":{"line":278,"column":63},"end":{"line":278,"column":72}}]},"12":{"loc":{"start":{"line":279,"column":4},"end":{"line":286,"column":5}},"type":"if","locations":[{"start":{"line":279,"column":4},"end":{"line":286,"column":5}}]},"13":{"loc":{"start":{"line":287,"column":4},"end":{"line":293,"column":5}},"type":"if","locations":[{"start":{"line":287,"column":4},"end":{"line":293,"column":5}}]},"14":{"loc":{"start":{"line":302,"column":20},"end":{"line":302,"column":72}},"type":"cond-expr","locations":[{"start":{"line":302,"column":36},"end":{"line":302,"column":60}},{"start":{"line":302,"column":63},"end":{"line":302,"column":72}}]},"15":{"loc":{"start":{"line":303,"column":4},"end":{"line":310,"column":5}},"type":"if","locations":[{"start":{"line":303,"column":4},"end":{"line":310,"column":5}}]},"16":{"loc":{"start":{"line":311,"column":4},"end":{"line":318,"column":5}},"type":"if","locations":[{"start":{"line":311,"column":4},"end":{"line":318,"column":5}}]},"17":{"loc":{"start":{"line":319,"column":4},"end":{"line":325,"column":5}},"type":"if","locations":[{"start":{"line":319,"column":4},"end":{"line":325,"column":5}}]},"18":{"loc":{"start":{"line":334,"column":20},"end":{"line":334,"column":72}},"type":"cond-expr","locations":[{"start":{"line":334,"column":36},"end":{"line":334,"column":60}},{"start":{"line":334,"column":63},"end":{"line":334,"column":72}}]},"19":{"loc":{"start":{"line":335,"column":4},"end":{"line":341,"column":5}},"type":"if","locations":[{"start":{"line":335,"column":4},"end":{"line":341,"column":5}}]},"20":{"loc":{"start":{"line":350,"column":20},"end":{"line":350,"column":72}},"type":"cond-expr","locations":[{"start":{"line":350,"column":36},"end":{"line":350,"column":60}},{"start":{"line":350,"column":63},"end":{"line":350,"column":72}}]},"21":{"loc":{"start":{"line":351,"column":4},"end":{"line":358,"column":5}},"type":"if","locations":[{"start":{"line":351,"column":4},"end":{"line":358,"column":5}}]}},"s":{"0":24,"1":24,"2":24,"3":24,"4":24,"5":24,"6":24,"7":24,"8":24,"9":24,"10":24,"11":24,"12":42,"13":80,"14":60,"15":60,"16":60,"17":60,"18":60,"19":60,"20":60,"21":60,"22":141,"23":141,"24":141,"25":399,"26":399,"27":399,"28":141,"29":932,"30":932,"31":932,"32":932,"33":0,"34":0,"35":30,"36":30,"37":30,"38":0,"39":430,"40":1514,"41":0,"42":0,"43":0,"44":0,"45":0,"46":0,"47":17,"48":51,"49":51,"50":16,"51":16,"52":16,"53":16,"54":16,"55":51,"56":16,"57":16,"58":16,"59":16,"60":16,"61":51,"62":16,"63":16,"64":16,"65":16,"66":16,"67":51,"68":7,"69":7,"70":2,"71":2,"72":2,"73":2,"74":2,"75":7,"76":5,"77":5,"78":5,"79":5,"80":5,"81":7,"82":14,"83":14,"84":4,"85":4,"86":4,"87":4,"88":4,"89":14,"90":4,"91":4,"92":4,"93":4,"94":4,"95":14,"96":4,"97":4,"98":4,"99":4,"100":4,"101":14,"102":7,"103":7,"104":3,"105":3,"106":3,"107":3,"108":3,"109":7,"110":8,"111":8,"112":1,"113":1,"114":1,"115":1,"116":1,"117":8,"118":24},"f":{"0":42,"1":80,"2":60,"3":141,"4":141,"5":399,"6":932,"7":30,"8":430,"9":1514,"10":0,"11":0,"12":0,"13":17,"14":51,"15":7,"16":14,"17":7,"18":8},"b":{"0":[932,0],"1":[932,0],"2":[30,0],"3":[0],"4":[0,0,0],"5":[0,0],"6":[0],"7":[51,0],"8":[16],"9":[16],"10":[16],"11":[6,1],"12":[2],"13":[5],"14":[14,0],"15":[4],"16":[4],"17":[4],"18":[7,0],"19":[3],"20":[8,0],"21":[1]}}
,"/Users/mike/Documents/DeFi/MinaNFT/minanft-lib/src/baseminanftobject.ts": {"path":"/Users/mike/Documents/DeFi/MinaNFT/minanft-lib/src/baseminanftobject.ts","statementMap":{"0":{"start":{"line":2,"column":0},"end":{"line":2,"column":29}},"1":{"start":{"line":10,"column":4},"end":{"line":10,"column":30}},"2":{"start":{"line":11,"column":4},"end":{"line":11,"column":21}},"3":{"start":{"line":1,"column":9},"end":{"line":1,"column":26}}},"fnMap":{"0":{"name":"(anonymous_0)","decl":{"start":{"line":9,"column":2},"end":{"line":9,"column":14}},"loc":{"start":{"line":9,"column":37},"end":{"line":12,"column":3}}}},"branchMap":{},"s":{"0":24,"1":72,"2":72,"3":24},"f":{"0":72},"b":{}}
,"/Users/mike/Documents/DeFi/MinaNFT/minanft-lib/src/config.ts": {"path":"/Users/mike/Documents/DeFi/MinaNFT/minanft-lib/src/config.ts","statementMap":{"0":{"start":{"line":1,"column":15},"end":{"line":38,"column":2}},"1":{"start":{"line":40,"column":0},"end":{"line":40,"column":22}}},"fnMap":{},"branchMap":{},"s":{"0":25,"1":25},"f":{},"b":{}}
,"/Users/mike/Documents/DeFi/MinaNFT/minanft-lib/src/escrow.ts": {"path":"/Users/mike/Documents/DeFi/MinaNFT/minanft-lib/src/escrow.ts","statementMap":{"0":{"start":{"line":2,"column":0},"end":{"line":2,"column":null}},"1":{"start":{"line":12,"column":0},"end":{"line":12,"column":36}},"2":{"start":{"line":13,"column":0},"end":{"line":13,"column":57}},"3":{"start":{"line":15,"column":0},"end":{"line":15,"column":31}},"4":{"start":{"line":38,"column":4},"end":{"line":38,"column":27}},"5":{"start":{"line":45,"column":19},"end":{"line":45,"column":41}},"6":{"start":{"line":46,"column":28},"end":{"line":46,"column":61}},"7":{"start":{"line":47,"column":27},"end":{"line":47,"column":56}},"8":{"start":{"line":48,"column":4},"end":{"line":48,"column":34}},"9":{"start":{"line":49,"column":4},"end":{"line":51,"column":6}},"10":{"start":{"line":52,"column":4},"end":{"line":52,"column":46}},"11":{"start":{"line":53,"column":4},"end":{"line":53,"column":54}},"12":{"start":{"line":54,"column":23},"end":{"line":54,"column":54}},"13":{"start":{"line":56,"column":18},"end":{"line":56,"column":44}},"14":{"start":{"line":57,"column":24},"end":{"line":64,"column":null}},"15":{"start":{"line":60,"column":8},"end":{"line":60,"column":62}},"16":{"start":{"line":60,"column":25},"end":{"line":60,"column":62}},"17":{"start":{"line":61,"column":8},"end":{"line":61,"column":25}},"18":{"start":{"line":62,"column":8},"end":{"line":62,"column":48}},"19":{"start":{"line":63,"column":8},"end":{"line":63,"column":65}},"20":{"start":{"line":66,"column":4},"end":{"line":66,"column":50}},"21":{"start":{"line":67,"column":15},"end":{"line":67,"column":39}},"22":{"start":{"line":68,"column":4},"end":{"line":68,"column":62}},"23":{"start":{"line":69,"column":4},"end":{"line":72,"column":28}},"24":{"start":{"line":70,"column":6},"end":{"line":70,"column":36}},"25":{"start":{"line":71,"column":6},"end":{"line":71,"column":16}},"26":{"start":{"line":72,"column":11},"end":{"line":72,"column":28}},"27":{"start":{"line":80,"column":4},"end":{"line":82,"column":5}},"28":{"start":{"line":81,"column":6},"end":{"line":81,"column":45}},"29":{"start":{"line":84,"column":4},"end":{"line":84,"column":34}},"30":{"start":{"line":85,"column":19},"end":{"line":85,"column":38}},"31":{"start":{"line":86,"column":18},"end":{"line":86,"column":42}},"32":{"start":{"line":87,"column":33},"end":{"line":87,"column":73}},"33":{"start":{"line":88,"column":37},"end":{"line":88,"column":73}},"34":{"start":{"line":89,"column":4},"end":{"line":89,"column":46}},"35":{"start":{"line":90,"column":4},"end":{"line":90,"column":52}},"36":{"start":{"line":92,"column":24},"end":{"line":99,"column":null}},"37":{"start":{"line":95,"column":8},"end":{"line":95,"column":54}},"38":{"start":{"line":96,"column":29},"end":{"line":96,"column":70}},"39":{"start":{"line":97,"column":8},"end":{"line":97,"column":40}},"40":{"start":{"line":98,"column":8},"end":{"line":98,"column":62}},"41":{"start":{"line":101,"column":4},"end":{"line":101,"column":21}},"42":{"start":{"line":102,"column":4},"end":{"line":102,"column":30}},"43":{"start":{"line":103,"column":4},"end":{"line":103,"column":30}},"44":{"start":{"line":104,"column":15},"end":{"line":104,"column":39}},"45":{"start":{"line":105,"column":4},"end":{"line":105,"column":56}},"46":{"start":{"line":106,"column":4},"end":{"line":108,"column":28}},"47":{"start":{"line":107,"column":6},"end":{"line":107,"column":31}},"48":{"start":{"line":108,"column":11},"end":{"line":108,"column":28}},"49":{"start":{"line":115,"column":4},"end":{"line":117,"column":5}},"50":{"start":{"line":116,"column":6},"end":{"line":116,"column":45}},"51":{"start":{"line":119,"column":4},"end":{"line":119,"column":34}},"52":{"start":{"line":120,"column":19},"end":{"line":120,"column":39}},"53":{"start":{"line":121,"column":18},"end":{"line":121,"column":42}},"54":{"start":{"line":122,"column":33},"end":{"line":122,"column":74}},"55":{"start":{"line":124,"column":37},"end":{"line":124,"column":73}},"56":{"start":{"line":125,"column":4},"end":{"line":125,"column":46}},"57":{"start":{"line":126,"column":4},"end":{"line":126,"column":52}},"58":{"start":{"line":128,"column":24},"end":{"line":132,"column":null}},"59":{"start":{"line":131,"column":8},"end":{"line":131,"column":59}},"60":{"start":{"line":134,"column":4},"end":{"line":134,"column":21}},"61":{"start":{"line":135,"column":4},"end":{"line":135,"column":30}},"62":{"start":{"line":136,"column":4},"end":{"line":136,"column":31}},"63":{"start":{"line":137,"column":15},"end":{"line":137,"column":39}},"64":{"start":{"line":138,"column":4},"end":{"line":138,"column":61}},"65":{"start":{"line":139,"column":4},"end":{"line":141,"column":28}},"66":{"start":{"line":140,"column":6},"end":{"line":140,"column":31}},"67":{"start":{"line":141,"column":11},"end":{"line":141,"column":28}},"68":{"start":{"line":158,"column":8},"end":{"line":158,"column":20}},"69":{"start":{"line":160,"column":4},"end":{"line":162,"column":5}},"70":{"start":{"line":161,"column":6},"end":{"line":161,"column":45}},"71":{"start":{"line":163,"column":4},"end":{"line":167,"column":5}},"72":{"start":{"line":164,"column":6},"end":{"line":166,"column":8}},"73":{"start":{"line":169,"column":4},"end":{"line":169,"column":34}},"74":{"start":{"line":170,"column":19},"end":{"line":170,"column":39}},"75":{"start":{"line":171,"column":18},"end":{"line":171,"column":42}},"76":{"start":{"line":172,"column":33},"end":{"line":172,"column":74}},"77":{"start":{"line":173,"column":4},"end":{"line":173,"column":46}},"78":{"start":{"line":174,"column":4},"end":{"line":174,"column":52}},"79":{"start":{"line":175,"column":4},"end":{"line":175,"column":51}},"80":{"start":{"line":176,"column":4},"end":{"line":176,"column":52}},"81":{"start":{"line":177,"column":23},"end":{"line":177,"column":52}},"82":{"start":{"line":178,"column":20},"end":{"line":178,"column":41}},"83":{"start":{"line":179,"column":20},"end":{"line":179,"column":49}},"84":{"start":{"line":180,"column":4},"end":{"line":186,"column":6}},"85":{"start":{"line":203,"column":24},"end":{"line":223,"column":null}},"86":{"start":{"line":206,"column":8},"end":{"line":219,"column":10}},"87":{"start":{"line":220,"column":29},"end":{"line":220,"column":71}},"88":{"start":{"line":221,"column":8},"end":{"line":221,"column":40}},"89":{"start":{"line":222,"column":8},"end":{"line":222,"column":62}},"90":{"start":{"line":225,"column":4},"end":{"line":225,"column":21}},"91":{"start":{"line":226,"column":4},"end":{"line":226,"column":30}},"92":{"start":{"line":227,"column":4},"end":{"line":227,"column":31}},"93":{"start":{"line":228,"column":15},"end":{"line":228,"column":39}},"94":{"start":{"line":229,"column":4},"end":{"line":229,"column":57}},"95":{"start":{"line":230,"column":4},"end":{"line":232,"column":28}},"96":{"start":{"line":231,"column":6},"end":{"line":231,"column":16}},"97":{"start":{"line":232,"column":11},"end":{"line":232,"column":28}},"98":{"start":{"line":1,"column":9},"end":{"line":1,"column":22}}},"fnMap":{"0":{"name":"(anonymous_0)","decl":{"start":{"line":37,"column":2},"end":{"line":37,"column":14}},"loc":{"start":{"line":37,"column":33},"end":{"line":39,"column":3}}},"1":{"name":"(anonymous_1)","decl":{"start":{"line":41,"column":9},"end":{"line":41,"column":14}},"loc":{"start":{"line":43,"column":50},"end":{"line":73,"column":3}}},"2":{"name":"(anonymous_2)","decl":{"start":{"line":59,"column":6},"end":{"line":59,"column":9}},"loc":{"start":{"line":59,"column":11},"end":{"line":64,"column":7}}},"3":{"name":"(anonymous_3)","decl":{"start":{"line":75,"column":9},"end":{"line":75,"column":14}},"loc":{"start":{"line":78,"column":21},"end":{"line":109,"column":3}}},"4":{"name":"(anonymous_4)","decl":{"start":{"line":94,"column":6},"end":{"line":94,"column":9}},"loc":{"start":{"line":94,"column":11},"end":{"line":99,"column":7}}},"5":{"name":"(anonymous_5)","decl":{"start":{"line":111,"column":9},"end":{"line":111,"column":14}},"loc":{"start":{"line":113,"column":22},"end":{"line":142,"column":3}}},"6":{"name":"(anonymous_6)","decl":{"start":{"line":130,"column":6},"end":{"line":130,"column":9}},"loc":{"start":{"line":130,"column":11},"end":{"line":132,"column":7}}},"7":{"name":"(anonymous_7)","decl":{"start":{"line":144,"column":9},"end":{"line":144,"column":14}},"loc":{"start":{"line":145,"column":36},"end":{"line":233,"column":3}}},"8":{"name":"(anonymous_8)","decl":{"start":{"line":205,"column":6},"end":{"line":205,"column":9}},"loc":{"start":{"line":205,"column":11},"end":{"line":223,"column":7}}}},"branchMap":{"0":{"loc":{"start":{"line":43,"column":4},"end":{"line":43,"column":50}},"type":"default-arg","locations":[{"start":{"line":43,"column":41},"end":{"line":43,"column":50}}]},"1":{"loc":{"start":{"line":46,"column":28},"end":{"line":46,"column":61}},"type":"binary-expr","locations":[{"start":{"line":46,"column":28},"end":{"line":46,"column":38}},{"start":{"line":46,"column":42},"end":{"line":46,"column":61}}]},"2":{"loc":{"start":{"line":60,"column":8},"end":{"line":60,"column":62}},"type":"if","locations":[{"start":{"line":60,"column":8},"end":{"line":60,"column":62}}]},"3":{"loc":{"start":{"line":69,"column":4},"end":{"line":72,"column":28}},"type":"if","locations":[{"start":{"line":69,"column":4},"end":{"line":72,"column":28}},{"start":{"line":72,"column":11},"end":{"line":72,"column":28}}]},"4":{"loc":{"start":{"line":80,"column":4},"end":{"line":82,"column":5}},"type":"if","locations":[{"start":{"line":80,"column":4},"end":{"line":82,"column":5}}]},"5":{"loc":{"start":{"line":106,"column":4},"end":{"line":108,"column":28}},"type":"if","locations":[{"start":{"line":106,"column":4},"end":{"line":108,"column":28}},{"start":{"line":108,"column":11},"end":{"line":108,"column":28}}]},"6":{"loc":{"start":{"line":115,"column":4},"end":{"line":117,"column":5}},"type":"if","locations":[{"start":{"line":115,"column":4},"end":{"line":117,"column":5}}]},"7":{"loc":{"start":{"line":139,"column":4},"end":{"line":141,"column":28}},"type":"if","locations":[{"start":{"line":139,"column":4},"end":{"line":141,"column":28}},{"start":{"line":141,"column":11},"end":{"line":141,"column":28}}]},"8":{"loc":{"start":{"line":160,"column":4},"end":{"line":162,"column":5}},"type":"if","locations":[{"start":{"line":160,"column":4},"end":{"line":162,"column":5}}]},"9":{"loc":{"start":{"line":163,"column":4},"end":{"line":167,"column":5}},"type":"if","locations":[{"start":{"line":163,"column":4},"end":{"line":167,"column":5}}]},"10":{"loc":{"start":{"line":230,"column":4},"end":{"line":232,"column":28}},"type":"if","locations":[{"start":{"line":230,"column":4},"end":{"line":232,"column":28}},{"start":{"line":232,"column":11},"end":{"line":232,"column":28}}]}},"s":{"0":2,"1":2,"2":2,"3":2,"4":2,"5":2,"6":2,"7":2,"8":2,"9":2,"10":2,"11":2,"12":2,"13":2,"14":2,"15":4,"16":4,"17":4,"18":4,"19":4,"20":2,"21":2,"22":2,"23":2,"24":2,"25":2,"26":0,"27":1,"28":0,"29":1,"30":1,"31":1,"32":1,"33":1,"34":1,"35":1,"36":1,"37":2,"38":2,"39":2,"40":2,"41":1,"42":1,"43":1,"44":1,"45":1,"46":1,"47":1,"48":0,"49":1,"50":0,"51":1,"52":1,"53":1,"54":1,"55":1,"56":1,"57":1,"58":1,"59":2,"60":1,"61":1,"62":1,"63":1,"64":1,"65":1,"66":1,"67":0,"68":1,"69":1,"70":0,"71":1,"72":0,"73":1,"74":1,"75":1,"76":1,"77":1,"78":1,"79":1,"80":1,"81":1,"82":1,"83":1,"84":1,"85":1,"86":2,"87":2,"88":2,"89":2,"90":1,"91":1,"92":1,"93":1,"94":1,"95":1,"96":1,"97":0,"98":2},"f":{"0":2,"1":2,"2":4,"3":1,"4":2,"5":1,"6":2,"7":1,"8":2},"b":{"0":[1],"1":[2,1],"2":[4],"3":[2,0],"4":[0],"5":[1,0],"6":[0],"7":[1,0],"8":[0],"9":[0],"10":[1,0]}}
,"/Users/mike/Documents/DeFi/MinaNFT/minanft-lib/src/mina.ts": {"path":"/Users/mike/Documents/DeFi/MinaNFT/minanft-lib/src/mina.ts","statementMap":{"0":{"start":{"line":13,"column":0},"end":{"line":13,"column":72}},"1":{"start":{"line":14,"column":0},"end":{"line":14,"column":87}},"2":{"start":{"line":29,"column":2},"end":{"line":61,"column":3}},"3":{"start":{"line":30,"column":18},"end":{"line":30,"column":63}},"4":{"start":{"line":31,"column":4},"end":{"line":31,"column":34}},"5":{"start":{"line":32,"column":4},"end":{"line":32,"column":40}},"6":{"start":{"line":33,"column":9},"end":{"line":61,"column":3}},"7":{"start":{"line":34,"column":20},"end":{"line":38,"column":4}},"8":{"start":{"line":39,"column":4},"end":{"line":39,"column":36}},"9":{"start":{"line":40,"column":4},"end":{"line":40,"column":null}},"10":{"start":{"line":41,"column":9},"end":{"line":61,"column":3}},"11":{"start":{"line":42,"column":20},"end":{"line":46,"column":4}},"12":{"start":{"line":47,"column":4},"end":{"line":47,"column":36}},"13":{"start":{"line":48,"column":4},"end":{"line":48,"column":null}},"14":{"start":{"line":50,"column":7},"end":{"line":61,"column":3}},"15":{"start":{"line":51,"column":20},"end":{"line":56,"column":4}},"16":{"start":{"line":57,"column":4},"end":{"line":57,"column":36}},"17":{"start":{"line":58,"column":4},"end":{"line":58,"column":null}},"18":{"start":{"line":60,"column":4},"end":{"line":60,"column":62}},"19":{"start":{"line":3,"column":2},"end":{"line":3,"column":16}},"20":{"start":{"line":65,"column":2},"end":{"line":65,"column":45}},"21":{"start":{"line":66,"column":2},"end":{"line":67,"column":29}},"22":{"start":{"line":66,"column":32},"end":{"line":66,"column":64}},"23":{"start":{"line":67,"column":7},"end":{"line":67,"column":29}},"24":{"start":{"line":7,"column":2},"end":{"line":7,"column":16}},"25":{"start":{"line":71,"column":2},"end":{"line":71,"column":66}},"26":{"start":{"line":8,"column":2},"end":{"line":8,"column":20}},"27":{"start":{"line":75,"column":2},"end":{"line":75,"column":59}},"28":{"start":{"line":75,"column":34},"end":{"line":75,"column":57}},"29":{"start":{"line":6,"column":2},"end":{"line":6,"column":7}},"30":{"start":{"line":80,"column":26},"end":{"line":80,"column":28}},"31":{"start":{"line":82,"column":28},"end":{"line":82,"column":66}},"32":{"start":{"line":84,"column":2},"end":{"line":86,"column":3}},"33":{"start":{"line":84,"column":15},"end":{"line":84,"column":16}},"34":{"start":{"line":85,"column":4},"end":{"line":85,"column":80}},"35":{"start":{"line":88,"column":2},"end":{"line":88,"column":19}},"36":{"start":{"line":5,"column":2},"end":{"line":5,"column":12}},"37":{"start":{"line":92,"column":2},"end":{"line":92,"column":34}},"38":{"start":{"line":92,"column":24},"end":{"line":92,"column":34}},"39":{"start":{"line":93,"column":2},"end":{"line":93,"column":46}},"40":{"start":{"line":93,"column":17},"end":{"line":93,"column":46}},"41":{"start":{"line":94,"column":2},"end":{"line":95,"column":64}},"42":{"start":{"line":95,"column":4},"end":{"line":95,"column":64}},"43":{"start":{"line":96,"column":2},"end":{"line":97,"column":69}},"44":{"start":{"line":97,"column":4},"end":{"line":97,"column":69}},"45":{"start":{"line":98,"column":2},"end":{"line":98,"column":70}},"46":{"start":{"line":9,"column":2},"end":{"line":9,"column":12}},"47":{"start":{"line":105,"column":4},"end":{"line":105,"column":19}},"48":{"start":{"line":110,"column":23},"end":{"line":110,"column":44}},"49":{"start":{"line":111,"column":30},"end":{"line":112,"column":44}},"50":{"start":{"line":112,"column":6},"end":{"line":112,"column":44}},"51":{"start":{"line":113,"column":19},"end":{"line":113,"column":29}},"52":{"start":{"line":114,"column":4},"end":{"line":114,"column":58}},"53":{"start":{"line":116,"column":24},"end":{"line":140,"column":10}},"54":{"start":{"line":142,"column":4},"end":{"line":142,"column":29}},"55":{"start":{"line":4,"column":2},"end":{"line":4,"column":8}},"56":{"start":{"line":103,"column":9},"end":{"line":103,"column":25}}},"fnMap":{"0":{"name":"initBlockchain","decl":{"start":{"line":28,"column":9},"end":{"line":28,"column":23}},"loc":{"start":{"line":28,"column":44},"end":{"line":62,"column":1}}},"1":{"name":"accountBalance","decl":{"start":{"line":64,"column":15},"end":{"line":64,"column":29}},"loc":{"start":{"line":64,"column":48},"end":{"line":68,"column":1}}},"2":{"name":"accountBalanceMina","decl":{"start":{"line":70,"column":15},"end":{"line":70,"column":33}},"loc":{"start":{"line":70,"column":52},"end":{"line":72,"column":1}}},"3":{"name":"sleep","decl":{"start":{"line":74,"column":9},"end":{"line":74,"column":14}},"loc":{"start":{"line":74,"column":25},"end":{"line":76,"column":1}}},"4":{"name":"(anonymous_4)","decl":{"start":{"line":75,"column":21},"end":{"line":75,"column":22}},"loc":{"start":{"line":75,"column":34},"end":{"line":75,"column":57}}},"5":{"name":"makeString","decl":{"start":{"line":78,"column":9},"end":{"line":78,"column":19}},"loc":{"start":{"line":78,"column":34},"end":{"line":89,"column":1}}},"6":{"name":"formatTime","decl":{"start":{"line":91,"column":9},"end":{"line":91,"column":19}},"loc":{"start":{"line":91,"column":30},"end":{"line":99,"column":1}}},"7":{"name":"(anonymous_7)","decl":{"start":{"line":104,"column":2},"end":{"line":104,"column":null}},"loc":{"start":{"line":104,"column":2},"end":{"line":106,"column":3}}},"8":{"name":"(anonymous_8)","decl":{"start":{"line":109,"column":9},"end":{"line":109,"column":15}},"loc":{"start":{"line":109,"column":72},"end":{"line":143,"column":3}}},"9":{"name":"(anonymous_9)","decl":{"start":{"line":111,"column":30},"end":{"line":111,"column":31}},"loc":{"start":{"line":112,"column":6},"end":{"line":112,"column":44}}}},"branchMap":{"0":{"loc":{"start":{"line":29,"column":2},"end":{"line":61,"column":3}},"type":"if","locations":[{"start":{"line":29,"column":2},"end":{"line":61,"column":3}},{"start":{"line":33,"column":9},"end":{"line":61,"column":3}}]},"1":{"loc":{"start":{"line":33,"column":9},"end":{"line":61,"column":3}},"type":"if","locations":[{"start":{"line":33,"column":9},"end":{"line":61,"column":3}},{"start":{"line":41,"column":9},"end":{"line":61,"column":3}}]},"2":{"loc":{"start":{"line":41,"column":9},"end":{"line":61,"column":3}},"type":"if","locations":[{"start":{"line":41,"column":9},"end":{"line":61,"column":3}},{"start":{"line":50,"column":7},"end":{"line":61,"column":3}}]},"3":{"loc":{"start":{"line":50,"column":7},"end":{"line":61,"column":3}},"type":"if","locations":[{"start":{"line":50,"column":7},"end":{"line":61,"column":3}},{"start":{"line":59,"column":9},"end":{"line":61,"column":3}}]},"4":{"loc":{"start":{"line":66,"column":2},"end":{"line":67,"column":29}},"type":"if","locations":[{"start":{"line":66,"column":2},"end":{"line":67,"column":29}},{"start":{"line":67,"column":7},"end":{"line":67,"column":29}}]},"5":{"loc":{"start":{"line":92,"column":2},"end":{"line":92,"column":34}},"type":"if","locations":[{"start":{"line":92,"column":2},"end":{"line":92,"column":34}}]},"6":{"loc":{"start":{"line":93,"column":2},"end":{"line":93,"column":46}},"type":"if","locations":[{"start":{"line":93,"column":2},"end":{"line":93,"column":46}}]},"7":{"loc":{"start":{"line":94,"column":2},"end":{"line":95,"column":64}},"type":"if","locations":[{"start":{"line":94,"column":2},"end":{"line":95,"column":64}}]},"8":{"loc":{"start":{"line":96,"column":2},"end":{"line":97,"column":69}},"type":"if","locations":[{"start":{"line":96,"column":2},"end":{"line":97,"column":69}}]},"9":{"loc":{"start":{"line":109,"column":21},"end":{"line":109,"column":45}},"type":"default-arg","locations":[{"start":{"line":109,"column":43},"end":{"line":109,"column":45}}]},"10":{"loc":{"start":{"line":109,"column":47},"end":{"line":109,"column":72}},"type":"default-arg","locations":[{"start":{"line":109,"column":67},"end":{"line":109,"column":72}}]},"11":{"loc":{"start":{"line":116,"column":24},"end":{"line":140,"column":10}},"type":"cond-expr","locations":[{"start":{"line":117,"column":8},"end":{"line":135,"column":null}},{"start":{"line":136,"column":8},"end":{"line":140,"column":10}}]},"12":{"loc":{"start":{"line":119,"column":24},"end":{"line":121,"column":33}},"type":"cond-expr","locations":[{"start":{"line":120,"column":14},"end":{"line":120,"column":15}},{"start":{"line":121,"column":14},"end":{"line":121,"column":33}}]},"13":{"loc":{"start":{"line":137,"column":10},"end":{"line":139,"column":null}},"type":"cond-expr","locations":[{"start":{"line":138,"column":14},"end":{"line":138,"column":16}},{"start":{"line":139,"column":14},"end":{"line":139,"column":null}}]}},"s":{"0":26,"1":26,"2":2,"3":1,"4":1,"5":1,"6":1,"7":1,"8":1,"9":1,"10":0,"11":0,"12":0,"13":0,"14":0,"15":0,"16":0,"17":0,"18":0,"19":26,"20":2,"21":2,"22":2,"23":0,"24":26,"25":1,"26":26,"27":183,"28":183,"29":26,"30":1,"31":1,"32":1,"33":1,"34":10,"35":1,"36":26,"37":6,"38":0,"39":6,"40":0,"41":6,"42":0,"43":6,"44":6,"45":0,"46":26,"47":0,"48":125,"49":125,"50":125,"51":125,"52":125,"53":125,"54":125,"55":26,"56":26},"f":{"0":2,"1":2,"2":1,"3":183,"4":183,"5":1,"6":6,"7":0,"8":125,"9":125},"b":{"0":[1,1],"1":[1,0],"2":[0,0],"3":[0,0],"4":[2,0],"5":[0],"6":[0],"7":[0],"8":[6],"9":[0],"10":[125],"11":[0,125],"12":[0,0],"13":[24,101]}}
,"/Users/mike/Documents/DeFi/MinaNFT/minanft-lib/src/minanft.ts": {"path":"/Users/mike/Documents/DeFi/MinaNFT/minanft-lib/src/minanft.ts","statementMap":{"0":{"start":{"line":4,"column":0},"end":{"line":4,"column":null}},"1":{"start":{"line":18,"column":0},"end":{"line":18,"column":26}},"2":{"start":{"line":20,"column":0},"end":{"line":20,"column":44}},"3":{"start":{"line":21,"column":0},"end":{"line":21,"column":52}},"4":{"start":{"line":22,"column":0},"end":{"line":22,"column":49}},"5":{"start":{"line":23,"column":0},"end":{"line":23,"column":null}},"6":{"start":{"line":28,"column":0},"end":{"line":28,"column":64}},"7":{"start":{"line":29,"column":0},"end":{"line":29,"column":null}},"8":{"start":{"line":38,"column":0},"end":{"line":38,"column":53}},"9":{"start":{"line":39,"column":0},"end":{"line":39,"column":42}},"10":{"start":{"line":40,"column":0},"end":{"line":40,"column":48}},"11":{"start":{"line":42,"column":0},"end":{"line":42,"column":38}},"12":{"start":{"line":43,"column":0},"end":{"line":43,"column":44}},"13":{"start":{"line":57,"column":0},"end":{"line":57,"column":40}},"14":{"start":{"line":58,"column":0},"end":{"line":58,"column":72}},"15":{"start":{"line":59,"column":0},"end":{"line":59,"column":30}},"16":{"start":{"line":60,"column":0},"end":{"line":60,"column":52}},"17":{"start":{"line":61,"column":42},"end":{"line":61,"column":48}},"18":{"start":{"line":122,"column":4},"end":{"line":122,"column":12}},"19":{"start":{"line":123,"column":4},"end":{"line":123,"column":73}},"20":{"start":{"line":124,"column":4},"end":{"line":124,"column":55}},"21":{"start":{"line":125,"column":4},"end":{"line":125,"column":40}},"22":{"start":{"line":126,"column":4},"end":{"line":126,"column":42}},"23":{"start":{"line":127,"column":4},"end":{"line":127,"column":44}},"24":{"start":{"line":128,"column":4},"end":{"line":128,"column":34}},"25":{"start":{"line":129,"column":4},"end":{"line":129,"column":64}},"26":{"start":{"line":130,"column":4},"end":{"line":130,"column":34}},"27":{"start":{"line":131,"column":4},"end":{"line":131,"column":22}},"28":{"start":{"line":132,"column":24},"end":{"line":132,"column":41}},"29":{"start":{"line":133,"column":4},"end":{"line":133,"column":46}},"30":{"start":{"line":134,"column":4},"end":{"line":134,"column":42}},"31":{"start":{"line":135,"column":4},"end":{"line":137,"column":5}},"32":{"start":{"line":136,"column":6},"end":{"line":136,"column":68}},"33":{"start":{"line":138,"column":24},"end":{"line":138,"column":72}},"34":{"start":{"line":139,"column":4},"end":{"line":139,"column":40}},"35":{"start":{"line":151,"column":4},"end":{"line":154,"column":5}},"36":{"start":{"line":152,"column":6},"end":{"line":152,"column":46}},"37":{"start":{"line":153,"column":6},"end":{"line":153,"column":13}},"38":{"start":{"line":155,"column":4},"end":{"line":157,"column":5}},"39":{"start":{"line":156,"column":6},"end":{"line":156,"column":68}},"40":{"start":{"line":158,"column":24},"end":{"line":158,"column":72}},"41":{"start":{"line":159,"column":20},"end":{"line":159,"column":40}},"42":{"start":{"line":160,"column":16},"end":{"line":160,"column":58}},"43":{"start":{"line":161,"column":4},"end":{"line":161,"column":61}},"44":{"start":{"line":162,"column":4},"end":{"line":165,"column":5}},"45":{"start":{"line":163,"column":6},"end":{"line":163,"column":45}},"46":{"start":{"line":164,"column":6},"end":{"line":164,"column":13}},"47":{"start":{"line":167,"column":17},"end":{"line":167,"column":31}},"48":{"start":{"line":168,"column":20},"end":{"line":168,"column":37}},"49":{"start":{"line":169,"column":18},"end":{"line":169,"column":33}},"50":{"start":{"line":170,"column":19},"end":{"line":170,"column":35}},"51":{"start":{"line":171,"column":21},"end":{"line":171,"column":39}},"52":{"start":{"line":172,"column":20},"end":{"line":172,"column":37}},"53":{"start":{"line":191,"column":20},"end":{"line":191,"column":49}},"54":{"start":{"line":192,"column":4},"end":{"line":192,"column":68}},"55":{"start":{"line":192,"column":31},"end":{"line":192,"column":68}},"56":{"start":{"line":193,"column":23},"end":{"line":193,"column":67}},"57":{"start":{"line":194,"column":4},"end":{"line":194,"column":30}},"58":{"start":{"line":195,"column":4},"end":{"line":195,"column":23}},"59":{"start":{"line":196,"column":4},"end":{"line":196,"column":25}},"60":{"start":{"line":197,"column":4},"end":{"line":197,"column":27}},"61":{"start":{"line":198,"column":4},"end":{"line":198,"column":33}},"62":{"start":{"line":199,"column":4},"end":{"line":199,"column":25}},"63":{"start":{"line":200,"column":4},"end":{"line":200,"column":27}},"64":{"start":{"line":201,"column":4},"end":{"line":201,"column":43}},"65":{"start":{"line":204,"column":4},"end":{"line":209,"column":5}},"66":{"start":{"line":208,"column":6},"end":{"line":208,"column":48}},"67":{"start":{"line":211,"column":6},"end":{"line":213,"column":54}},"68":{"start":{"line":215,"column":6},"end":{"line":217,"column":33}},"69":{"start":{"line":221,"column":4},"end":{"line":221,"column":37}},"70":{"start":{"line":222,"column":4},"end":{"line":222,"column":74}},"71":{"start":{"line":222,"column":32},"end":{"line":222,"column":74}},"72":{"start":{"line":223,"column":4},"end":{"line":224,"column":51}},"73":{"start":{"line":224,"column":6},"end":{"line":224,"column":51}},"74":{"start":{"line":225,"column":4},"end":{"line":226,"column":57}},"75":{"start":{"line":226,"column":6},"end":{"line":226,"column":57}},"76":{"start":{"line":227,"column":4},"end":{"line":228,"column":57}},"77":{"start":{"line":228,"column":6},"end":{"line":228,"column":57}},"78":{"start":{"line":230,"column":4},"end":{"line":315,"column":7}},"79":{"start":{"line":231,"column":6},"end":{"line":232,"column":77}},"80":{"start":{"line":232,"column":8},"end":{"line":232,"column":77}},"81":{"start":{"line":233,"column":6},"end":{"line":234,"column":79}},"82":{"start":{"line":234,"column":8},"end":{"line":234,"column":79}},"83":{"start":{"line":236,"column":18},"end":{"line":236,"column":30}},"84":{"start":{"line":237,"column":19},"end":{"line":237,"column":27}},"85":{"start":{"line":238,"column":19},"end":{"line":238,"column":27}},"86":{"start":{"line":239,"column":33},"end":{"line":239,"column":55}},"87":{"start":{"line":240,"column":6},"end":{"line":243,"column":10}},"88":{"start":{"line":241,"column":8},"end":{"line":243,"column":10}},"89":{"start":{"line":245,"column":6},"end":{"line":248,"column":10}},"90":{"start":{"line":246,"column":8},"end":{"line":248,"column":10}},"91":{"start":{"line":249,"column":6},"end":{"line":314,"column":7}},"92":{"start":{"line":251,"column":10},"end":{"line":259,"column":12}},"93":{"start":{"line":260,"column":10},"end":{"line":260,"column":16}},"94":{"start":{"line":262,"column":10},"end":{"line":269,"column":12}},"95":{"start":{"line":270,"column":10},"end":{"line":270,"column":16}},"96":{"start":{"line":272,"column":10},"end":{"line":280,"column":12}},"97":{"start":{"line":281,"column":10},"end":{"line":281,"column":16}},"98":{"start":{"line":283,"column":10},"end":{"line":291,"column":12}},"99":{"start":{"line":292,"column":10},"end":{"line":292,"column":16}},"100":{"start":{"line":294,"column":10},"end":{"line":302,"column":12}},"101":{"start":{"line":303,"column":10},"end":{"line":303,"column":16}},"102":{"start":{"line":305,"column":10},"end":{"line":312,"column":12}},"103":{"start":{"line":313,"column":10},"end":{"line":313,"column":16}},"104":{"start":{"line":321,"column":4},"end":{"line":322,"column":73}},"105":{"start":{"line":322,"column":6},"end":{"line":322,"column":73}},"106":{"start":{"line":323,"column":4},"end":{"line":329,"column":5}},"107":{"start":{"line":324,"column":23},"end":{"line":324,"column":51}},"108":{"start":{"line":325,"column":6},"end":{"line":326,"column":55}},"109":{"start":{"line":326,"column":8},"end":{"line":326,"column":55}},"110":{"start":{"line":327,"column":6},"end":{"line":328,"column":55}},"111":{"start":{"line":328,"column":8},"end":{"line":328,"column":55}},"112":{"start":{"line":345,"column":24},"end":{"line":346,"column":null}},"113":{"start":{"line":348,"column":20},"end":{"line":348,"column":40}},"114":{"start":{"line":350,"column":6},"end":{"line":350,"column":49}},"115":{"start":{"line":352,"column":16},"end":{"line":352,"column":46}},"116":{"start":{"line":353,"column":16},"end":{"line":359,"column":6}},"117":{"start":{"line":360,"column":4},"end":{"line":360,"column":43}},"118":{"start":{"line":361,"column":4},"end":{"line":364,"column":7}},"119":{"start":{"line":365,"column":4},"end":{"line":365,"column":42}},"120":{"start":{"line":366,"column":4},"end":{"line":366,"column":44}},"121":{"start":{"line":367,"column":4},"end":{"line":367,"column":26}},"122":{"start":{"line":369,"column":4},"end":{"line":455,"column":7}},"123":{"start":{"line":370,"column":6},"end":{"line":371,"column":77}},"124":{"start":{"line":371,"column":8},"end":{"line":371,"column":77}},"125":{"start":{"line":372,"column":6},"end":{"line":373,"column":79}},"126":{"start":{"line":373,"column":8},"end":{"line":373,"column":79}},"127":{"start":{"line":375,"column":18},"end":{"line":375,"column":30}},"128":{"start":{"line":376,"column":19},"end":{"line":376,"column":27}},"129":{"start":{"line":377,"column":19},"end":{"line":377,"column":27}},"130":{"start":{"line":378,"column":33},"end":{"line":378,"column":55}},"131":{"start":{"line":379,"column":6},"end":{"line":382,"column":10}},"132":{"start":{"line":380,"column":8},"end":{"line":382,"column":10}},"133":{"start":{"line":384,"column":6},"end":{"line":387,"column":10}},"134":{"start":{"line":385,"column":8},"end":{"line":387,"column":10}},"135":{"start":{"line":388,"column":6},"end":{"line":454,"column":7}},"136":{"start":{"line":390,"column":10},"end":{"line":398,"column":12}},"137":{"start":{"line":399,"column":10},"end":{"line":399,"column":16}},"138":{"start":{"line":401,"column":10},"end":{"line":408,"column":12}},"139":{"start":{"line":409,"column":10},"end":{"line":409,"column":16}},"140":{"start":{"line":411,"column":10},"end":{"line":419,"column":12}},"141":{"start":{"line":420,"column":10},"end":{"line":420,"column":16}},"142":{"start":{"line":422,"column":10},"end":{"line":430,"column":12}},"143":{"start":{"line":431,"column":10},"end":{"line":431,"column":16}},"144":{"start":{"line":433,"column":10},"end":{"line":441,"column":12}},"145":{"start":{"line":442,"column":10},"end":{"line":442,"column":16}},"146":{"start":{"line":444,"column":10},"end":{"line":452,"column":12}},"147":{"start":{"line":453,"column":10},"end":{"line":453,"column":16}},"148":{"start":{"line":456,"column":4},"end":{"line":456,"column":15}},"149":{"start":{"line":465,"column":37},"end":{"line":465,"column":62}},"150":{"start":{"line":466,"column":4},"end":{"line":466,"column":72}},"151":{"start":{"line":466,"column":51},"end":{"line":466,"column":70}},"152":{"start":{"line":467,"column":4},"end":{"line":467,"column":15}},"153":{"start":{"line":475,"column":4},"end":{"line":475,"column":31}},"154":{"start":{"line":489,"column":4},"end":{"line":495,"column":10}},"155":{"start":{"line":493,"column":25},"end":{"line":493,"column":70}},"156":{"start":{"line":504,"column":42},"end":{"line":504,"column":51}},"157":{"start":{"line":505,"column":30},"end":{"line":505,"column":61}},"158":{"start":{"line":506,"column":4},"end":{"line":511,"column":56}},"159":{"start":{"line":511,"column":6},"end":{"line":511,"column":56}},"160":{"start":{"line":512,"column":36},"end":{"line":512,"column":45}},"161":{"start":{"line":513,"column":24},"end":{"line":513,"column":49}},"162":{"start":{"line":514,"column":4},"end":{"line":525,"column":79}},"163":{"start":{"line":521,"column":6},"end":{"line":525,"column":79}},"164":{"start":{"line":527,"column":21},"end":{"line":527,"column":49}},"165":{"start":{"line":528,"column":20},"end":{"line":530,"column":29}},"166":{"start":{"line":542,"column":4},"end":{"line":555,"column":6}},"167":{"start":{"line":563,"column":4},"end":{"line":563,"column":33}},"168":{"start":{"line":572,"column":4},"end":{"line":572,"column":36}},"169":{"start":{"line":581,"column":4},"end":{"line":584,"column":41}},"170":{"start":{"line":582,"column":37},"end":{"line":582,"column":71}},"171":{"start":{"line":583,"column":6},"end":{"line":583,"column":32}},"172":{"start":{"line":584,"column":11},"end":{"line":584,"column":41}},"173":{"start":{"line":592,"column":4},"end":{"line":599,"column":6}},"174":{"start":{"line":607,"column":17},"end":{"line":607,"column":40}},"175":{"start":{"line":608,"column":4},"end":{"line":616,"column":6}},"176":{"start":{"line":624,"column":4},"end":{"line":624,"column":23}},"177":{"start":{"line":625,"column":4},"end":{"line":633,"column":6}},"178":{"start":{"line":641,"column":17},"end":{"line":641,"column":74}},"179":{"start":{"line":642,"column":4},"end":{"line":651,"column":5}},"180":{"start":{"line":643,"column":6},"end":{"line":643,"column":38}},"181":{"start":{"line":644,"column":6},"end":{"line":644,"column":54}},"182":{"start":{"line":645,"column":11},"end":{"line":651,"column":5}},"183":{"start":{"line":646,"column":6},"end":{"line":646,"column":42}},"184":{"start":{"line":647,"column":6},"end":{"line":647,"column":31}},"185":{"start":{"line":648,"column":11},"end":{"line":651,"column":5}},"186":{"start":{"line":649,"column":6},"end":{"line":649,"column":45}},"187":{"start":{"line":650,"column":6},"end":{"line":650,"column":31}},"188":{"start":{"line":652,"column":4},"end":{"line":657,"column":38}},"189":{"start":{"line":653,"column":6},"end":{"line":653,"column":59}},"190":{"start":{"line":654,"column":6},"end":{"line":654,"column":56}},"191":{"start":{"line":655,"column":6},"end":{"line":655,"column":54}},"192":{"start":{"line":656,"column":6},"end":{"line":656,"column":59}},"193":{"start":{"line":657,"column":11},"end":{"line":657,"column":38}},"194":{"start":{"line":658,"column":4},"end":{"line":658,"column":41}},"195":{"start":{"line":659,"column":4},"end":{"line":659,"column":26}},"196":{"start":{"line":660,"column":4},"end":{"line":660,"column":44}},"197":{"start":{"line":661,"column":31},"end":{"line":661,"column":48}},"198":{"start":{"line":662,"column":4},"end":{"line":667,"column":7}},"199":{"start":{"line":686,"column":17},"end":{"line":686,"column":74}},"200":{"start":{"line":688,"column":4},"end":{"line":699,"column":5}},"201":{"start":{"line":689,"column":6},"end":{"line":692,"column":7}},"202":{"start":{"line":690,"column":8},"end":{"line":690,"column":39}},"203":{"start":{"line":691,"column":8},"end":{"line":691,"column":56}},"204":{"start":{"line":693,"column":11},"end":{"line":699,"column":5}},"205":{"start":{"line":694,"column":6},"end":{"line":694,"column":42}},"206":{"start":{"line":695,"column":6},"end":{"line":695,"column":31}},"207":{"start":{"line":696,"column":11},"end":{"line":699,"column":5}},"208":{"start":{"line":697,"column":6},"end":{"line":697,"column":45}},"209":{"start":{"line":698,"column":6},"end":{"line":698,"column":31}},"210":{"start":{"line":700,"column":4},"end":{"line":705,"column":38}},"211":{"start":{"line":701,"column":6},"end":{"line":701,"column":58}},"212":{"start":{"line":702,"column":6},"end":{"line":702,"column":55}},"213":{"start":{"line":703,"column":6},"end":{"line":703,"column":54}},"214":{"start":{"line":704,"column":6},"end":{"line":704,"column":58}},"215":{"start":{"line":705,"column":11},"end":{"line":705,"column":38}},"216":{"start":{"line":707,"column":4},"end":{"line":707,"column":41}},"217":{"start":{"line":708,"column":4},"end":{"line":708,"column":26}},"218":{"start":{"line":709,"column":4},"end":{"line":709,"column":44}},"219":{"start":{"line":710,"column":31},"end":{"line":710,"column":48}},"220":{"start":{"line":711,"column":4},"end":{"line":716,"column":7}},"221":{"start":{"line":744,"column":43},"end":{"line":744,"column":49}},"222":{"start":{"line":745,"column":4},"end":{"line":753,"column":6}},"223":{"start":{"line":761,"column":4},"end":{"line":765,"column":26}},"224":{"start":{"line":775,"column":4},"end":{"line":776,"column":54}},"225":{"start":{"line":776,"column":6},"end":{"line":776,"column":54}},"226":{"start":{"line":778,"column":4},"end":{"line":779,"column":61}},"227":{"start":{"line":779,"column":6},"end":{"line":779,"column":61}},"228":{"start":{"line":781,"column":31},"end":{"line":781,"column":43}},"229":{"start":{"line":782,"column":24},"end":{"line":782,"column":72}},"230":{"start":{"line":783,"column":20},"end":{"line":783,"column":40}},"231":{"start":{"line":784,"column":4},"end":{"line":784,"column":56}},"232":{"start":{"line":785,"column":4},"end":{"line":788,"column":5}},"233":{"start":{"line":786,"column":6},"end":{"line":786,"column":52}},"234":{"start":{"line":787,"column":6},"end":{"line":787,"column":19}},"235":{"start":{"line":789,"column":18},"end":{"line":789,"column":55}},"236":{"start":{"line":790,"column":17},"end":{"line":790,"column":21}},"237":{"start":{"line":792,"column":28},"end":{"line":792,"column":47}},"238":{"start":{"line":794,"column":4},"end":{"line":797,"column":5}},"239":{"start":{"line":795,"column":6},"end":{"line":795,"column":40}},"240":{"start":{"line":796,"column":6},"end":{"line":796,"column":21}},"241":{"start":{"line":799,"column":22},"end":{"line":799,"column":40}},"242":{"start":{"line":800,"column":4},"end":{"line":803,"column":5}},"243":{"start":{"line":801,"column":6},"end":{"line":801,"column":39}},"244":{"start":{"line":802,"column":6},"end":{"line":802,"column":21}},"245":{"start":{"line":804,"column":21},"end":{"line":804,"column":38}},"246":{"start":{"line":805,"column":4},"end":{"line":808,"column":5}},"247":{"start":{"line":806,"column":6},"end":{"line":806,"column":38}},"248":{"start":{"line":807,"column":6},"end":{"line":807,"column":21}},"249":{"start":{"line":809,"column":24},"end":{"line":809,"column":44}},"250":{"start":{"line":810,"column":4},"end":{"line":816,"column":5}},"251":{"start":{"line":814,"column":6},"end":{"line":814,"column":46}},"252":{"start":{"line":815,"column":6},"end":{"line":815,"column":21}},"253":{"start":{"line":817,"column":4},"end":{"line":823,"column":5}},"254":{"start":{"line":821,"column":6},"end":{"line":821,"column":46}},"255":{"start":{"line":822,"column":6},"end":{"line":822,"column":21}},"256":{"start":{"line":825,"column":23},"end":{"line":825,"column":42}},"257":{"start":{"line":826,"column":28},"end":{"line":826,"column":75}},"258":{"start":{"line":827,"column":4},"end":{"line":829,"column":5}},"259":{"start":{"line":828,"column":6},"end":{"line":828,"column":42}},"260":{"start":{"line":831,"column":17},"end":{"line":831,"column":33}},"261":{"start":{"line":832,"column":4},"end":{"line":835,"column":5}},"262":{"start":{"line":833,"column":6},"end":{"line":833,"column":37}},"263":{"start":{"line":834,"column":6},"end":{"line":834,"column":21}},"264":{"start":{"line":836,"column":4},"end":{"line":837,"column":75}},"265":{"start":{"line":837,"column":6},"end":{"line":837,"column":75}},"266":{"start":{"line":838,"column":4},"end":{"line":838,"column":18}},"267":{"start":{"line":858,"column":8},"end":{"line":858,"column":18}},"268":{"start":{"line":860,"column":4},"end":{"line":863,"column":5}},"269":{"start":{"line":861,"column":6},"end":{"line":861,"column":52}},"270":{"start":{"line":862,"column":6},"end":{"line":862,"column":23}},"271":{"start":{"line":864,"column":31},"end":{"line":864,"column":43}},"272":{"start":{"line":866,"column":4},"end":{"line":869,"column":5}},"273":{"start":{"line":867,"column":6},"end":{"line":867,"column":44}},"274":{"start":{"line":868,"column":6},"end":{"line":868,"column":23}},"275":{"start":{"line":871,"column":4},"end":{"line":874,"column":5}},"276":{"start":{"line":872,"column":6},"end":{"line":872,"column":41}},"277":{"start":{"line":873,"column":6},"end":{"line":873,"column":23}},"278":{"start":{"line":876,"column":4},"end":{"line":877,"column":52}},"279":{"start":{"line":877,"column":6},"end":{"line":877,"column":52}},"280":{"start":{"line":878,"column":4},"end":{"line":879,"column":60}},"281":{"start":{"line":879,"column":6},"end":{"line":879,"column":60}},"282":{"start":{"line":889,"column":4},"end":{"line":892,"column":5}},"283":{"start":{"line":890,"column":6},"end":{"line":890,"column":60}},"284":{"start":{"line":891,"column":6},"end":{"line":891,"column":23}},"285":{"start":{"line":895,"column":19},"end":{"line":897,"column":41}},"286":{"start":{"line":898,"column":4},"end":{"line":898,"column":25}},"287":{"start":{"line":899,"column":47},"end":{"line":899,"column":49}},"288":{"start":{"line":900,"column":4},"end":{"line":908,"column":5}},"289":{"start":{"line":901,"column":6},"end":{"line":901,"column":23}},"290":{"start":{"line":902,"column":45},"end":{"line":902,"column":78}},"291":{"start":{"line":904,"column":8},"end":{"line":904,"column":57}},"292":{"start":{"line":905,"column":6},"end":{"line":905,"column":25}},"293":{"start":{"line":906,"column":6},"end":{"line":906,"column":19}},"294":{"start":{"line":907,"column":6},"end":{"line":907,"column":19}},"295":{"start":{"line":911,"column":51},"end":{"line":911,"column":60}},"296":{"start":{"line":912,"column":4},"end":{"line":923,"column":5}},"297":{"start":{"line":912,"column":17},"end":{"line":912,"column":18}},"298":{"start":{"line":913,"column":6},"end":{"line":913,"column":23}},"299":{"start":{"line":914,"column":45},"end":{"line":916,"column":null}},"300":{"start":{"line":919,"column":8},"end":{"line":919,"column":66}},"301":{"start":{"line":920,"column":6},"end":{"line":920,"column":26}},"302":{"start":{"line":921,"column":6},"end":{"line":921,"column":19}},"303":{"start":{"line":922,"column":6},"end":{"line":922,"column":25}},"304":{"start":{"line":924,"column":4},"end":{"line":924,"column":16}},"305":{"start":{"line":927,"column":40},"end":{"line":929,"column":null}},"306":{"start":{"line":932,"column":4},"end":{"line":932,"column":28}},"307":{"start":{"line":934,"column":4},"end":{"line":936,"column":5}},"308":{"start":{"line":935,"column":6},"end":{"line":935,"column":50}},"309":{"start":{"line":938,"column":20},"end":{"line":938,"column":66}},"310":{"start":{"line":939,"column":4},"end":{"line":941,"column":5}},"311":{"start":{"line":940,"column":6},"end":{"line":940,"column":44}},"312":{"start":{"line":942,"column":33},"end":{"line":942,"column":45}},"313":{"start":{"line":944,"column":4},"end":{"line":946,"column":5}},"314":{"start":{"line":945,"column":6},"end":{"line":945,"column":50}},"315":{"start":{"line":949,"column":19},"end":{"line":949,"column":41}},"316":{"start":{"line":950,"column":18},"end":{"line":950,"column":69}},"317":{"start":{"line":951,"column":20},"end":{"line":951,"column":34}},"318":{"start":{"line":952,"column":21},"end":{"line":952,"column":58}},"319":{"start":{"line":953,"column":4},"end":{"line":953,"column":61}},"320":{"start":{"line":954,"column":4},"end":{"line":954,"column":59}},"321":{"start":{"line":955,"column":4},"end":{"line":955,"column":46}},"322":{"start":{"line":956,"column":23},"end":{"line":956,"column":61}},"323":{"start":{"line":957,"column":4},"end":{"line":957,"column":72}},"324":{"start":{"line":957,"column":21},"end":{"line":957,"column":72}},"325":{"start":{"line":958,"column":20},"end":{"line":958,"column":35}},"326":{"start":{"line":959,"column":26},"end":{"line":959,"column":76}},"327":{"start":{"line":960,"column":28},"end":{"line":960,"column":50}},"328":{"start":{"line":961,"column":31},"end":{"line":961,"column":58}},"329":{"start":{"line":962,"column":21},"end":{"line":962,"column":41}},"330":{"start":{"line":963,"column":27},"end":{"line":963,"column":56}},"331":{"start":{"line":964,"column":18},"end":{"line":964,"column":58}},"332":{"start":{"line":965,"column":4},"end":{"line":967,"column":5}},"333":{"start":{"line":966,"column":6},"end":{"line":966,"column":51}},"334":{"start":{"line":969,"column":27},"end":{"line":977,"column":6}},"335":{"start":{"line":978,"column":22},"end":{"line":978,"column":74}},"336":{"start":{"line":981,"column":15},"end":{"line":986,"column":null}},"337":{"start":{"line":985,"column":8},"end":{"line":985,"column":73}},"338":{"start":{"line":988,"column":49},"end":{"line":988,"column":58}},"339":{"start":{"line":989,"column":4},"end":{"line":998,"column":5}},"340":{"start":{"line":990,"column":6},"end":{"line":990,"column":23}},"341":{"start":{"line":991,"column":6},"end":{"line":991,"column":23}},"342":{"start":{"line":992,"column":6},"end":{"line":992,"column":26}},"343":{"start":{"line":993,"column":6},"end":{"line":993,"column":46}},"344":{"start":{"line":994,"column":6},"end":{"line":994,"column":31}},"345":{"start":{"line":995,"column":6},"end":{"line":995,"column":49}},"346":{"start":{"line":997,"column":6},"end":{"line":997,"column":40}},"347":{"start":{"line":999,"column":4},"end":{"line":1001,"column":5}},"348":{"start":{"line":1000,"column":6},"end":{"line":1000,"column":43}},"349":{"start":{"line":1002,"column":4},"end":{"line":1002,"column":59}},"350":{"start":{"line":1004,"column":20},"end":{"line":1004,"column":46}},"351":{"start":{"line":1005,"column":4},"end":{"line":1005,"column":17}},"352":{"start":{"line":1006,"column":4},"end":{"line":1012,"column":28}},"353":{"start":{"line":1007,"column":6},"end":{"line":1007,"column":34}},"354":{"start":{"line":1008,"column":6},"end":{"line":1008,"column":24}},"355":{"start":{"line":1009,"column":6},"end":{"line":1009,"column":32}},"356":{"start":{"line":1010,"column":6},"end":{"line":1010,"column":37}},"357":{"start":{"line":1011,"column":6},"end":{"line":1011,"column":20}},"358":{"start":{"line":1012,"column":11},"end":{"line":1012,"column":28}},"359":{"start":{"line":1029,"column":8},"end":{"line":1029,"column":18}},"360":{"start":{"line":1031,"column":4},"end":{"line":1034,"column":5}},"361":{"start":{"line":1032,"column":6},"end":{"line":1032,"column":52}},"362":{"start":{"line":1033,"column":6},"end":{"line":1033,"column":23}},"363":{"start":{"line":1035,"column":31},"end":{"line":1035,"column":43}},"364":{"start":{"line":1037,"column":4},"end":{"line":1040,"column":5}},"365":{"start":{"line":1038,"column":6},"end":{"line":1038,"column":44}},"366":{"start":{"line":1039,"column":6},"end":{"line":1039,"column":23}},"367":{"start":{"line":1042,"column":4},"end":{"line":1045,"column":5}},"368":{"start":{"line":1043,"column":6},"end":{"line":1043,"column":41}},"369":{"start":{"line":1044,"column":6},"end":{"line":1044,"column":23}},"370":{"start":{"line":1047,"column":25},"end":{"line":1047,"column":27}},"371":{"start":{"line":1048,"column":4},"end":{"line":1051,"column":5}},"372":{"start":{"line":1049,"column":40},"end":{"line":1049,"column":73}},"373":{"start":{"line":1050,"column":6},"end":{"line":1050,"column":43}},"374":{"start":{"line":1054,"column":22},"end":{"line":1054,"column":43}},"375":{"start":{"line":1055,"column":4},"end":{"line":1061,"column":5}},"376":{"start":{"line":1055,"column":17},"end":{"line":1055,"column":18}},"377":{"start":{"line":1056,"column":40},"end":{"line":1058,"column":null}},"378":{"start":{"line":1060,"column":6},"end":{"line":1060,"column":26}},"379":{"start":{"line":1063,"column":20},"end":{"line":1063,"column":66}},"380":{"start":{"line":1064,"column":4},"end":{"line":1066,"column":5}},"381":{"start":{"line":1065,"column":6},"end":{"line":1065,"column":39}},"382":{"start":{"line":1067,"column":33},"end":{"line":1067,"column":45}},"383":{"start":{"line":1069,"column":4},"end":{"line":1071,"column":5}},"384":{"start":{"line":1070,"column":6},"end":{"line":1070,"column":50}},"385":{"start":{"line":1073,"column":31},"end":{"line":1073,"column":63}},"386":{"start":{"line":1075,"column":18},"end":{"line":1075,"column":58}},"387":{"start":{"line":1077,"column":27},"end":{"line":1085,"column":6}},"388":{"start":{"line":1087,"column":31},"end":{"line":1087,"column":33}},"389":{"start":{"line":1088,"column":4},"end":{"line":1095,"column":5}},"390":{"start":{"line":1089,"column":6},"end":{"line":1092,"column":53}},"391":{"start":{"line":1092,"column":8},"end":{"line":1092,"column":53}},"392":{"start":{"line":1093,"column":24},"end":{"line":1093,"column":76}},"393":{"start":{"line":1094,"column":6},"end":{"line":1094,"column":42}},"394":{"start":{"line":1097,"column":38},"end":{"line":1101,"column":null}},"395":{"start":{"line":1098,"column":6},"end":{"line":1101,"column":8}},"396":{"start":{"line":1099,"column":45},"end":{"line":1099,"column":55}},"397":{"start":{"line":1100,"column":47},"end":{"line":1100,"column":57}},"398":{"start":{"line":1103,"column":30},"end":{"line":1105,"column":6}},"399":{"start":{"line":1104,"column":43},"end":{"line":1104,"column":53}},"400":{"start":{"line":1107,"column":31},"end":{"line":1107,"column":49}},"401":{"start":{"line":1109,"column":4},"end":{"line":1114,"column":6}},"402":{"start":{"line":1137,"column":8},"end":{"line":1137,"column":18}},"403":{"start":{"line":1143,"column":8},"end":{"line":1143,"column":26}},"404":{"start":{"line":1145,"column":4},"end":{"line":1146,"column":60}},"405":{"start":{"line":1146,"column":6},"end":{"line":1146,"column":60}},"406":{"start":{"line":1148,"column":25},"end":{"line":1157,"column":6}},"407":{"start":{"line":1149,"column":18},"end":{"line":1149,"column":31}},"408":{"start":{"line":1150,"column":20},"end":{"line":1151,"column":null}},"409":{"start":{"line":1151,"column":37},"end":{"line":1151,"column":54}},"410":{"start":{"line":1153,"column":21},"end":{"line":1154,"column":null}},"411":{"start":{"line":1154,"column":38},"end":{"line":1154,"column":55}},"412":{"start":{"line":1156,"column":6},"end":{"line":1156,"column":31}},"413":{"start":{"line":1159,"column":20},"end":{"line":1159,"column":52}},"414":{"start":{"line":1160,"column":27},"end":{"line":1160,"column":66}},"415":{"start":{"line":1161,"column":22},"end":{"line":1161,"column":56}},"416":{"start":{"line":1162,"column":19},"end":{"line":1163,"column":null}},"417":{"start":{"line":1163,"column":54},"end":{"line":1163,"column":71}},"418":{"start":{"line":1166,"column":4},"end":{"line":1169,"column":5}},"419":{"start":{"line":1167,"column":6},"end":{"line":1167,"column":60}},"420":{"start":{"line":1168,"column":6},"end":{"line":1168,"column":23}},"421":{"start":{"line":1171,"column":4},"end":{"line":1171,"column":38}},"422":{"start":{"line":1172,"column":19},"end":{"line":1172,"column":42}},"423":{"start":{"line":1173,"column":4},"end":{"line":1173,"column":25}},"424":{"start":{"line":1174,"column":47},"end":{"line":1174,"column":49}},"425":{"start":{"line":1175,"column":4},"end":{"line":1183,"column":5}},"426":{"start":{"line":1176,"column":6},"end":{"line":1176,"column":23}},"427":{"start":{"line":1178,"column":8},"end":{"line":1180,"column":null}},"428":{"start":{"line":1182,"column":6},"end":{"line":1182,"column":25}},"429":{"start":{"line":1185,"column":4},"end":{"line":1185,"column":37}},"430":{"start":{"line":1186,"column":44},"end":{"line":1186,"column":53}},"431":{"start":{"line":1187,"column":4},"end":{"line":1196,"column":5}},"432":{"start":{"line":1187,"column":17},"end":{"line":1187,"column":18}},"433":{"start":{"line":1188,"column":6},"end":{"line":1188,"column":23}},"434":{"start":{"line":1189,"column":40},"end":{"line":1191,"column":null}},"435":{"start":{"line":1194,"column":8},"end":{"line":1194,"column":66}},"436":{"start":{"line":1195,"column":6},"end":{"line":1195,"column":26}},"437":{"start":{"line":1197,"column":4},"end":{"line":1197,"column":16}},"438":{"start":{"line":1199,"column":4},"end":{"line":1199,"column":42}},"439":{"start":{"line":1200,"column":40},"end":{"line":1202,"column":null}},"440":{"start":{"line":1204,"column":4},"end":{"line":1204,"column":45}},"441":{"start":{"line":1205,"column":4},"end":{"line":1205,"column":28}},"442":{"start":{"line":1206,"column":4},"end":{"line":1206,"column":66}},"443":{"start":{"line":1207,"column":4},"end":{"line":1209,"column":5}},"444":{"start":{"line":1208,"column":6},"end":{"line":1208,"column":50}},"445":{"start":{"line":1211,"column":4},"end":{"line":1211,"column":54}},"446":{"start":{"line":1212,"column":19},"end":{"line":1212,"column":41}},"447":{"start":{"line":1213,"column":18},"end":{"line":1213,"column":69}},"448":{"start":{"line":1214,"column":20},"end":{"line":1214,"column":34}},"449":{"start":{"line":1215,"column":4},"end":{"line":1215,"column":56}},"450":{"start":{"line":1216,"column":4},"end":{"line":1216,"column":59}},"451":{"start":{"line":1217,"column":4},"end":{"line":1217,"column":46}},"452":{"start":{"line":1218,"column":23},"end":{"line":1218,"column":56}},"453":{"start":{"line":1219,"column":4},"end":{"line":1219,"column":72}},"454":{"start":{"line":1219,"column":21},"end":{"line":1219,"column":72}},"455":{"start":{"line":1220,"column":20},"end":{"line":1220,"column":35}},"456":{"start":{"line":1221,"column":26},"end":{"line":1221,"column":76}},"457":{"start":{"line":1224,"column":15},"end":{"line":1229,"column":null}},"458":{"start":{"line":1228,"column":8},"end":{"line":1228,"column":73}},"459":{"start":{"line":1231,"column":49},"end":{"line":1231,"column":58}},"460":{"start":{"line":1232,"column":4},"end":{"line":1241,"column":5}},"461":{"start":{"line":1233,"column":6},"end":{"line":1233,"column":23}},"462":{"start":{"line":1234,"column":6},"end":{"line":1234,"column":23}},"463":{"start":{"line":1235,"column":6},"end":{"line":1235,"column":26}},"464":{"start":{"line":1236,"column":6},"end":{"line":1236,"column":46}},"465":{"start":{"line":1237,"column":6},"end":{"line":1237,"column":31}},"466":{"start":{"line":1238,"column":6},"end":{"line":1238,"column":49}},"467":{"start":{"line":1240,"column":6},"end":{"line":1240,"column":40}},"468":{"start":{"line":1242,"column":4},"end":{"line":1244,"column":5}},"469":{"start":{"line":1243,"column":6},"end":{"line":1243,"column":43}},"470":{"start":{"line":1245,"column":4},"end":{"line":1245,"column":59}},"471":{"start":{"line":1246,"column":4},"end":{"line":1248,"column":28}},"472":{"start":{"line":1247,"column":6},"end":{"line":1247,"column":20}},"473":{"start":{"line":1248,"column":11},"end":{"line":1248,"column":28}},"474":{"start":{"line":1308,"column":4},"end":{"line":1312,"column":5}},"475":{"start":{"line":1309,"column":6},"end":{"line":1311,"column":8}},"476":{"start":{"line":1313,"column":4},"end":{"line":1348,"column":28}},"477":{"start":{"line":1314,"column":6},"end":{"line":1314,"column":40}},"478":{"start":{"line":1315,"column":19},"end":{"line":1315,"column":38}},"479":{"start":{"line":1316,"column":19},"end":{"line":1320,"column":null}},"480":{"start":{"line":1322,"column":6},"end":{"line":1322,"column":47}},"481":{"start":{"line":1322,"column":30},"end":{"line":1322,"column":47}},"482":{"start":{"line":1323,"column":22},"end":{"line":1323,"column":33}},"483":{"start":{"line":1324,"column":26},"end":{"line":1324,"column":57}},"484":{"start":{"line":1325,"column":6},"end":{"line":1325,"column":80}},"485":{"start":{"line":1325,"column":36},"end":{"line":1325,"column":80}},"486":{"start":{"line":1326,"column":6},"end":{"line":1329,"column":8}},"487":{"start":{"line":1330,"column":11},"end":{"line":1348,"column":28}},"488":{"start":{"line":1331,"column":6},"end":{"line":1331,"column":43}},"489":{"start":{"line":1332,"column":22},"end":{"line":1332,"column":45}},"490":{"start":{"line":1333,"column":19},"end":{"line":1337,"column":null}},"491":{"start":{"line":1339,"column":6},"end":{"line":1339,"column":47}},"492":{"start":{"line":1339,"column":30},"end":{"line":1339,"column":47}},"493":{"start":{"line":1340,"column":22},"end":{"line":1340,"column":33}},"494":{"start":{"line":1341,"column":29},"end":{"line":1341,"column":60}},"495":{"start":{"line":1342,"column":6},"end":{"line":1343,"column":55}},"496":{"start":{"line":1343,"column":8},"end":{"line":1343,"column":55}},"497":{"start":{"line":1344,"column":6},"end":{"line":1347,"column":8}},"498":{"start":{"line":1348,"column":11},"end":{"line":1348,"column":28}},"499":{"start":{"line":1408,"column":4},"end":{"line":1411,"column":5}},"500":{"start":{"line":1409,"column":6},"end":{"line":1409,"column":42}},"501":{"start":{"line":1410,"column":6},"end":{"line":1410,"column":13}},"502":{"start":{"line":1412,"column":4},"end":{"line":1433,"column":5}},"503":{"start":{"line":1413,"column":6},"end":{"line":1413,"column":29}},"504":{"start":{"line":1416,"column":19},"end":{"line":1416,"column":28}},"505":{"start":{"line":1417,"column":6},"end":{"line":1420,"column":7}},"506":{"start":{"line":1418,"column":8},"end":{"line":1418,"column":57}},"507":{"start":{"line":1419,"column":8},"end":{"line":1419,"column":15}},"508":{"start":{"line":1422,"column":6},"end":{"line":1422,"column":70}},"509":{"start":{"line":1423,"column":6},"end":{"line":1432,"column":7}},"510":{"start":{"line":1424,"column":8},"end":{"line":1431,"column":9}},"511":{"start":{"line":1426,"column":10},"end":{"line":1426,"column":43}},"512":{"start":{"line":1427,"column":10},"end":{"line":1427,"column":67}},"513":{"start":{"line":1428,"column":10},"end":{"line":1428,"column":46}},"514":{"start":{"line":1430,"column":10},"end":{"line":1430,"column":62}},"515":{"start":{"line":1441,"column":4},"end":{"line":1455,"column":5}},"516":{"start":{"line":1442,"column":6},"end":{"line":1442,"column":29}},"517":{"start":{"line":1445,"column":6},"end":{"line":1454,"column":7}},"518":{"start":{"line":1447,"column":8},"end":{"line":1447,"column":46}},"519":{"start":{"line":1448,"column":8},"end":{"line":1448,"column":65}},"520":{"start":{"line":1449,"column":8},"end":{"line":1449,"column":49}},"521":{"start":{"line":1450,"column":8},"end":{"line":1450,"column":20}},"522":{"start":{"line":1452,"column":8},"end":{"line":1452,"column":60}},"523":{"start":{"line":1453,"column":8},"end":{"line":1453,"column":21}},"524":{"start":{"line":1456,"column":4},"end":{"line":1456,"column":16}},"525":{"start":{"line":1478,"column":8},"end":{"line":1478,"column":16}},"526":{"start":{"line":1479,"column":24},"end":{"line":1481,"column":6}},"527":{"start":{"line":1482,"column":26},"end":{"line":1482,"column":47}},"528":{"start":{"line":1483,"column":25},"end":{"line":1483,"column":47}},"529":{"start":{"line":1484,"column":4},"end":{"line":1485,"column":46}},"530":{"start":{"line":1485,"column":6},"end":{"line":1485,"column":46}},"531":{"start":{"line":1486,"column":4},"end":{"line":1487,"column":60}},"532":{"start":{"line":1487,"column":6},"end":{"line":1487,"column":60}},"533":{"start":{"line":1488,"column":4},"end":{"line":1488,"column":28}},"534":{"start":{"line":1489,"column":4},"end":{"line":1490,"column":43}},"535":{"start":{"line":1490,"column":6},"end":{"line":1490,"column":43}},"536":{"start":{"line":1491,"column":45},"end":{"line":1491,"column":68}},"537":{"start":{"line":1493,"column":19},"end":{"line":1493,"column":41}},"538":{"start":{"line":1494,"column":28},"end":{"line":1494,"column":61}},"539":{"start":{"line":1495,"column":4},"end":{"line":1495,"column":49}},"540":{"start":{"line":1498,"column":17},"end":{"line":1500,"column":41}},"541":{"start":{"line":1501,"column":20},"end":{"line":1501,"column":66}},"542":{"start":{"line":1502,"column":4},"end":{"line":1505,"column":5}},"543":{"start":{"line":1503,"column":6},"end":{"line":1503,"column":50}},"544":{"start":{"line":1504,"column":6},"end":{"line":1504,"column":23}},"545":{"start":{"line":1506,"column":33},"end":{"line":1506,"column":45}},"546":{"start":{"line":1508,"column":17},"end":{"line":1508,"column":49}},"547":{"start":{"line":1519,"column":16},"end":{"line":1533,"column":6}},"548":{"start":{"line":1535,"column":6},"end":{"line":1536,"column":71}},"549":{"start":{"line":1537,"column":31},"end":{"line":1541,"column":6}},"550":{"start":{"line":1543,"column":18},"end":{"line":1543,"column":69}},"551":{"start":{"line":1544,"column":20},"end":{"line":1544,"column":34}},"552":{"start":{"line":1545,"column":4},"end":{"line":1545,"column":27}},"553":{"start":{"line":1547,"column":4},"end":{"line":1547,"column":61}},"554":{"start":{"line":1548,"column":4},"end":{"line":1548,"column":59}},"555":{"start":{"line":1549,"column":4},"end":{"line":1549,"column":46}},"556":{"start":{"line":1550,"column":20},"end":{"line":1550,"column":35}},"557":{"start":{"line":1551,"column":26},"end":{"line":1551,"column":76}},"558":{"start":{"line":1552,"column":23},"end":{"line":1552,"column":61}},"559":{"start":{"line":1554,"column":24},"end":{"line":1559,"column":null}},"560":{"start":{"line":1557,"column":8},"end":{"line":1557,"column":62}},"561":{"start":{"line":1557,"column":25},"end":{"line":1557,"column":62}},"562":{"start":{"line":1558,"column":8},"end":{"line":1558,"column":29}},"563":{"start":{"l
[...]
{"line":207,"column":3}}},"12":{"name":"(anonymous_12)","decl":{"start":{"line":208,"column":9},"end":{"line":208,"column":15}},"loc":{"start":{"line":211,"column":48},"end":{"line":288,"column":3}}}},"branchMap":{"0":{"loc":{"start":{"line":86,"column":36},"end":{"line":86,"column":57}},"type":"binary-expr","locations":[{"start":{"line":86,"column":36},"end":{"line":86,"column":45}},{"start":{"line":86,"column":49},"end":{"line":86,"column":57}}]},"1":{"loc":{"start":{"line":87,"column":19},"end":{"line":87,"column":42}},"type":"binary-expr","locations":[{"start":{"line":87,"column":19},"end":{"line":87,"column":33}},{"start":{"line":87,"column":37},"end":{"line":87,"column":42}}]},"2":{"loc":{"start":{"line":103,"column":19},"end":{"line":103,"column":42}},"type":"binary-expr","locations":[{"start":{"line":103,"column":19},"end":{"line":103,"column":33}},{"start":{"line":103,"column":37},"end":{"line":103,"column":42}}]},"3":{"loc":{"start":{"line":119,"column":19},"end":{"line":119,"column":42}},"type":"binary-expr","locations":[{"start":{"line":119,"column":19},"end":{"line":119,"column":33}},{"start":{"line":119,"column":37},"end":{"line":119,"column":42}}]},"4":{"loc":{"start":{"line":135,"column":19},"end":{"line":135,"column":42}},"type":"binary-expr","locations":[{"start":{"line":135,"column":19},"end":{"line":135,"column":33}},{"start":{"line":135,"column":37},"end":{"line":135,"column":42}}]},"5":{"loc":{"start":{"line":152,"column":19},"end":{"line":152,"column":42}},"type":"binary-expr","locations":[{"start":{"line":152,"column":19},"end":{"line":152,"column":33}},{"start":{"line":152,"column":37},"end":{"line":152,"column":42}}]},"6":{"loc":{"start":{"line":168,"column":24},"end":{"line":168,"column":50}},"type":"binary-expr","locations":[{"start":{"line":168,"column":24},"end":{"line":168,"column":42}},{"start":{"line":168,"column":46},"end":{"line":168,"column":50}}]},"7":{"loc":{"start":{"line":180,"column":19},"end":{"line":180,"column":42}},"type":"binary-expr","locations":[{"start":{"line":180,"column":19},"end":{"line":180,"column":33}},{"start":{"line":180,"column":37},"end":{"line":180,"column":42}}]},"8":{"loc":{"start":{"line":193,"column":34},"end":{"line":193,"column":55}},"type":"binary-expr","locations":[{"start":{"line":193,"column":34},"end":{"line":193,"column":43}},{"start":{"line":193,"column":47},"end":{"line":193,"column":55}}]},"9":{"loc":{"start":{"line":194,"column":17},"end":{"line":194,"column":40}},"type":"binary-expr","locations":[{"start":{"line":194,"column":17},"end":{"line":194,"column":31}},{"start":{"line":194,"column":35},"end":{"line":194,"column":40}}]},"10":{"loc":{"start":{"line":211,"column":4},"end":{"line":211,"column":48}},"type":"default-arg","locations":[{"start":{"line":211,"column":43},"end":{"line":211,"column":48}}]},"11":{"loc":{"start":{"line":218,"column":4},"end":{"line":219,"column":73}},"type":"if","locations":[{"start":{"line":218,"column":4},"end":{"line":219,"column":73}}]},"12":{"loc":{"start":{"line":221,"column":4},"end":{"line":222,"column":58}},"type":"if","locations":[{"start":{"line":221,"column":4},"end":{"line":222,"column":58}}]},"13":{"loc":{"start":{"line":221,"column":8},"end":{"line":221,"column":72}},"type":"binary-expr","locations":[{"start":{"line":221,"column":8},"end":{"line":221,"column":26}},{"start":{"line":221,"column":30},"end":{"line":221,"column":54}},{"start":{"line":221,"column":58},"end":{"line":221,"column":72}}]},"14":{"loc":{"start":{"line":223,"column":4},"end":{"line":232,"column":62}},"type":"if","locations":[{"start":{"line":223,"column":4},"end":{"line":232,"column":62}}]},"15":{"loc":{"start":{"line":224,"column":6},"end":{"line":230,"column":33}},"type":"binary-expr","locations":[{"start":{"line":224,"column":6},"end":{"line":224,"column":32}},{"start":{"line":225,"column":6},"end":{"line":225,"column":38}},{"start":{"line":226,"column":6},"end":{"line":226,"column":43}},{"start":{"line":227,"column":6},"end":{"line":227,"column":49}},{"start":{"line":228,"column":6},"end":{"line":228,"column":37}},{"start":{"line":229,"column":6},"end":{"line":229,"column":43}},{"start":{"line":230,"column":6},"end":{"line":230,"column":33}}]},"16":{"loc":{"start":{"line":236,"column":6},"end":{"line":237,"column":64}},"type":"if","locations":[{"start":{"line":236,"column":6},"end":{"line":237,"column":64}}]},"17":{"loc":{"start":{"line":236,"column":10},"end":{"line":236,"column":58}},"type":"binary-expr","locations":[{"start":{"line":236,"column":10},"end":{"line":236,"column":29}},{"start":{"line":236,"column":33},"end":{"line":236,"column":58}}]},"18":{"loc":{"start":{"line":240,"column":33},"end":{"line":240,"column":57}},"type":"binary-expr","locations":[{"start":{"line":240,"column":33},"end":{"line":240,"column":48}},{"start":{"line":240,"column":52},"end":{"line":240,"column":57}}]},"19":{"loc":{"start":{"line":241,"column":6},"end":{"line":247,"column":72}},"type":"if","locations":[{"start":{"line":241,"column":6},"end":{"line":247,"column":72}}]},"20":{"loc":{"start":{"line":242,"column":8},"end":{"line":245,"column":32}},"type":"binary-expr","locations":[{"start":{"line":242,"column":8},"end":{"line":242,"column":26}},{"start":{"line":243,"column":8},"end":{"line":243,"column":32}},{"start":{"line":244,"column":8},"end":{"line":244,"column":26}},{"start":{"line":245,"column":8},"end":{"line":245,"column":32}}]},"21":{"loc":{"start":{"line":248,"column":6},"end":{"line":279,"column":7}},"type":"switch","locations":[{"start":{"line":249,"column":8},"end":{"line":255,"column":16}},{"start":{"line":256,"column":8},"end":{"line":262,"column":16}},{"start":{"line":263,"column":8},"end":{"line":269,"column":16}},{"start":{"line":270,"column":8},"end":{"line":276,"column":16}},{"start":{"line":277,"column":8},"end":{"line":278,"column":66}}]},"22":{"loc":{"start":{"line":282,"column":4},"end":{"line":286,"column":5}},"type":"if","locations":[{"start":{"line":282,"column":4},"end":{"line":286,"column":5}}]},"23":{"loc":{"start":{"line":284,"column":6},"end":{"line":285,"column":64}},"type":"if","locations":[{"start":{"line":284,"column":6},"end":{"line":285,"column":64}}]}},"s":{"0":24,"1":24,"2":24,"3":24,"4":24,"5":24,"6":24,"7":14,"8":14,"9":15,"10":15,"11":54,"12":54,"13":54,"14":15,"15":51,"16":33,"17":6,"18":6,"19":3,"20":1,"21":5,"22":5,"23":3,"24":3,"25":3,"26":3,"27":3,"28":3,"29":3,"30":3,"31":3,"32":3,"33":3,"34":3,"35":0,"36":22,"37":4,"38":4,"39":4,"40":4,"41":4,"42":0,"43":4,"44":0,"45":4,"46":0,"47":4,"48":4,"49":14,"50":14,"51":0,"52":14,"53":14,"54":14,"55":14,"56":0,"57":14,"58":9,"59":9,"60":3,"61":3,"62":1,"63":1,"64":1,"65":1,"66":0,"67":4,"68":4,"69":4,"70":0,"71":4,"72":24},"f":{"0":14,"1":15,"2":54,"3":51,"4":33,"5":6,"6":3,"7":1,"8":5,"9":3,"10":0,"11":22,"12":4},"b":{"0":[33,33],"1":[33,19],"2":[6,5],"3":[3,0],"4":[1,0],"5":[5,3],"6":[3,0],"7":[3,2],"8":[0,0],"9":[0,0],"10":[0],"11":[0],"12":[0],"13":[4,4,4],"14":[0],"15":[4,4,4,4,4,4,4],"16":[0],"17":[14,14],"18":[14,8],"19":[0],"20":[14,14,14,14],"21":[9,3,1,1,0],"22":[4],"23":[0]}}
,"/Users/mike/Documents/DeFi/MinaNFT/minanft-lib/src/storage/text.ts": {"path":"/Users/mike/Documents/DeFi/MinaNFT/minanft-lib/src/storage/text.ts","statementMap":{"0":{"start":{"line":2,"column":0},"end":{"line":2,"column":41}},"1":{"start":{"line":3,"column":0},"end":{"line":3,"column":57}},"2":{"start":{"line":11,"column":4},"end":{"line":11,"column":18}},"3":{"start":{"line":12,"column":4},"end":{"line":12,"column":21}},"4":{"start":{"line":13,"column":4},"end":{"line":13,"column":28}},"5":{"start":{"line":14,"column":4},"end":{"line":14,"column":58}},"6":{"start":{"line":15,"column":17},"end":{"line":15,"column":44}},"7":{"start":{"line":16,"column":4},"end":{"line":17,"column":62}},"8":{"start":{"line":17,"column":6},"end":{"line":17,"column":62}},"9":{"start":{"line":18,"column":4},"end":{"line":18,"column":53}},"10":{"start":{"line":19,"column":4},"end":{"line":19,"column":51}},"11":{"start":{"line":20,"column":4},"end":{"line":22,"column":5}},"12":{"start":{"line":20,"column":17},"end":{"line":20,"column":18}},"13":{"start":{"line":21,"column":6},"end":{"line":21,"column":71}},"14":{"start":{"line":23,"column":4},"end":{"line":23,"column":31}},"15":{"start":{"line":27,"column":4},"end":{"line":32,"column":6}},"16":{"start":{"line":36,"column":16},"end":{"line":36,"column":27}},"17":{"start":{"line":37,"column":17},"end":{"line":37,"column":25}},"18":{"start":{"line":38,"column":17},"end":{"line":38,"column":25}},"19":{"start":{"line":39,"column":25},"end":{"line":39,"column":41}},"20":{"start":{"line":40,"column":4},"end":{"line":41,"column":64}},"21":{"start":{"line":41,"column":6},"end":{"line":41,"column":64}},"22":{"start":{"line":43,"column":4},"end":{"line":44,"column":58}},"23":{"start":{"line":44,"column":6},"end":{"line":44,"column":58}},"24":{"start":{"line":45,"column":4},"end":{"line":56,"column":63}},"25":{"start":{"line":56,"column":6},"end":{"line":56,"column":63}},"26":{"start":{"line":57,"column":17},"end":{"line":57,"column":58}},"27":{"start":{"line":58,"column":4},"end":{"line":59,"column":63}},"28":{"start":{"line":59,"column":6},"end":{"line":59,"column":63}},"29":{"start":{"line":60,"column":4},"end":{"line":61,"column":63}},"30":{"start":{"line":61,"column":6},"end":{"line":61,"column":63}},"31":{"start":{"line":62,"column":4},"end":{"line":63,"column":65}},"32":{"start":{"line":63,"column":6},"end":{"line":63,"column":65}},"33":{"start":{"line":65,"column":4},"end":{"line":65,"column":16}},"34":{"start":{"line":1,"column":9},"end":{"line":1,"column":17}}},"fnMap":{"0":{"name":"(anonymous_0)","decl":{"start":{"line":10,"column":2},"end":{"line":10,"column":14}},"loc":{"start":{"line":10,"column":26},"end":{"line":24,"column":3}}},"1":{"name":"(anonymous_1)","decl":{"start":{"line":26,"column":9},"end":{"line":26,"column":15}},"loc":{"start":{"line":26,"column":15},"end":{"line":33,"column":3}}},"2":{"name":"(anonymous_2)","decl":{"start":{"line":34,"column":9},"end":{"line":34,"column":15}},"loc":{"start":{"line":34,"column":37},"end":{"line":66,"column":3}}}},"branchMap":{"0":{"loc":{"start":{"line":16,"column":4},"end":{"line":17,"column":62}},"type":"if","locations":[{"start":{"line":16,"column":4},"end":{"line":17,"column":62}}]},"1":{"loc":{"start":{"line":40,"column":4},"end":{"line":41,"column":64}},"type":"if","locations":[{"start":{"line":40,"column":4},"end":{"line":41,"column":64}}]},"2":{"loc":{"start":{"line":43,"column":4},"end":{"line":44,"column":58}},"type":"if","locations":[{"start":{"line":43,"column":4},"end":{"line":44,"column":58}}]},"3":{"loc":{"start":{"line":43,"column":8},"end":{"line":43,"column":73}},"type":"binary-expr","locations":[{"start":{"line":43,"column":8},"end":{"line":43,"column":26}},{"start":{"line":43,"column":30},"end":{"line":43,"column":54}},{"start":{"line":43,"column":58},"end":{"line":43,"column":73}}]},"4":{"loc":{"start":{"line":45,"column":4},"end":{"line":56,"column":63}},"type":"if","locations":[{"start":{"line":45,"column":4},"end":{"line":56,"column":63}}]},"5":{"loc":{"start":{"line":46,"column":6},"end":{"line":54,"column":34}},"type":"binary-expr","locations":[{"start":{"line":46,"column":6},"end":{"line":46,"column":32}},{"start":{"line":47,"column":6},"end":{"line":47,"column":38}},{"start":{"line":48,"column":6},"end":{"line":48,"column":37}},{"start":{"line":49,"column":6},"end":{"line":49,"column":43}},{"start":{"line":50,"column":6},"end":{"line":50,"column":37}},{"start":{"line":51,"column":6},"end":{"line":51,"column":49}},{"start":{"line":52,"column":6},"end":{"line":52,"column":37}},{"start":{"line":53,"column":6},"end":{"line":53,"column":43}},{"start":{"line":54,"column":6},"end":{"line":54,"column":34}}]},"6":{"loc":{"start":{"line":58,"column":4},"end":{"line":59,"column":63}},"type":"if","locations":[{"start":{"line":58,"column":4},"end":{"line":59,"column":63}}]},"7":{"loc":{"start":{"line":60,"column":4},"end":{"line":61,"column":63}},"type":"if","locations":[{"start":{"line":60,"column":4},"end":{"line":61,"column":63}}]},"8":{"loc":{"start":{"line":62,"column":4},"end":{"line":63,"column":65}},"type":"if","locations":[{"start":{"line":62,"column":4},"end":{"line":63,"column":65}}]}},"s":{"0":24,"1":24,"2":44,"3":44,"4":44,"5":44,"6":44,"7":44,"8":0,"9":44,"10":44,"11":44,"12":44,"13":3231,"14":44,"15":45,"16":26,"17":26,"18":26,"19":26,"20":26,"21":0,"22":26,"23":0,"24":26,"25":0,"26":26,"27":26,"28":0,"29":26,"30":0,"31":26,"32":0,"33":26,"34":24},"f":{"0":44,"1":45,"2":26},"b":{"0":[0],"1":[0],"2":[0],"3":[26,26,26],"4":[0],"5":[26,26,26,26,26,26,26,26,26],"6":[0],"7":[0],"8":[0]}}
,"/Users/mike/Documents/DeFi/MinaNFT/minanft-lib/utils/testhelpers.ts": {"path":"/Users/mike/Documents/DeFi/MinaNFT/minanft-lib/utils/testhelpers.ts","statementMap":{"0":{"start":{"line":11,"column":0},"end":{"line":11,"column":73}},"1":{"start":{"line":12,"column":0},"end":{"line":12,"column":79}},"2":{"start":{"line":13,"column":0},"end":{"line":13,"column":37}},"3":{"start":{"line":15,"column":0},"end":{"line":15,"column":50}},"4":{"start":{"line":22,"column":2},"end":{"line":22,"column":25}},"5":{"start":{"line":23,"column":41},"end":{"line":23,"column":50}},"6":{"start":{"line":24,"column":34},"end":{"line":24,"column":36}},"7":{"start":{"line":25,"column":2},"end":{"line":51,"column":3}},"8":{"start":{"line":26,"column":18},"end":{"line":26,"column":63}},"9":{"start":{"line":27,"column":4},"end":{"line":27,"column":34}},"10":{"start":{"line":28,"column":27},"end":{"line":28,"column":48}},"11":{"start":{"line":29,"column":4},"end":{"line":29,"column":26}},"12":{"start":{"line":30,"column":4},"end":{"line":33,"column":5}},"13":{"start":{"line":30,"column":17},"end":{"line":30,"column":18}},"14":{"start":{"line":31,"column":29},"end":{"line":31,"column":50}},"15":{"start":{"line":32,"column":6},"end":{"line":32,"column":33}},"16":{"start":{"line":34,"column":9},"end":{"line":51,"column":3}},"17":{"start":{"line":35,"column":4},"end":{"line":35,"column":35}},"18":{"start":{"line":36,"column":4},"end":{"line":36,"column":47}},"19":{"start":{"line":37,"column":4},"end":{"line":40,"column":5}},"20":{"start":{"line":37,"column":17},"end":{"line":37,"column":18}},"21":{"start":{"line":38,"column":25},"end":{"line":38,"column":60}},"22":{"start":{"line":39,"column":6},"end":{"line":39,"column":33}},"23":{"start":{"line":41,"column":9},"end":{"line":51,"column":3}},"24":{"start":{"line":42,"column":4},"end":{"line":42,"column":37}},"25":{"start":{"line":43,"column":4},"end":{"line":43,"column":47}},"26":{"start":{"line":44,"column":4},"end":{"line":47,"column":5}},"27":{"start":{"line":44,"column":17},"end":{"line":44,"column":18}},"28":{"start":{"line":45,"column":25},"end":{"line":45,"column":60}},"29":{"start":{"line":46,"column":6},"end":{"line":46,"column":33}},"30":{"start":{"line":49,"column":4},"end":{"line":49,"column":48}},"31":{"start":{"line":50,"column":4},"end":{"line":50,"column":21}},"32":{"start":{"line":53,"column":2},"end":{"line":66,"column":3}},"33":{"start":{"line":53,"column":15},"end":{"line":53,"column":16}},"34":{"start":{"line":55,"column":6},"end":{"line":56,"column":9}},"35":{"start":{"line":57,"column":4},"end":{"line":65,"column":5}},"36":{"start":{"line":58,"column":6},"end":{"line":63,"column":8}},"37":{"start":{"line":64,"column":6},"end":{"line":64,"column":23}},"38":{"start":{"line":68,"column":4},"end":{"line":68,"column":75}},"39":{"start":{"line":69,"column":2},"end":{"line":72,"column":4}},"40":{"start":{"line":73,"column":2},"end":{"line":73,"column":45}},"41":{"start":{"line":73,"column":28},"end":{"line":73,"column":45}},"42":{"start":{"line":74,"column":2},"end":{"line":74,"column":33}},"43":{"start":{"line":7,"column":2},"end":{"line":7,"column":16}},"44":{"start":{"line":78,"column":2},"end":{"line":78,"column":45}},"45":{"start":{"line":79,"column":2},"end":{"line":80,"column":29}},"46":{"start":{"line":79,"column":32},"end":{"line":79,"column":64}},"47":{"start":{"line":80,"column":7},"end":{"line":80,"column":29}},"48":{"start":{"line":3,"column":2},"end":{"line":3,"column":16}},"49":{"start":{"line":84,"column":2},"end":{"line":84,"column":66}},"50":{"start":{"line":4,"column":2},"end":{"line":4,"column":20}},"51":{"start":{"line":88,"column":2},"end":{"line":88,"column":59}},"52":{"start":{"line":88,"column":34},"end":{"line":88,"column":57}},"53":{"start":{"line":5,"column":2},"end":{"line":5,"column":7}},"54":{"start":{"line":92,"column":26},"end":{"line":92,"column":28}},"55":{"start":{"line":93,"column":28},"end":{"line":93,"column":66}},"56":{"start":{"line":95,"column":2},"end":{"line":97,"column":3}},"57":{"start":{"line":95,"column":15},"end":{"line":95,"column":16}},"58":{"start":{"line":96,"column":4},"end":{"line":96,"column":80}},"59":{"start":{"line":99,"column":2},"end":{"line":99,"column":19}},"60":{"start":{"line":6,"column":2},"end":{"line":6,"column":12}}},"fnMap":{"0":{"name":"initBlockchain","decl":{"start":{"line":18,"column":15},"end":{"line":18,"column":29}},"loc":{"start":{"line":20,"column":29},"end":{"line":75,"column":1}}},"1":{"name":"accountBalance","decl":{"start":{"line":77,"column":15},"end":{"line":77,"column":29}},"loc":{"start":{"line":77,"column":48},"end":{"line":81,"column":1}}},"2":{"name":"accountBalanceMina","decl":{"start":{"line":83,"column":15},"end":{"line":83,"column":33}},"loc":{"start":{"line":83,"column":52},"end":{"line":85,"column":1}}},"3":{"name":"sleep","decl":{"start":{"line":87,"column":9},"end":{"line":87,"column":14}},"loc":{"start":{"line":87,"column":25},"end":{"line":89,"column":1}}},"4":{"name":"(anonymous_4)","decl":{"start":{"line":88,"column":21},"end":{"line":88,"column":22}},"loc":{"start":{"line":88,"column":34},"end":{"line":88,"column":57}}},"5":{"name":"makeString","decl":{"start":{"line":91,"column":9},"end":{"line":91,"column":19}},"loc":{"start":{"line":91,"column":34},"end":{"line":100,"column":1}}}},"branchMap":{"0":{"loc":{"start":{"line":20,"column":2},"end":{"line":20,"column":29}},"type":"default-arg","locations":[{"start":{"line":20,"column":28},"end":{"line":20,"column":29}}]},"1":{"loc":{"start":{"line":25,"column":2},"end":{"line":51,"column":3}},"type":"if","locations":[{"start":{"line":25,"column":2},"end":{"line":51,"column":3}},{"start":{"line":34,"column":9},"end":{"line":51,"column":3}}]},"2":{"loc":{"start":{"line":34,"column":9},"end":{"line":51,"column":3}},"type":"if","locations":[{"start":{"line":34,"column":9},"end":{"line":51,"column":3}},{"start":{"line":41,"column":9},"end":{"line":51,"column":3}}]},"3":{"loc":{"start":{"line":41,"column":9},"end":{"line":51,"column":3}},"type":"if","locations":[{"start":{"line":41,"column":9},"end":{"line":51,"column":3}},{"start":{"line":48,"column":9},"end":{"line":51,"column":3}}]},"4":{"loc":{"start":{"line":57,"column":4},"end":{"line":65,"column":5}},"type":"if","locations":[{"start":{"line":57,"column":4},"end":{"line":65,"column":5}}]},"5":{"loc":{"start":{"line":73,"column":2},"end":{"line":73,"column":45}},"type":"if","locations":[{"start":{"line":73,"column":2},"end":{"line":73,"column":45}}]},"6":{"loc":{"start":{"line":79,"column":2},"end":{"line":80,"column":29}},"type":"if","locations":[{"start":{"line":79,"column":2},"end":{"line":80,"column":29}},{"start":{"line":80,"column":7},"end":{"line":80,"column":29}}]}},"s":{"0":21,"1":21,"2":21,"3":21,"4":20,"5":20,"6":20,"7":20,"8":19,"9":19,"10":19,"11":19,"12":19,"13":19,"14":3,"15":3,"16":1,"17":1,"18":1,"19":1,"20":1,"21":0,"22":0,"23":0,"24":0,"25":0,"26":0,"27":0,"28":0,"29":0,"30":0,"31":0,"32":20,"33":20,"34":3,"35":3,"36":0,"37":0,"38":20,"39":20,"40":20,"41":0,"42":20,"43":21,"44":30,"45":30,"46":30,"47":0,"48":21,"49":0,"50":21,"51":0,"52":0,"53":21,"54":23,"55":23,"56":23,"57":23,"58":5554,"59":23,"60":21},"f":{"0":20,"1":30,"2":0,"3":0,"4":0,"5":23},"b":{"0":[1],"1":[19,1],"2":[1,0],"3":[0,0],"4":[0],"5":[0],"6":[30,0]}}
}
