TN:
SF:src/baseminanft.ts
FN:39,(anonymous_0)
FN:48,(anonymous_1)
FN:59,(anonymous_2)
FN:85,(anonymous_3)
FN:94,(anonymous_4)
FN:99,(anonymous_5)
FN:137,(anonymous_6)
FN:154,(anonymous_7)
FN:166,(anonymous_8)
FN:175,(anonymous_9)
FN:186,(anonymous_10)
FN:205,(anonymous_11)
FN:214,(anonymous_12)
FN:224,(anonymous_13)
FN:232,(anonymous_14)
FN:278,(anonymous_15)
FN:303,(anonymous_16)
FN:337,(anonymous_17)
FN:353,(anonymous_18)
FNF:19
FNH:16
FNDA:32,(anonymous_0)
FNDA:60,(anonymous_1)
FNDA:40,(anonymous_2)
FNDA:102,(anonymous_3)
FNDA:102,(anonymous_4)
FNDA:267,(anonymous_5)
FNDA:667,(anonymous_6)
FNDA:26,(anonymous_7)
FNDA:305,(anonymous_8)
FNDA:1091,(anonymous_9)
FNDA:0,(anonymous_10)
FNDA:0,(anonymous_11)
FNDA:0,(anonymous_12)
FNDA:15,(anonymous_13)
FNDA:39,(anonymous_14)
FNDA:5,(anonymous_15)
FNDA:13,(anonymous_16)
FNDA:7,(anonymous_17)
FNDA:6,(anonymous_18)
DA:1,25
DA:2,25
DA:3,25
DA:4,25
DA:5,25
DA:6,25
DA:7,25
DA:12,25
DA:13,25
DA:14,25
DA:15,25
DA:16,25
DA:18,25
DA:20,25
DA:40,32
DA:49,60
DA:63,40
DA:64,40
DA:65,40
DA:66,40
DA:67,40
DA:68,40
DA:69,40
DA:71,40
DA:86,102
DA:98,102
DA:99,102
DA:100,267
DA:101,267
DA:102,267
DA:104,102
DA:138,667
DA:140,667
DA:141,667
DA:142,0
DA:144,0
DA:155,26
DA:157,26
DA:158,0
DA:167,305
DA:178,1091
DA:187,0
DA:191,0
DA:194,0
DA:197,0
DA:206,0
DA:215,0
DA:225,15
DA:233,39
DA:235,39
DA:236,14
DA:237,14
DA:238,14
DA:239,14
DA:240,14
DA:243,39
DA:244,14
DA:245,14
DA:246,14
DA:249,14
DA:250,14
DA:253,39
DA:254,14
DA:255,14
DA:256,14
DA:257,14
DA:258,14
DA:261,39
DA:262,14
DA:263,14
DA:264,14
DA:267,14
DA:268,14
DA:271,39
DA:279,5
DA:280,5
DA:281,1
DA:282,1
DA:283,1
DA:286,1
DA:287,1
DA:289,5
DA:290,4
DA:291,4
DA:292,4
DA:293,4
DA:294,4
DA:296,5
DA:304,13
DA:305,13
DA:306,4
DA:307,4
DA:308,4
DA:311,4
DA:312,4
DA:314,13
DA:315,4
DA:316,4
DA:317,4
DA:320,4
DA:321,4
DA:323,13
DA:324,4
DA:325,4
DA:326,4
DA:327,4
DA:328,4
DA:330,13
DA:338,7
DA:339,7
DA:340,3
DA:341,3
DA:342,3
DA:343,3
DA:344,3
DA:346,7
DA:354,6
DA:355,6
DA:356,1
DA:357,1
DA:358,1
DA:361,1
DA:362,1
DA:364,6
LF:124
LH:115
BRDA:140,0,0,667
BRDA:140,0,1,0
BRDA:141,1,0,667
BRDA:141,1,1,0
BRDA:157,2,0,26
BRDA:157,2,1,0
BRDA:187,3,0,0
BRDA:188,4,0,0
BRDA:188,4,1,0
BRDA:188,4,2,0
BRDA:194,5,0,0
BRDA:194,5,1,0
BRDA:224,6,0,0
BRDA:233,7,0,39
BRDA:233,7,1,0
BRDA:235,8,0,14
BRDA:243,9,0,14
BRDA:253,10,0,14
BRDA:261,11,0,14
BRDA:279,12,0,4
BRDA:279,12,1,1
BRDA:280,13,0,1
BRDA:289,14,0,4
BRDA:304,15,0,13
BRDA:304,15,1,0
BRDA:305,16,0,4
BRDA:314,17,0,4
BRDA:323,18,0,4
BRDA:338,19,0,7
BRDA:338,19,1,0
BRDA:339,20,0,3
BRDA:354,21,0,6
BRDA:354,21,1,0
BRDA:355,22,0,1
BRF:34
BRH:20
end_of_record
TN:
SF:src/baseminanftobject.ts
FN:9,(anonymous_0)
FNF:1
FNH:1
FNDA:58,(anonymous_0)
DA:1,25
DA:2,25
DA:10,58
DA:11,58
LF:4
LH:4
BRF:0
BRH:0
end_of_record
TN:
SF:src/config.ts
FNF:0
FNH:0
DA:1,26
DA:33,26
LF:2
LH:2
BRF:0
BRH:0
end_of_record
TN:
SF:src/escrow.ts
FN:37,(anonymous_0)
FN:41,(anonymous_1)
FN:59,(anonymous_2)
FN:75,(anonymous_3)
FN:99,(anonymous_4)
FN:116,(anonymous_5)
FN:140,(anonymous_6)
FN:154,(anonymous_7)
FN:218,(anonymous_8)
FNF:9
FNH:9
FNDA:2,(anonymous_0)
FNDA:2,(anonymous_1)
FNDA:4,(anonymous_2)
FNDA:1,(anonymous_3)
FNDA:2,(anonymous_4)
FNDA:1,(anonymous_5)
FNDA:2,(anonymous_6)
FNDA:1,(anonymous_7)
FNDA:2,(anonymous_8)
DA:1,2
DA:2,2
DA:12,2
DA:13,2
DA:14,2
DA:15,2
DA:38,2
DA:45,2
DA:46,2
DA:47,2
DA:48,2
DA:49,2
DA:52,2
DA:53,2
DA:54,2
DA:56,2
DA:57,2
DA:60,4
DA:61,4
DA:62,4
DA:63,4
DA:66,2
DA:67,2
DA:68,2
DA:69,2
DA:70,2
DA:71,2
DA:72,0
DA:82,1
DA:83,0
DA:86,1
DA:87,1
DA:88,1
DA:89,1
DA:93,1
DA:94,1
DA:95,1
DA:97,1
DA:100,2
DA:101,2
DA:102,2
DA:103,2
DA:106,1
DA:107,1
DA:108,1
DA:109,1
DA:110,1
DA:111,1
DA:112,1
DA:113,0
DA:122,1
DA:123,0
DA:126,1
DA:127,1
DA:128,1
DA:129,1
DA:134,1
DA:135,1
DA:136,1
DA:138,1
DA:141,2
DA:144,1
DA:145,1
DA:146,1
DA:147,1
DA:148,1
DA:149,1
DA:150,1
DA:151,0
DA:168,1
DA:170,1
DA:171,0
DA:173,1
DA:174,0
DA:179,1
DA:180,1
DA:181,1
DA:182,1
DA:186,1
DA:187,1
DA:188,1
DA:189,1
DA:190,1
DA:191,1
DA:192,1
DA:193,1
DA:216,1
DA:219,2
DA:233,2
DA:234,2
DA:235,2
DA:238,1
DA:239,1
DA:240,1
DA:241,1
DA:242,1
DA:243,1
DA:244,1
DA:245,0
LF:99
LH:91
BRDA:43,0,0,1
BRDA:46,1,0,2
BRDA:46,1,1,1
BRDA:60,2,0,4
BRDA:69,3,0,2
BRDA:69,3,1,0
BRDA:82,4,0,0
BRDA:111,5,0,1
BRDA:111,5,1,0
BRDA:122,6,0,0
BRDA:149,7,0,1
BRDA:149,7,1,0
BRDA:170,8,0,0
BRDA:173,9,0,0
BRDA:243,10,0,1
BRDA:243,10,1,0
BRF:16
BRH:8
end_of_record
TN:
SF:src/fetch.ts
FN:10,fetchMinaAccount
FN:59,fetchMinaActions
FN:86,checkMinaZkappTransaction
FNF:3
FNH:1
FNDA:204,fetchMinaAccount
FNDA:0,fetchMinaActions
FNDA:0,checkMinaZkappTransaction
DA:1,25
DA:8,25
DA:10,25
DA:15,204
DA:16,204
DA:17,204
DA:18,204
DA:19,204
DA:20,204
DA:21,204
DA:25,204
DA:36,0
DA:38,0
DA:45,0
DA:48,0
DA:50,0
DA:56,0
DA:59,25
DA:64,0
DA:65,0
DA:66,0
DA:67,0
DA:68,0
DA:72,0
DA:73,0
DA:75,0
DA:80,0
DA:82,0
DA:83,0
DA:86,25
DA:87,0
DA:88,0
DA:89,0
DA:91,0
DA:92,0
LF:35
LH:13
BRDA:36,0,0,0
BRDA:36,0,1,0
BRDA:40,1,0,0
BRDA:40,1,1,0
BRDA:52,2,0,0
BRDA:52,2,1,0
BRDA:72,3,0,0
BRDA:72,3,1,0
BRF:8
BRH:0
end_of_record
TN:
SF:src/mina.ts
FN:37,getNetworkIdHash
FN:44,getDeployer
FN:83,initBlockchain
FN:97,(anonymous_3)
FN:107,(anonymous_4)
FN:153,accountBalance
FN:164,accountBalanceMina
FN:168,sleep
FN:169,(anonymous_8)
FN:172,makeString
FN:185,formatTime
FN:206,(anonymous_11)
FN:211,(anonymous_12)
FN:213,(anonymous_13)
FNF:14
FNH:9
FNDA:0,getNetworkIdHash
FNDA:0,getDeployer
FNDA:1,initBlockchain
FNDA:10,(anonymous_3)
FNDA:0,(anonymous_4)
FNDA:27,accountBalance
FNDA:1,accountBalanceMina
FNDA:142,sleep
FNDA:142,(anonymous_8)
FNDA:1,makeString
FNDA:0,formatTime
FNDA:0,(anonymous_11)
FNDA:101,(anonymous_12)
FNDA:101,(anonymous_13)
DA:2,27
DA:3,27
DA:4,27
DA:5,27
DA:6,27
DA:7,27
DA:8,27
DA:10,27
DA:11,27
DA:12,27
DA:15,27
DA:24,27
DA:35,27
DA:38,0
DA:39,0
DA:41,0
DA:45,0
DA:46,0
DA:48,0
DA:87,1
DA:88,0
DA:91,1
DA:92,1
DA:95,1
DA:96,1
DA:97,10
DA:104,1
DA:107,0
DA:108,0
DA:109,0
DA:112,0
DA:117,0
DA:122,0
DA:124,0
DA:125,0
DA:126,0
DA:130,0
DA:131,0
DA:136,0
DA:137,0
DA:138,0
DA:139,0
DA:140,0
DA:145,0
DA:150,0
DA:154,27
DA:155,27
DA:156,27
DA:157,0
DA:160,0
DA:165,1
DA:169,142
DA:174,1
DA:176,1
DA:178,1
DA:179,10
DA:182,1
DA:186,0
DA:187,0
DA:188,0
DA:189,0
DA:190,0
DA:191,0
DA:192,0
DA:193,0
DA:195,0
DA:196,0
DA:199,0
DA:205,27
DA:207,0
DA:212,101
DA:213,101
DA:214,101
DA:215,101
DA:216,101
DA:218,101
DA:244,101
LF:77
LH:38
BRDA:38,0,0,0
BRDA:45,1,0,0
BRDA:85,2,0,1
BRDA:87,3,0,0
BRDA:91,4,0,1
BRDA:108,5,0,0
BRDA:124,6,0,0
BRDA:125,7,0,0
BRDA:125,7,1,0
BRDA:131,8,0,0
BRDA:132,9,0,0
BRDA:132,9,1,0
BRDA:132,9,2,0
BRDA:156,10,0,27
BRDA:156,10,1,0
BRDA:186,11,0,0
BRDA:187,12,0,0
BRDA:188,13,0,0
BRDA:190,14,0,0
BRDA:190,14,1,0
BRDA:211,15,0,0
BRDA:211,16,0,101
BRDA:218,17,0,0
BRDA:218,17,1,101
BRDA:221,18,0,0
BRDA:221,18,1,0
BRDA:239,19,0,19
BRDA:239,19,1,82
BRF:28
BRH:7
end_of_record
TN:
SF:src/minanft.ts
FN:117,(anonymous_1)
FN:151,(anonymous_2)
FN:234,(anonymous_3)
FN:344,(anonymous_4)
FN:373,(anonymous_5)
FN:468,(anonymous_6)
FN:470,(anonymous_7)
FN:478,(anonymous_8)
FN:489,(anonymous_9)
FN:497,(anonymous_10)
FN:507,(anonymous_11)
FN:566,(anonymous_12)
FN:576,(anonymous_13)
FN:586,(anonymous_14)
FN:597,(anonymous_15)
FN:612,(anonymous_16)
FN:629,(anonymous_17)
FN:646,(anonymous_18)
FN:691,(anonymous_19)
FN:744,(anonymous_20)
FN:766,(anonymous_21)
FN:779,(anonymous_22)
FN:856,(anonymous_23)
FN:994,(anonymous_24)
FN:1031,(anonymous_25)
FN:1111,(anonymous_26)
FN:1113,(anonymous_27)
FN:1114,(anonymous_28)
FN:1118,(anonymous_29)
FN:1138,(anonymous_30)
FN:1162,(anonymous_31)
FN:1165,(anonymous_32)
FN:1168,(anonymous_33)
FN:1177,(anonymous_34)
FN:1240,(anonymous_35)
FN:1318,(anonymous_36)
FN:1430,(anonymous_37)
FN:1467,(anonymous_38)
FN:1493,(anonymous_39)
FN:1587,(anonymous_40)
FN:1646,(anonymous_41)
FN:1698,(anonymous_42)
FN:1728,(anonymous_43)
FN:1783,(anonymous_44)
FN:1808,(anonymous_45)
FN:1829,(anonymous_46)
FNF:46
FNH:40
FNDA:29,(anonymous_1)
FNDA:19,(anonymous_2)
FNDA:62,(anonymous_3)
FNDA:0,(anonymous_4)
FNDA:0,(anonymous_5)
FNDA:0,(anonymous_6)
FNDA:0,(anonymous_7)
FNDA:11,(anonymous_8)
FNDA:16,(anonymous_9)
FNDA:621,(anonymous_10)
FNDA:27,(anonymous_11)
FNDA:0,(anonymous_12)
FNDA:50,(anonymous_13)
FNDA:40,(anonymous_14)
FNDA:22,(anonymous_15)
FNDA:9,(anonymous_16)
FNDA:5,(anonymous_17)
FNDA:2,(anonymous_18)
FNDA:2,(anonymous_19)
FNDA:4,(anonymous_20)
FNDA:0,(anonymous_21)
FNDA:62,(anonymous_22)
FNDA:3,(anonymous_23)
FNDA:6,(anonymous_24)
FNDA:1,(anonymous_25)
FNDA:1,(anonymous_26)
FNDA:4,(anonymous_27)
FNDA:1029,(anonymous_28)
FNDA:11,(anonymous_29)
FNDA:1,(anonymous_30)
FNDA:1,(anonymous_31)
FNDA:4,(anonymous_32)
FNDA:1029,(anonymous_33)
FNDA:11,(anonymous_34)
FNDA:2,(anonymous_35)
FNDA:14,(anonymous_36)
FNDA:48,(anonymous_37)
FNDA:43,(anonymous_38)
FNDA:10,(anonymous_39)
FNDA:20,(anonymous_40)
FNDA:1,(anonymous_41)
FNDA:2,(anonymous_42)
FNDA:1,(anonymous_43)
FNDA:2,(anonymous_44)
FNDA:1,(anonymous_45)
FNDA:2,(anonymous_46)
DA:2,25
DA:4,25
DA:17,25
DA:18,25
DA:19,25
DA:20,25
DA:21,25
DA:22,25
DA:27,25
DA:28,25
DA:37,25
DA:38,25
DA:39,25
DA:41,25
DA:42,25
DA:56,25
DA:57,25
DA:59,25
DA:60,25
DA:61,25
DA:65,25
DA:126,29
DA:127,29
DA:128,29
DA:129,29
DA:130,29
DA:131,29
DA:132,29
DA:133,29
DA:134,29
DA:135,29
DA:136,29
DA:137,29
DA:138,29
DA:139,29
DA:140,9
DA:142,29
DA:143,29
DA:155,19
DA:156,0
DA:157,0
DA:159,19
DA:160,0
DA:162,19
DA:163,19
DA:164,19
DA:165,19
DA:166,19
DA:167,0
DA:168,0
DA:171,19
DA:172,19
DA:173,19
DA:174,19
DA:175,19
DA:176,19
DA:195,19
DA:196,19
DA:197,19
DA:198,19
DA:199,19
DA:200,19
DA:201,19
DA:202,19
DA:203,19
DA:204,19
DA:205,19
DA:208,19
DA:212,0
DA:215,19
DA:219,19
DA:225,19
DA:226,19
DA:227,19
DA:228,0
DA:229,19
DA:230,0
DA:231,19
DA:232,0
DA:234,19
DA:235,62
DA:236,0
DA:237,62
DA:238,0
DA:240,62
DA:241,62
DA:242,62
DA:243,62
DA:244,62
DA:245,0
DA:249,62
DA:250,0
DA:253,62
DA:255,19
DA:264,19
DA:266,38
DA:274,38
DA:276,1
DA:285,1
DA:287,1
DA:296,1
DA:298,3
DA:307,3
DA:309,0
DA:317,0
DA:325,19
DA:326,0
DA:327,19
DA:328,19
DA:329,19
DA:330,0
DA:331,19
DA:332,0
DA:349,0
DA:352,0
DA:354,0
DA:356,0
DA:357,0
DA:364,0
DA:365,0
DA:369,0
DA:370,0
DA:371,0
DA:373,0
DA:374,0
DA:375,0
DA:376,0
DA:377,0
DA:379,0
DA:380,0
DA:381,0
DA:382,0
DA:383,0
DA:384,0
DA:388,0
DA:389,0
DA:392,0
DA:394,0
DA:403,0
DA:405,0
DA:413,0
DA:415,0
DA:424,0
DA:426,0
DA:435,0
DA:437,0
DA:446,0
DA:448,0
DA:457,0
DA:460,0
DA:469,0
DA:470,0
DA:471,0
DA:479,11
DA:493,16
DA:497,621
DA:508,27
DA:509,27
DA:510,27
DA:515,25
DA:516,27
DA:517,27
DA:518,27
DA:525,5
DA:531,27
DA:532,27
DA:546,27
DA:569,0
DA:578,50
DA:587,40
DA:588,40
DA:589,40
DA:590,0
DA:598,22
DA:613,9
DA:614,9
DA:630,5
DA:631,5
DA:647,2
DA:648,2
DA:649,2
DA:650,2
DA:651,0
DA:652,0
DA:653,0
DA:654,0
DA:655,0
DA:656,0
DA:658,2
DA:659,0
DA:660,0
DA:661,0
DA:662,0
DA:663,2
DA:664,2
DA:665,2
DA:666,2
DA:667,2
DA:668,2
DA:692,2
DA:694,2
DA:695,2
DA:696,1
DA:697,1
DA:699,0
DA:700,0
DA:701,0
DA:702,0
DA:703,0
DA:704,0
DA:706,2
DA:707,0
DA:708,0
DA:709,0
DA:710,0
DA:711,2
DA:713,2
DA:714,2
DA:715,2
DA:716,2
DA:717,2
DA:750,4
DA:751,4
DA:767,0
DA:781,62
DA:782,0
DA:784,62
DA:785,0
DA:787,62
DA:788,62
DA:789,62
DA:790,62
DA:791,62
DA:792,0
DA:793,0
DA:795,62
DA:796,62
DA:798,62
DA:800,62
DA:801,0
DA:802,0
DA:805,62
DA:806,62
DA:807,0
DA:808,0
DA:810,62
DA:811,62
DA:812,0
DA:813,0
DA:815,62
DA:816,62
DA:820,0
DA:821,0
DA:823,62
DA:827,0
DA:828,0
DA:831,62
DA:832,62
DA:835,62
DA:836,0
DA:839,62
DA:840,62
DA:841,0
DA:842,0
DA:844,62
DA:845,0
DA:846,62
DA:866,3
DA:868,3
DA:869,0
DA:870,0
DA:872,3
DA:874,3
DA:875,0
DA:876,0
DA:879,3
DA:880,0
DA:881,0
DA:884,3
DA:885,0
DA:886,3
DA:887,0
DA:897,3
DA:898,0
DA:899,0
DA:903,3
DA:906,3
DA:907,3
DA:908,3
DA:909,5
DA:910,5
DA:912,5
DA:913,5
DA:914,5
DA:915,5
DA:919,3
DA:920,3
DA:921,2
DA:922,2
DA:927,2
DA:928,2
DA:929,2
DA:930,2
DA:932,3
DA:935,3
DA:940,3
DA:942,3
DA:943,0
DA:946,3
DA:947,3
DA:948,0
DA:950,3
DA:952,3
DA:953,0
DA:957,3
DA:958,3
DA:959,3
DA:960,3
DA:961,3
DA:962,3
DA:963,3
DA:964,3
DA:965,3
DA:966,3
DA:967,3
DA:968,3
DA:969,3
DA:970,3
DA:971,3
DA:972,3
DA:973,3
DA:974,0
DA:977,3
DA:986,3
DA:992,3
DA:996,6
DA:999,3
DA:1000,3
DA:1001,3
DA:1002,3
DA:1003,3
DA:1004,3
DA:1005,3
DA:1006,3
DA:1008,0
DA:1010,3
DA:1011,0
DA:1013,3
DA:1015,3
DA:1016,3
DA:1017,3
DA:1018,3
DA:1019,3
DA:1020,3
DA:1021,3
DA:1022,3
DA:1023,0
DA:1040,1
DA:1042,1
DA:1043,0
DA:1044,0
DA:1046,1
DA:1048,1
DA:1049,0
DA:1050,0
DA:1053,1
DA:1054,0
DA:1055,0
DA:1058,1
DA:1059,1
DA:1060,1
DA:1061,1
DA:1065,1
DA:1066,1
DA:1067,0
DA:1071,0
DA:1074,1
DA:1075,1
DA:1076,0
DA:1078,1
DA:1080,1
DA:1081,0
DA:1084,1
DA:1086,1
DA:1088,1
DA:1098,1
DA:1099,1
DA:1100,0
DA:1103,0
DA:1104,0
DA:1108,0
DA:1111,1
DA:1112,1
DA:1113,4
DA:1114,1029
DA:1117,1
DA:1118,11
DA:1121,1
DA:1123,1
DA:1151,1
DA:1157,1
DA:1159,1
DA:1160,0
DA:1162,1
DA:1163,1
DA:1164,1
DA:1165,4
DA:1167,1
DA:1168,1029
DA:1170,1
DA:1173,1
DA:1174,1
DA:1175,1
DA:1176,1
DA:1177,11
DA:1180,1
DA:1181,0
DA:1182,0
DA:1185,1
DA:1186,1
DA:1187,1
DA:1188,1
DA:1189,1
DA:1190,1
DA:1192,1
DA:1196,1
DA:1199,1
DA:1200,1
DA:1201,1
DA:1202,0
DA:1203,0
DA:1208,0
DA:1209,0
DA:1211,1
DA:1213,1
DA:1214,1
DA:1218,1
DA:1219,1
DA:1220,1
DA:1221,1
DA:1222,0
DA:1225,1
DA:1226,1
DA:1227,1
DA:1228,1
DA:1229,1
DA:1230,1
DA:1231,1
DA:1232,1
DA:1233,1
DA:1234,1
DA:1235,1
DA:1238,1
DA:1242,2
DA:1245,1
DA:1246,1
DA:1247,1
DA:1248,1
DA:1249,1
DA:1250,1
DA:1251,1
DA:1252,1
DA:1254,0
DA:1256,1
DA:1257,0
DA:1259,1
DA:1260,1
DA:1261,1
DA:1262,0
DA:1322,14
DA:1323,0
DA:1327,14
DA:1328,14
DA:1329,14
DA:1330,14
DA:1336,14
DA:1337,0
DA:1338,0
DA:1339,0
DA:1346,14
DA:1347,0
DA:1348,0
DA:1350,14
DA:1351,14
DA:1352,14
DA:1353,14
DA:1357,0
DA:1358,0
DA:1359,0
DA:1360,0
DA:1366,0
DA:1367,0
DA:1368,0
DA:1369,0
DA:1370,0
DA:1371,0
DA:1375,0
DA:1435,48
DA:1436,0
DA:1437,0
DA:1439,48
DA:1440,48
DA:1443,0
DA:1444,0
DA:1445,0
DA:1446,0
DA:1449,0
DA:1450,0
DA:1451,0
DA:1453,0
DA:1454,0
DA:1455,0
DA:1457,0
DA:1474,43
DA:1476,43
DA:1477,43
DA:1478,43
DA:1479,43
DA:1481,0
DA:1482,0
DA:1507,10
DA:1509,10
DA:1513,10
DA:1514,10
DA:1515,10
DA:1516,0
DA:1517,10
DA:1518,0
DA:1519,10
DA:1520,10
DA:1521,0
DA:1522,10
DA:1524,10
DA:1525,10
DA:1526,10
DA:1527,10
DA:1530,10
DA:1533,10
DA:1534,10
DA:1535,0
DA:1536,0
DA:1538,10
DA:1540,10
DA:1551,10
DA:1567,10
DA:1569,10
DA:1575,10
DA:1576,10
DA:1577,10
DA:1578,10
DA:1580,10
DA:1581,10
DA:1582,10
DA:1583,10
DA:1585,10
DA:1588,20
DA:1589,20
DA:1592,10
DA:1593,10
DA:1594,10
DA:1595,10
DA:1596,10
DA:1597,10
DA:1598,10
DA:1599,10
DA:1600,10
DA:1601,10
DA:1602,10
DA:1603,10
DA:1604,10
DA:1605,10
DA:1606,0
DA:1660,1
DA:1661,1
DA:1662,0
DA:1663,0
DA:1665,1
DA:1666,1
DA:1667,0
DA:1668,0
DA:1671,1
DA:1672,0
DA:1673,1
DA:1674,0
DA:1676,1
DA:1677,1
DA:1678,0
DA:1679,0
DA:1683,1
DA:1684,1
DA:1685,0
DA:1687,1
DA:1688,1
DA:1689,1
DA:1690,1
DA:1691,1
DA:1692,1
DA:1693,1
DA:1694,1
DA:1695,0
DA:1696,1
DA:1699,2
DA:1711,1
DA:1712,1
DA:1713,1
DA:1714,1
DA:1715,1
DA:1716,1
DA:1717,1
DA:1718,1
DA:1719,1
DA:1720,1
DA:1721,0
DA:1738,1
DA:1739,1
DA:1740,0
DA:1742,1
DA:1744,1
DA:1745,0
DA:1748,1
DA:1749,0
DA:1751,1
DA:1752,0
DA:1754,1
DA:1755,1
DA:1756,0
DA:1759,1
DA:1760,1
DA:1761,0
DA:1763,1
DA:1764,1
DA:1765,1
DA:1766,1
DA:1767,1
DA:1775,1
DA:1776,1
DA:1777,1
DA:1778,1
DA:1779,1
DA:1780,1
DA:1781,1
DA:1784,2
DA:1787,1
DA:1788,1
DA:1789,1
DA:1790,1
DA:1791,1
DA:1792,1
DA:1793,1
DA:1794,1
DA:1795,1
DA:1796,0
DA:1815,1
DA:1816,1
DA:1817,1
DA:1819,1
DA:1820,1
DA:1821,1
DA:1822,1
DA:1823,1
DA:1824,1
DA:1825,1
DA:1827,1
DA:1830,2
DA:1833,1
DA:1834,1
DA:1835,1
DA:1836,1
DA:1837,1
DA:1838,1
LF:670
LH:473
BRDA:127,0,0,29
BRDA:127,0,1,0
BRDA:128,1,0,29
BRDA:128,1,1,29
BRDA:129,2,0,29
BRDA:129,2,1,29
BRDA:130,3,0,29
BRDA:130,3,1,20
BRDA:131,4,0,29
BRDA:131,4,1,29
BRDA:133,5,0,0
BRDA:133,5,1,29
BRDA:139,6,0,9
BRDA:152,7,0,10
BRDA:153,8,0,19
BRDA:155,9,0,0
BRDA:159,10,0,0
BRDA:166,11,0,0
BRDA:196,12,0,0
BRDA:208,13,0,0
BRDA:209,14,0,19
BRDA:209,14,1,19
BRDA:209,14,2,0
BRDA:215,15,0,19
BRDA:215,15,1,0
BRDA:219,16,0,10
BRDA:219,16,1,9
BRDA:225,17,0,19
BRDA:225,17,1,0
BRDA:226,18,0,0
BRDA:227,19,0,0
BRDA:229,20,0,0
BRDA:231,21,0,0
BRDA:235,22,0,0
BRDA:237,23,0,0
BRDA:243,24,0,62
BRDA:243,24,1,44
BRDA:244,25,0,0
BRDA:249,26,0,0
BRDA:249,27,0,62
BRDA:249,27,1,62
BRDA:253,28,0,19
BRDA:253,28,1,38
BRDA:253,28,2,1
BRDA:253,28,3,1
BRDA:253,28,4,3
BRDA:253,28,5,0
BRDA:325,29,0,0
BRDA:327,30,0,19
BRDA:329,31,0,0
BRDA:331,32,0,0
BRDA:354,33,0,0
BRDA:354,33,1,0
BRDA:374,34,0,0
BRDA:376,35,0,0
BRDA:382,36,0,0
BRDA:382,36,1,0
BRDA:383,37,0,0
BRDA:388,38,0,0
BRDA:388,39,0,0
BRDA:388,39,1,0
BRDA:392,40,0,0
BRDA:392,40,1,0
BRDA:392,40,2,0
BRDA:392,40,3,0
BRDA:392,40,4,0
BRDA:392,40,5,0
BRDA:493,41,0,2
BRDA:493,41,1,14
BRDA:497,42,0,15
BRDA:497,42,1,606
BRDA:507,43,0,11
BRDA:510,44,0,25
BRDA:511,45,0,27
BRDA:511,45,1,27
BRDA:511,45,2,25
BRDA:518,46,0,5
BRDA:519,47,0,27
BRDA:519,47,1,5
BRDA:519,47,2,5
BRDA:519,47,3,5
BRDA:519,47,4,5
BRDA:526,48,0,5
BRDA:526,48,1,0
BRDA:532,49,0,16
BRDA:532,49,1,11
BRDA:548,50,0,27
BRDA:548,50,1,2
BRDA:587,51,0,40
BRDA:587,51,1,0
BRDA:602,52,0,22
BRDA:602,52,1,22
BRDA:603,53,0,22
BRDA:603,53,1,16
BRDA:619,54,0,9
BRDA:619,54,1,8
BRDA:636,55,0,5
BRDA:636,55,1,5
BRDA:648,56,0,2
BRDA:648,56,1,0
BRDA:648,57,0,2
BRDA:648,57,1,2
BRDA:651,58,0,0
BRDA:651,58,1,0
BRDA:654,59,0,0
BRDA:658,60,0,0
BRDA:658,60,1,2
BRDA:661,61,0,0
BRDA:661,61,1,0
BRDA:694,62,0,2
BRDA:694,62,1,0
BRDA:694,63,0,2
BRDA:694,63,1,2
BRDA:695,64,0,1
BRDA:699,65,0,0
BRDA:699,65,1,0
BRDA:702,66,0,0
BRDA:706,67,0,0
BRDA:706,67,1,2
BRDA:709,68,0,0
BRDA:709,68,1,0
BRDA:721,69,0,2
BRDA:721,69,1,1
BRDA:755,70,0,4
BRDA:755,70,1,0
BRDA:756,71,0,4
BRDA:756,71,1,0
BRDA:769,72,0,0
BRDA:769,72,1,0
BRDA:770,73,0,0
BRDA:770,73,1,0
BRDA:779,74,0,21
BRDA:781,75,0,0
BRDA:784,76,0,0
BRDA:791,77,0,0
BRDA:800,78,0,0
BRDA:806,79,0,0
BRDA:811,80,0,0
BRDA:816,81,0,0
BRDA:823,82,0,0
BRDA:835,83,0,0
BRDA:840,84,0,0
BRDA:844,85,0,0
BRDA:868,86,0,0
BRDA:874,87,0,0
BRDA:879,88,0,0
BRDA:884,89,0,0
BRDA:886,90,0,0
BRDA:897,91,0,0
BRDA:942,92,0,0
BRDA:947,93,0,0
BRDA:952,94,0,0
BRDA:965,95,0,0
BRDA:967,96,0,3
BRDA:967,96,1,1
BRDA:973,97,0,0
BRDA:1010,98,0,0
BRDA:1017,99,0,3
BRDA:1017,99,1,0
BRDA:1042,100,0,0
BRDA:1048,101,0,0
BRDA:1053,102,0,0
BRDA:1075,103,0,0
BRDA:1080,104,0,0
BRDA:1099,105,0,0
BRDA:1100,106,0,0
BRDA:1159,107,0,0
BRDA:1180,108,0,0
BRDA:1221,109,0,0
BRDA:1233,110,0,0
BRDA:1235,111,0,1
BRDA:1235,111,1,1
BRDA:1256,112,0,0
BRDA:1260,113,0,1
BRDA:1260,113,1,0
BRDA:1322,114,0,0
BRDA:1322,115,0,14
BRDA:1322,115,1,0
BRDA:1327,116,0,14
BRDA:1327,116,1,0
BRDA:1336,117,0,0
BRDA:1346,118,0,0
BRDA:1352,119,0,0
BRDA:1357,120,0,0
BRDA:1357,120,1,0
BRDA:1366,121,0,0
BRDA:1369,122,0,0
BRDA:1432,123,0,0
BRDA:1433,124,0,0
BRDA:1435,125,0,0
BRDA:1444,126,0,0
BRDA:1450,127,0,0
BRDA:1495,128,0,10
BRDA:1509,129,0,10
BRDA:1509,129,1,0
BRDA:1513,130,0,10
BRDA:1513,130,1,9
BRDA:1514,131,0,10
BRDA:1514,131,1,0
BRDA:1515,132,0,0
BRDA:1517,133,0,0
BRDA:1520,134,0,0
BRDA:1525,135,0,10
BRDA:1525,135,1,7
BRDA:1530,136,0,0
BRDA:1530,136,1,10
BRDA:1534,137,0,0
BRDA:1567,138,0,10
BRDA:1567,138,1,10
BRDA:1582,139,0,10
BRDA:1582,139,1,7
BRDA:1588,140,0,20
BRDA:1597,141,0,10
BRDA:1597,141,1,0
BRDA:1661,142,0,0
BRDA:1666,143,0,0
BRDA:1671,144,0,0
BRDA:1673,145,0,0
BRDA:1677,146,0,0
BRDA:1684,147,0,0
BRDA:1693,148,0,1
BRDA:1693,148,1,0
BRDA:1694,149,0,0
BRDA:1716,150,0,1
BRDA:1716,150,1,0
BRDA:1739,151,0,0
BRDA:1744,152,0,0
BRDA:1748,153,0,0
BRDA:1751,154,0,0
BRDA:1755,155,0,0
BRDA:1760,156,0,0
BRDA:1780,157,0,1
BRDA:1780,157,1,0
BRDA:1792,158,0,1
BRDA:1792,158,1,0
BRF:235
BRH:98
end_of_record
TN:
SF:src/minanftbadge.ts
FN:60,(anonymous_0)
FN:84,(anonymous_1)
FN:108,(anonymous_2)
FN:134,(anonymous_3)
FN:155,(anonymous_4)
FN:279,(anonymous_5)
FN:301,(anonymous_6)
FNF:7
FNH:6
FNDA:7,(anonymous_0)
FNDA:0,(anonymous_1)
FNDA:7,(anonymous_2)
FNDA:14,(anonymous_3)
FNDA:2,(anonymous_4)
FNDA:4,(anonymous_5)
FNDA:16,(anonymous_6)
DA:1,3
DA:2,3
DA:12,3
DA:13,3
DA:14,3
DA:19,3
DA:23,3
DA:24,3
DA:25,3
DA:26,3
DA:61,7
DA:62,0
DA:63,7
DA:64,7
DA:65,0
DA:66,7
DA:67,7
DA:68,0
DA:71,7
DA:72,7
DA:73,0
DA:76,7
DA:77,7
DA:78,7
DA:79,7
DA:80,0
DA:81,7
DA:87,0
DA:88,0
DA:89,0
DA:90,0
DA:91,0
DA:92,0
DA:93,0
DA:94,0
DA:96,0
DA:97,0
DA:113,7
DA:114,7
DA:115,7
DA:116,7
DA:117,7
DA:120,7
DA:121,7
DA:123,7
DA:124,7
DA:126,7
DA:127,7
DA:135,14
DA:136,14
DA:137,14
DA:138,14
DA:139,14
DA:140,14
DA:141,14
DA:142,14
DA:143,14
DA:146,7
DA:147,7
DA:148,7
DA:149,7
DA:150,7
DA:151,7
DA:152,0
DA:161,2
DA:162,0
DA:164,2
DA:165,0
DA:167,2
DA:168,2
DA:169,2
DA:170,2
DA:172,2
DA:175,2
DA:176,2
DA:177,2
DA:178,2
DA:189,2
DA:190,2
DA:191,2
DA:195,2
DA:213,2
DA:214,2
DA:215,2
DA:216,2
DA:218,2
DA:230,2
DA:234,0
DA:236,2
DA:240,0
DA:242,2
DA:243,2
DA:247,2
DA:252,2
DA:253,2
DA:255,2
DA:256,2
DA:258,2
DA:259,2
DA:260,2
DA:261,2
DA:262,2
DA:264,2
DA:266,2
DA:267,2
DA:268,2
DA:269,2
DA:270,2
DA:272,2
DA:280,4
DA:281,4
DA:291,2
DA:292,2
DA:293,2
DA:294,2
DA:295,2
DA:296,2
DA:297,2
DA:298,0
DA:302,16
DA:303,0
DA:305,16
DA:306,0
DA:308,16
DA:309,16
DA:310,16
DA:311,16
DA:312,16
DA:313,16
DA:314,16
DA:315,16
DA:316,16
DA:317,8
DA:318,8
DA:319,8
LF:135
LH:112
BRDA:61,0,0,0
BRDA:64,1,0,0
BRDA:67,2,0,0
BRDA:72,3,0,0
BRDA:79,4,0,0
BRDA:89,5,0,0
BRDA:110,6,0,2
BRDA:114,7,0,7
BRDA:114,7,1,2
BRDA:123,8,0,7
BRDA:123,8,1,5
BRDA:135,9,0,14
BRDA:149,10,0,7
BRDA:149,10,1,0
BRDA:161,11,0,0
BRDA:164,12,0,0
BRDA:167,13,0,0
BRDA:190,14,0,0
BRDA:230,15,0,0
BRDA:236,16,0,0
BRDA:264,17,0,2
BRDA:264,17,1,0
BRDA:267,18,0,0
BRDA:280,19,0,4
BRDA:296,20,0,2
BRDA:296,20,1,0
BRDA:302,21,0,0
BRDA:305,22,0,0
BRDA:308,23,0,0
BRDA:316,24,0,8
BRF:30
BRH:11
end_of_record
TN:
SF:src/minanftnames.ts
FN:27,(anonymous_0)
FN:32,(anonymous_1)
FN:63,(anonymous_2)
FN:81,(anonymous_3)
FN:116,(anonymous_4)
FN:131,(anonymous_5)
FNF:6
FNH:6
FNDA:13,(anonymous_0)
FNDA:12,(anonymous_1)
FNDA:24,(anonymous_2)
FNDA:1,(anonymous_3)
FNDA:2,(anonymous_4)
FNDA:10,(anonymous_5)
DA:1,25
DA:2,25
DA:12,25
DA:13,25
DA:14,25
DA:28,13
DA:29,13
DA:37,12
DA:39,12
DA:40,0
DA:41,12
DA:42,12
DA:43,12
DA:44,12
DA:45,12
DA:49,12
DA:50,12
DA:51,12
DA:53,12
DA:54,12
DA:56,12
DA:64,24
DA:65,24
DA:66,24
DA:67,24
DA:68,24
DA:71,12
DA:72,12
DA:73,12
DA:74,12
DA:75,12
DA:76,12
DA:77,12
DA:78,0
DA:86,1
DA:88,1
DA:89,1
DA:90,1
DA:91,1
DA:92,0
DA:93,1
DA:94,1
DA:95,0
DA:96,1
DA:97,1
DA:101,1
DA:102,1
DA:103,1
DA:105,1
DA:106,1
DA:107,1
DA:109,1
DA:117,2
DA:118,2
DA:121,1
DA:122,1
DA:123,1
DA:124,1
DA:125,1
DA:126,1
DA:127,1
DA:128,0
DA:135,10
DA:136,10
DA:137,0
DA:138,10
DA:139,0
DA:140,10
DA:141,0
DA:144,10
DA:150,10
LF:71
LH:63
BRDA:34,0,0,10
BRDA:39,1,0,0
BRDA:42,2,0,12
BRDA:42,2,1,10
BRDA:53,3,0,12
BRDA:53,3,1,9
BRDA:64,4,0,24
BRDA:74,5,0,12
BRDA:74,5,1,0
BRDA:88,6,0,0
BRDA:91,7,0,0
BRDA:94,8,0,0
BRDA:105,9,0,1
BRDA:105,9,1,1
BRDA:107,10,0,0
BRDA:124,11,0,1
BRDA:124,11,1,0
BRDA:135,12,0,0
BRDA:136,13,0,0
BRDA:138,14,0,0
BRDA:140,15,0,0
BRF:21
BRH:10
end_of_record
TN:
SF:src/networks.ts
FNF:0
FNH:0
DA:4,27
DA:5,27
DA:6,27
DA:7,27
DA:8,27
DA:9,27
DA:10,27
DA:11,27
DA:33,27
DA:39,27
DA:45,27
DA:60,27
DA:75,27
DA:81,27
DA:90,27
DA:98,27
LF:16
LH:16
BRF:0
BRH:0
end_of_record
TN:
SF:src/privatemetadata.ts
FN:12,(anonymous_0)
FN:23,(anonymous_1)
FNF:2
FNH:2
FNDA:145,(anonymous_0)
FNDA:145,(anonymous_1)
DA:1,25
DA:3,25
DA:18,145
DA:19,145
DA:20,145
DA:21,145
DA:24,145
DA:26,145
DA:27,66
DA:29,145
DA:30,145
LF:11
LH:11
BRDA:20,0,0,145
BRDA:20,0,1,0
BRDA:26,1,0,79
BRDA:26,1,1,66
BRDA:29,2,0,36
BRDA:29,2,1,109
BRF:6
BRH:5
end_of_record
TN:
SF:src/redactedminanft.ts
FN:20,(anonymous_0)
FN:29,(anonymous_1)
FN:39,(anonymous_2)
FN:53,(anonymous_3)
FN:125,(anonymous_4)
FN:133,(anonymous_5)
FN:145,(anonymous_6)
FN:146,(anonymous_7)
FN:149,(anonymous_8)
FN:158,(anonymous_9)
FN:184,(anonymous_10)
FNF:11
FNH:6
FNDA:3,(anonymous_0)
FNDA:4,(anonymous_1)
FNDA:3,(anonymous_2)
FNDA:4,(anonymous_3)
FNDA:0,(anonymous_4)
FNDA:0,(anonymous_5)
FNDA:0,(anonymous_6)
FNDA:0,(anonymous_7)
FNDA:0,(anonymous_8)
FNDA:2,(anonymous_9)
FNDA:4,(anonymous_10)
DA:1,6
DA:2,6
DA:3,6
DA:5,6
DA:6,6
DA:7,6
DA:13,6
DA:14,6
DA:15,6
DA:21,3
DA:22,3
DA:30,4
DA:31,4
DA:32,0
DA:43,3
DA:47,3
DA:49,3
DA:50,3
DA:51,3
DA:52,3
DA:53,3
DA:54,4
DA:55,4
DA:56,4
DA:57,4
DA:63,4
DA:64,4
DA:65,4
DA:68,3
DA:69,3
DA:70,4
DA:71,4
DA:76,4
DA:82,4
DA:83,4
DA:85,3
DA:86,3
DA:89,3
DA:90,3
DA:91,1
DA:92,1
DA:97,1
DA:98,1
DA:99,1
DA:100,1
DA:102,3
DA:104,3
DA:105,0
DA:108,3
DA:114,3
DA:115,0
DA:118,3
DA:126,0
DA:128,0
DA:129,0
DA:133,0
DA:134,0
DA:135,0
DA:136,0
DA:137,0
DA:143,0
DA:145,0
DA:147,0
DA:150,0
DA:155,0
DA:163,2
DA:164,2
DA:165,2
DA:166,2
DA:167,2
DA:170,2
DA:171,2
DA:173,2
DA:174,2
DA:176,2
DA:177,2
DA:185,4
DA:186,4
DA:187,4
DA:188,4
DA:191,2
DA:192,2
DA:193,2
DA:194,2
DA:195,2
DA:196,0
LF:86
LH:69
BRDA:31,0,0,4
BRDA:31,0,1,0
BRDA:41,1,0,3
BRDA:83,2,0,0
BRDA:100,3,0,0
BRDA:104,4,0,0
BRDA:114,5,0,0
BRDA:173,6,0,2
BRDA:173,6,1,2
BRDA:185,7,0,4
BRDA:194,8,0,2
BRDA:194,8,1,0
BRF:12
BRH:6
end_of_record
TN:
SF:src/redactedtree.ts
FN:36,(anonymous_0)
FN:47,(anonymous_1)
FN:52,(anonymous_2)
FN:69,(anonymous_3)
FN:134,(anonymous_4)
FN:160,(anonymous_5)
FNF:6
FNH:4
FNDA:1,(anonymous_0)
FNDA:14,(anonymous_1)
FNDA:1,(anonymous_2)
FNDA:1,(anonymous_3)
FNDA:0,(anonymous_4)
FNDA:0,(anonymous_5)
DA:1,25
DA:2,25
DA:12,25
DA:13,25
DA:17,25
DA:18,25
DA:24,1
DA:34,1
DA:37,1
DA:38,1
DA:39,1
DA:40,1
DA:48,14
DA:49,14
DA:53,1
DA:54,1
DA:55,1
DA:56,1
DA:59,1
DA:60,1
DA:61,1
DA:71,1
DA:72,1
DA:73,1
DA:74,1
DA:75,1
DA:76,1
DA:77,1
DA:78,14
DA:79,14
DA:82,14
DA:85,14
DA:91,14
DA:96,14
DA:102,14
DA:103,14
DA:105,1
DA:106,1
DA:108,1
DA:109,1
DA:110,1
DA:111,13
DA:112,13
DA:117,13
DA:122,13
DA:123,13
DA:125,1
DA:126,1
DA:127,1
DA:128,1
DA:129,0
DA:131,1
DA:139,0
DA:140,0
DA:141,0
DA:142,0
DA:143,0
DA:146,0
DA:147,0
DA:149,0
DA:150,0
DA:152,0
DA:153,0
DA:161,0
DA:162,0
DA:163,0
DA:164,0
DA:167,0
DA:168,0
DA:169,0
DA:170,0
DA:171,0
DA:172,0
LF:73
LH:51
BRDA:53,0,0,0
BRDA:69,1,0,1
BRDA:103,2,0,0
BRDA:123,3,0,0
BRDA:128,4,0,0
BRDA:149,5,0,0
BRDA:149,5,1,0
BRDA:161,6,0,0
BRDA:170,7,0,0
BRDA:170,7,1,0
BRF:10
BRH:1
end_of_record
TN:
SF:src/api/api.ts
FN:21,(anonymous_1)
FN:30,(anonymous_2)
FN:57,(anonymous_3)
FN:92,(anonymous_4)
FN:124,(anonymous_5)
FN:158,(anonymous_6)
FN:198,(anonymous_7)
FN:234,(anonymous_8)
FN:260,(anonymous_9)
FN:291,(anonymous_10)
FN:373,(anonymous_12)
FNF:11
FNH:2
FNDA:2,(anonymous_1)
FNDA:2,(anonymous_2)
FNDA:0,(anonymous_3)
FNDA:0,(anonymous_4)
FNDA:0,(anonymous_5)
FNDA:0,(anonymous_6)
FNDA:0,(anonymous_7)
FNDA:0,(anonymous_8)
FNDA:0,(anonymous_9)
FNDA:0,(anonymous_10)
FNDA:0,(anonymous_12)
DA:1,5
DA:2,5
DA:4,5
DA:6,5
DA:13,5
DA:22,2
DA:23,2
DA:36,2
DA:43,2
DA:65,0
DA:73,0
DA:74,0
DA:75,0
DA:98,0
DA:105,0
DA:106,0
DA:134,0
DA:145,0
DA:168,0
DA:182,0
DA:209,0
DA:210,0
DA:211,0
DA:216,0
DA:240,0
DA:241,0
DA:242,0
DA:248,0
DA:266,0
DA:267,0
DA:268,0
DA:274,0
DA:302,0
DA:303,0
DA:304,0
DA:305,0
DA:306,0
DA:307,0
DA:308,0
DA:309,0
DA:310,0
DA:311,0
DA:312,0
DA:313,0
DA:319,0
DA:321,0
DA:322,0
DA:327,0
DA:328,0
DA:334,0
DA:336,0
DA:338,0
DA:356,2
DA:363,2
DA:364,2
DA:365,2
DA:367,0
DA:368,0
DA:374,0
DA:375,0
DA:376,0
DA:377,0
DA:378,0
LF:63
LH:13
BRDA:46,0,0,1
BRDA:46,0,1,1
BRDA:47,1,0,1
BRDA:47,1,1,1
BRDA:73,2,0,0
BRDA:73,2,1,0
BRDA:74,3,0,0
BRDA:74,3,1,0
BRDA:79,4,0,0
BRDA:79,4,1,0
BRDA:81,5,0,0
BRDA:81,5,1,0
BRDA:105,6,0,0
BRDA:105,6,1,0
BRDA:109,7,0,0
BRDA:109,7,1,0
BRDA:110,8,0,0
BRDA:110,8,1,0
BRDA:142,9,0,0
BRDA:142,9,1,0
BRDA:210,10,0,0
BRDA:210,10,1,0
BRDA:241,11,0,0
BRDA:241,11,1,0
BRDA:267,12,0,0
BRDA:267,12,1,0
BRDA:302,13,0,0
BRDA:302,13,1,0
BRDA:303,14,0,0
BRDA:303,14,1,0
BRDA:304,15,0,0
BRDA:304,15,1,0
BRDA:310,16,0,0
BRDA:310,16,1,0
BRDA:312,17,0,0
BRDA:321,18,0,0
BRDA:321,18,1,0
BRDA:327,19,0,0
BRDA:374,20,0,0
BRDA:375,21,0,0
BRDA:376,22,0,0
BRDA:376,23,0,0
BRDA:376,23,1,0
BRF:43
BRH:4
end_of_record
TN:
SF:src/contract/escrow.ts
FN:23,(anonymous_0)
FN:49,(anonymous_1)
FNF:2
FNH:2
FNDA:2,(anonymous_0)
FNDA:1,(anonymous_1)
DA:1,25
DA:2,25
DA:32,2
DA:55,1
LF:4
LH:4
BRF:0
BRH:0
end_of_record
TN:
SF:src/contract/metadata.ts
FN:18,(anonymous_0)
FN:38,(anonymous_1)
FN:53,(anonymous_2)
FN:77,(anonymous_3)
FNF:4
FNH:3
FNDA:603,(anonymous_0)
FNDA:0,(anonymous_1)
FNDA:14,(anonymous_2)
FNDA:4,(anonymous_3)
DA:1,25
DA:2,25
DA:19,603
DA:20,603
DA:39,0
DA:40,0
DA:54,14
DA:86,4
LF:8
LH:6
BRF:0
BRH:0
end_of_record
TN:
SF:src/contract/names.ts
FN:39,(anonymous_2)
FN:60,(anonymous_3)
FN:73,(anonymous_4)
FN:76,(anonymous_5)
FN:87,(anonymous_6)
FN:95,(anonymous_7)
FN:104,(anonymous_8)
FN:112,(anonymous_9)
FN:124,(anonymous_10)
FN:144,(anonymous_11)
FN:193,(anonymous_12)
FN:219,(anonymous_13)
FN:251,(anonymous_14)
FNF:13
FNH:12
FNDA:10,(anonymous_2)
FNDA:10,(anonymous_3)
FNDA:423,(anonymous_4)
FNDA:24,(anonymous_5)
FNDA:24,(anonymous_6)
FNDA:0,(anonymous_7)
FNDA:42,(anonymous_8)
FNDA:190,(anonymous_9)
FNDA:42,(anonymous_10)
FNDA:72,(anonymous_11)
FNDA:54,(anonymous_12)
FNDA:49,(anonymous_13)
FNDA:45,(anonymous_14)
DA:1,25
DA:2,25
DA:20,25
DA:21,25
DA:22,25
DA:23,25
DA:24,25
DA:45,10
DA:65,10
DA:74,423
DA:77,24
DA:79,423
DA:88,24
DA:89,24
DA:99,0
DA:104,25
DA:105,42
DA:106,42
DA:109,42
DA:113,190
DA:124,25
DA:129,42
DA:130,42
DA:131,42
DA:134,42
DA:135,42
DA:136,42
DA:137,42
DA:144,25
DA:145,72
DA:146,72
DA:154,72
DA:155,72
DA:156,72
DA:157,72
DA:158,72
DA:159,72
DA:163,72
DA:170,72
DA:171,72
DA:182,72
DA:193,25
DA:200,54
DA:201,54
DA:202,54
DA:203,54
DA:204,54
DA:205,54
DA:219,25
DA:230,49
DA:231,49
DA:232,49
DA:233,49
DA:242,49
DA:251,25
DA:252,45
DA:253,45
DA:254,45
DA:255,45
DA:256,45
LF:60
LH:59
BRF:0
BRH:0
end_of_record
TN:
SF:src/contract/nft.ts
FN:28,(anonymous_2)
FN:44,(anonymous_3)
FN:87,(anonymous_4)
FN:129,(anonymous_5)
FNF:4
FNH:4
FNDA:412,(anonymous_2)
FNDA:58,(anonymous_3)
FNDA:51,(anonymous_4)
FNDA:46,(anonymous_5)
DA:1,25
DA:2,25
DA:14,25
DA:15,25
DA:16,25
DA:17,25
DA:29,412
DA:30,412
DA:31,412
DA:32,412
DA:33,412
DA:34,412
DA:44,25
DA:51,58
DA:52,58
DA:53,58
DA:54,58
DA:57,58
DA:59,58
DA:61,58
DA:63,58
DA:66,58
DA:68,58
DA:69,58
DA:70,58
DA:72,58
DA:73,58
DA:74,58
DA:87,25
DA:96,51
DA:99,51
DA:100,51
DA:101,51
DA:102,51
DA:103,51
DA:104,51
DA:105,51
DA:106,51
DA:107,51
DA:108,51
DA:109,51
DA:110,51
DA:118,51
DA:119,51
DA:120,51
DA:129,25
DA:130,46
DA:131,46
DA:134,46
DA:138,46
DA:139,46
DA:140,46
DA:142,46
DA:143,46
LF:54
LH:54
BRF:0
BRH:0
end_of_record
TN:
SF:src/contract/transfer.ts
FN:26,(anonymous_0)
FNF:1
FNH:1
FNDA:44,(anonymous_0)
DA:1,25
DA:11,25
DA:13,25
DA:18,25
DA:31,44
DA:34,44
DA:40,25
LF:7
LH:7
BRF:0
BRH:0
end_of_record
TN:
SF:src/contract/update.ts
FN:20,(anonymous_0)
FN:29,(anonymous_1)
FN:41,(anonymous_2)
FN:53,(anonymous_3)
FN:63,(anonymous_4)
FN:84,(anonymous_5)
FN:111,(anonymous_6)
FN:121,(anonymous_7)
FN:138,(anonymous_8)
FN:147,(anonymous_9)
FNF:10
FNH:10
FNDA:144,(anonymous_0)
FNDA:69,(anonymous_1)
FNDA:40,(anonymous_2)
FNDA:40,(anonymous_3)
FNDA:48,(anonymous_4)
FNDA:54,(anonymous_5)
FNDA:2,(anonymous_6)
FNDA:48,(anonymous_7)
FNDA:48,(anonymous_8)
FNDA:44,(anonymous_9)
DA:2,25
DA:3,25
DA:4,25
DA:5,25
DA:6,25
DA:8,25
DA:9,25
DA:21,144
DA:22,144
DA:30,69
DA:42,40
DA:54,40
DA:55,40
DA:64,48
DA:88,54
DA:89,54
DA:92,54
DA:93,54
DA:96,54
DA:99,54
DA:100,54
DA:103,54
DA:105,54
DA:115,2
DA:125,48
DA:126,48
DA:130,25
DA:139,48
DA:140,48
DA:152,44
DA:153,44
DA:155,44
DA:159,44
DA:160,44
LF:34
LH:34
BRF:0
BRH:0
end_of_record
TN:
SF:src/plugins/badge.ts
FN:33,(anonymous_2)
FN:45,(anonymous_3)
FN:58,(anonymous_4)
FN:66,(anonymous_5)
FN:75,(anonymous_6)
FN:137,(anonymous_7)
FN:154,(anonymous_8)
FNF:7
FNH:6
FNDA:2,(anonymous_2)
FNDA:63,(anonymous_3)
FNDA:14,(anonymous_4)
FNDA:0,(anonymous_5)
FNDA:18,(anonymous_6)
FNDA:12,(anonymous_7)
FNDA:12,(anonymous_8)
DA:1,25
DA:3,25
DA:20,25
DA:21,25
DA:22,25
DA:23,25
DA:41,2
DA:46,63
DA:47,63
DA:48,63
DA:49,63
DA:50,63
DA:52,63
DA:59,14
DA:60,14
DA:70,0
DA:75,25
DA:98,18
DA:102,18
DA:107,18
DA:111,18
DA:113,18
DA:119,18
DA:120,18
DA:123,18
DA:124,18
DA:128,18
DA:134,18
DA:137,25
DA:138,12
DA:139,12
DA:141,12
DA:142,12
DA:148,12
DA:151,12
DA:154,25
DA:155,12
DA:156,12
DA:161,12
DA:162,12
DA:164,12
LF:41
LH:40
BRF:0
BRH:0
end_of_record
TN:
SF:src/plugins/badgeproof.ts
FN:25,(anonymous_0)
FN:47,(anonymous_1)
FN:62,(anonymous_2)
FNF:3
FNH:3
FNDA:16,(anonymous_0)
FNDA:14,(anonymous_1)
FNDA:14,(anonymous_2)
DA:2,25
DA:3,25
DA:4,25
DA:5,25
DA:8,25
DA:9,25
DA:27,16
DA:30,16
DA:34,16
DA:37,16
DA:40,16
DA:48,14
DA:49,14
DA:50,14
DA:54,25
DA:63,14
DA:64,14
LF:17
LH:17
BRF:0
BRH:0
end_of_record
TN:
SF:src/plugins/escrow.ts
FN:21,(anonymous_2)
FN:30,(anonymous_3)
FN:38,(anonymous_4)
FN:47,(anonymous_5)
FN:56,(anonymous_6)
FN:62,(anonymous_7)
FNF:6
FNH:5
FNDA:0,(anonymous_2)
FNDA:35,(anonymous_3)
FNDA:4,(anonymous_4)
FNDA:12,(anonymous_5)
FNDA:12,(anonymous_6)
FNDA:12,(anonymous_7)
DA:1,25
DA:2,25
DA:14,25
DA:15,25
DA:22,0
DA:31,35
DA:39,4
DA:40,4
DA:44,4
DA:47,25
DA:48,12
DA:49,12
DA:53,12
DA:56,25
DA:57,12
DA:58,12
DA:59,12
DA:62,25
DA:76,12
DA:77,12
DA:78,12
DA:79,12
DA:80,12
DA:81,12
DA:93,12
LF:25
LH:24
BRF:0
BRH:0
end_of_record
TN:
SF:src/plugins/redactedmap.ts
FN:23,(anonymous_0)
FN:61,(anonymous_1)
FN:76,(anonymous_2)
FN:95,(anonymous_3)
FN:113,(anonymous_4)
FNF:5
FNH:5
FNDA:26,(anonymous_0)
FNDA:20,(anonymous_1)
FNDA:41,(anonymous_2)
FNDA:22,(anonymous_3)
FNDA:19,(anonymous_4)
DA:2,25
DA:3,25
DA:4,25
DA:5,25
DA:7,25
DA:8,25
DA:30,26
DA:31,26
DA:35,26
DA:36,26
DA:40,26
DA:41,26
DA:45,26
DA:46,26
DA:49,26
DA:65,20
DA:66,20
DA:68,20
DA:80,41
DA:81,41
DA:82,41
DA:83,41
DA:87,25
DA:101,22
DA:106,22
DA:118,19
DA:119,19
DA:120,19
DA:124,19
LF:29
LH:29
BRF:0
BRH:0
end_of_record
TN:
SF:src/plugins/redactedtree.ts
FN:26,(anonymous_2)
FN:36,(anonymous_3)
FN:53,MinaNFTTreeVerifierFunction
FN:57,(anonymous_5)
FN:80,(anonymous_6)
FN:95,(anonymous_7)
FN:114,(anonymous_8)
FN:132,(anonymous_9)
FN:154,(anonymous_10)
FN:165,(anonymous_11)
FNF:10
FNH:8
FNDA:0,(anonymous_2)
FNDA:0,(anonymous_3)
FNDA:3,MinaNFTTreeVerifierFunction
FNDA:44,(anonymous_5)
FNDA:40,(anonymous_6)
FNDA:48,(anonymous_7)
FNDA:25,(anonymous_8)
FNDA:23,(anonymous_9)
FNDA:2,(anonymous_10)
FNDA:6,(anonymous_11)
DA:2,25
DA:3,25
DA:4,25
DA:7,25
DA:27,0
DA:37,0
DA:62,44
DA:63,44
DA:64,44
DA:65,44
DA:67,44
DA:68,44
DA:69,44
DA:70,44
DA:72,44
DA:84,40
DA:85,40
DA:87,40
DA:99,48
DA:100,48
DA:101,48
DA:102,48
DA:106,3
DA:120,25
DA:125,25
DA:137,23
DA:138,23
DA:139,23
DA:143,23
DA:155,2
DA:156,2
DA:165,3
DA:166,6
DA:169,3
LF:34
LH:32
BRF:0
BRH:0
end_of_record
TN:
SF:src/plugins/redactedtree20.ts
FN:25,(anonymous_2)
FN:48,(anonymous_3)
FN:63,(anonymous_4)
FN:82,(anonymous_5)
FN:100,(anonymous_6)
FN:122,(anonymous_7)
FN:133,(anonymous_8)
FNF:7
FNH:0
FNDA:0,(anonymous_2)
FNDA:0,(anonymous_3)
FNDA:0,(anonymous_4)
FNDA:0,(anonymous_5)
FNDA:0,(anonymous_6)
FNDA:0,(anonymous_7)
FNDA:0,(anonymous_8)
DA:2,1
DA:3,1
DA:4,1
DA:5,1
DA:6,1
DA:9,1
DA:10,1
DA:30,0
DA:31,0
DA:32,0
DA:33,0
DA:35,0
DA:36,0
DA:37,0
DA:38,0
DA:40,0
DA:52,0
DA:53,0
DA:55,0
DA:67,0
DA:68,0
DA:69,0
DA:70,0
DA:74,1
DA:88,0
DA:93,0
DA:105,0
DA:106,0
DA:107,0
DA:111,0
DA:123,0
DA:124,0
DA:133,1
DA:134,0
LF:34
LH:9
BRF:0
BRH:0
end_of_record
TN:
SF:src/plugins/verifier.ts
FN:17,(anonymous_2)
FN:28,(anonymous_3)
FNF:2
FNH:2
FNDA:4,(anonymous_2)
FNDA:15,(anonymous_3)
DA:1,25
DA:3,25
DA:12,25
DA:13,25
DA:14,25
DA:18,4
DA:19,4
DA:28,25
DA:33,15
DA:34,15
DA:35,15
DA:37,15
LF:12
LH:12
BRF:0
BRH:0
end_of_record
TN:
SF:src/storage/arweave.ts
FN:10,(anonymous_1)
FN:24,(anonymous_2)
FN:66,(anonymous_3)
FN:110,(anonymous_4)
FN:120,(anonymous_5)
FN:167,(anonymous_6)
FNF:6
FNH:0
FNDA:0,(anonymous_1)
FNDA:0,(anonymous_2)
FNDA:0,(anonymous_3)
FNDA:0,(anonymous_4)
FNDA:0,(anonymous_5)
FNDA:0,(anonymous_6)
DA:1,25
DA:2,25
DA:3,25
DA:11,0
DA:12,0
DA:13,0
DA:15,0
DA:17,0
DA:29,0
DA:30,0
DA:31,0
DA:32,0
DA:33,0
DA:34,0
DA:35,0
DA:37,0
DA:43,0
DA:44,0
DA:46,0
DA:48,0
DA:49,0
DA:50,0
DA:55,0
DA:56,0
DA:57,0
DA:59,0
DA:61,0
DA:62,0
DA:74,0
DA:75,0
DA:76,0
DA:77,0
DA:78,0
DA:79,0
DA:80,0
DA:82,0
DA:86,0
DA:87,0
DA:88,0
DA:89,0
DA:90,0
DA:92,0
DA:93,0
DA:94,0
DA:99,0
DA:100,0
DA:101,0
DA:102,0
DA:104,0
DA:105,0
DA:111,0
DA:112,0
DA:113,0
DA:115,0
DA:116,0
DA:131,0
DA:132,0
DA:133,0
DA:134,0
DA:135,0
DA:136,0
DA:137,0
DA:138,0
DA:139,0
DA:140,0
DA:141,0
DA:142,0
DA:148,0
DA:150,0
DA:151,0
DA:156,0
DA:158,0
DA:160,0
DA:168,0
DA:169,0
DA:170,0
DA:171,0
LF:77
LH:3
BRDA:11,0,0,0
BRDA:11,0,1,0
BRDA:12,1,0,0
BRDA:12,1,1,0
BRDA:27,2,0,0
BRDA:30,3,0,0
BRDA:31,4,0,0
BRDA:35,5,0,0
BRDA:57,6,0,0
BRDA:72,7,0,0
BRDA:75,8,0,0
BRDA:76,9,0,0
BRDA:80,10,0,0
BRDA:101,11,0,0
BRDA:131,12,0,0
BRDA:131,12,1,0
BRDA:132,13,0,0
BRDA:132,13,1,0
BRDA:133,14,0,0
BRDA:133,14,1,0
BRDA:139,15,0,0
BRDA:139,15,1,0
BRDA:141,16,0,0
BRDA:150,17,0,0
BRF:24
BRH:0
end_of_record
TN:
SF:src/storage/fast-tree.ts
FN:21,(anonymous_0)
FN:28,(anonymous_1)
FN:36,(anonymous_2)
FN:50,(anonymous_3)
FN:59,(anonymous_4)
FN:63,(anonymous_5)
FN:106,(anonymous_6)
FN:110,(anonymous_7)
FN:114,(anonymous_8)
FN:118,(anonymous_9)
FN:130,(anonymous_10)
FN:135,calculateMerkleTreeRootFast
FNF:12
FNH:10
FNDA:2,(anonymous_0)
FNDA:2,(anonymous_1)
FNDA:0,(anonymous_2)
FNDA:0,(anonymous_3)
FNDA:2,(anonymous_4)
FNDA:2,(anonymous_5)
FNDA:143396,(anonymous_6)
FNDA:71688,(anonymous_7)
FNDA:143385,(anonymous_8)
FNDA:71688,(anonymous_9)
FNDA:4,(anonymous_10)
FNDA:2,calculateMerkleTreeRootFast
DA:1,25
DA:22,2
DA:23,2
DA:24,2
DA:25,2
DA:29,2
DA:30,2
DA:31,2
DA:32,30
DA:37,0
DA:38,0
DA:41,0
DA:43,0
DA:45,0
DA:46,0
DA:47,0
DA:50,0
DA:56,0
DA:60,2
DA:64,2
DA:65,0
DA:68,2
DA:70,2
DA:71,71688
DA:73,71688
DA:74,71688
DA:76,71688
DA:79,2
DA:80,30
DA:82,30
DA:84,30
DA:86,71697
DA:87,71697
DA:89,71697
DA:90,71697
DA:95,71697
DA:102,30
DA:107,143396
DA:111,71688
DA:115,143385
DA:119,71688
DA:120,71688
DA:123,71688
DA:131,4
DA:135,25
DA:139,2
DA:140,2
DA:141,2
DA:142,71688
DA:144,2
DA:145,2
DA:146,2
LF:52
LH:42
BRDA:37,0,0,0
BRDA:46,1,0,0
BRDA:64,2,0,0
BRDA:107,3,0,143396
BRDA:107,3,1,11
BRDA:119,4,0,71688
BRF:6
BRH:3
end_of_record
TN:
SF:src/storage/file.ts
FN:29,(anonymous_1)
FN:54,(anonymous_2)
FN:113,(anonymous_3)
FN:127,(anonymous_4)
FN:165,(anonymous_5)
FN:189,(anonymous_6)
FN:195,(anonymous_7)
FN:207,(anonymous_8)
FN:219,(anonymous_9)
FN:257,(anonymous_10)
FN:263,(anonymous_11)
FN:270,fillFields
FN:300,(anonymous_13)
FN:317,(anonymous_14)
FN:335,(anonymous_15)
FN:388,(anonymous_16)
FNF:16
FNH:13
FNDA:10,(anonymous_1)
FNDA:11,(anonymous_2)
FNDA:15,(anonymous_3)
FNDA:4,(anonymous_4)
FNDA:1,(anonymous_5)
FNDA:10,(anonymous_6)
FNDA:6,(anonymous_7)
FNDA:6,(anonymous_8)
FNDA:5,(anonymous_9)
FNDA:0,(anonymous_10)
FNDA:4,(anonymous_11)
FNDA:74,fillFields
FNDA:0,(anonymous_13)
FNDA:0,(anonymous_14)
FNDA:10,(anonymous_15)
FNDA:6,(anonymous_16)
DA:1,25
DA:2,25
DA:3,25
DA:4,25
DA:5,25
DA:6,25
DA:7,25
DA:8,25
DA:9,25
DA:10,25
DA:11,25
DA:12,25
DA:14,25
DA:15,25
DA:40,10
DA:41,10
DA:42,10
DA:43,10
DA:44,10
DA:45,10
DA:46,10
DA:47,10
DA:48,10
DA:49,10
DA:50,10
DA:51,10
DA:55,11
DA:56,11
DA:57,0
DA:60,11
DA:62,11
DA:63,11
DA:65,11
DA:66,11
DA:67,11
DA:68,11
DA:71,11
DA:72,0
DA:75,11
DA:76,11
DA:77,11
DA:78,0
DA:79,11
DA:80,11
DA:83,11
DA:84,0
DA:87,11
DA:89,11
DA:92,11
DA:93,0
DA:94,11
DA:95,11
DA:96,11
DA:97,11
DA:98,0
DA:101,11
DA:102,11
DA:103,11
DA:104,11
DA:105,0
DA:109,11
DA:110,11
DA:114,15
DA:115,15
DA:129,4
DA:130,4
DA:131,4
DA:132,0
DA:133,4
DA:134,0
DA:137,4
DA:138,0
DA:141,4
DA:142,0
DA:143,4
DA:144,0
DA:145,4
DA:146,0
DA:147,4
DA:148,0
DA:149,4
DA:150,0
DA:152,4
DA:166,1
DA:167,1
DA:168,0
DA:169,1
DA:170,1
DA:171,14
DA:173,1
DA:174,1
DA:190,10
DA:191,10
DA:192,10
DA:193,10
DA:199,6
DA:200,6
DA:201,6
DA:208,6
DA:209,6
DA:210,6
DA:211,6
DA:212,34
DA:214,6
DA:215,6
DA:216,6
DA:223,5
DA:224,0
DA:225,5
DA:226,5
DA:227,5
DA:228,5
DA:229,5
DA:230,5
DA:236,5
DA:237,5
DA:238,5
DA:239,5
DA:240,5
DA:241,0
DA:242,0
DA:243,0
DA:244,0
DA:250,0
DA:251,0
DA:252,0
DA:253,0
DA:258,0
DA:259,0
DA:260,0
DA:264,4
DA:265,4
DA:267,4
DA:268,4
DA:271,74
DA:272,74
DA:273,74
DA:274,4444354
DA:275,4444354
DA:276,4444354
DA:277,143364
DA:278,143364
DA:279,143364
DA:282,74
DA:284,4
DA:285,70
DA:286,70
DA:287,70
DA:288,70
DA:289,70
DA:292,70
DA:293,70
DA:295,4
DA:296,4
DA:297,4
DA:301,0
DA:302,0
DA:303,0
DA:304,0
DA:305,0
DA:306,0
DA:307,0
DA:308,0
DA:309,0
DA:310,0
DA:313,0
DA:314,0
DA:318,0
DA:319,0
DA:320,0
DA:321,0
DA:322,0
DA:323,0
DA:324,0
DA:326,0
DA:330,0
DA:332,0
DA:343,10
DA:344,6
DA:345,6
DA:346,6
DA:347,6
DA:354,4
DA:358,4
DA:359,4
DA:360,4
DA:361,4
DA:367,4
DA:368,2
DA:372,2
DA:373,0
DA:374,2
DA:375,2
DA:377,2
DA:378,2
DA:379,0
DA:382,2
DA:383,2
DA:384,2
DA:389,6
DA:390,1
DA:391,1
DA:392,1
DA:394,6
DA:395,0
DA:396,6
DA:397,6
DA:398,6
DA:399,6
DA:400,6
DA:401,0
DA:402,6
DA:406,0
DA:407,0
DA:412,6
LF:215
LH:159
BRDA:48,0,0,10
BRDA:48,0,1,0
BRDA:49,1,0,10
BRDA:49,1,1,0
BRDA:56,2,0,0
BRDA:71,3,0,0
BRDA:77,4,0,0
BRDA:83,5,0,0
BRDA:89,6,0,2
BRDA:89,6,1,9
BRDA:92,7,0,0
BRDA:95,8,0,11
BRDA:95,8,1,0
BRDA:97,9,0,0
BRDA:102,10,0,11
BRDA:102,10,1,0
BRDA:104,11,0,0
BRDA:114,12,0,15
BRDA:114,12,1,0
BRDA:123,13,0,15
BRDA:123,13,1,0
BRDA:131,14,0,0
BRDA:133,15,0,0
BRDA:137,16,0,0
BRDA:141,17,0,0
BRDA:143,18,0,0
BRDA:145,19,0,0
BRDA:147,20,0,0
BRDA:149,21,0,0
BRDA:160,22,0,4
BRDA:160,22,1,1
BRDA:161,23,0,3
BRDA:161,23,1,1
BRDA:167,24,0,0
BRDA:192,25,0,10
BRDA:192,25,1,10
BRDA:193,26,0,10
BRDA:193,26,1,10
BRDA:203,27,0,6
BRDA:203,27,1,0
BRDA:223,28,0,0
BRDA:223,29,0,5
BRDA:223,29,1,0
BRDA:226,30,0,5
BRDA:226,30,1,0
BRDA:237,31,0,0
BRDA:241,32,0,0
BRDA:250,33,0,0
BRDA:276,34,0,143364
BRDA:282,35,0,4
BRDA:286,36,0,66
BRDA:295,37,0,4
BRDA:307,38,0,0
BRDA:313,39,0,0
BRDA:337,40,0,6
BRDA:343,41,0,6
BRDA:354,42,0,0
BRDA:354,42,1,4
BRDA:367,43,0,2
BRDA:367,43,1,2
BRDA:372,44,0,0
BRDA:378,45,0,0
BRDA:389,46,0,1
BRDA:394,47,0,0
BRDA:396,48,0,0
BRDA:397,49,0,0
BRDA:398,50,0,0
BRDA:399,51,0,0
BRDA:400,52,0,0
BRDA:402,53,0,0
BRDA:403,54,0,6
BRDA:403,54,1,0
BRF:72
BRH:30
end_of_record
TN:
SF:src/storage/ipfs.ts
FN:8,(anonymous_1)
FN:12,(anonymous_2)
FN:42,(anonymous_3)
FNF:3
FNH:3
FNDA:19,(anonymous_1)
FNDA:14,(anonymous_2)
FNDA:5,(anonymous_3)
DA:1,25
DA:2,25
DA:3,25
DA:9,19
DA:13,14
DA:17,14
DA:24,14
DA:26,5
DA:28,9
DA:34,9
DA:35,9
DA:37,0
DA:38,0
DA:48,5
DA:49,5
DA:52,5
DA:58,5
DA:60,0
DA:62,5
DA:74,5
DA:75,5
DA:76,5
DA:78,0
DA:79,0
DA:82,0
DA:83,0
DA:85,0
LF:27
LH:19
BRDA:24,0,0,5
BRDA:58,1,0,0
BRDA:75,2,0,5
BRDA:75,2,1,0
BRDA:75,3,0,5
BRDA:75,3,1,5
BRDA:75,3,2,5
BRF:7
BRH:5
end_of_record
TN:
SF:src/storage/map.ts
FN:50,(anonymous_0)
FN:59,(anonymous_1)
FN:61,(anonymous_2)
FN:73,(anonymous_3)
FN:81,(anonymous_4)
FN:96,(anonymous_5)
FN:113,(anonymous_6)
FN:129,(anonymous_7)
FN:145,(anonymous_8)
FN:162,(anonymous_9)
FN:190,(anonymous_10)
FN:202,(anonymous_11)
FN:208,(anonymous_12)
FNF:13
FNH:12
FNDA:12,(anonymous_0)
FNDA:13,(anonymous_1)
FNDA:46,(anonymous_2)
FNDA:43,(anonymous_3)
FNDA:28,(anonymous_4)
FNDA:5,(anonymous_5)
FNDA:3,(anonymous_6)
FNDA:1,(anonymous_7)
FNDA:4,(anonymous_8)
FNDA:2,(anonymous_9)
FNDA:0,(anonymous_10)
FNDA:16,(anonymous_11)
FNDA:4,(anonymous_12)
DA:2,25
DA:7,25
DA:8,25
DA:9,25
DA:10,25
DA:17,25
DA:18,25
DA:19,25
DA:51,12
DA:52,12
DA:60,13
DA:61,13
DA:62,46
DA:63,46
DA:64,46
DA:66,13
DA:74,43
DA:82,28
DA:97,5
DA:98,5
DA:114,3
DA:130,1
DA:146,4
DA:147,4
DA:163,2
DA:164,2
DA:165,2
DA:166,2
DA:167,2
DA:168,2
DA:169,2
DA:170,2
DA:171,2
DA:172,2
DA:173,2
DA:175,2
DA:191,0
DA:203,16
DA:214,4
DA:215,4
DA:216,4
DA:217,4
DA:218,4
DA:219,0
DA:221,4
DA:222,0
DA:223,4
DA:232,0
DA:233,4
DA:234,4
DA:235,14
DA:236,14
DA:237,0
DA:238,14
DA:239,14
DA:240,14
DA:241,14
DA:247,0
DA:248,14
DA:250,9
DA:255,9
DA:257,3
DA:262,3
DA:264,1
DA:269,1
DA:271,1
DA:276,1
DA:278,0
DA:282,4
DA:283,4
DA:284,4
DA:285,0
DA:287,4
LF:73
LH:65
BRDA:86,0,0,28
BRDA:86,0,1,28
BRDA:87,1,0,28
BRDA:87,1,1,15
BRDA:103,2,0,5
BRDA:103,2,1,4
BRDA:119,3,0,3
BRDA:119,3,1,0
BRDA:135,4,0,1
BRDA:135,4,1,0
BRDA:152,5,0,4
BRDA:152,5,1,2
BRDA:168,6,0,2
BRDA:168,6,1,0
BRDA:180,7,0,2
BRDA:180,7,1,1
BRDA:193,8,0,0
BRDA:193,8,1,0
BRDA:194,9,0,0
BRDA:194,9,1,0
BRDA:211,10,0,0
BRDA:218,11,0,0
BRDA:221,12,0,0
BRDA:221,13,0,4
BRDA:221,13,1,4
BRDA:221,13,2,4
BRDA:223,14,0,0
BRDA:224,15,0,4
BRDA:224,15,1,4
BRDA:224,15,2,4
BRDA:224,15,3,4
BRDA:224,15,4,4
BRDA:224,15,5,4
BRDA:224,15,6,4
BRDA:236,16,0,0
BRDA:236,17,0,14
BRDA:236,17,1,14
BRDA:240,18,0,14
BRDA:240,18,1,8
BRDA:241,19,0,0
BRDA:242,20,0,14
BRDA:242,20,1,14
BRDA:242,20,2,14
BRDA:242,20,3,14
BRDA:248,21,0,9
BRDA:248,21,1,3
BRDA:248,21,2,1
BRDA:248,21,3,1
BRDA:248,21,4,0
BRDA:282,22,0,4
BRDA:284,23,0,0
BRF:51
BRH:36
end_of_record
TN:
SF:src/storage/text.ts
FN:10,(anonymous_0)
FN:26,(anonymous_1)
FN:34,(anonymous_2)
FNF:3
FNH:3
FNDA:36,(anonymous_0)
FNDA:35,(anonymous_1)
FNDA:22,(anonymous_2)
DA:1,25
DA:2,25
DA:3,25
DA:11,36
DA:12,36
DA:13,36
DA:14,36
DA:15,36
DA:16,36
DA:17,0
DA:18,36
DA:19,36
DA:20,36
DA:21,2602
DA:23,36
DA:27,35
DA:36,22
DA:37,22
DA:38,22
DA:39,22
DA:40,22
DA:41,0
DA:43,22
DA:44,0
DA:45,22
DA:56,0
DA:57,22
DA:58,22
DA:59,0
DA:60,22
DA:61,0
DA:62,22
DA:63,0
DA:65,22
LF:34
LH:27
BRDA:16,0,0,0
BRDA:40,1,0,0
BRDA:43,2,0,0
BRDA:43,3,0,22
BRDA:43,3,1,22
BRDA:43,3,2,22
BRDA:45,4,0,0
BRDA:46,5,0,22
BRDA:46,5,1,22
BRDA:46,5,2,22
BRDA:46,5,3,22
BRDA:46,5,4,22
BRDA:46,5,5,22
BRDA:46,5,6,22
BRDA:46,5,7,22
BRDA:46,5,8,22
BRDA:58,6,0,0
BRDA:60,7,0,0
BRDA:62,8,0,0
BRF:19
BRH:12
end_of_record
TN:
SF:utils/testhelpers.ts
FN:3,(anonymous_0)
FN:4,(anonymous_1)
FN:30,initBlockchain
FN:103,sleep
FN:104,(anonymous_4)
FN:107,makeString
FNF:6
FNH:3
FNDA:7,(anonymous_0)
FNDA:0,(anonymous_1)
FNDA:15,initBlockchain
FNDA:0,sleep
FNDA:0,(anonymous_4)
FNDA:17,makeString
DA:3,28
DA:4,21
DA:5,21
DA:6,21
DA:7,21
DA:11,21
DA:20,21
DA:26,21
DA:28,21
DA:34,15
DA:35,15
DA:36,15
DA:37,15
DA:38,15
DA:39,15
DA:40,15
DA:41,15
DA:42,15
DA:43,3
DA:44,3
DA:46,0
DA:47,0
DA:48,0
DA:49,0
DA:50,0
DA:51,0
DA:53,0
DA:54,0
DA:55,0
DA:56,0
DA:57,0
DA:58,0
DA:60,0
DA:61,0
DA:62,0
DA:63,0
DA:64,0
DA:65,0
DA:67,0
DA:68,0
DA:69,0
DA:70,0
DA:71,0
DA:72,0
DA:75,0
DA:76,0
DA:79,15
DA:81,3
DA:83,3
DA:84,0
DA:90,0
DA:94,15
DA:95,15
DA:99,15
DA:100,15
DA:104,0
DA:108,17
DA:109,17
DA:111,17
DA:112,4748
DA:115,17
LF:61
LH:32
BRDA:32,0,0,1
BRDA:37,1,0,15
BRDA:37,1,1,0
BRDA:46,2,0,0
BRDA:46,2,1,0
BRDA:53,3,0,0
BRDA:53,3,1,0
BRDA:60,4,0,0
BRDA:60,4,1,0
BRDA:67,5,0,0
BRDA:67,5,1,0
BRDA:83,6,0,0
BRDA:99,7,0,0
BRF:13
BRH:2
end_of_record
