TN:
SF:src/baseminanft.ts
FN:39,(anonymous_0)
FN:48,(anonymous_1)
FN:59,(anonymous_2)
FN:85,(anonymous_3)
FN:94,(anonymous_4)
FN:99,(anonymous_5)
FN:137,(anonymous_6)
FN:154,(anonymous_7)
FN:166,(anonymous_8)
FN:175,(anonymous_9)
FN:186,(anonymous_10)
FN:205,(anonymous_11)
FN:214,(anonymous_12)
FN:224,(anonymous_13)
FN:232,(anonymous_14)
FN:284,(anonymous_15)
FN:309,(anonymous_16)
FN:343,(anonymous_17)
FN:359,(anonymous_18)
FNF:19
FNH:16
FNDA:36,(anonymous_0)
FNDA:68,(anonymous_1)
FNDA:50,(anonymous_2)
FNDA:119,(anonymous_3)
FNDA:119,(anonymous_4)
FNDA:322,(anonymous_5)
FNDA:834,(anonymous_6)
FNDA:28,(anonymous_7)
FNDA:374,(anonymous_8)
FNDA:1330,(anonymous_9)
FNDA:0,(anonymous_10)
FNDA:0,(anonymous_11)
FNDA:0,(anonymous_12)
FNDA:17,(anonymous_13)
FNDA:43,(anonymous_14)
FNDA:5,(anonymous_15)
FNDA:13,(anonymous_16)
FNDA:7,(anonymous_17)
FNDA:6,(anonymous_18)
DA:1,27
DA:2,27
DA:3,27
DA:4,27
DA:5,27
DA:6,27
DA:7,27
DA:12,27
DA:13,27
DA:14,27
DA:15,27
DA:16,27
DA:18,27
DA:20,27
DA:40,36
DA:49,68
DA:63,50
DA:64,50
DA:65,50
DA:66,50
DA:67,50
DA:68,50
DA:69,50
DA:71,50
DA:86,119
DA:98,119
DA:99,119
DA:100,322
DA:101,322
DA:102,322
DA:104,119
DA:138,834
DA:140,834
DA:141,834
DA:142,0
DA:144,0
DA:155,28
DA:157,28
DA:158,0
DA:167,374
DA:178,1330
DA:187,0
DA:191,0
DA:194,0
DA:197,0
DA:206,0
DA:215,0
DA:225,17
DA:235,43
DA:239,43
DA:240,16
DA:241,16
DA:242,16
DA:243,16
DA:244,16
DA:247,43
DA:249,42
DA:250,15
DA:251,15
DA:252,15
DA:255,15
DA:256,15
DA:259,42
DA:260,15
DA:261,15
DA:262,15
DA:263,15
DA:264,15
DA:267,42
DA:268,15
DA:269,15
DA:270,15
DA:273,15
DA:274,15
DA:277,42
DA:285,5
DA:286,5
DA:287,1
DA:288,1
DA:289,1
DA:292,1
DA:293,1
DA:295,5
DA:296,4
DA:297,4
DA:298,4
DA:299,4
DA:300,4
DA:302,5
DA:310,13
DA:311,13
DA:312,4
DA:313,4
DA:314,4
DA:317,4
DA:318,4
DA:320,13
DA:321,4
DA:322,4
DA:323,4
DA:326,4
DA:327,4
DA:329,13
DA:330,4
DA:331,4
DA:332,4
DA:333,4
DA:334,4
DA:336,13
DA:344,7
DA:345,7
DA:346,3
DA:347,3
DA:348,3
DA:349,3
DA:350,3
DA:352,7
DA:360,6
DA:361,6
DA:362,1
DA:363,1
DA:364,1
DA:367,1
DA:368,1
DA:370,6
LF:125
LH:116
BRDA:140,0,0,834
BRDA:140,0,1,0
BRDA:141,1,0,834
BRDA:141,1,1,0
BRDA:157,2,0,28
BRDA:157,2,1,0
BRDA:187,3,0,0
BRDA:188,4,0,0
BRDA:188,4,1,0
BRDA:188,4,2,0
BRDA:194,5,0,0
BRDA:194,5,1,0
BRDA:224,6,0,0
BRDA:233,7,0,42
BRDA:235,8,0,43
BRDA:235,8,1,0
BRDA:239,9,0,16
BRDA:247,10,0,1
BRDA:249,11,0,15
BRDA:259,12,0,15
BRDA:267,13,0,15
BRDA:285,14,0,4
BRDA:285,14,1,1
BRDA:286,15,0,1
BRDA:295,16,0,4
BRDA:310,17,0,13
BRDA:310,17,1,0
BRDA:311,18,0,4
BRDA:320,19,0,4
BRDA:329,20,0,4
BRDA:344,21,0,7
BRDA:344,21,1,0
BRDA:345,22,0,3
BRDA:360,23,0,6
BRDA:360,23,1,0
BRDA:361,24,0,1
BRF:36
BRH:22
end_of_record
TN:
SF:src/baseminanftobject.ts
FN:9,(anonymous_0)
FNF:1
FNH:1
FNDA:79,(anonymous_0)
DA:1,27
DA:2,27
DA:10,79
DA:11,79
LF:4
LH:4
BRF:0
BRH:0
end_of_record
TN:
SF:src/config.ts
FNF:0
FNH:0
DA:1,28
DA:33,28
LF:2
LH:2
BRF:0
BRH:0
end_of_record
TN:
SF:src/escrow.ts
FN:37,(anonymous_0)
FN:41,(anonymous_1)
FN:59,(anonymous_2)
FN:75,(anonymous_3)
FN:99,(anonymous_4)
FN:116,(anonymous_5)
FN:140,(anonymous_6)
FN:154,(anonymous_7)
FN:218,(anonymous_8)
FNF:9
FNH:9
FNDA:2,(anonymous_0)
FNDA:2,(anonymous_1)
FNDA:4,(anonymous_2)
FNDA:1,(anonymous_3)
FNDA:2,(anonymous_4)
FNDA:1,(anonymous_5)
FNDA:2,(anonymous_6)
FNDA:1,(anonymous_7)
FNDA:2,(anonymous_8)
DA:1,3
DA:2,3
DA:12,3
DA:13,3
DA:14,3
DA:15,3
DA:38,2
DA:45,2
DA:46,2
DA:47,2
DA:48,2
DA:49,2
DA:52,2
DA:53,2
DA:54,2
DA:56,2
DA:57,2
DA:60,4
DA:61,4
DA:62,4
DA:63,4
DA:66,2
DA:67,2
DA:68,2
DA:69,2
DA:70,2
DA:71,2
DA:72,0
DA:82,1
DA:83,0
DA:86,1
DA:87,1
DA:88,1
DA:89,1
DA:93,1
DA:94,1
DA:95,1
DA:97,1
DA:100,2
DA:101,2
DA:102,2
DA:103,2
DA:106,1
DA:107,1
DA:108,1
DA:109,1
DA:110,1
DA:111,1
DA:112,1
DA:113,0
DA:122,1
DA:123,0
DA:126,1
DA:127,1
DA:128,1
DA:129,1
DA:134,1
DA:135,1
DA:136,1
DA:138,1
DA:141,2
DA:144,1
DA:145,1
DA:146,1
DA:147,1
DA:148,1
DA:149,1
DA:150,1
DA:151,0
DA:168,1
DA:170,1
DA:171,0
DA:173,1
DA:174,0
DA:179,1
DA:180,1
DA:181,1
DA:182,1
DA:186,1
DA:187,1
DA:188,1
DA:189,1
DA:190,1
DA:191,1
DA:192,1
DA:193,1
DA:216,1
DA:219,2
DA:233,2
DA:234,2
DA:235,2
DA:238,1
DA:239,1
DA:240,1
DA:241,1
DA:242,1
DA:243,1
DA:244,1
DA:245,0
LF:99
LH:91
BRDA:43,0,0,1
BRDA:46,1,0,2
BRDA:46,1,1,1
BRDA:60,2,0,4
BRDA:69,3,0,2
BRDA:69,3,1,0
BRDA:82,4,0,0
BRDA:111,5,0,1
BRDA:111,5,1,0
BRDA:122,6,0,0
BRDA:149,7,0,1
BRDA:149,7,1,0
BRDA:170,8,0,0
BRDA:173,9,0,0
BRDA:243,10,0,1
BRDA:243,10,1,0
BRF:16
BRH:8
end_of_record
TN:
SF:src/fetch.ts
FN:10,fetchMinaAccount
FN:59,fetchMinaActions
FN:86,checkMinaZkappTransaction
FNF:3
FNH:1
FNDA:209,fetchMinaAccount
FNDA:0,fetchMinaActions
FNDA:0,checkMinaZkappTransaction
DA:1,27
DA:8,27
DA:10,27
DA:15,209
DA:16,209
DA:17,209
DA:18,209
DA:19,209
DA:20,209
DA:21,209
DA:25,209
DA:36,0
DA:38,0
DA:45,0
DA:48,0
DA:50,0
DA:56,0
DA:59,27
DA:64,0
DA:65,0
DA:66,0
DA:67,0
DA:68,0
DA:72,0
DA:73,0
DA:75,0
DA:80,0
DA:82,0
DA:83,0
DA:86,27
DA:87,0
DA:88,0
DA:89,0
DA:91,0
DA:92,0
LF:35
LH:13
BRDA:36,0,0,0
BRDA:36,0,1,0
BRDA:40,1,0,0
BRDA:40,1,1,0
BRDA:52,2,0,0
BRDA:52,2,1,0
BRDA:72,3,0,0
BRDA:72,3,1,0
BRF:8
BRH:0
end_of_record
TN:
SF:src/index.ts
FNF:0
FNH:0
DA:1,1
DA:2,1
DA:3,1
DA:4,1
DA:5,1
DA:6,1
DA:7,1
DA:8,1
DA:9,1
DA:10,1
DA:11,1
DA:12,1
DA:13,1
DA:14,1
DA:15,1
DA:16,1
DA:17,1
DA:18,1
DA:19,1
DA:20,1
DA:21,1
DA:22,1
DA:23,1
DA:24,1
DA:25,1
DA:26,1
DA:27,1
DA:28,1
DA:29,1
DA:30,1
DA:31,1
DA:32,1
DA:33,1
DA:34,1
DA:35,1
DA:36,1
DA:37,1
DA:38,1
DA:40,1
DA:42,1
DA:43,1
DA:45,1
LF:42
LH:42
BRF:0
BRH:0
end_of_record
TN:
SF:src/mina.ts
FN:37,getNetworkIdHash
FN:44,getDeployer
FN:83,initBlockchain
FN:97,(anonymous_3)
FN:107,(anonymous_4)
FN:153,accountBalance
FN:164,accountBalanceMina
FN:168,sleep
FN:169,(anonymous_8)
FN:172,makeString
FN:185,formatTime
FN:206,(anonymous_11)
FN:211,(anonymous_12)
FN:213,(anonymous_13)
FNF:14
FNH:9
FNDA:0,getNetworkIdHash
FNDA:0,getDeployer
FNDA:1,initBlockchain
FNDA:10,(anonymous_3)
FNDA:0,(anonymous_4)
FNDA:28,accountBalance
FNDA:1,accountBalanceMina
FNDA:167,sleep
FNDA:167,(anonymous_8)
FNDA:1,makeString
FNDA:0,formatTime
FNDA:0,(anonymous_11)
FNDA:107,(anonymous_12)
FNDA:107,(anonymous_13)
DA:2,29
DA:3,29
DA:4,29
DA:5,29
DA:6,29
DA:7,29
DA:8,29
DA:10,29
DA:11,29
DA:12,29
DA:15,29
DA:24,29
DA:35,29
DA:38,0
DA:39,0
DA:41,0
DA:45,0
DA:46,0
DA:48,0
DA:87,1
DA:88,0
DA:91,1
DA:92,1
DA:95,1
DA:96,1
DA:97,10
DA:104,1
DA:107,0
DA:108,0
DA:109,0
DA:112,0
DA:117,0
DA:122,0
DA:124,0
DA:125,0
DA:126,0
DA:130,0
DA:131,0
DA:136,0
DA:137,0
DA:138,0
DA:139,0
DA:140,0
DA:145,0
DA:150,0
DA:154,28
DA:155,28
DA:156,28
DA:157,0
DA:160,0
DA:165,1
DA:169,167
DA:174,1
DA:176,1
DA:178,1
DA:179,10
DA:182,1
DA:186,0
DA:187,0
DA:188,0
DA:189,0
DA:190,0
DA:191,0
DA:192,0
DA:193,0
DA:195,0
DA:196,0
DA:199,0
DA:205,29
DA:207,0
DA:212,107
DA:213,107
DA:214,107
DA:215,107
DA:216,107
DA:218,107
DA:244,107
LF:77
LH:38
BRDA:38,0,0,0
BRDA:45,1,0,0
BRDA:85,2,0,1
BRDA:87,3,0,0
BRDA:91,4,0,1
BRDA:108,5,0,0
BRDA:124,6,0,0
BRDA:125,7,0,0
BRDA:125,7,1,0
BRDA:131,8,0,0
BRDA:132,9,0,0
BRDA:132,9,1,0
BRDA:132,9,2,0
BRDA:156,10,0,28
BRDA:156,10,1,0
BRDA:186,11,0,0
BRDA:187,12,0,0
BRDA:188,13,0,0
BRDA:190,14,0,0
BRDA:190,14,1,0
BRDA:211,15,0,0
BRDA:211,16,0,107
BRDA:218,17,0,0
BRDA:218,17,1,107
BRDA:221,18,0,0
BRDA:221,18,1,0
BRDA:239,19,0,21
BRDA:239,19,1,86
BRF:28
BRH:7
end_of_record
TN:
SF:src/minanft.ts
FN:117,(anonymous_1)
FN:151,(anonymous_2)
FN:234,(anonymous_3)
FN:344,(anonymous_4)
FN:373,(anonymous_5)
FN:468,(anonymous_6)
FN:470,(anonymous_7)
FN:481,(anonymous_8)
FN:534,(anonymous_9)
FN:544,(anonymous_10)
FN:554,(anonymous_11)
FN:564,(anonymous_12)
FN:575,(anonymous_13)
FN:590,(anonymous_14)
FN:607,(anonymous_15)
FN:624,(anonymous_16)
FN:673,(anonymous_17)
FN:730,(anonymous_18)
FN:752,(anonymous_19)
FN:765,(anonymous_20)
FN:842,(anonymous_21)
FN:980,(anonymous_22)
FN:1017,(anonymous_23)
FN:1097,(anonymous_24)
FN:1099,(anonymous_25)
FN:1100,(anonymous_26)
FN:1104,(anonymous_27)
FN:1124,(anonymous_28)
FN:1148,(anonymous_29)
FN:1151,(anonymous_30)
FN:1154,(anonymous_31)
FN:1163,(anonymous_32)
FN:1226,(anonymous_33)
FN:1304,(anonymous_34)
FN:1424,(anonymous_35)
FN:1461,(anonymous_36)
FN:1487,(anonymous_37)
FN:1581,(anonymous_38)
FN:1640,(anonymous_39)
FN:1692,(anonymous_40)
FN:1722,(anonymous_41)
FN:1777,(anonymous_42)
FN:1802,(anonymous_43)
FN:1823,(anonymous_44)
FNF:44
FNH:38
FNDA:30,(anonymous_1)
FNDA:19,(anonymous_2)
FNDA:62,(anonymous_3)
FNDA:0,(anonymous_4)
FNDA:0,(anonymous_5)
FNDA:0,(anonymous_6)
FNDA:0,(anonymous_7)
FNDA:29,(anonymous_8)
FNDA:1231,(anonymous_9)
FNDA:0,(anonymous_10)
FNDA:52,(anonymous_11)
FNDA:45,(anonymous_12)
FNDA:24,(anonymous_13)
FNDA:10,(anonymous_14)
FNDA:6,(anonymous_15)
FNDA:3,(anonymous_16)
FNDA:2,(anonymous_17)
FNDA:5,(anonymous_18)
FNDA:0,(anonymous_19)
FNDA:63,(anonymous_20)
FNDA:3,(anonymous_21)
FNDA:6,(anonymous_22)
FNDA:1,(anonymous_23)
FNDA:1,(anonymous_24)
FNDA:4,(anonymous_25)
FNDA:1029,(anonymous_26)
FNDA:11,(anonymous_27)
FNDA:1,(anonymous_28)
FNDA:1,(anonymous_29)
FNDA:4,(anonymous_30)
FNDA:1029,(anonymous_31)
FNDA:11,(anonymous_32)
FNDA:2,(anonymous_33)
FNDA:15,(anonymous_34)
FNDA:50,(anonymous_35)
FNDA:45,(anonymous_36)
FNDA:11,(anonymous_37)
FNDA:22,(anonymous_38)
FNDA:1,(anonymous_39)
FNDA:2,(anonymous_40)
FNDA:1,(anonymous_41)
FNDA:2,(anonymous_42)
FNDA:1,(anonymous_43)
FNDA:2,(anonymous_44)
DA:2,27
DA:4,27
DA:17,27
DA:18,27
DA:19,27
DA:20,27
DA:21,27
DA:22,27
DA:27,27
DA:28,27
DA:37,27
DA:38,27
DA:39,27
DA:41,27
DA:42,27
DA:56,27
DA:57,27
DA:59,27
DA:60,27
DA:61,27
DA:65,27
DA:126,30
DA:127,30
DA:128,30
DA:129,30
DA:130,30
DA:131,30
DA:132,30
DA:133,30
DA:134,30
DA:135,30
DA:136,30
DA:137,30
DA:138,30
DA:139,30
DA:140,10
DA:142,30
DA:143,30
DA:155,19
DA:156,0
DA:157,0
DA:159,19
DA:160,0
DA:162,19
DA:163,19
DA:164,19
DA:165,19
DA:166,19
DA:167,0
DA:168,0
DA:171,19
DA:172,19
DA:173,19
DA:174,19
DA:175,19
DA:176,19
DA:195,19
DA:196,19
DA:197,19
DA:198,19
DA:199,19
DA:200,19
DA:201,19
DA:202,19
DA:203,19
DA:204,19
DA:205,19
DA:208,19
DA:212,0
DA:215,19
DA:219,19
DA:225,19
DA:226,19
DA:227,19
DA:228,0
DA:229,19
DA:230,0
DA:231,19
DA:232,0
DA:234,19
DA:235,62
DA:236,0
DA:237,62
DA:238,0
DA:240,62
DA:241,62
DA:242,62
DA:243,62
DA:244,62
DA:245,0
DA:249,62
DA:250,0
DA:253,62
DA:255,19
DA:264,19
DA:266,38
DA:274,38
DA:276,1
DA:285,1
DA:287,1
DA:296,1
DA:298,3
DA:307,3
DA:309,0
DA:317,0
DA:325,19
DA:326,0
DA:327,19
DA:328,19
DA:329,19
DA:330,0
DA:331,19
DA:332,0
DA:349,0
DA:352,0
DA:354,0
DA:356,0
DA:357,0
DA:364,0
DA:365,0
DA:369,0
DA:370,0
DA:371,0
DA:373,0
DA:374,0
DA:375,0
DA:376,0
DA:377,0
DA:379,0
DA:380,0
DA:381,0
DA:382,0
DA:383,0
DA:384,0
DA:388,0
DA:389,0
DA:392,0
DA:394,0
DA:403,0
DA:405,0
DA:413,0
DA:415,0
DA:424,0
DA:426,0
DA:435,0
DA:437,0
DA:446,0
DA:448,0
DA:457,0
DA:460,0
DA:469,0
DA:470,0
DA:471,0
DA:487,29
DA:488,29
DA:489,29
DA:490,29
DA:491,29
DA:496,27
DA:497,29
DA:498,29
DA:499,29
DA:506,7
DA:512,29
DA:513,29
DA:517,29
DA:531,29
DA:535,1231
DA:547,0
DA:556,52
DA:565,45
DA:566,45
DA:567,45
DA:568,0
DA:576,24
DA:591,10
DA:592,10
DA:608,6
DA:609,6
DA:625,3
DA:626,3
DA:627,3
DA:628,3
DA:633,0
DA:634,0
DA:635,0
DA:636,0
DA:637,0
DA:638,0
DA:640,3
DA:641,0
DA:642,0
DA:643,0
DA:644,0
DA:645,3
DA:646,3
DA:647,3
DA:648,3
DA:649,3
DA:650,3
DA:674,2
DA:676,2
DA:677,2
DA:678,1
DA:679,1
DA:685,0
DA:686,0
DA:687,0
DA:688,0
DA:689,0
DA:690,0
DA:692,2
DA:693,0
DA:694,0
DA:695,0
DA:696,0
DA:697,2
DA:699,2
DA:700,2
DA:701,2
DA:702,2
DA:703,2
DA:736,5
DA:737,5
DA:753,0
DA:767,63
DA:768,0
DA:770,63
DA:771,0
DA:773,63
DA:774,63
DA:775,63
DA:776,63
DA:777,63
DA:778,0
DA:779,0
DA:781,63
DA:782,63
DA:784,63
DA:786,63
DA:787,0
DA:788,0
DA:791,63
DA:792,63
DA:793,0
DA:794,0
DA:796,63
DA:797,63
DA:798,0
DA:799,0
DA:801,63
DA:802,63
DA:806,0
DA:807,0
DA:809,63
DA:813,0
DA:814,0
DA:817,63
DA:818,63
DA:821,63
DA:822,0
DA:825,63
DA:826,63
DA:827,0
DA:828,0
DA:830,63
DA:831,0
DA:832,63
DA:852,3
DA:854,3
DA:855,0
DA:856,0
DA:858,3
DA:860,3
DA:861,0
DA:862,0
DA:865,3
DA:866,0
DA:867,0
DA:870,3
DA:871,0
DA:872,3
DA:873,0
DA:883,3
DA:884,0
DA:885,0
DA:889,3
DA:892,3
DA:893,3
DA:894,3
DA:895,5
DA:896,5
DA:898,5
DA:899,5
DA:900,5
DA:901,5
DA:905,3
DA:906,3
DA:907,2
DA:908,2
DA:913,2
DA:914,2
DA:915,2
DA:916,2
DA:918,3
DA:921,3
DA:926,3
DA:928,3
DA:929,0
DA:932,3
DA:933,3
DA:934,0
DA:936,3
DA:938,3
DA:939,0
DA:943,3
DA:944,3
DA:945,3
DA:946,3
DA:947,3
DA:948,3
DA:949,3
DA:950,3
DA:951,3
DA:952,3
DA:953,3
DA:954,3
DA:955,3
DA:956,3
DA:957,3
DA:958,3
DA:959,3
DA:960,0
DA:963,3
DA:972,3
DA:978,3
DA:982,6
DA:985,3
DA:986,3
DA:987,3
DA:988,3
DA:989,3
DA:990,3
DA:991,3
DA:992,3
DA:994,0
DA:996,3
DA:997,0
DA:999,3
DA:1001,3
DA:1002,3
DA:1003,3
DA:1004,3
DA:1005,3
DA:1006,3
DA:1007,3
DA:1008,3
DA:1009,0
DA:1026,1
DA:1028,1
DA:1029,0
DA:1030,0
DA:1032,1
DA:1034,1
DA:1035,0
DA:1036,0
DA:1039,1
DA:1040,0
DA:1041,0
DA:1044,1
DA:1045,1
DA:1046,1
DA:1047,1
DA:1051,1
DA:1052,1
DA:1053,0
DA:1057,0
DA:1060,1
DA:1061,1
DA:1062,0
DA:1064,1
DA:1066,1
DA:1067,0
DA:1070,1
DA:1072,1
DA:1074,1
DA:1084,1
DA:1085,1
DA:1086,0
DA:1089,0
DA:1090,0
DA:1094,0
DA:1097,1
DA:1098,1
DA:1099,4
DA:1100,1029
DA:1103,1
DA:1104,11
DA:1107,1
DA:1109,1
DA:1137,1
DA:1143,1
DA:1145,1
DA:1146,0
DA:1148,1
DA:1149,1
DA:1150,1
DA:1151,4
DA:1153,1
DA:1154,1029
DA:1156,1
DA:1159,1
DA:1160,1
DA:1161,1
DA:1162,1
DA:1163,11
DA:1166,1
DA:1167,0
DA:1168,0
DA:1171,1
DA:1172,1
DA:1173,1
DA:1174,1
DA:1175,1
DA:1176,1
DA:1178,1
DA:1182,1
DA:1185,1
DA:1186,1
DA:1187,1
DA:1188,0
DA:1189,0
DA:1194,0
DA:1195,0
DA:1197,1
DA:1199,1
DA:1200,1
DA:1204,1
DA:1205,1
DA:1206,1
DA:1207,1
DA:1208,0
DA:1211,1
DA:1212,1
DA:1213,1
DA:1214,1
DA:1215,1
DA:1216,1
DA:1217,1
DA:1218,1
DA:1219,1
DA:1220,1
DA:1221,1
DA:1224,1
DA:1228,2
DA:1231,1
DA:1232,1
DA:1233,1
DA:1234,1
DA:1235,1
DA:1236,1
DA:1237,1
DA:1238,1
DA:1240,0
DA:1242,1
DA:1243,0
DA:1245,1
DA:1246,1
DA:1247,1
DA:1248,0
DA:1308,15
DA:1309,0
DA:1313,15
DA:1314,14
DA:1315,14
DA:1316,14
DA:1324,14
DA:1325,0
DA:1326,0
DA:1327,0
DA:1336,14
DA:1337,0
DA:1338,0
DA:1340,14
DA:1341,14
DA:1342,14
DA:1343,14
DA:1347,1
DA:1348,1
DA:1349,1
DA:1350,1
DA:1360,1
DA:1361,1
DA:1362,1
DA:1363,1
DA:1364,0
DA:1365,1
DA:1369,0
DA:1429,50
DA:1430,0
DA:1431,0
DA:1433,50
DA:1434,50
DA:1437,0
DA:1438,0
DA:1439,0
DA:1440,0
DA:1443,0
DA:1444,0
DA:1445,0
DA:1447,0
DA:1448,0
DA:1449,0
DA:1451,0
DA:1468,45
DA:1470,45
DA:1471,45
DA:1472,45
DA:1473,45
DA:1475,0
DA:1476,0
DA:1501,11
DA:1503,11
DA:1507,11
DA:1508,11
DA:1509,11
DA:1510,0
DA:1511,11
DA:1512,0
DA:1513,11
DA:1514,11
DA:1515,0
DA:1516,11
DA:1518,11
DA:1519,11
DA:1520,11
DA:1521,11
DA:1524,11
DA:1527,11
DA:1528,11
DA:1529,0
DA:1530,0
DA:1532,11
DA:1534,11
DA:1545,11
DA:1561,11
DA:1563,11
DA:1569,11
DA:1570,11
DA:1571,11
DA:1572,11
DA:1574,11
DA:1575,11
DA:1576,11
DA:1577,11
DA:1579,11
DA:1582,22
DA:1583,22
DA:1586,11
DA:1587,11
DA:1588,11
DA:1589,11
DA:1590,11
DA:1591,11
DA:1592,11
DA:1593,11
DA:1594,11
DA:1595,11
DA:1596,11
DA:1597,11
DA:1598,11
DA:1599,11
DA:1600,0
DA:1654,1
DA:1655,1
DA:1656,0
DA:1657,0
DA:1659,1
DA:1660,1
DA:1661,0
DA:1662,0
DA:1665,1
DA:1666,0
DA:1667,1
DA:1668,0
DA:1670,1
DA:1671,1
DA:1672,0
DA:1673,0
DA:1677,1
DA:1678,1
DA:1679,0
DA:1681,1
DA:1682,1
DA:1683,1
DA:1684,1
DA:1685,1
DA:1686,1
DA:1687,1
DA:1688,1
DA:1689,0
DA:1690,1
DA:1693,2
DA:1705,1
DA:1706,1
DA:1707,1
DA:1708,1
DA:1709,1
DA:1710,1
DA:1711,1
DA:1712,1
DA:1713,1
DA:1714,1
DA:1715,0
DA:1732,1
DA:1733,1
DA:1734,0
DA:1736,1
DA:1738,1
DA:1739,0
DA:1742,1
DA:1743,0
DA:1745,1
DA:1746,0
DA:1748,1
DA:1749,1
DA:1750,0
DA:1753,1
DA:1754,1
DA:1755,0
DA:1757,1
DA:1758,1
DA:1759,1
DA:1760,1
DA:1761,1
DA:1769,1
DA:1770,1
DA:1771,1
DA:1772,1
DA:1773,1
DA:1774,1
DA:1775,1
DA:1778,2
DA:1781,1
DA:1782,1
DA:1783,1
DA:1784,1
DA:1785,1
DA:1786,1
DA:1787,1
DA:1788,1
DA:1789,1
DA:1790,0
DA:1809,1
DA:1810,1
DA:1811,1
DA:1813,1
DA:1814,1
DA:1815,1
DA:1816,1
DA:1817,1
DA:1818,1
DA:1819,1
DA:1821,1
DA:1824,2
DA:1827,1
DA:1828,1
DA:1829,1
DA:1830,1
DA:1831,1
DA:1832,1
LF:671
LH:483
BRDA:127,0,0,30
BRDA:127,0,1,0
BRDA:128,1,0,30
BRDA:128,1,1,30
BRDA:129,2,0,30
BRDA:129,2,1,30
BRDA:130,3,0,30
BRDA:130,3,1,20
BRDA:131,4,0,30
BRDA:131,4,1,30
BRDA:133,5,0,0
BRDA:133,5,1,30
BRDA:139,6,0,10
BRDA:152,7,0,10
BRDA:153,8,0,19
BRDA:155,9,0,0
BRDA:159,10,0,0
BRDA:166,11,0,0
BRDA:196,12,0,0
BRDA:208,13,0,0
BRDA:209,14,0,19
BRDA:209,14,1,19
BRDA:209,14,2,0
BRDA:215,15,0,19
BRDA:215,15,1,0
BRDA:219,16,0,10
BRDA:219,16,1,9
BRDA:225,17,0,19
BRDA:225,17,1,0
BRDA:226,18,0,0
BRDA:227,19,0,0
BRDA:229,20,0,0
BRDA:231,21,0,0
BRDA:235,22,0,0
BRDA:237,23,0,0
BRDA:243,24,0,62
BRDA:243,24,1,44
BRDA:244,25,0,0
BRDA:249,26,0,0
BRDA:249,27,0,62
BRDA:249,27,1,62
BRDA:253,28,0,19
BRDA:253,28,1,38
BRDA:253,28,2,1
BRDA:253,28,3,1
BRDA:253,28,4,3
BRDA:253,28,5,0
BRDA:325,29,0,0
BRDA:327,30,0,19
BRDA:329,31,0,0
BRDA:331,32,0,0
BRDA:354,33,0,0
BRDA:354,33,1,0
BRDA:374,34,0,0
BRDA:376,35,0,0
BRDA:382,36,0,0
BRDA:382,36,1,0
BRDA:383,37,0,0
BRDA:388,38,0,0
BRDA:388,39,0,0
BRDA:388,39,1,0
BRDA:392,40,0,0
BRDA:392,40,1,0
BRDA:392,40,2,0
BRDA:392,40,3,0
BRDA:392,40,4,0
BRDA:392,40,5,0
BRDA:482,41,0,9
BRDA:487,42,0,29
BRDA:487,42,1,12
BRDA:488,43,0,29
BRDA:488,43,1,9
BRDA:491,44,0,27
BRDA:492,45,0,29
BRDA:492,45,1,29
BRDA:492,45,2,27
BRDA:499,46,0,7
BRDA:500,47,0,29
BRDA:500,47,1,7
BRDA:500,47,2,7
BRDA:500,47,3,7
BRDA:500,47,4,7
BRDA:507,48,0,5
BRDA:507,48,1,2
BRDA:513,49,0,17
BRDA:513,49,1,12
BRDA:519,50,0,29
BRDA:519,50,1,2
BRDA:531,51,0,5
BRDA:531,51,1,24
BRDA:535,52,0,25
BRDA:535,52,1,1206
BRDA:565,53,0,45
BRDA:565,53,1,0
BRDA:580,54,0,24
BRDA:580,54,1,24
BRDA:581,55,0,24
BRDA:581,55,1,17
BRDA:597,56,0,10
BRDA:597,56,1,9
BRDA:614,57,0,6
BRDA:614,57,1,6
BRDA:626,58,0,3
BRDA:626,58,1,0
BRDA:626,59,0,3
BRDA:626,59,1,3
BRDA:633,60,0,0
BRDA:633,60,1,0
BRDA:636,61,0,0
BRDA:640,62,0,0
BRDA:640,62,1,3
BRDA:643,63,0,0
BRDA:643,63,1,0
BRDA:676,64,0,2
BRDA:676,64,1,0
BRDA:676,65,0,2
BRDA:676,65,1,2
BRDA:677,66,0,1
BRDA:685,67,0,0
BRDA:685,67,1,0
BRDA:688,68,0,0
BRDA:692,69,0,0
BRDA:692,69,1,2
BRDA:695,70,0,0
BRDA:695,70,1,0
BRDA:707,71,0,2
BRDA:707,71,1,1
BRDA:741,72,0,5
BRDA:741,72,1,0
BRDA:742,73,0,5
BRDA:742,73,1,0
BRDA:755,74,0,0
BRDA:755,74,1,0
BRDA:756,75,0,0
BRDA:756,75,1,0
BRDA:765,76,0,22
BRDA:767,77,0,0
BRDA:770,78,0,0
BRDA:777,79,0,0
BRDA:786,80,0,0
BRDA:792,81,0,0
BRDA:797,82,0,0
BRDA:802,83,0,0
BRDA:809,84,0,0
BRDA:821,85,0,0
BRDA:826,86,0,0
BRDA:830,87,0,0
BRDA:854,88,0,0
BRDA:860,89,0,0
BRDA:865,90,0,0
BRDA:870,91,0,0
BRDA:872,92,0,0
BRDA:883,93,0,0
BRDA:928,94,0,0
BRDA:933,95,0,0
BRDA:938,96,0,0
BRDA:951,97,0,0
BRDA:953,98,0,3
BRDA:953,98,1,1
BRDA:959,99,0,0
BRDA:996,100,0,0
BRDA:1003,101,0,3
BRDA:1003,101,1,0
BRDA:1028,102,0,0
BRDA:1034,103,0,0
BRDA:1039,104,0,0
BRDA:1061,105,0,0
BRDA:1066,106,0,0
BRDA:1085,107,0,0
BRDA:1086,108,0,0
BRDA:1145,109,0,0
BRDA:1166,110,0,0
BRDA:1207,111,0,0
BRDA:1219,112,0,0
BRDA:1221,113,0,1
BRDA:1221,113,1,1
BRDA:1242,114,0,0
BRDA:1246,115,0,1
BRDA:1246,115,1,0
BRDA:1308,116,0,0
BRDA:1308,117,0,15
BRDA:1308,117,1,1
BRDA:1313,118,0,14
BRDA:1313,118,1,1
BRDA:1324,119,0,0
BRDA:1336,120,0,0
BRDA:1342,121,0,0
BRDA:1347,122,0,1
BRDA:1347,122,1,0
BRDA:1360,123,0,0
BRDA:1363,124,0,0
BRDA:1426,125,0,0
BRDA:1427,126,0,0
BRDA:1429,127,0,0
BRDA:1438,128,0,0
BRDA:1444,129,0,0
BRDA:1489,130,0,11
BRDA:1503,131,0,11
BRDA:1503,131,1,0
BRDA:1507,132,0,11
BRDA:1507,132,1,10
BRDA:1508,133,0,11
BRDA:1508,133,1,0
BRDA:1509,134,0,0
BRDA:1511,135,0,0
BRDA:1514,136,0,0
BRDA:1519,137,0,11
BRDA:1519,137,1,8
BRDA:1524,138,0,0
BRDA:1524,138,1,11
BRDA:1528,139,0,0
BRDA:1561,140,0,11
BRDA:1561,140,1,11
BRDA:1576,141,0,11
BRDA:1576,141,1,8
BRDA:1582,142,0,22
BRDA:1591,143,0,11
BRDA:1591,143,1,0
BRDA:1655,144,0,0
BRDA:1660,145,0,0
BRDA:1665,146,0,0
BRDA:1667,147,0,0
BRDA:1671,148,0,0
BRDA:1678,149,0,0
BRDA:1687,150,0,1
BRDA:1687,150,1,0
BRDA:1688,151,0,0
BRDA:1710,152,0,1
BRDA:1710,152,1,0
BRDA:1733,153,0,0
BRDA:1738,154,0,0
BRDA:1742,155,0,0
BRDA:1745,156,0,0
BRDA:1749,157,0,0
BRDA:1754,158,0,0
BRDA:1774,159,0,1
BRDA:1774,159,1,0
BRDA:1786,160,0,1
BRDA:1786,160,1,0
BRF:239
BRH:106
end_of_record
TN:
SF:src/minanftbadge.ts
FN:60,(anonymous_0)
FN:84,(anonymous_1)
FN:108,(anonymous_2)
FN:134,(anonymous_3)
FN:155,(anonymous_4)
FN:279,(anonymous_5)
FN:301,(anonymous_6)
FNF:7
FNH:6
FNDA:7,(anonymous_0)
FNDA:0,(anonymous_1)
FNDA:7,(anonymous_2)
FNDA:14,(anonymous_3)
FNDA:2,(anonymous_4)
FNDA:4,(anonymous_5)
FNDA:16,(anonymous_6)
DA:1,4
DA:2,4
DA:12,4
DA:13,4
DA:14,4
DA:19,4
DA:23,4
DA:24,4
DA:25,4
DA:26,4
DA:61,7
DA:62,0
DA:63,7
DA:64,7
DA:65,0
DA:66,7
DA:67,7
DA:68,0
DA:71,7
DA:72,7
DA:73,0
DA:76,7
DA:77,7
DA:78,7
DA:79,7
DA:80,0
DA:81,7
DA:87,0
DA:88,0
DA:89,0
DA:90,0
DA:91,0
DA:92,0
DA:93,0
DA:94,0
DA:96,0
DA:97,0
DA:113,7
DA:114,7
DA:115,7
DA:116,7
DA:117,7
DA:120,7
DA:121,7
DA:123,7
DA:124,7
DA:126,7
DA:127,7
DA:135,14
DA:136,14
DA:137,14
DA:138,14
DA:139,14
DA:140,14
DA:141,14
DA:142,14
DA:143,14
DA:146,7
DA:147,7
DA:148,7
DA:149,7
DA:150,7
DA:151,7
DA:152,0
DA:161,2
DA:162,0
DA:164,2
DA:165,0
DA:167,2
DA:168,2
DA:169,2
DA:170,2
DA:172,2
DA:175,2
DA:176,2
DA:177,2
DA:178,2
DA:189,2
DA:190,2
DA:191,2
DA:195,2
DA:213,2
DA:214,2
DA:215,2
DA:216,2
DA:218,2
DA:230,2
DA:234,0
DA:236,2
DA:240,0
DA:242,2
DA:243,2
DA:247,2
DA:252,2
DA:253,2
DA:255,2
DA:256,2
DA:258,2
DA:259,2
DA:260,2
DA:261,2
DA:262,2
DA:264,2
DA:266,2
DA:267,2
DA:268,2
DA:269,2
DA:270,2
DA:272,2
DA:280,4
DA:281,4
DA:291,2
DA:292,2
DA:293,2
DA:294,2
DA:295,2
DA:296,2
DA:297,2
DA:298,0
DA:302,16
DA:303,0
DA:305,16
DA:306,0
DA:308,16
DA:309,16
DA:310,16
DA:311,16
DA:312,16
DA:313,16
DA:314,16
DA:315,16
DA:316,16
DA:317,8
DA:318,8
DA:319,8
LF:135
LH:112
BRDA:61,0,0,0
BRDA:64,1,0,0
BRDA:67,2,0,0
BRDA:72,3,0,0
BRDA:79,4,0,0
BRDA:89,5,0,0
BRDA:110,6,0,2
BRDA:114,7,0,7
BRDA:114,7,1,2
BRDA:123,8,0,7
BRDA:123,8,1,5
BRDA:135,9,0,14
BRDA:149,10,0,7
BRDA:149,10,1,0
BRDA:161,11,0,0
BRDA:164,12,0,0
BRDA:167,13,0,0
BRDA:190,14,0,0
BRDA:230,15,0,0
BRDA:236,16,0,0
BRDA:264,17,0,2
BRDA:264,17,1,0
BRDA:267,18,0,0
BRDA:280,19,0,4
BRDA:296,20,0,2
BRDA:296,20,1,0
BRDA:302,21,0,0
BRDA:305,22,0,0
BRDA:308,23,0,0
BRDA:316,24,0,8
BRF:30
BRH:11
end_of_record
TN:
SF:src/minanftnames.ts
FN:27,(anonymous_0)
FN:32,(anonymous_1)
FN:63,(anonymous_2)
FN:81,(anonymous_3)
FN:116,(anonymous_4)
FN:131,(anonymous_5)
FNF:6
FNH:6
FNDA:14,(anonymous_0)
FNDA:13,(anonymous_1)
FNDA:26,(anonymous_2)
FNDA:1,(anonymous_3)
FNDA:2,(anonymous_4)
FNDA:11,(anonymous_5)
DA:1,27
DA:2,27
DA:12,27
DA:13,27
DA:14,27
DA:28,14
DA:29,14
DA:37,13
DA:39,13
DA:40,0
DA:41,13
DA:42,13
DA:43,13
DA:44,13
DA:45,13
DA:49,13
DA:50,13
DA:51,13
DA:53,13
DA:54,13
DA:56,13
DA:64,26
DA:65,26
DA:66,26
DA:67,26
DA:68,26
DA:71,13
DA:72,13
DA:73,13
DA:74,13
DA:75,13
DA:76,13
DA:77,13
DA:78,0
DA:86,1
DA:88,1
DA:89,1
DA:90,1
DA:91,1
DA:92,0
DA:93,1
DA:94,1
DA:95,0
DA:96,1
DA:97,1
DA:101,1
DA:102,1
DA:103,1
DA:105,1
DA:106,1
DA:107,1
DA:109,1
DA:117,2
DA:118,2
DA:121,1
DA:122,1
DA:123,1
DA:124,1
DA:125,1
DA:126,1
DA:127,1
DA:128,0
DA:135,11
DA:136,11
DA:137,0
DA:138,11
DA:139,0
DA:140,11
DA:141,0
DA:144,11
DA:150,11
LF:71
LH:63
BRDA:34,0,0,11
BRDA:39,1,0,0
BRDA:42,2,0,13
BRDA:42,2,1,11
BRDA:53,3,0,13
BRDA:53,3,1,10
BRDA:64,4,0,26
BRDA:74,5,0,13
BRDA:74,5,1,0
BRDA:88,6,0,0
BRDA:91,7,0,0
BRDA:94,8,0,0
BRDA:105,9,0,1
BRDA:105,9,1,1
BRDA:107,10,0,0
BRDA:124,11,0,1
BRDA:124,11,1,0
BRDA:135,12,0,0
BRDA:136,13,0,0
BRDA:138,14,0,0
BRDA:140,15,0,0
BRF:21
BRH:10
end_of_record
TN:
SF:src/networks.ts
FNF:0
FNH:0
DA:4,29
DA:5,29
DA:6,29
DA:7,29
DA:8,29
DA:9,29
DA:10,29
DA:11,29
DA:33,29
DA:39,29
DA:45,29
DA:60,29
DA:75,29
DA:84,29
DA:93,29
DA:101,29
LF:16
LH:16
BRF:0
BRH:0
end_of_record
TN:
SF:src/privatemetadata.ts
FN:12,(anonymous_0)
FN:23,(anonymous_1)
FNF:2
FNH:2
FNDA:191,(anonymous_0)
FNDA:190,(anonymous_1)
DA:1,27
DA:3,27
DA:18,191
DA:19,191
DA:20,191
DA:21,191
DA:24,190
DA:26,190
DA:27,88
DA:29,190
DA:30,190
LF:11
LH:11
BRDA:20,0,0,191
BRDA:20,0,1,0
BRDA:26,1,0,102
BRDA:26,1,1,88
BRDA:29,2,0,38
BRDA:29,2,1,152
BRF:6
BRH:5
end_of_record
TN:
SF:src/redactedminanft.ts
FN:20,(anonymous_0)
FN:29,(anonymous_1)
FN:39,(anonymous_2)
FN:53,(anonymous_3)
FN:125,(anonymous_4)
FN:133,(anonymous_5)
FN:145,(anonymous_6)
FN:146,(anonymous_7)
FN:149,(anonymous_8)
FN:158,(anonymous_9)
FN:184,(anonymous_10)
FNF:11
FNH:6
FNDA:3,(anonymous_0)
FNDA:4,(anonymous_1)
FNDA:3,(anonymous_2)
FNDA:4,(anonymous_3)
FNDA:0,(anonymous_4)
FNDA:0,(anonymous_5)
FNDA:0,(anonymous_6)
FNDA:0,(anonymous_7)
FNDA:0,(anonymous_8)
FNDA:2,(anonymous_9)
FNDA:4,(anonymous_10)
DA:1,7
DA:2,7
DA:3,7
DA:5,7
DA:6,7
DA:7,7
DA:13,7
DA:14,7
DA:15,7
DA:21,3
DA:22,3
DA:30,4
DA:31,4
DA:32,0
DA:43,3
DA:47,3
DA:49,3
DA:50,3
DA:51,3
DA:52,3
DA:53,3
DA:54,4
DA:55,4
DA:56,4
DA:57,4
DA:63,4
DA:64,4
DA:65,4
DA:68,3
DA:69,3
DA:70,4
DA:71,4
DA:76,4
DA:82,4
DA:83,4
DA:85,3
DA:86,3
DA:89,3
DA:90,3
DA:91,1
DA:92,1
DA:97,1
DA:98,1
DA:99,1
DA:100,1
DA:102,3
DA:104,3
DA:105,0
DA:108,3
DA:114,3
DA:115,0
DA:118,3
DA:126,0
DA:128,0
DA:129,0
DA:133,0
DA:134,0
DA:135,0
DA:136,0
DA:137,0
DA:143,0
DA:145,0
DA:147,0
DA:150,0
DA:155,0
DA:163,2
DA:164,2
DA:165,2
DA:166,2
DA:167,2
DA:170,2
DA:171,2
DA:173,2
DA:174,2
DA:176,2
DA:177,2
DA:185,4
DA:186,4
DA:187,4
DA:188,4
DA:191,2
DA:192,2
DA:193,2
DA:194,2
DA:195,2
DA:196,0
LF:86
LH:69
BRDA:31,0,0,4
BRDA:31,0,1,0
BRDA:41,1,0,3
BRDA:83,2,0,0
BRDA:100,3,0,0
BRDA:104,4,0,0
BRDA:114,5,0,0
BRDA:173,6,0,2
BRDA:173,6,1,2
BRDA:185,7,0,4
BRDA:194,8,0,2
BRDA:194,8,1,0
BRF:12
BRH:6
end_of_record
TN:
SF:src/redactedtree.ts
FN:36,(anonymous_0)
FN:47,(anonymous_1)
FN:52,(anonymous_2)
FN:69,(anonymous_3)
FN:134,(anonymous_4)
FN:160,(anonymous_5)
FNF:6
FNH:4
FNDA:1,(anonymous_0)
FNDA:14,(anonymous_1)
FNDA:1,(anonymous_2)
FNDA:1,(anonymous_3)
FNDA:0,(anonymous_4)
FNDA:0,(anonymous_5)
DA:1,27
DA:2,27
DA:12,27
DA:13,27
DA:17,27
DA:18,27
DA:24,1
DA:34,1
DA:37,1
DA:38,1
DA:39,1
DA:40,1
DA:48,14
DA:49,14
DA:53,1
DA:54,1
DA:55,1
DA:56,1
DA:59,1
DA:60,1
DA:61,1
DA:71,1
DA:72,1
DA:73,1
DA:74,1
DA:75,1
DA:76,1
DA:77,1
DA:78,14
DA:79,14
DA:82,14
DA:85,14
DA:91,14
DA:96,14
DA:102,14
DA:103,14
DA:105,1
DA:106,1
DA:108,1
DA:109,1
DA:110,1
DA:111,13
DA:112,13
DA:117,13
DA:122,13
DA:123,13
DA:125,1
DA:126,1
DA:127,1
DA:128,1
DA:129,0
DA:131,1
DA:139,0
DA:140,0
DA:141,0
DA:142,0
DA:143,0
DA:146,0
DA:147,0
DA:149,0
DA:150,0
DA:152,0
DA:153,0
DA:161,0
DA:162,0
DA:163,0
DA:164,0
DA:167,0
DA:168,0
DA:169,0
DA:170,0
DA:171,0
DA:172,0
LF:73
LH:51
BRDA:53,0,0,0
BRDA:69,1,0,1
BRDA:103,2,0,0
BRDA:123,3,0,0
BRDA:128,4,0,0
BRDA:149,5,0,0
BRDA:149,5,1,0
BRDA:161,6,0,0
BRDA:170,7,0,0
BRDA:170,7,1,0
BRF:10
BRH:1
end_of_record
TN:
SF:src/rollupnft.ts
FN:46,(anonymous_1)
FN:83,(anonymous_2)
FN:111,(anonymous_3)
FN:120,(anonymous_4)
FN:154,(anonymous_5)
FN:256,(anonymous_6)
FN:258,(anonymous_7)
FN:266,(anonymous_8)
FN:310,(anonymous_9)
FN:321,(anonymous_10)
FN:330,(anonymous_11)
FN:345,(anonymous_12)
FN:362,(anonymous_13)
FN:379,(anonymous_14)
FN:418,(anonymous_15)
FN:464,(anonymous_16)
FN:486,(anonymous_17)
FN:499,(anonymous_18)
FN:546,(anonymous_19)
FN:585,(anonymous_20)
FN:598,(anonymous_21)
FN:605,(anonymous_22)
FN:673,(anonymous_23)
FNF:23
FNH:19
FNDA:1,(anonymous_1)
FNDA:3,(anonymous_2)
FNDA:1,(anonymous_3)
FNDA:2,(anonymous_4)
FNDA:10,(anonymous_5)
FNDA:0,(anonymous_6)
FNDA:0,(anonymous_7)
FNDA:2,(anonymous_8)
FNDA:178,(anonymous_9)
FNDA:5,(anonymous_10)
FNDA:2,(anonymous_11)
FNDA:1,(anonymous_12)
FNDA:1,(anonymous_13)
FNDA:1,(anonymous_14)
FNDA:0,(anonymous_15)
FNDA:1,(anonymous_16)
FNDA:0,(anonymous_17)
FNDA:1,(anonymous_18)
FNDA:5,(anonymous_19)
FNDA:5,(anonymous_20)
FNDA:1,(anonymous_21)
FNDA:5,(anonymous_22)
FNDA:1,(anonymous_23)
DA:1,1
DA:2,1
DA:3,1
DA:4,1
DA:5,1
DA:6,1
DA:7,1
DA:14,1
DA:16,1
DA:17,1
DA:19,1
DA:20,1
DA:32,1
DA:33,1
DA:41,1
DA:51,1
DA:65,1
DA:68,3
DA:69,3
DA:92,3
DA:93,3
DA:94,3
DA:95,3
DA:96,1
DA:97,1
DA:98,2
DA:99,3
DA:100,3
DA:101,3
DA:102,3
DA:103,1
DA:112,1
DA:124,2
DA:133,2
DA:135,2
DA:136,1
DA:137,0
DA:138,1
DA:139,0
DA:141,1
DA:145,1
DA:147,2
DA:148,2
DA:152,2
DA:154,2
DA:155,10
DA:156,0
DA:157,10
DA:158,0
DA:160,10
DA:161,10
DA:162,10
DA:163,10
DA:164,10
DA:165,0
DA:169,10
DA:170,0
DA:173,10
DA:175,2
DA:184,2
DA:186,4
DA:194,4
DA:196,0
DA:205,0
DA:207,2
DA:216,2
DA:218,2
DA:227,2
DA:229,0
DA:237,0
DA:241,2
DA:242,2
DA:243,2
DA:244,0
DA:245,2
DA:246,0
DA:247,2
DA:257,0
DA:258,0
DA:259,0
DA:267,2
DA:268,2
DA:269,2
DA:270,2
DA:275,2
DA:276,2
DA:277,2
DA:278,2
DA:285,2
DA:291,2
DA:293,2
DA:307,2
DA:311,178
DA:322,5
DA:323,5
DA:331,2
DA:346,1
DA:347,1
DA:363,1
DA:364,1
DA:380,1
DA:381,1
DA:382,1
DA:383,1
DA:388,0
DA:389,0
DA:390,0
DA:391,0
DA:392,0
DA:393,0
DA:395,1
DA:396,0
DA:397,0
DA:398,0
DA:399,0
DA:400,1
DA:401,1
DA:402,1
DA:403,1
DA:404,1
DA:406,1
DA:419,0
DA:421,0
DA:422,0
DA:423,0
DA:424,0
DA:430,0
DA:431,0
DA:432,0
DA:433,0
DA:434,0
DA:435,0
DA:437,0
DA:438,0
DA:439,0
DA:440,0
DA:441,0
DA:442,0
DA:444,0
DA:445,0
DA:446,0
DA:447,0
DA:448,0
DA:470,1
DA:471,1
DA:487,0
DA:502,1
DA:504,1
DA:505,1
DA:506,1
DA:507,1
DA:508,5
DA:509,5
DA:512,1
DA:513,1
DA:514,1
DA:515,4
DA:519,4
DA:522,1
DA:528,0
DA:530,1
DA:532,1
DA:533,1
DA:534,0
DA:536,1
DA:538,1
DA:540,1
DA:546,1
DA:547,5
DA:552,1
DA:556,1
DA:558,1
DA:563,0
DA:564,0
DA:565,0
DA:567,0
DA:568,0
DA:570,0
DA:575,0
DA:578,0
DA:586,5
DA:587,5
DA:603,1
DA:605,1
DA:606,5
DA:607,5
DA:608,5
DA:609,5
DA:612,1
DA:616,1
DA:617,0
DA:620,1
DA:621,1
DA:622,1
DA:623,1
DA:624,1
DA:625,1
DA:626,5
DA:627,5
DA:628,5
DA:630,5
DA:634,5
DA:637,1
DA:638,1
DA:639,1
DA:640,1
DA:641,4
DA:642,4
DA:643,4
DA:648,4
DA:649,4
DA:652,1
DA:653,1
DA:657,1
DA:658,1
DA:659,1
DA:660,1
DA:661,0
DA:664,1
DA:677,1
DA:678,0
DA:682,1
DA:683,1
DA:684,1
DA:685,1
DA:698,1
DA:699,0
DA:700,0
DA:701,0
DA:713,1
DA:714,0
DA:715,0
DA:717,1
DA:718,1
DA:719,1
DA:720,1
DA:724,0
DA:725,0
DA:726,0
DA:727,0
DA:736,0
DA:737,0
DA:738,0
DA:739,0
DA:740,0
DA:741,0
DA:745,0
LF:247
LH:170
BRDA:84,0,0,0
BRDA:95,1,0,1
BRDA:95,1,1,2
BRDA:102,2,0,1
BRDA:104,3,0,0
BRDA:104,3,1,1
BRDA:121,4,0,2
BRDA:122,5,0,2
BRDA:124,6,0,0
BRDA:124,6,1,2
BRDA:126,7,0,2
BRDA:126,7,1,0
BRDA:133,8,0,0
BRDA:135,9,0,1
BRDA:135,9,1,1
BRDA:136,10,0,0
BRDA:138,11,0,0
BRDA:149,12,0,2
BRDA:149,12,1,0
BRDA:149,13,0,2
BRDA:149,13,1,2
BRDA:155,14,0,0
BRDA:157,15,0,0
BRDA:163,16,0,10
BRDA:163,16,1,10
BRDA:164,17,0,0
BRDA:169,18,0,0
BRDA:169,19,0,10
BRDA:169,19,1,10
BRDA:173,20,0,2
BRDA:173,20,1,4
BRDA:173,20,2,0
BRDA:173,20,3,2
BRDA:173,20,4,2
BRDA:173,20,5,0
BRDA:241,21,0,2
BRDA:243,22,0,0
BRDA:245,23,0,0
BRDA:266,24,0,1
BRDA:267,25,0,2
BRDA:267,25,1,1
BRDA:270,26,0,2
BRDA:271,27,0,2
BRDA:271,27,1,2
BRDA:271,27,2,2
BRDA:278,28,0,2
BRDA:279,29,0,2
BRDA:279,29,1,2
BRDA:279,29,2,2
BRDA:279,29,3,2
BRDA:279,29,4,2
BRDA:286,30,0,2
BRDA:286,30,1,0
BRDA:298,31,0,2
BRDA:298,31,1,0
BRDA:299,32,0,0
BRDA:299,32,1,2
BRDA:307,33,0,0
BRDA:307,33,1,2
BRDA:311,34,0,0
BRDA:311,34,1,178
BRDA:335,35,0,2
BRDA:335,35,1,2
BRDA:336,36,0,2
BRDA:336,36,1,2
BRDA:352,37,0,1
BRDA:352,37,1,1
BRDA:369,38,0,1
BRDA:369,38,1,1
BRDA:381,39,0,1
BRDA:381,39,1,0
BRDA:381,40,0,1
BRDA:381,40,1,1
BRDA:388,41,0,0
BRDA:388,41,1,0
BRDA:391,42,0,0
BRDA:395,43,0,0
BRDA:395,43,1,1
BRDA:398,44,0,0
BRDA:398,44,1,0
BRDA:421,45,0,0
BRDA:421,45,1,0
BRDA:421,46,0,0
BRDA:421,46,1,0
BRDA:422,47,0,0
BRDA:430,48,0,0
BRDA:430,48,1,0
BRDA:433,49,0,0
BRDA:437,50,0,0
BRDA:437,50,1,0
BRDA:440,51,0,0
BRDA:440,51,1,0
BRDA:452,52,0,0
BRDA:452,52,1,0
BRDA:475,53,0,1
BRDA:475,53,1,0
BRDA:476,54,0,1
BRDA:476,54,1,0
BRDA:489,55,0,0
BRDA:489,55,1,0
BRDA:490,56,0,0
BRDA:490,56,1,0
BRDA:504,57,0,1
BRDA:504,57,1,0
BRDA:522,58,0,0
BRDA:523,59,0,1
BRDA:523,59,1,0
BRDA:523,59,2,0
BRDA:533,60,0,0
BRDA:538,61,0,0
BRDA:564,62,0,0
BRDA:568,63,0,0
BRDA:586,64,0,0
BRDA:600,65,0,0
BRDA:616,66,0,0
BRDA:626,67,0,5
BRDA:641,68,0,4
BRDA:660,69,0,0
BRDA:677,70,0,0
BRDA:677,71,0,1
BRDA:677,71,1,0
BRDA:682,72,0,1
BRDA:682,72,1,0
BRDA:689,73,0,1
BRDA:689,73,1,0
BRDA:698,74,0,0
BRDA:713,75,0,0
BRDA:719,76,0,0
BRDA:724,77,0,0
BRDA:724,77,1,0
BRDA:736,78,0,0
BRDA:739,79,0,0
BRF:132
BRH:61
end_of_record
TN:
SF:src/api/api.ts
FN:21,(anonymous_1)
FN:30,(anonymous_2)
FN:57,(anonymous_3)
FN:92,(anonymous_4)
FN:124,(anonymous_5)
FN:158,(anonymous_6)
FN:198,(anonymous_7)
FN:234,(anonymous_8)
FN:260,(anonymous_9)
FN:291,(anonymous_10)
FN:373,(anonymous_12)
FNF:11
FNH:2
FNDA:2,(anonymous_1)
FNDA:2,(anonymous_2)
FNDA:0,(anonymous_3)
FNDA:0,(anonymous_4)
FNDA:0,(anonymous_5)
FNDA:0,(anonymous_6)
FNDA:0,(anonymous_7)
FNDA:0,(anonymous_8)
FNDA:0,(anonymous_9)
FNDA:0,(anonymous_10)
FNDA:0,(anonymous_12)
DA:1,6
DA:2,6
DA:4,6
DA:6,6
DA:13,6
DA:22,2
DA:23,2
DA:36,2
DA:43,2
DA:65,0
DA:73,0
DA:74,0
DA:75,0
DA:98,0
DA:105,0
DA:106,0
DA:134,0
DA:145,0
DA:168,0
DA:182,0
DA:209,0
DA:210,0
DA:211,0
DA:216,0
DA:240,0
DA:241,0
DA:242,0
DA:248,0
DA:266,0
DA:267,0
DA:268,0
DA:274,0
DA:302,0
DA:303,0
DA:304,0
DA:305,0
DA:306,0
DA:307,0
DA:308,0
DA:309,0
DA:310,0
DA:311,0
DA:312,0
DA:313,0
DA:319,0
DA:321,0
DA:322,0
DA:327,0
DA:328,0
DA:334,0
DA:336,0
DA:338,0
DA:356,2
DA:363,2
DA:364,2
DA:365,2
DA:367,0
DA:368,0
DA:374,0
DA:375,0
DA:376,0
DA:377,0
DA:378,0
LF:63
LH:13
BRDA:46,0,0,1
BRDA:46,0,1,1
BRDA:47,1,0,1
BRDA:47,1,1,1
BRDA:73,2,0,0
BRDA:73,2,1,0
BRDA:74,3,0,0
BRDA:74,3,1,0
BRDA:79,4,0,0
BRDA:79,4,1,0
BRDA:81,5,0,0
BRDA:81,5,1,0
BRDA:105,6,0,0
BRDA:105,6,1,0
BRDA:109,7,0,0
BRDA:109,7,1,0
BRDA:110,8,0,0
BRDA:110,8,1,0
BRDA:142,9,0,0
BRDA:142,9,1,0
BRDA:210,10,0,0
BRDA:210,10,1,0
BRDA:241,11,0,0
BRDA:241,11,1,0
BRDA:267,12,0,0
BRDA:267,12,1,0
BRDA:302,13,0,0
BRDA:302,13,1,0
BRDA:303,14,0,0
BRDA:303,14,1,0
BRDA:304,15,0,0
BRDA:304,15,1,0
BRDA:310,16,0,0
BRDA:310,16,1,0
BRDA:312,17,0,0
BRDA:321,18,0,0
BRDA:321,18,1,0
BRDA:327,19,0,0
BRDA:374,20,0,0
BRDA:375,21,0,0
BRDA:376,22,0,0
BRDA:376,23,0,0
BRDA:376,23,1,0
BRF:43
BRH:4
end_of_record
TN:
SF:src/contract/escrow.ts
FN:23,(anonymous_0)
FN:49,(anonymous_1)
FNF:2
FNH:2
FNDA:2,(anonymous_0)
FNDA:1,(anonymous_1)
DA:1,27
DA:2,27
DA:32,2
DA:55,1
LF:4
LH:4
BRF:0
BRH:0
end_of_record
TN:
SF:src/contract/metadata.ts
FN:27,(anonymous_0)
FN:47,(anonymous_1)
FN:63,(anonymous_2)
FN:67,(anonymous_3)
FN:71,(anonymous_4)
FN:77,(anonymous_5)
FN:82,(anonymous_6)
FN:88,(anonymous_7)
FN:95,(anonymous_8)
FN:100,(anonymous_9)
FN:131,(anonymous_10)
FNF:11
FNH:5
FNDA:664,(anonymous_0)
FNDA:0,(anonymous_1)
FNDA:18,(anonymous_2)
FNDA:0,(anonymous_3)
FNDA:0,(anonymous_4)
FNDA:0,(anonymous_5)
FNDA:2,(anonymous_6)
FNDA:12,(anonymous_7)
FNDA:0,(anonymous_8)
FNDA:0,(anonymous_9)
FNDA:4,(anonymous_10)
DA:1,27
DA:2,27
DA:28,664
DA:29,664
DA:48,0
DA:49,0
DA:64,18
DA:68,0
DA:72,0
DA:78,0
DA:79,0
DA:83,2
DA:84,2
DA:85,2
DA:89,12
DA:90,12
DA:91,12
DA:92,0
DA:96,0
DA:97,0
DA:101,0
DA:105,0
DA:106,0
DA:107,0
DA:108,0
DA:140,4
LF:26
LH:12
BRDA:84,0,0,0
BRDA:90,1,0,12
BRDA:90,1,1,0
BRDA:96,2,0,0
BRDA:96,2,1,0
BRDA:101,3,0,0
BRDA:102,4,0,0
BRDA:102,4,1,0
BRDA:107,5,0,0
BRF:9
BRH:1
end_of_record
TN:
SF:src/contract/names.ts
FN:39,(anonymous_2)
FN:60,(anonymous_3)
FN:73,(anonymous_4)
FN:76,(anonymous_5)
FN:87,(anonymous_6)
FN:95,(anonymous_7)
FN:104,(anonymous_8)
FN:112,(anonymous_9)
FN:124,(anonymous_10)
FN:144,(anonymous_11)
FN:193,(anonymous_12)
FN:219,(anonymous_13)
FN:248,(anonymous_14)
FNF:13
FNH:12
FNDA:11,(anonymous_2)
FNDA:11,(anonymous_3)
FNDA:446,(anonymous_4)
FNDA:26,(anonymous_5)
FNDA:26,(anonymous_6)
FNDA:0,(anonymous_7)
FNDA:45,(anonymous_8)
FNDA:202,(anonymous_9)
FNDA:45,(anonymous_10)
FNDA:78,(anonymous_11)
FNDA:57,(anonymous_12)
FNDA:52,(anonymous_13)
FNDA:48,(anonymous_14)
DA:1,27
DA:2,27
DA:20,27
DA:21,27
DA:22,27
DA:23,27
DA:24,27
DA:45,11
DA:65,11
DA:74,446
DA:77,26
DA:79,446
DA:88,26
DA:89,26
DA:99,0
DA:104,27
DA:105,45
DA:106,45
DA:109,45
DA:113,202
DA:124,27
DA:129,45
DA:130,45
DA:131,45
DA:134,45
DA:135,45
DA:136,45
DA:137,45
DA:144,27
DA:145,78
DA:146,78
DA:154,78
DA:155,78
DA:156,78
DA:157,78
DA:158,78
DA:159,78
DA:163,78
DA:170,78
DA:171,78
DA:182,78
DA:193,27
DA:200,57
DA:201,57
DA:202,57
DA:203,57
DA:204,57
DA:205,57
DA:219,27
DA:229,52
DA:230,52
DA:231,52
DA:232,52
DA:241,52
DA:248,27
DA:249,48
DA:250,48
DA:251,48
DA:252,48
DA:253,48
LF:60
LH:59
BRF:0
BRH:0
end_of_record
TN:
SF:src/contract/nft.ts
FN:28,(anonymous_2)
FN:44,(anonymous_3)
FN:87,(anonymous_4)
FN:127,(anonymous_5)
FNF:4
FNH:4
FNDA:431,(anonymous_2)
FNDA:61,(anonymous_3)
FNDA:54,(anonymous_4)
FNDA:49,(anonymous_5)
DA:1,27
DA:2,27
DA:14,27
DA:15,27
DA:16,27
DA:17,27
DA:29,431
DA:30,431
DA:31,431
DA:32,431
DA:33,431
DA:34,431
DA:44,27
DA:51,61
DA:52,61
DA:53,61
DA:54,61
DA:57,61
DA:59,61
DA:61,61
DA:63,61
DA:66,61
DA:68,61
DA:69,61
DA:70,61
DA:72,61
DA:73,61
DA:74,61
DA:87,27
DA:96,54
DA:99,54
DA:100,54
DA:101,54
DA:102,54
DA:103,54
DA:104,54
DA:105,54
DA:106,54
DA:107,54
DA:108,54
DA:109,54
DA:110,54
DA:118,54
DA:119,54
DA:120,54
DA:127,27
DA:128,49
DA:129,49
DA:132,49
DA:136,49
DA:137,49
DA:138,49
DA:140,49
DA:141,49
LF:54
LH:54
BRF:0
BRH:0
end_of_record
TN:
SF:src/contract/transfer.ts
FN:26,(anonymous_0)
FNF:1
FNH:1
FNDA:47,(anonymous_0)
DA:1,27
DA:11,27
DA:13,27
DA:18,27
DA:31,47
DA:34,47
DA:40,27
LF:7
LH:7
BRF:0
BRH:0
end_of_record
TN:
SF:src/contract/update.ts
FN:20,(anonymous_0)
FN:29,(anonymous_1)
FN:41,(anonymous_2)
FN:53,(anonymous_3)
FN:63,(anonymous_4)
FN:84,(anonymous_5)
FN:109,(anonymous_6)
FN:119,(anonymous_7)
FN:136,(anonymous_8)
FN:145,(anonymous_9)
FNF:10
FNH:10
FNDA:175,(anonymous_0)
FNDA:82,(anonymous_1)
FNDA:50,(anonymous_2)
FNDA:50,(anonymous_3)
FNDA:58,(anonymous_4)
FNDA:70,(anonymous_5)
FNDA:10,(anonymous_6)
FNDA:59,(anonymous_7)
FNDA:59,(anonymous_8)
FNDA:54,(anonymous_9)
DA:2,27
DA:3,27
DA:4,27
DA:5,27
DA:6,27
DA:8,27
DA:9,27
DA:21,175
DA:22,175
DA:30,82
DA:42,50
DA:54,50
DA:55,50
DA:64,58
DA:86,70
DA:87,70
DA:88,70
DA:90,70
DA:91,70
DA:92,70
DA:94,70
DA:97,70
DA:98,70
DA:101,70
DA:103,70
DA:113,10
DA:123,59
DA:124,59
DA:128,27
DA:137,59
DA:138,59
DA:150,54
DA:151,54
DA:153,54
DA:157,54
DA:158,54
LF:36
LH:36
BRF:0
BRH:0
end_of_record
TN:
SF:src/lib/base64.ts
FN:7,fieldToBase64
FN:10,(anonymous_1)
FN:15,bigintToBase64
FN:18,(anonymous_3)
FN:23,fieldFromBase64
FN:24,(anonymous_5)
FN:29,bigintFromBase64
FN:30,(anonymous_7)
FN:35,fromBase
FN:65,toBase
FNF:10
FNH:6
FNDA:5193,fieldToBase64
FNDA:113490,(anonymous_1)
FNDA:0,bigintToBase64
FNDA:0,(anonymous_3)
FNDA:5193,fieldFromBase64
FNDA:113490,(anonymous_5)
FNDA:0,bigintFromBase64
FNDA:0,(anonymous_7)
FNDA:5193,fromBase
FNDA:5193,toBase
DA:1,1
DA:5,1
DA:7,1
DA:8,5193
DA:10,113490
DA:12,5193
DA:15,1
DA:16,0
DA:18,0
DA:20,0
DA:23,1
DA:24,113490
DA:25,5193
DA:26,5193
DA:29,1
DA:30,0
DA:31,0
DA:32,0
DA:36,5193
DA:39,5193
DA:40,5193
DA:41,5193
DA:45,15649
DA:47,5193
DA:49,5193
DA:52,5193
DA:53,15649
DA:54,15649
DA:55,15649
DA:56,163961
DA:58,15649
DA:60,5193
DA:61,5193
DA:62,5193
DA:66,5193
DA:69,5193
DA:70,5193
DA:71,15649
DA:73,5193
DA:76,5193
DA:77,5193
DA:78,15649
DA:79,15649
DA:80,15649
DA:81,163961
DA:82,163961
DA:83,163961
DA:84,163961
DA:86,15649
DA:89,5193
DA:90,55664
DA:92,5193
LF:52
LH:46
BRDA:36,0,0,0
BRDA:66,1,0,0
BRF:2
BRH:0
end_of_record
TN:
SF:src/lib/fields.ts
FN:4,serializeFields
FN:8,(anonymous_1)
FN:11,deserializeFields
FN:14,(anonymous_3)
FNF:4
FNH:4
FNDA:11,serializeFields
FNDA:5193,(anonymous_1)
FNDA:11,deserializeFields
FNDA:5193,(anonymous_3)
DA:1,1
DA:2,1
DA:4,1
DA:5,11
DA:6,11
DA:8,5193
DA:11,1
DA:12,11
DA:14,5193
DA:15,11
DA:16,11
DA:21,0
DA:22,11
DA:23,11
DA:24,11
DA:25,0
DA:27,0
LF:17
LH:14
BRDA:16,0,0,0
BRDA:23,1,0,11
BRDA:23,1,1,0
BRF:3
BRH:1
end_of_record
TN:
SF:src/plugins/backend.ts
FN:10,(anonymous_0)
FNF:1
FNH:0
FNDA:0,(anonymous_0)
DA:1,1
DA:16,0
DA:17,0
DA:18,0
DA:19,0
DA:20,0
LF:6
LH:1
BRF:0
BRH:0
end_of_record
TN:
SF:src/plugins/badge.ts
FN:33,(anonymous_2)
FN:45,(anonymous_3)
FN:58,(anonymous_4)
FN:66,(anonymous_5)
FN:75,(anonymous_6)
FN:137,(anonymous_7)
FN:154,(anonymous_8)
FNF:7
FNH:6
FNDA:2,(anonymous_2)
FNDA:63,(anonymous_3)
FNDA:14,(anonymous_4)
FNDA:0,(anonymous_5)
FNDA:18,(anonymous_6)
FNDA:12,(anonymous_7)
FNDA:12,(anonymous_8)
DA:1,27
DA:3,27
DA:20,27
DA:21,27
DA:22,27
DA:23,27
DA:41,2
DA:46,63
DA:47,63
DA:48,63
DA:49,63
DA:50,63
DA:52,63
DA:59,14
DA:60,14
DA:70,0
DA:75,27
DA:98,18
DA:102,18
DA:107,18
DA:111,18
DA:113,18
DA:119,18
DA:120,18
DA:123,18
DA:124,18
DA:128,18
DA:134,18
DA:137,27
DA:138,12
DA:139,12
DA:141,12
DA:142,12
DA:148,12
DA:151,12
DA:154,27
DA:155,12
DA:156,12
DA:161,12
DA:162,12
DA:164,12
LF:41
LH:40
BRF:0
BRH:0
end_of_record
TN:
SF:src/plugins/badgeproof.ts
FN:25,(anonymous_0)
FN:47,(anonymous_1)
FN:62,(anonymous_2)
FNF:3
FNH:3
FNDA:16,(anonymous_0)
FNDA:14,(anonymous_1)
FNDA:14,(anonymous_2)
DA:2,27
DA:3,27
DA:4,27
DA:5,27
DA:8,27
DA:9,27
DA:27,16
DA:30,16
DA:34,16
DA:37,16
DA:40,16
DA:48,14
DA:49,14
DA:50,14
DA:54,27
DA:63,14
DA:64,14
LF:17
LH:17
BRF:0
BRH:0
end_of_record
TN:
SF:src/plugins/escrow.ts
FN:21,(anonymous_2)
FN:30,(anonymous_3)
FN:38,(anonymous_4)
FN:47,(anonymous_5)
FN:56,(anonymous_6)
FN:62,(anonymous_7)
FNF:6
FNH:5
FNDA:0,(anonymous_2)
FNDA:35,(anonymous_3)
FNDA:4,(anonymous_4)
FNDA:12,(anonymous_5)
FNDA:12,(anonymous_6)
FNDA:12,(anonymous_7)
DA:1,27
DA:2,27
DA:14,27
DA:15,27
DA:22,0
DA:31,35
DA:39,4
DA:40,4
DA:44,4
DA:47,27
DA:48,12
DA:49,12
DA:53,12
DA:56,27
DA:57,12
DA:58,12
DA:59,12
DA:62,27
DA:76,12
DA:77,12
DA:78,12
DA:79,12
DA:80,12
DA:81,12
DA:93,12
LF:25
LH:24
BRF:0
BRH:0
end_of_record
TN:
SF:src/plugins/redactedmap.ts
FN:23,(anonymous_0)
FN:61,(anonymous_1)
FN:76,(anonymous_2)
FN:95,(anonymous_3)
FN:113,(anonymous_4)
FNF:5
FNH:5
FNDA:26,(anonymous_0)
FNDA:20,(anonymous_1)
FNDA:41,(anonymous_2)
FNDA:22,(anonymous_3)
FNDA:19,(anonymous_4)
DA:2,27
DA:3,27
DA:4,27
DA:5,27
DA:7,27
DA:8,27
DA:30,26
DA:31,26
DA:35,26
DA:36,26
DA:40,26
DA:41,26
DA:45,26
DA:46,26
DA:49,26
DA:65,20
DA:66,20
DA:68,20
DA:80,41
DA:81,41
DA:82,41
DA:83,41
DA:87,27
DA:101,22
DA:106,22
DA:118,19
DA:119,19
DA:120,19
DA:124,19
LF:29
LH:29
BRF:0
BRH:0
end_of_record
TN:
SF:src/plugins/redactedtree.ts
FN:26,(anonymous_2)
FN:36,(anonymous_3)
FN:53,MinaNFTTreeVerifierFunction
FN:57,(anonymous_5)
FN:80,(anonymous_6)
FN:95,(anonymous_7)
FN:114,(anonymous_8)
FN:132,(anonymous_9)
FN:154,(anonymous_10)
FN:165,(anonymous_11)
FNF:10
FNH:8
FNDA:0,(anonymous_2)
FNDA:0,(anonymous_3)
FNDA:3,MinaNFTTreeVerifierFunction
FNDA:44,(anonymous_5)
FNDA:40,(anonymous_6)
FNDA:48,(anonymous_7)
FNDA:25,(anonymous_8)
FNDA:23,(anonymous_9)
FNDA:2,(anonymous_10)
FNDA:6,(anonymous_11)
DA:2,27
DA:3,27
DA:4,27
DA:7,27
DA:27,0
DA:37,0
DA:62,44
DA:63,44
DA:64,44
DA:65,44
DA:67,44
DA:68,44
DA:69,44
DA:70,44
DA:72,44
DA:84,40
DA:85,40
DA:87,40
DA:99,48
DA:100,48
DA:101,48
DA:102,48
DA:106,3
DA:120,25
DA:125,25
DA:137,23
DA:138,23
DA:139,23
DA:143,23
DA:155,2
DA:156,2
DA:165,3
DA:166,6
DA:169,3
LF:34
LH:32
BRF:0
BRH:0
end_of_record
TN:
SF:src/plugins/redactedtree20.ts
FN:25,(anonymous_2)
FN:48,(anonymous_3)
FN:63,(anonymous_4)
FN:82,(anonymous_5)
FN:100,(anonymous_6)
FN:122,(anonymous_7)
FN:133,(anonymous_8)
FNF:7
FNH:0
FNDA:0,(anonymous_2)
FNDA:0,(anonymous_3)
FNDA:0,(anonymous_4)
FNDA:0,(anonymous_5)
FNDA:0,(anonymous_6)
FNDA:0,(anonymous_7)
FNDA:0,(anonymous_8)
DA:2,2
DA:3,2
DA:4,2
DA:5,2
DA:6,2
DA:9,2
DA:10,2
DA:30,0
DA:31,0
DA:32,0
DA:33,0
DA:35,0
DA:36,0
DA:37,0
DA:38,0
DA:40,0
DA:52,0
DA:53,0
DA:55,0
DA:67,0
DA:68,0
DA:69,0
DA:70,0
DA:74,2
DA:88,0
DA:93,0
DA:105,0
DA:106,0
DA:107,0
DA:111,0
DA:123,0
DA:124,0
DA:133,2
DA:134,0
LF:34
LH:9
BRF:0
BRH:0
end_of_record
TN:
SF:src/plugins/verifier.ts
FN:17,(anonymous_2)
FN:28,(anonymous_3)
FNF:2
FNH:2
FNDA:4,(anonymous_2)
FNDA:15,(anonymous_3)
DA:1,27
DA:3,27
DA:12,27
DA:13,27
DA:14,27
DA:18,4
DA:19,4
DA:28,27
DA:33,15
DA:34,15
DA:35,15
DA:37,15
LF:12
LH:12
BRF:0
BRH:0
end_of_record
TN:
SF:src/storage/arweave.ts
FN:10,(anonymous_1)
FN:25,(anonymous_2)
FN:67,(anonymous_3)
FN:111,(anonymous_4)
FN:121,(anonymous_5)
FN:168,(anonymous_6)
FNF:6
FNH:6
FNDA:4,(anonymous_1)
FNDA:1,(anonymous_2)
FNDA:2,(anonymous_3)
FNDA:11,(anonymous_4)
FNDA:1,(anonymous_5)
FNDA:2,(anonymous_6)
DA:1,27
DA:2,27
DA:3,27
DA:11,4
DA:12,4
DA:13,4
DA:15,0
DA:17,4
DA:30,1
DA:31,1
DA:32,1
DA:33,0
DA:34,1
DA:35,1
DA:36,1
DA:38,1
DA:44,1
DA:45,1
DA:47,1
DA:49,1
DA:50,1
DA:51,1
DA:56,1
DA:57,1
DA:58,1
DA:60,1
DA:62,0
DA:63,0
DA:75,2
DA:76,2
DA:77,2
DA:78,0
DA:79,2
DA:80,2
DA:81,2
DA:83,2
DA:87,2
DA:88,2
DA:89,2
DA:90,2
DA:91,2
DA:93,2
DA:94,6
DA:95,6
DA:100,2
DA:101,2
DA:102,2
DA:103,2
DA:105,0
DA:106,0
DA:112,11
DA:113,11
DA:114,11
DA:116,0
DA:117,0
DA:132,1
DA:133,1
DA:134,1
DA:135,1
DA:136,1
DA:137,1
DA:138,1
DA:139,11
DA:140,11
DA:141,0
DA:142,0
DA:143,0
DA:149,0
DA:151,11
DA:152,1
DA:157,10
DA:159,10
DA:161,0
DA:169,2
DA:170,2
DA:171,2
DA:172,2
LF:77
LH:63
BRDA:11,0,0,4
BRDA:11,0,1,0
BRDA:12,1,0,0
BRDA:12,1,1,4
BRDA:28,2,0,1
BRDA:31,3,0,0
BRDA:32,4,0,0
BRDA:36,5,0,0
BRDA:58,6,0,0
BRDA:73,7,0,2
BRDA:76,8,0,0
BRDA:77,9,0,0
BRDA:81,10,0,0
BRDA:102,11,0,0
BRDA:132,12,0,1
BRDA:132,12,1,1
BRDA:133,13,0,1
BRDA:133,13,1,1
BRDA:134,14,0,1
BRDA:134,14,1,1
BRDA:140,15,0,0
BRDA:140,15,1,11
BRDA:142,16,0,0
BRDA:151,17,0,1
BRF:24
BRH:12
end_of_record
TN:
SF:src/storage/fast-tree.ts
FN:21,(anonymous_0)
FN:28,(anonymous_1)
FN:36,(anonymous_2)
FN:50,(anonymous_3)
FN:59,(anonymous_4)
FN:63,(anonymous_5)
FN:106,(anonymous_6)
FN:110,(anonymous_7)
FN:114,(anonymous_8)
FN:118,(anonymous_9)
FN:130,(anonymous_10)
FN:135,calculateMerkleTreeRootFast
FNF:12
FNH:10
FNDA:2,(anonymous_0)
FNDA:2,(anonymous_1)
FNDA:0,(anonymous_2)
FNDA:0,(anonymous_3)
FNDA:2,(anonymous_4)
FNDA:2,(anonymous_5)
FNDA:143396,(anonymous_6)
FNDA:71688,(anonymous_7)
FNDA:143385,(anonymous_8)
FNDA:71688,(anonymous_9)
FNDA:4,(anonymous_10)
FNDA:2,calculateMerkleTreeRootFast
DA:1,27
DA:22,2
DA:23,2
DA:24,2
DA:25,2
DA:29,2
DA:30,2
DA:31,2
DA:32,30
DA:37,0
DA:38,0
DA:41,0
DA:43,0
DA:45,0
DA:46,0
DA:47,0
DA:50,0
DA:56,0
DA:60,2
DA:64,2
DA:65,0
DA:68,2
DA:70,2
DA:71,71688
DA:73,71688
DA:74,71688
DA:76,71688
DA:79,2
DA:80,30
DA:82,30
DA:84,30
DA:86,71697
DA:87,71697
DA:89,71697
DA:90,71697
DA:95,71697
DA:102,30
DA:107,143396
DA:111,71688
DA:115,143385
DA:119,71688
DA:120,71688
DA:123,71688
DA:131,4
DA:135,27
DA:139,2
DA:140,2
DA:141,2
DA:142,71688
DA:144,2
DA:145,2
DA:146,2
LF:52
LH:42
BRDA:37,0,0,0
BRDA:46,1,0,0
BRDA:64,2,0,0
BRDA:107,3,0,143396
BRDA:107,3,1,11
BRDA:119,4,0,71688
BRF:6
BRH:3
end_of_record
TN:
SF:src/storage/file.ts
FN:29,(anonymous_1)
FN:54,(anonymous_2)
FN:113,(anonymous_3)
FN:127,(anonymous_4)
FN:165,(anonymous_5)
FN:189,(anonymous_6)
FN:195,(anonymous_7)
FN:207,(anonymous_8)
FN:219,(anonymous_9)
FN:261,(anonymous_10)
FN:267,(anonymous_11)
FN:274,fillFields
FN:304,(anonymous_13)
FN:321,(anonymous_14)
FN:339,(anonymous_15)
FN:392,(anonymous_16)
FNF:16
FNH:13
FNDA:15,(anonymous_1)
FNDA:16,(anonymous_2)
FNDA:21,(anonymous_3)
FNDA:6,(anonymous_4)
FNDA:1,(anonymous_5)
FNDA:14,(anonymous_6)
FNDA:10,(anonymous_7)
FNDA:9,(anonymous_8)
FNDA:9,(anonymous_9)
FNDA:0,(anonymous_10)
FNDA:4,(anonymous_11)
FNDA:74,fillFields
FNDA:0,(anonymous_13)
FNDA:0,(anonymous_14)
FNDA:13,(anonymous_15)
FNDA:9,(anonymous_16)
DA:1,27
DA:2,27
DA:3,27
DA:4,27
DA:5,27
DA:6,27
DA:7,27
DA:8,27
DA:9,27
DA:10,27
DA:11,27
DA:12,27
DA:14,27
DA:15,27
DA:40,15
DA:41,15
DA:42,15
DA:43,15
DA:44,15
DA:45,15
DA:46,15
DA:47,15
DA:48,15
DA:49,15
DA:50,15
DA:51,15
DA:55,16
DA:56,16
DA:57,0
DA:60,16
DA:62,16
DA:63,16
DA:65,16
DA:66,16
DA:67,16
DA:68,16
DA:71,16
DA:72,0
DA:75,16
DA:76,16
DA:77,16
DA:78,0
DA:79,16
DA:80,16
DA:83,16
DA:84,0
DA:87,16
DA:89,16
DA:92,16
DA:93,0
DA:94,16
DA:95,16
DA:96,16
DA:97,16
DA:98,0
DA:101,16
DA:102,16
DA:103,16
DA:104,16
DA:105,0
DA:109,16
DA:110,16
DA:114,21
DA:115,21
DA:129,6
DA:130,6
DA:131,6
DA:132,0
DA:133,6
DA:134,0
DA:137,6
DA:138,0
DA:141,6
DA:142,0
DA:143,6
DA:144,0
DA:145,6
DA:146,0
DA:147,6
DA:148,0
DA:149,6
DA:150,0
DA:152,6
DA:166,1
DA:167,1
DA:168,0
DA:169,1
DA:170,1
DA:171,14
DA:173,1
DA:174,1
DA:190,14
DA:191,14
DA:192,14
DA:193,14
DA:199,10
DA:200,10
DA:201,10
DA:208,9
DA:209,9
DA:210,9
DA:211,9
DA:212,51
DA:214,9
DA:215,9
DA:216,9
DA:224,9
DA:225,9
DA:226,0
DA:227,9
DA:228,9
DA:229,7
DA:230,7
DA:231,7
DA:232,7
DA:239,7
DA:240,7
DA:241,7
DA:242,7
DA:243,7
DA:244,2
DA:245,2
DA:246,2
DA:247,2
DA:253,2
DA:254,2
DA:255,2
DA:256,2
DA:258,9
DA:262,0
DA:263,0
DA:264,0
DA:268,4
DA:269,4
DA:271,4
DA:272,4
DA:275,74
DA:276,74
DA:277,74
DA:278,4444354
DA:279,4444354
DA:280,4444354
DA:281,143364
DA:282,143364
DA:283,143364
DA:286,74
DA:288,4
DA:289,70
DA:290,70
DA:291,70
DA:292,70
DA:293,70
DA:296,70
DA:297,70
DA:299,4
DA:300,4
DA:301,4
DA:305,0
DA:306,0
DA:307,0
DA:308,0
DA:309,0
DA:310,0
DA:311,0
DA:312,0
DA:313,0
DA:314,0
DA:317,0
DA:318,0
DA:322,0
DA:323,0
DA:324,0
DA:325,0
DA:326,0
DA:327,0
DA:328,0
DA:330,0
DA:334,0
DA:336,0
DA:347,13
DA:348,9
DA:349,9
DA:350,9
DA:351,9
DA:358,4
DA:362,4
DA:363,4
DA:364,4
DA:365,4
DA:371,4
DA:372,2
DA:376,2
DA:377,0
DA:378,2
DA:379,2
DA:381,2
DA:382,2
DA:383,0
DA:386,2
DA:387,2
DA:388,2
DA:393,9
DA:394,1
DA:395,1
DA:396,1
DA:398,9
DA:399,0
DA:400,9
DA:401,9
DA:402,9
DA:403,9
DA:404,9
DA:405,0
DA:406,9
DA:410,0
DA:411,0
DA:416,9
LF:217
LH:169
BRDA:48,0,0,15
BRDA:48,0,1,0
BRDA:49,1,0,15
BRDA:49,1,1,0
BRDA:56,2,0,0
BRDA:71,3,0,0
BRDA:77,4,0,0
BRDA:83,5,0,0
BRDA:89,6,0,2
BRDA:89,6,1,14
BRDA:92,7,0,0
BRDA:95,8,0,16
BRDA:95,8,1,0
BRDA:97,9,0,0
BRDA:102,10,0,16
BRDA:102,10,1,0
BRDA:104,11,0,0
BRDA:114,12,0,21
BRDA:114,12,1,0
BRDA:123,13,0,21
BRDA:123,13,1,0
BRDA:131,14,0,0
BRDA:133,15,0,0
BRDA:137,16,0,0
BRDA:141,17,0,0
BRDA:143,18,0,0
BRDA:145,19,0,0
BRDA:147,20,0,0
BRDA:149,21,0,0
BRDA:160,22,0,6
BRDA:160,22,1,1
BRDA:161,23,0,5
BRDA:161,23,1,1
BRDA:167,24,0,0
BRDA:192,25,0,14
BRDA:192,25,1,14
BRDA:193,26,0,14
BRDA:193,26,1,14
BRDA:203,27,0,10
BRDA:203,27,1,0
BRDA:225,28,0,0
BRDA:225,29,0,9
BRDA:225,29,1,2
BRDA:228,30,0,7
BRDA:228,30,1,2
BRDA:237,31,0,7
BRDA:237,31,1,0
BRDA:240,32,0,0
BRDA:244,33,0,2
BRDA:253,34,0,0
BRDA:280,35,0,143364
BRDA:286,36,0,4
BRDA:290,37,0,66
BRDA:299,38,0,4
BRDA:311,39,0,0
BRDA:317,40,0,0
BRDA:341,41,0,9
BRDA:347,42,0,9
BRDA:358,43,0,0
BRDA:358,43,1,4
BRDA:371,44,0,2
BRDA:371,44,1,2
BRDA:376,45,0,0
BRDA:382,46,0,0
BRDA:393,47,0,1
BRDA:398,48,0,0
BRDA:400,49,0,0
BRDA:401,50,0,0
BRDA:402,51,0,0
BRDA:403,52,0,0
BRDA:404,53,0,0
BRDA:406,54,0,0
BRDA:407,55,0,9
BRDA:407,55,1,0
BRF:74
BRH:34
end_of_record
TN:
SF:src/storage/ipfs.ts
FN:12,(anonymous_1)
FN:16,(anonymous_2)
FN:70,(anonymous_3)
FNF:3
FNH:3
FNDA:23,(anonymous_1)
FNDA:16,(anonymous_2)
FNDA:7,(anonymous_3)
DA:1,27
DA:2,27
DA:3,27
DA:4,27
DA:9,27
DA:10,27
DA:13,23
DA:21,16
DA:22,16
DA:23,16
DA:24,0
DA:27,0
DA:28,0
DA:29,0
DA:32,16
DA:33,16
DA:43,16
DA:45,16
DA:52,16
DA:54,5
DA:56,11
DA:62,11
DA:63,11
DA:65,0
DA:66,0
DA:77,7
DA:78,7
DA:79,7
DA:80,7
DA:81,7
DA:86,7
DA:87,7
DA:89,7
DA:91,0
DA:93,7
DA:105,7
DA:106,7
DA:107,7
DA:109,0
DA:110,0
DA:113,0
DA:114,0
LF:42
LH:31
BRDA:23,0,0,0
BRDA:52,1,0,5
BRDA:89,2,0,0
BRDA:106,3,0,7
BRDA:106,3,1,0
BRDA:106,4,0,7
BRDA:106,4,1,7
BRDA:106,4,2,7
BRF:8
BRH:5
end_of_record
TN:
SF:src/storage/map.ts
FN:50,(anonymous_0)
FN:59,(anonymous_1)
FN:61,(anonymous_2)
FN:73,(anonymous_3)
FN:81,(anonymous_4)
FN:96,(anonymous_5)
FN:113,(anonymous_6)
FN:129,(anonymous_7)
FN:145,(anonymous_8)
FN:162,(anonymous_9)
FN:194,(anonymous_10)
FN:206,(anonymous_11)
FN:212,(anonymous_12)
FNF:13
FNH:12
FNDA:20,(anonymous_0)
FNDA:23,(anonymous_1)
FNDA:76,(anonymous_2)
FNDA:69,(anonymous_3)
FNDA:45,(anonymous_4)
FNDA:7,(anonymous_5)
FNDA:5,(anonymous_6)
FNDA:1,(anonymous_7)
FNDA:8,(anonymous_8)
FNDA:3,(anonymous_9)
FNDA:0,(anonymous_10)
FNDA:24,(anonymous_11)
FNDA:8,(anonymous_12)
DA:2,27
DA:7,27
DA:8,27
DA:9,27
DA:10,27
DA:17,27
DA:18,27
DA:19,27
DA:51,20
DA:52,20
DA:60,23
DA:61,23
DA:62,76
DA:63,76
DA:64,76
DA:66,23
DA:74,69
DA:82,45
DA:97,7
DA:98,7
DA:114,5
DA:130,1
DA:146,8
DA:147,8
DA:163,3
DA:164,3
DA:165,3
DA:170,3
DA:171,3
DA:172,3
DA:173,3
DA:174,3
DA:175,3
DA:176,3
DA:177,3
DA:179,3
DA:195,0
DA:207,24
DA:218,8
DA:219,8
DA:220,8
DA:221,8
DA:222,8
DA:223,0
DA:225,8
DA:226,0
DA:227,8
DA:236,0
DA:237,8
DA:238,8
DA:239,26
DA:240,26
DA:241,0
DA:242,26
DA:243,26
DA:244,26
DA:245,26
DA:251,0
DA:252,26
DA:254,17
DA:259,17
DA:261,5
DA:266,5
DA:268,3
DA:273,3
DA:275,1
DA:280,1
DA:282,0
DA:286,8
DA:287,8
DA:288,8
DA:289,0
DA:291,8
LF:73
LH:65
BRDA:86,0,0,45
BRDA:86,0,1,45
BRDA:87,1,0,45
BRDA:87,1,1,23
BRDA:103,2,0,7
BRDA:103,2,1,6
BRDA:119,3,0,5
BRDA:119,3,1,0
BRDA:135,4,0,1
BRDA:135,4,1,0
BRDA:152,5,0,8
BRDA:152,5,1,4
BRDA:172,6,0,3
BRDA:172,6,1,0
BRDA:184,7,0,3
BRDA:184,7,1,2
BRDA:197,8,0,0
BRDA:197,8,1,0
BRDA:198,9,0,0
BRDA:198,9,1,0
BRDA:215,10,0,0
BRDA:222,11,0,0
BRDA:225,12,0,0
BRDA:225,13,0,8
BRDA:225,13,1,8
BRDA:225,13,2,8
BRDA:227,14,0,0
BRDA:228,15,0,8
BRDA:228,15,1,8
BRDA:228,15,2,8
BRDA:228,15,3,8
BRDA:228,15,4,8
BRDA:228,15,5,8
BRDA:228,15,6,8
BRDA:240,16,0,0
BRDA:240,17,0,26
BRDA:240,17,1,26
BRDA:244,18,0,26
BRDA:244,18,1,20
BRDA:245,19,0,0
BRDA:246,20,0,26
BRDA:246,20,1,26
BRDA:246,20,2,26
BRDA:246,20,3,26
BRDA:252,21,0,17
BRDA:252,21,1,5
BRDA:252,21,2,3
BRDA:252,21,3,1
BRDA:252,21,4,0
BRDA:286,22,0,8
BRDA:288,23,0,0
BRF:51
BRH:36
end_of_record
TN:
SF:src/storage/text.ts
FN:10,(anonymous_0)
FN:26,(anonymous_1)
FN:34,(anonymous_2)
FNF:3
FNH:3
FNDA:44,(anonymous_0)
FNDA:43,(anonymous_1)
FNDA:26,(anonymous_2)
DA:1,27
DA:2,27
DA:3,27
DA:11,44
DA:12,44
DA:13,44
DA:14,44
DA:15,44
DA:16,44
DA:17,0
DA:18,44
DA:19,44
DA:20,44
DA:21,3107
DA:23,44
DA:27,43
DA:36,26
DA:37,26
DA:38,26
DA:39,26
DA:40,26
DA:41,0
DA:43,26
DA:44,0
DA:45,26
DA:56,0
DA:57,26
DA:58,26
DA:59,0
DA:60,26
DA:61,0
DA:62,26
DA:63,0
DA:65,26
LF:34
LH:27
BRDA:16,0,0,0
BRDA:40,1,0,0
BRDA:43,2,0,0
BRDA:43,3,0,26
BRDA:43,3,1,26
BRDA:43,3,2,26
BRDA:45,4,0,0
BRDA:46,5,0,26
BRDA:46,5,1,26
BRDA:46,5,2,26
BRDA:46,5,3,26
BRDA:46,5,4,26
BRDA:46,5,5,26
BRDA:46,5,6,26
BRDA:46,5,7,26
BRDA:46,5,8,26
BRDA:58,6,0,0
BRDA:60,7,0,0
BRDA:62,8,0,0
BRF:19
BRH:12
end_of_record
TN:
SF:utils/testhelpers.ts
FN:3,(anonymous_0)
FN:4,(anonymous_1)
FN:30,initBlockchain
FN:105,sleep
FN:106,(anonymous_4)
FN:109,makeString
FNF:6
FNH:3
FNDA:7,(anonymous_0)
FNDA:0,(anonymous_1)
FNDA:16,initBlockchain
FNDA:0,sleep
FNDA:0,(anonymous_4)
FNDA:17,makeString
DA:3,28
DA:4,21
DA:5,21
DA:6,21
DA:7,21
DA:11,21
DA:20,21
DA:26,21
DA:28,21
DA:34,16
DA:35,16
DA:36,16
DA:37,16
DA:38,16
DA:39,16
DA:40,16
DA:41,16
DA:42,16
DA:43,3
DA:44,3
DA:46,0
DA:47,0
DA:48,0
DA:49,0
DA:50,0
DA:51,0
DA:53,0
DA:54,0
DA:55,0
DA:56,0
DA:57,0
DA:58,0
DA:60,0
DA:61,0
DA:62,0
DA:65,0
DA:66,0
DA:67,0
DA:69,0
DA:70,0
DA:71,0
DA:72,0
DA:73,0
DA:74,0
DA:77,0
DA:78,0
DA:81,16
DA:83,3
DA:85,3
DA:86,0
DA:92,0
DA:96,16
DA:97,16
DA:101,16
DA:102,16
DA:106,0
DA:110,17
DA:111,17
DA:113,17
DA:114,6426
DA:117,17
LF:61
LH:32
BRDA:32,0,0,1
BRDA:37,1,0,16
BRDA:37,1,1,0
BRDA:46,2,0,0
BRDA:46,2,1,0
BRDA:53,3,0,0
BRDA:53,3,1,0
BRDA:60,4,0,0
BRDA:60,4,1,0
BRDA:69,5,0,0
BRDA:69,5,1,0
BRDA:85,6,0,0
BRDA:101,7,0,0
BRF:13
BRH:2
end_of_record
